epoch;binary_accuracy;loss;lr;val_binary_accuracy;val_loss
0;0.9380007386207581;0.1804039627313614;0.01;0.9130895137786865;0.2317577600479126
1;0.9439109563827515;0.16046200692653656;0.01;0.9416273832321167;0.20164795219898224
2;0.9446742534637451;0.15682394802570343;0.009950251;0.9454305171966553;0.17576192319393158
3;0.945382833480835;0.15476606786251068;0.009900503;0.9472582340240479;0.15819516777992249
4;0.9457306861877441;0.1539861559867859;0.0098507535;0.9443691968917847;0.1699703484773636
5;0.9459443092346191;0.15284128487110138;0.009801005;0.9421285390853882;0.17003995180130005
6;0.9465366005897522;0.15177233517169952;0.009751257;0.9448702335357666;0.16348107159137726
7;0.9463860988616943;0.1513439565896988;0.009701507;0.9498230814933777;0.1550275981426239
8;0.9466566443443298;0.15076367557048798;0.009651759;0.9497346878051758;0.15673838555812836
9;0.9464178681373596;0.1502387672662735;0.00960201;0.9473761916160583;0.16281229257583618
10;0.946744441986084;0.1491992473602295;0.009552261;0.9485848546028137;0.15895071625709534
11;0.9468643665313721;0.14906135201454163;0.009502512;0.9504126906394958;0.1542997509241104
12;0.9471380114555359;0.14827600121498108;0.009452764;0.9462853670120239;0.16263650357723236
13;0.9472230076789856;0.14802321791648865;0.0094030155;0.9476414322853088;0.15890803933143616
14;0.9473258256912231;0.14750781655311584;0.009353266;0.9458431601524353;0.15753711760044098
15;0.9476165175437927;0.14691518247127533;0.009303518;0.948349118232727;0.15313966572284698
16;0.9474055767059326;0.14661996066570282;0.009253769;0.9490565061569214;0.15343034267425537
17;0.9475253820419312;0.14669178426265717;0.00920402;0.9488799571990967;0.15142619609832764
18;0.9477867484092712;0.14594654738903046;0.009154271;0.9479658007621765;0.15297947824001312
19;0.9476696848869324;0.14574825763702393;0.009104523;0.9468455910682678;0.15631136298179626
20;0.9477527737617493;0.14497889578342438;0.0090547735;0.9501180052757263;0.1484464555978775
21;0.9478752613067627;0.14489887654781342;0.009005025;0.9484964609146118;0.15252642333507538
22;0.948142945766449;0.1447765976190567;0.008955277;0.9467276334762573;0.16075344383716583
23;0.9478930830955505;0.14480844140052795;0.008905527;0.9481427073478699;0.15052756667137146
24;0.9477072954177856;0.1445784568786621;0.008855779;0.948850154876709;0.15185090899467468
25;0.948194682598114;0.1442558467388153;0.00880603;0.9487617611885071;0.1515091210603714
26;0.94831383228302;0.14385440945625305;0.008756282;0.9482017159461975;0.1490355134010315
27;0.9479068517684937;0.14392182230949402;0.008706532;0.947847843170166;0.1512032300233841
28;0.9483053684234619;0.14371062815189362;0.008656784;0.9510022401809692;0.14128032326698303
29;0.9481942653656006;0.14368432760238647;0.0086070355;0.9515330195426941;0.14131085574626923
30;0.9485246539115906;0.14294573664665222;0.008557286;0.9454598426818848;0.15829811990261078
31;0.9483509659767151;0.1429373025894165;0.008507538;0.946373701095581;0.15085308253765106
32;0.9482800364494324;0.1431431919336319;0.008457789;0.9521520137786865;0.1408190280199051
33;0.9483512043952942;0.14254885911941528;0.00840804;0.9507960081100464;0.14333097636699677
34;0.9485360980033875;0.14215239882469177;0.008358291;0.9495283365249634;0.14895272254943848
35;0.9485652446746826;0.14200250804424286;0.008308543;0.948732316493988;0.15115401148796082
36;0.9482542276382446;0.14237429201602936;0.008258794;0.9522700905799866;0.13781040906906128
37;0.9486895203590393;0.14196959137916565;0.008209045;0.951267659664154;0.14395537972450256
38;0.9487267732620239;0.14147412776947021;0.008159297;0.9512971639633179;0.1422646939754486
39;0.948513388633728;0.14157775044441223;0.008109548;0.9433960914611816;0.16714194416999817
40;0.9487692713737488;0.14153915643692017;0.008059799;0.9459906816482544;0.15789368748664856
41;0.9488438367843628;0.1411530077457428;0.00801005;0.9510613679885864;0.14272992312908173
42;0.9488781094551086;0.14115308225154877;0.007960302;0.9503536820411682;0.14460743963718414
43;0.9484931826591492;0.1413014531135559;0.007910552;0.9492629170417786;0.14722071588039398
44;0.9487522840499878;0.14086869359016418;0.007860804;0.9518572688102722;0.14119543135166168
45;0.9486165642738342;0.1414189338684082;0.007811055;0.952034056186676;0.1392994225025177
46;0.9489064812660217;0.14031082391738892;0.0077613066;0.9514150619506836;0.14144602417945862
47;0.9487924575805664;0.14040014147758484;0.0077115577;0.9529481530189514;0.14052970707416534
48;0.9489111304283142;0.1403864175081253;0.007661809;0.9479362368583679;0.1522163599729538
49;0.9488064646720886;0.14056448638439178;0.0076120603;0.9497346878051758;0.14708955585956573
50;0.9490485191345215;0.14008794724941254;0.0075623114;0.9525355100631714;0.13926708698272705
51;0.9489349722862244;0.14001962542533875;0.007512563;0.9527712464332581;0.14109495282173157
52;0.9489489793777466;0.13994024693965912;0.007462814;0.9519456028938293;0.1405036598443985
53;0.9490146040916443;0.1402752846479416;0.0074130655;0.9515331387519836;0.1413186937570572
54;0.9491308331489563;0.1397920697927475;0.0073633166;0.9509433507919312;0.14369666576385498
55;0.9488698840141296;0.14007660746574402;0.0073135677;0.952741801738739;0.13919642567634583
56;0.9488635063171387;0.1398380994796753;0.007263819;0.9477593898773193;0.1560828685760498
57;0.9491916298866272;0.13952818512916565;0.0072140703;0.9502948522567749;0.14484816789627075
58;0.949088454246521;0.13962019979953766;0.007164322;0.9521227478981018;0.13938340544700623
59;0.9491939544677734;0.13941264152526855;0.007114573;0.9489977955818176;0.1543002426624298
60;0.9489634037017822;0.1396535485982895;0.007064824;0.9475826621055603;0.1557333618402481
61;0.9494561553001404;0.13888686895370483;0.0070150755;0.9504421353340149;0.1460370123386383
62;0.9492706060409546;0.13905800879001617;0.0069653266;0.9521814584732056;0.13844448328018188
63;0.9491799473762512;0.13929972052574158;0.0069155777;0.9511498212814331;0.14360137283802032
64;0.9492337703704834;0.13909298181533813;0.006865829;0.9496462345123291;0.14599227905273438
65;0.9495357275009155;0.13889458775520325;0.0068160803;0.943572998046875;0.16585321724414825
66;0.9494249820709229;0.13877472281455994;0.006766332;0.9526532888412476;0.13608945906162262
67;0.949194610118866;0.13863982260227203;0.006716583;0.9494104981422424;0.14810633659362793
68;0.9492822885513306;0.13886210322380066;0.006666834;0.9523584842681885;0.14007262885570526
69;0.9494389295578003;0.13830803334712982;0.0066170855;0.951120138168335;0.1419169306755066
70;0.949433445930481;0.13860948383808136;0.0065673366;0.9499706625938416;0.14450183510780334
71;0.949251115322113;0.13842234015464783;0.006517588;0.9513266682624817;0.14199022948741913
72;0.9492599368095398;0.13822387158870697;0.0064678392;0.9468454122543335;0.15639415383338928
73;0.9494730830192566;0.13826842606067657;0.0064180903;0.9512678384780884;0.14113542437553406
74;0.9490430951118469;0.1385089010000229;0.006368342;0.9514742493629456;0.14274074137210846
75;0.9495182633399963;0.13816452026367188;0.006318593;0.9509434700012207;0.14136989414691925
76;0.9492740631103516;0.13809806108474731;0.006268844;0.949321985244751;0.1475936621427536
77;0.9496130347251892;0.13773362338542938;0.0062190956;0.9511790871620178;0.1406642645597458
78;0.9493796229362488;0.1380658894777298;0.0061693466;0.9512381553649902;0.14258171617984772
79;0.949672520160675;0.1379471868276596;0.006119598;0.9434258341789246;0.1568203568458557
80;0.9495331645011902;0.138029083609581;0.0060698492;0.9514445662498474;0.13948233425617218
81;0.9495583772659302;0.13760174810886383;0.0060201003;0.9516803622245789;0.14031335711479187
82;0.9496333599090576;0.13723275065422058;0.005970352;0.9482605457305908;0.15388119220733643
83;0.94963538646698;0.13743890821933746;0.005920603;0.9522702693939209;0.1364492028951645
84;0.9497205018997192;0.1374184489250183;0.0058708545;0.9520342350006104;0.13680735230445862
85;0.9495190382003784;0.13764354586601257;0.0058211056;0.9510024189949036;0.14224079251289368
86;0.949703574180603;0.1373010128736496;0.0057713566;0.9518868923187256;0.13728566467761993
87;0.9501194357872009;0.1371517926454544;0.005721608;0.9513564109802246;0.13909193873405457
88;0.949840784072876;0.13716521859169006;0.0056718593;0.9520933628082275;0.1366659551858902
89;0.9496012330055237;0.13678249716758728;0.0056221103;0.9524174332618713;0.1370820850133896
90;0.9496351480484009;0.13719923794269562;0.005572362;0.9522112011909485;0.13709962368011475
91;0.9495983123779297;0.13694696128368378;0.005522613;0.9520933628082275;0.1360977739095688
92;0.9497210383415222;0.13651198148727417;0.0054728645;0.9526828527450562;0.13672903180122375
93;0.949470043182373;0.1372094452381134;0.0054231156;0.9523288011550903;0.13858968019485474
94;0.9496524333953857;0.13695308566093445;0.0053733666;0.9505600333213806;0.13894572854042053
95;0.9500223994255066;0.13681094348430634;0.005323618;0.9510907530784607;0.13876235485076904
96;0.9496868848800659;0.13702502846717834;0.0052738693;0.9516803622245789;0.13784870505332947
97;0.9496697783470154;0.13673044741153717;0.005224121;0.9527122378349304;0.13620488345623016
98;0.9501588344573975;0.1365499198436737;0.005174372;0.9526238441467285;0.1360582560300827
99;0.9498835802078247;0.13665613532066345;0.005124623;0.9530659914016724;0.13533219695091248
100;0.9498637914657593;0.13643188774585724;0.0050748745;0.9510318040847778;0.14066638052463531
101;0.9499625563621521;0.13613060116767883;0.0050251256;0.9517393112182617;0.1389906108379364
102;0.9500600099563599;0.13632763922214508;0.004975377;0.953154444694519;0.13526281714439392
103;0.9497807621955872;0.13645629584789276;0.004925628;0.952358603477478;0.13998359441757202
104;0.9498487710952759;0.1358804702758789;0.0048758793;0.951385498046875;0.14110493659973145
105;0.9499373435974121;0.13602358102798462;0.004826131;0.9529480338096619;0.13554519414901733
106;0.9498773813247681;0.13629400730133057;0.004776382;0.9508843421936035;0.14580217003822327
107;0.9500851631164551;0.13616329431533813;0.004726633;0.9522109031677246;0.13863115012645721
108;0.9498406648635864;0.13652747869491577;0.0046768845;0.9509139657020569;0.14204594492912292
109;0.9499887228012085;0.13596370816230774;0.0046271356;0.9529480934143066;0.13881058990955353
110;0.9500393271446228;0.13596104085445404;0.004577387;0.9523583054542542;0.13679665327072144
111;0.9499178528785706;0.13596199452877045;0.004527638;0.9512383341789246;0.14258573949337006
112;0.9500287771224976;0.1361134946346283;0.0044778893;0.9523881673812866;0.13752666115760803
113;0.9500001668930054;0.1356610655784607;0.004428141;0.9526238441467285;0.13788914680480957
114;0.9498807191848755;0.13550527393817902;0.004378392;0.9494399428367615;0.150239959359169
115;0.9498406648635864;0.13606953620910645;0.0043286434;0.9503833651542664;0.14366723597049713
116;0.9499625563621521;0.13586407899856567;0.0042788945;0.9527417421340942;0.13714943826198578
117;0.9502164721488953;0.1353892683982849;0.0042291456;0.9520933628082275;0.13771949708461761
118;0.9497839212417603;0.13591043651103973;0.004179397;0.9528598189353943;0.13642770051956177
119;0.9500768184661865;0.13528986275196075;0.004129648;0.9529187083244324;0.13618816435337067
120;0.9502310156822205;0.13546006381511688;0.0040798993;0.9496755599975586;0.14679256081581116
121;0.9499832391738892;0.13557662069797516;0.004030151;0.9533904194831848;0.1347779929637909
122;0.9502369165420532;0.1350862830877304;0.003980402;0.9525647163391113;0.13564519584178925
123;0.9499235153198242;0.13575975596904755;0.0039306534;0.9522996544837952;0.1354902684688568
124;0.9499430060386658;0.13545508682727814;0.0038809045;0.9525647163391113;0.1364462673664093
125;0.9501137733459473;0.13516707718372345;0.0038311558;0.94949871301651;0.1458902209997177
126;0.9502082467079163;0.13509006798267365;0.0037814071;0.9521519541740417;0.13613013923168182
127;0.9504157304763794;0.1348295956850052;0.0037316582;0.9523585438728333;0.1359039843082428
128;0.9500199556350708;0.1352289766073227;0.0036819095;0.9508549571037292;0.14090435206890106
129;0.9503536224365234;0.13509099185466766;0.0036321608;0.9516510963439941;0.13771626353263855
130;0.9506890177726746;0.13470076024532318;0.0035824121;0.9534493684768677;0.13486845791339874
131;0.9501027464866638;0.13485807180404663;0.0035326632;0.9533606767654419;0.13341213762760162
132;0.9503414034843445;0.1348642110824585;0.0034829145;0.951621413230896;0.1392318457365036
133;0.9500823020935059;0.13500981032848358;0.0034331658;0.9531840085983276;0.13400638103485107
134;0.950210452079773;0.13492539525032043;0.0033834171;0.9519162178039551;0.1367381513118744
135;0.9504361748695374;0.13484038412570953;0.0033336685;0.952889084815979;0.135257750749588
136;0.950302243232727;0.13453465700149536;0.0032839195;0.9525942802429199;0.13597524166107178
137;0.9501393437385559;0.13479039072990417;0.0032341708;0.9516509175300598;0.13951866328716278
138;0.9504786729812622;0.13446371257305145;0.0031844222;0.9527710676193237;0.13455982506275177
139;0.9504044651985168;0.1347617208957672;0.0031346735;0.9535375833511353;0.1330384463071823
140;0.9504523873329163;0.1342879831790924;0.0030849245;0.9540095329284668;0.13348758220672607
141;0.950623631477356;0.1341322362422943;0.0030351758;0.9533610939979553;0.1346251219511032
142;0.9502623677253723;0.13476143777370453;0.0029854272;0.9525647163391113;0.13330411911010742
143;0.9506665468215942;0.1344567984342575;0.0029356785;0.9539211392402649;0.13323219120502472
144;0.9506147503852844;0.13433897495269775;0.0028859295;0.9531547427177429;0.13402621448040009
145;0.9502390623092651;0.13429132103919983;0.0028361809;0.9515918493270874;0.13937251269817352
146;0.9505038261413574;0.1339752972126007;0.0027864322;0.9522701501846313;0.13469579815864563
147;0.9505099058151245;0.13430503010749817;0.0027366835;0.9529480934143066;0.1350577473640442
148;0.9503418207168579;0.13437724113464355;0.0026869348;0.9532133936882019;0.13403581082820892
149;0.9509031176567078;0.13368476927280426;0.0026371859;0.9519163966178894;0.13915525376796722
150;0.9503871202468872;0.1337144523859024;0.0025874372;0.9537737369537354;0.13456876575946808
151;0.9503272771835327;0.13412430882453918;0.0025376885;0.9534492492675781;0.13393373787403107
152;0.9506126046180725;0.13386504352092743;0.0024879398;0.9526238441467285;0.13462582230567932
153;0.9504298567771912;0.13387662172317505;0.0024381909;0.9507077932357788;0.13876110315322876
154;0.9505956172943115;0.13351456820964813;0.0023884422;0.9524174928665161;0.13567373156547546
155;0.9504961371421814;0.133899986743927;0.0023386935;0.9529187083244324;0.13563932478427887
156;0.950680673122406;0.13365192711353302;0.0022889448;0.9529480338096619;0.13353115320205688
157;0.9505297541618347;0.13394340872764587;0.002239196;0.9527712464332581;0.1346522867679596
158;0.9510107636451721;0.13305525481700897;0.0021894472;0.9530659317970276;0.13507996499538422
159;0.9505730271339417;0.13358187675476074;0.0021396985;0.9521225690841675;0.13542135059833527
160;0.9507009387016296;0.13339346647262573;0.0020899498;0.9528300166130066;0.13590772449970245
161;0.951076328754425;0.13292984664440155;0.002040201;0.952004611492157;0.13724900782108307
162;0.950945258140564;0.13298587501049042;0.0019904522;0.9508548974990845;0.1399678885936737
163;0.9506919384002686;0.13318511843681335;0.0019407035;0.9532135725021362;0.13437053561210632
164;0.9509459137916565;0.13284656405448914;0.0018909548;0.9525352120399475;0.13446316123008728
165;0.9503896832466125;0.1332298368215561;0.001841206;0.951591968536377;0.137351393699646
166;0.950890839099884;0.1328590214252472;0.0017914573;0.9532429575920105;0.13460326194763184
167;0.9506948590278625;0.13333170115947723;0.0017417085;0.9513562321662903;0.13671204447746277
168;0.950803279876709;0.1329704374074936;0.0016919598;0.9526239037513733;0.1338101625442505
169;0.9509256482124329;0.13270898163318634;0.0016422111;0.9529775977134705;0.1342778503894806
170;0.9507315158843994;0.13307325541973114;0.0015924623;0.9525354504585266;0.1337318867444992
171;0.9508568048477173;0.13305796682834625;0.0015427136;0.9539505839347839;0.1330571472644806
172;0.9508315324783325;0.13279901444911957;0.0014929648;0.9538915157318115;0.1331539899110794
173;0.9508031606674194;0.1326521337032318;0.0014432161;0.9534198045730591;0.13343898952007294
174;0.9512299299240112;0.13270503282546997;0.0013934673;0.9535378217697144;0.13289044797420502
175;0.9510685205459595;0.13250045478343964;0.0013437186;0.9534198045730591;0.13468270003795624
176;0.9509229063987732;0.13226045668125153;0.0012939698;0.9539799690246582;0.1327686756849289
177;0.9508344531059265;0.1328181028366089;0.0012442211;0.9536260366439819;0.13290710747241974
178;0.9509744048118591;0.13274475932121277;0.0011944723;0.953242838382721;0.13279864192008972
179;0.9508519172668457;0.1323154866695404;0.0011447236;0.9534788131713867;0.13312605023384094
180;0.9510282278060913;0.13264809548854828;0.0010949749;0.9528891444206238;0.13242720067501068
181;0.9509428143501282;0.13257190585136414;0.0010452261;0.9520342350006104;0.13490694761276245
182;0.9510458111763;0.13230189681053162;0.0009954774;0.953331470489502;0.1335935741662979
183;0.9508204460144043;0.1323273479938507;0.0009457286;0.9533610343933105;0.1328331083059311
184;0.9513183832168579;0.1319594830274582;0.0008959799;0.9528596997261047;0.13415753841400146
185;0.9510049819946289;0.13249102234840393;0.0008462312;0.9535083174705505;0.13254618644714355
186;0.9509854316711426;0.13221511244773865;0.00079648243;0.9531545042991638;0.1329880803823471
187;0.9509058594703674;0.13259382545948029;0.0007467337;0.9532133936882019;0.13295035064220428
188;0.9510482549667358;0.1316627860069275;0.00069698493;0.9526827335357666;0.13304564356803894
189;0.950791597366333;0.13229313492774963;0.0006472362;0.9535671472549438;0.13226450979709625
190;0.9512903690338135;0.13206499814987183;0.00059748744;0.9524470567703247;0.13380590081214905
191;0.95091712474823;0.13198404014110565;0.0005477387;0.9532427787780762;0.13317954540252686
192;0.9510312676429749;0.1316554993391037;0.00049798994;0.9526827931404114;0.1335432231426239
193;0.9511057734489441;0.13196733593940735;0.00044824122;0.9528301954269409;0.1331510841846466
194;0.9512673020362854;0.13108696043491364;0.00039849247;0.9529775381088257;0.1337285190820694
195;0.9512160420417786;0.13197959959506989;0.00034874372;0.9537439346313477;0.13251721858978271
196;0.9510254859924316;0.13205674290657043;0.00029899497;0.9540977478027344;0.1330287903547287
197;0.951275646686554;0.13166601955890656;0.00024924622;0.9530954360961914;0.13298697769641876
198;0.9510421752929688;0.1316361129283905;0.00019949749;0.9535671472549438;0.13235227763652802
199;0.9512221813201904;0.13155266642570496;0.00014974874;0.9533312916755676;0.1325235366821289
