epoch;binary_accuracy;loss;lr;val_binary_accuracy;val_loss
0;0.9397197365760803;0.17405059933662415;0.01;0.9354951977729797;0.20589540898799896
1;0.9450071454048157;0.15596669912338257;0.01;0.9478184580802917;0.16335929930210114
2;0.9457932114601135;0.15268699824810028;0.009950251;0.9486733675003052;0.15715345740318298
3;0.9459587335586548;0.15132951736450195;0.009900503;0.9507369995117188;0.14942555129528046
4;0.9458421468734741;0.15071560442447662;0.0098507535;0.9503243565559387;0.14802786707878113
5;0.9462777972221375;0.149382084608078;0.009801005;0.9482607841491699;0.1534903198480606
6;0.9468555450439453;0.148104727268219;0.009751257;0.9494988918304443;0.1498095542192459
7;0.9468876123428345;0.14788883924484253;0.009701507;0.9501473903656006;0.1469288021326065
8;0.9469890594482422;0.14709697663784027;0.009651759;0.952476441860199;0.1440124213695526
9;0.9469327330589294;0.1465148627758026;0.00960201;0.9522992968559265;0.1437007188796997
10;0.9471093416213989;0.14613841474056244;0.009552261;0.9518574476242065;0.1429286152124405
11;0.9473313689231873;0.14576150476932526;0.009502512;0.9492926001548767;0.14678363502025604
12;0.9473235011100769;0.14544855058193207;0.009452764;0.9494397044181824;0.14651460945606232
13;0.9476873874664307;0.14449626207351685;0.0094030155;0.9490564465522766;0.14671188592910767
14;0.9475677013397217;0.1442706435918808;0.009353266;0.9462855458259583;0.15200892090797424
15;0.9476157426834106;0.1438465416431427;0.009303518;0.9445458650588989;0.15538881719112396
16;0.9476473331451416;0.1438211053609848;0.009253769;0.947287917137146;0.1525171548128128
17;0.948043704032898;0.1432620882987976;0.00920402;0.9465507864952087;0.15099403262138367
18;0.948083221912384;0.1430344432592392;0.009154271;0.9500001668930054;0.1462794989347458
19;0.9481229186058044;0.1426427811384201;0.009104523;0.9468159675598145;0.1494908630847931
20;0.9480176568031311;0.14218352735042572;0.0090547735;0.9475823640823364;0.14878115057945251
21;0.9482117295265198;0.1418898105621338;0.009005025;0.9502653479576111;0.14407195150852203
22;0.9480859637260437;0.14165444672107697;0.008955277;0.9504128694534302;0.14092041552066803
23;0.9478757381439209;0.14183802902698517;0.008905527;0.9514447450637817;0.13702869415283203
24;0.948074996471405;0.14082519710063934;0.008855779;0.9482016563415527;0.14619377255439758
25;0.9483311772346497;0.1411615014076233;0.00880603;0.9521227478981018;0.13832443952560425
26;0.9484565854072571;0.14082807302474976;0.008756282;0.9515035152435303;0.1381063610315323
27;0.9483715891838074;0.14076118171215057;0.008706532;0.9505308866500854;0.14378397166728973
28;0.9481917023658752;0.14079204201698303;0.008656784;0.9529187679290771;0.13613595068454742
29;0.9484734535217285;0.1401725709438324;0.0086070355;0.9522404074668884;0.1373850405216217
30;0.9483542442321777;0.1402268260717392;0.008557286;0.9503243565559387;0.14059168100357056
31;0.948513388633728;0.13994038105010986;0.008507538;0.9504422545433044;0.14113804697990417
32;0.9486641883850098;0.13959918916225433;0.008457789;0.9518277645111084;0.1348818838596344
33;0.9486811757087708;0.13985738158226013;0.00840804;0.9495577812194824;0.14140498638153076
34;0.9488637447357178;0.1393180638551712;0.008358291;0.9513559937477112;0.1380133479833603
35;0.9486928582191467;0.13921870291233063;0.008308543;0.952122688293457;0.13574960827827454
36;0.9486187696456909;0.13934537768363953;0.008258794;0.9511201977729797;0.13656027615070343
37;0.9486386775970459;0.13970474898815155;0.008209045;0.9523585438728333;0.13490508496761322
38;0.9486271142959595;0.13916419446468353;0.008159297;0.9506484270095825;0.13776034116744995
39;0.9488633871078491;0.13886095583438873;0.008109548;0.9518867135047913;0.1361222118139267
40;0.9489865899085999;0.13864748179912567;0.008059799;0.9505601525306702;0.13947299122810364
41;0.948849618434906;0.13879327476024628;0.00801005;0.9507959485054016;0.1410643756389618
42;0.9491797089576721;0.13829366862773895;0.007960302;0.9522404670715332;0.13416551053524017
43;0.9490599036216736;0.1379266381263733;0.007910552;0.9516215324401855;0.13509643077850342
44;0.9485334157943726;0.13858139514923096;0.007860804;0.9507958292961121;0.1394149363040924
45;0.948957622051239;0.1379096508026123;0.007811055;0.9516803622245789;0.13595014810562134
46;0.9489738941192627;0.13812564313411713;0.0077613066;0.9514739513397217;0.13761654496192932
47;0.9490541815757751;0.13793157041072845;0.0077115577;0.9515920877456665;0.13703738152980804
48;0.9489694237709045;0.13774582743644714;0.007661809;0.9520342946052551;0.13533399999141693
49;0.9492425322532654;0.13722391426563263;0.0076120603;0.9518868327140808;0.13719850778579712
50;0.9488552808761597;0.13794691860675812;0.0075623114;0.9518869519233704;0.13514444231987
51;0.9490886926651001;0.13743232190608978;0.007512563;0.9526827335357666;0.1361505687236786
52;0.949131429195404;0.13765625655651093;0.007462814;0.9529187679290771;0.13519975543022156
53;0.9490860104560852;0.1375083476305008;0.0074130655;0.9522699117660522;0.13431000709533691
54;0.94911128282547;0.13754908740520477;0.0073633166;0.9522995352745056;0.13643062114715576
55;0.9490600824356079;0.13712982833385468;0.0073135677;0.9515034556388855;0.13741350173950195
56;0.9492536783218384;0.13694308698177338;0.007263819;0.9516509175300598;0.1363895833492279
57;0.9491512179374695;0.13692212104797363;0.0072140703;0.9523290395736694;0.13425400853157043
58;0.9489604234695435;0.13672949373722076;0.007164322;0.9533314108848572;0.13442423939704895
59;0.9491567015647888;0.13683566451072693;0.007114573;0.9520342350006104;0.13514690101146698
60;0.9492907524108887;0.1366572231054306;0.007064824;0.9521227478981018;0.13555175065994263
61;0.9495096802711487;0.1365150362253189;0.0070150755;0.951768696308136;0.13546675443649292
62;0.9493029713630676;0.13683778047561646;0.0069653266;0.9529774785041809;0.13260291516780853
63;0.9494190216064453;0.13616284728050232;0.0069155777;0.952505886554718;0.13399997353553772
64;0.9492024779319763;0.13654226064682007;0.006865829;0.9520931839942932;0.1348288506269455
65;0.9493989944458008;0.1359691172838211;0.0068160803;0.9514740109443665;0.13540863990783691
66;0.9496015906333923;0.13589368760585785;0.006766332;0.9525352120399475;0.1339758187532425
67;0.949507474899292;0.13590307533740997;0.006716583;0.9514738917350769;0.1353948563337326
68;0.9497690200805664;0.1359257996082306;0.006666834;0.9511792063713074;0.1355542540550232
69;0.9495587348937988;0.13608194887638092;0.0066170855;0.951591968536377;0.13637246191501617
70;0.9496129155158997;0.13569164276123047;0.0065673366;0.9520343542098999;0.1362030804157257
71;0.9496523141860962;0.1354149430990219;0.006517588;0.9509729146957397;0.1374465525150299
72;0.9497010111808777;0.13555113971233368;0.0064678392;0.9518867135047913;0.13596343994140625
73;0.9497924447059631;0.13525159657001495;0.0064180903;0.9507370591163635;0.13682276010513306
74;0.9498459696769714;0.13539256155490875;0.006368342;0.9506485462188721;0.13844062387943268
75;0.949646532535553;0.1353546380996704;0.006318593;0.9524176716804504;0.13475561141967773
76;0.949885904788971;0.1353897750377655;0.006268844;0.9519457817077637;0.13594281673431396
77;0.9497492909431458;0.13505518436431885;0.0062190956;0.9505307078361511;0.13837429881095886
78;0.9495529532432556;0.13489317893981934;0.0061693466;0.9519458413124084;0.13661210238933563
79;0.94986891746521;0.13487210869789124;0.006119598;0.9507073163986206;0.13801385462284088
80;0.9497803449630737;0.13487674295902252;0.0060698492;0.9514153003692627;0.1368619054555893
81;0.9498432874679565;0.13509252667427063;0.0060201003;0.9515033960342407;0.13651114702224731
82;0.9500086307525635;0.13514158129692078;0.005970352;0.95285964012146;0.13249023258686066
83;0.9497917890548706;0.13465134799480438;0.005920603;0.9517097473144531;0.1366174966096878
84;0.9498175978660583;0.13530541956424713;0.0058708545;0.9517688155174255;0.1357789784669876
85;0.9500651359558105;0.13457246124744415;0.0058211056;0.9522995948791504;0.13375215232372284
86;0.94992595911026;0.13446766138076782;0.0057713566;0.9526236653327942;0.13192228972911835
87;0.9498948454856873;0.13441680371761322;0.005721608;0.9520047307014465;0.13328854739665985
88;0.9499028325080872;0.13426844775676727;0.0056718593;0.9522109627723694;0.1322292983531952
89;0.950178861618042;0.13362757861614227;0.0056221103;0.9519458413124084;0.13361449539661407
90;0.9502222537994385;0.133811816573143;0.005572362;0.9518868923187256;0.13369950652122498
91;0.949889063835144;0.13417761027812958;0.005522613;0.9517983198165894;0.13251468539237976
92;0.9501621723175049;0.13414321839809418;0.0054728645;0.9524763822555542;0.1321098804473877
93;0.9500513672828674;0.13384708762168884;0.0054231156;0.9530072212219238;0.1326468288898468
94;0.9502333402633667;0.13414733111858368;0.0053733666;0.9521521925926208;0.1316070854663849
95;0.9499514698982239;0.13376206159591675;0.005323618;0.9532430171966553;0.1304653286933899
96;0.9501818418502808;0.13368235528469086;0.0052738693;0.9524763822555542;0.13195201754570007
97;0.9502361416816711;0.1337835192680359;0.005224121;0.9524468183517456;0.1333666890859604
98;0.9499712586402893;0.13398273289203644;0.005174372;0.9526533484458923;0.13167397677898407
99;0.9503443837165833;0.1334122121334076;0.005124623;0.9528301954269409;0.13263976573944092
100;0.9501937627792358;0.13371874392032623;0.0050748745;0.9521814584732056;0.13151142001152039
101;0.9504185914993286;0.13314197957515717;0.0050251256;0.952093243598938;0.13296063244342804
102;0.950096845626831;0.13376100361347198;0.004975377;0.9519457817077637;0.13178953528404236
103;0.9503017663955688;0.13295871019363403;0.004925628;0.9514152407646179;0.1344151347875595
104;0.9502080082893372;0.13337409496307373;0.0048758793;0.9524765610694885;0.13212044537067413
105;0.9504473805427551;0.1332029402256012;0.004826131;0.951444685459137;0.1325971484184265
106;0.9504360556602478;0.13266439735889435;0.004776382;0.9520341157913208;0.1325562447309494
107;0.9503984451293945;0.1332821398973465;0.004726633;0.9520047903060913;0.13208512961864471
108;0.9500744938850403;0.13348381221294403;0.0046768845;0.9535377025604248;0.13211099803447723
109;0.9501023292541504;0.13352088630199432;0.0046271356;0.9522404670715332;0.13238903880119324
110;0.9503189325332642;0.13275691866874695;0.004577387;0.9517687559127808;0.13122284412384033
111;0.9504640698432922;0.1324528008699417;0.004527638;0.9523585438728333;0.13227343559265137
112;0.9505863785743713;0.13264262676239014;0.0044778893;0.9527120590209961;0.13164222240447998
113;0.9502907395362854;0.13292738795280457;0.004428141;0.9530071020126343;0.13082875311374664
114;0.9501680731773376;0.13248297572135925;0.004378392;0.9523585438728333;0.1303284913301468
115;0.9503812193870544;0.13276560604572296;0.0043286434;0.953508198261261;0.13098746538162231
116;0.9504356980323792;0.13241572678089142;0.0042788945;0.9530366659164429;0.1299075335264206
117;0.9504411816596985;0.13235415518283844;0.0042291456;0.9515920877456665;0.13142673671245575
118;0.9505211710929871;0.13191884756088257;0.004179397;0.9528892040252686;0.13168366253376007
119;0.9504786729812622;0.13270479440689087;0.004129648;0.9525943994522095;0.13161614537239075
120;0.9508056640625;0.13182078301906586;0.0040798993;0.9532429575920105;0.12980081140995026
121;0.950908899307251;0.13199031352996826;0.004030151;0.9526236653327942;0.130325585603714
122;0.9503925442695618;0.13216586410999298;0.003980402;0.9532724022865295;0.12955600023269653
123;0.9507974982261658;0.13216441869735718;0.0039306534;0.9520636796951294;0.1319478154182434
124;0.9504556655883789;0.1320951282978058;0.0038809045;0.9530661702156067;0.13006256520748138
125;0.9506549835205078;0.13222312927246094;0.0038311558;0.9523290395736694;0.13092276453971863
126;0.9509569406509399;0.1320820450782776;0.0037814071;0.9530661106109619;0.13042037189006805
127;0.9507772922515869;0.13175414502620697;0.0037316582;0.9535965323448181;0.1303407996892929
128;0.95014488697052;0.13217122852802277;0.0036819095;0.9527121782302856;0.12967389822006226
129;0.9507457613945007;0.1318436563014984;0.0036321608;0.952682614326477;0.13062110543251038
130;0.9506238698959351;0.13190285861492157;0.0035824121;0.9519162178039551;0.12984618544578552
131;0.9506663680076599;0.13182604312896729;0.0035326632;0.9526829123497009;0.13053543865680695
132;0.9506440162658691;0.1317281872034073;0.0034829145;0.9522405862808228;0.13015422224998474
133;0.9507492184638977;0.13135100901126862;0.0034331658;0.9522994160652161;0.12964554131031036
134;0.9507457613945007;0.13173021376132965;0.0033834171;0.9529775977134705;0.12961606681346893
135;0.9509222507476807;0.13158105313777924;0.0033336685;0.9529775977134705;0.12940160930156708
136;0.9508769512176514;0.1313929259777069;0.0032839195;0.9529187679290771;0.12974467873573303
137;0.9513013958930969;0.13119301199913025;0.0032341708;0.9528597593307495;0.13022387027740479
138;0.9508801698684692;0.13098427653312683;0.0031844222;0.9533904194831848;0.12874184548854828
139;0.9507350921630859;0.13115394115447998;0.0031346735;0.9531545639038086;0.12922219932079315
140;0.9510564804077148;0.13096821308135986;0.0030849245;0.9528006911277771;0.12904298305511475
141;0.951107919216156;0.1311531662940979;0.0030351758;0.9526827931404114;0.12904146313667297
142;0.9508374333381653;0.13112249970436096;0.0029854272;0.9529186487197876;0.13089847564697266
143;0.9510788917541504;0.1307506263256073;0.0029356785;0.9524174332618713;0.13065436482429504
144;0.9509510397911072;0.13062044978141785;0.0028859295;0.9526238441467285;0.13100257515907288
145;0.9509655237197876;0.1309088170528412;0.0028361809;0.9526532888412476;0.1298186033964157
146;0.9508370161056519;0.13074786961078644;0.0027864322;0.9529187083244324;0.12981660664081573
147;0.951119601726532;0.13061164319515228;0.0027366835;0.9529482126235962;0.13036251068115234
148;0.9511447548866272;0.13038977980613708;0.0026869348;0.953331470489502;0.12905830144882202
149;0.9509829878807068;0.13052159547805786;0.0026371859;0.9525942802429199;0.130407452583313
150;0.9509993195533752;0.13033972680568695;0.0025874372;0.9529187083244324;0.1305728256702423
151;0.9512448310852051;0.1304517537355423;0.0025376885;0.9535375833511353;0.1296764612197876
152;0.9512647986412048;0.13024385273456573;0.0024879398;0.9527417421340942;0.13045577704906464
153;0.9511536359786987;0.13029350340366364;0.0024381909;0.952741801738739;0.13121828436851501
154;0.9514102935791016;0.12981416285037994;0.0023884422;0.95285964012146;0.1304539442062378
155;0.9513725638389587;0.1300179362297058;0.0023386935;0.9527122974395752;0.13112065196037292
156;0.951039731502533;0.13040651381015778;0.0022889448;0.9531543850898743;0.1293596476316452
157;0.9509790539741516;0.12990409135818481;0.002239196;0.9534197449684143;0.12946908175945282
158;0.9510623812675476;0.1299675703048706;0.0021894472;0.9529774785041809;0.13001154363155365
159;0.9514955282211304;0.12959612905979156;0.0021396985;0.9537146091461182;0.12850040197372437
160;0.9513164758682251;0.12979617714881897;0.0020899498;0.9533312916755676;0.12872488796710968
161;0.9514610171318054;0.1295568346977234;0.002040201;0.9527121782302856;0.12932449579238892
162;0.9512444138526917;0.1300673633813858;0.0019904522;0.9525648355484009;0.12966956198215485
163;0.9516352415084839;0.12946747243404388;0.0019407035;0.9533019065856934;0.12866544723510742
164;0.9511736631393433;0.12942755222320557;0.0018909548;0.9528891444206238;0.1295177936553955
165;0.9514470100402832;0.1293892115354538;0.001841206;0.9536851644515991;0.12925809621810913
166;0.9513956904411316;0.12966129183769226;0.0017914573;0.9535675048828125;0.12847495079040527
167;0.9513241648674011;0.12952597439289093;0.0017417085;0.9531840085983276;0.12877444922924042
168;0.951478123664856;0.12956602871418;0.0016919598;0.9536851048469543;0.12793169915676117
169;0.9514384269714355;0.12925566732883453;0.0016422111;0.9537737369537354;0.12868478894233704
170;0.9515751600265503;0.12911558151245117;0.0015924623;0.9534491300582886;0.12841230630874634
171;0.9512302875518799;0.1293654590845108;0.0015427136;0.9535082578659058;0.1291506290435791
172;0.9512646794319153;0.12892523407936096;0.0014929648;0.9530661106109619;0.12827321887016296
173;0.9514613747596741;0.1291515976190567;0.0014432161;0.9528300166130066;0.12883444130420685
174;0.9515664577484131;0.12903496623039246;0.0013934673;0.9534786939620972;0.12883812189102173
175;0.951460599899292;0.1291053146123886;0.0013437186;0.9524469971656799;0.12816470861434937
176;0.9516804218292236;0.12893658876419067;0.0012939698;0.9533610343933105;0.12686745822429657
177;0.9513982534408569;0.12929831445217133;0.0012442211;0.9532724618911743;0.12795408070087433
178;0.9519911408424377;0.128492072224617;0.0011944723;0.9542156457901001;0.12758128345012665
179;0.9516434669494629;0.12839598953723907;0.0011447236;0.9540979862213135;0.12767556309700012
180;0.9515151977539062;0.12871423363685608;0.0010949749;0.9530365467071533;0.12815769016742706
181;0.9517687559127808;0.12852972745895386;0.0010452261;0.953301727771759;0.12803742289543152
182;0.951660692691803;0.1287432461977005;0.0009954774;0.9534491896629333;0.1272754818201065
183;0.9519050121307373;0.12850946187973022;0.0009457286;0.9530659914016724;0.12837906181812286
184;0.9516239166259766;0.12864096462726593;0.0008959799;0.9531543850898743;0.12880131602287292
185;0.9516779780387878;0.12824252247810364;0.0008462312;0.9536261558532715;0.12798406183719635
186;0.9514406323432922;0.12846922874450684;0.00079648243;0.9526828527450562;0.1295137107372284
187;0.9516579508781433;0.12864550948143005;0.0007467337;0.9531543850898743;0.12814763188362122
188;0.9515804052352905;0.12810403108596802;0.00069698493;0.9535965919494629;0.12911325693130493
189;0.9519684314727783;0.1277427077293396;0.0006472362;0.9539209008216858;0.12789197266101837
190;0.9516463875770569;0.12859013676643372;0.00059748744;0.9529776573181152;0.12782542407512665
191;0.9516378045082092;0.1282242387533188;0.0005477387;0.9539209604263306;0.12837602198123932
192;0.9519112706184387;0.12819495797157288;0.00049798994;0.9531545042991638;0.12823890149593353
193;0.9517402648925781;0.12816649675369263;0.00044824122;0.9532133340835571;0.1278839260339737
194;0.9518654346466064;0.1275484561920166;0.00039849247;0.9541862607002258;0.12790565192699432
195;0.9520079493522644;0.12781384587287903;0.00034874372;0.9537440538406372;0.12818969786167145
196;0.9519509673118591;0.12774290144443512;0.00029899497;0.9533904194831848;0.1288340836763382
197;0.951700747013092;0.1281912475824356;0.00024924622;0.954156756401062;0.12736116349697113
198;0.9523124098777771;0.12738774716854095;0.00019949749;0.9534785151481628;0.12793251872062683
199;0.9520018100738525;0.12767040729522705;0.00014974874;0.9535083174705505;0.129127636551857
