epoch;binary_accuracy;loss;lr;val_binary_accuracy;val_loss
0;0.9383392333984375;0.17959605157375336;0.01;0.9379421472549438;0.17619416117668152
1;0.9435002207756042;0.16146044433116913;0.01;0.9471697807312012;0.16115984320640564
2;0.944534957408905;0.15776327252388;0.009950251;0.941892683506012;0.18827582895755768
3;0.9452467560768127;0.15558986365795135;0.009900503;0.9447817802429199;0.16604439914226532
4;0.9453091621398926;0.15430255234241486;0.0098507535;0.9477594494819641;0.15920422971248627
5;0.945859432220459;0.15317043662071228;0.009801005;0.9473761320114136;0.15988582372665405
6;0.9458707571029663;0.15203222632408142;0.009751257;0.9482016563415527;0.1577334702014923
7;0.9461920261383057;0.15184350311756134;0.009701507;0.9500294923782349;0.15281926095485687
8;0.946428656578064;0.15064163506031036;0.009651759;0.946992814540863;0.15901562571525574
9;0.9466170072555542;0.15016280114650726;0.00960201;0.9463738203048706;0.16619046032428741
10;0.9468128085136414;0.14972999691963196;0.009552261;0.950088381767273;0.1526801437139511
11;0.9468615651130676;0.1489993780851364;0.009502512;0.9405953884124756;0.18432186543941498
12;0.9470979571342468;0.14824292063713074;0.009452764;0.9476709365844727;0.15642905235290527
13;0.9470095038414001;0.14788806438446045;0.0094030155;0.9488206505775452;0.155861496925354
14;0.9474592208862305;0.1474507451057434;0.009353266;0.9458433389663696;0.16038626432418823
15;0.947277307510376;0.1468617022037506;0.009303518;0.9489977955818176;0.15274004638195038
16;0.9473968744277954;0.14670716226100922;0.009253769;0.94908607006073;0.1515655666589737
17;0.94757080078125;0.1464240550994873;0.00920402;0.9500589966773987;0.14860928058624268
18;0.9477211833000183;0.14593778550624847;0.009154271;0.947611927986145;0.1535085290670395
19;0.9477100968360901;0.1456073522567749;0.009104523;0.9497640132904053;0.14739273488521576
20;0.947667121887207;0.14554478228092194;0.0090547735;0.9487324953079224;0.14887022972106934
21;0.9478718042373657;0.1452295333147049;0.009005025;0.9494694471359253;0.15000730752944946
22;0.9474883675575256;0.1449691504240036;0.008955277;0.948466956615448;0.1540566086769104
23;0.9479984641075134;0.14454442262649536;0.008905527;0.9505011439323425;0.14739346504211426
24;0.9480208158493042;0.14455290138721466;0.008855779;0.9475531578063965;0.1503330022096634
25;0.9480143189430237;0.14430861175060272;0.00880603;0.9487912058830261;0.14988212287425995
26;0.9479979872703552;0.14392538368701935;0.008756282;0.9471108913421631;0.15137723088264465
27;0.9481431841850281;0.14379467070102692;0.008706532;0.949852466583252;0.14413416385650635
28;0.9478893280029297;0.14362213015556335;0.008656784;0.949970543384552;0.14469145238399506
29;0.9482139348983765;0.1430380642414093;0.0086070355;0.9481427669525146;0.15158812701702118
30;0.9483446478843689;0.14321677386760712;0.008557286;0.9504422545433044;0.14313644170761108
31;0.9482603073120117;0.14292362332344055;0.008507538;0.951591968536377;0.13904567062854767
32;0.9484075903892517;0.14251609146595;0.008457789;0.9508548974990845;0.14162307977676392
33;0.9480974674224854;0.1428893804550171;0.00840804;0.9496166110038757;0.14594797790050507
34;0.9482026696205139;0.14268697798252106;0.008358291;0.9511202573776245;0.14096234738826752
35;0.9481773376464844;0.14237909018993378;0.008308543;0.9516801834106445;0.13893726468086243
36;0.9484075903892517;0.14211896061897278;0.008258794;0.952417254447937;0.1388627588748932
37;0.948505163192749;0.14205320179462433;0.008209045;0.9520047903060913;0.1387457400560379
38;0.9485558867454529;0.14178873598575592;0.008159297;0.9505601525306702;0.14244304597377777
39;0.9486842751502991;0.14143553376197815;0.008109548;0.9429541826248169;0.1632259339094162
40;0.9484049677848816;0.1416623741388321;0.008059799;0.9504421353340149;0.1445310413837433
41;0.9487699866294861;0.14160096645355225;0.00801005;0.9518572688102722;0.14059758186340332
42;0.9485535621643066;0.14123785495758057;0.007960302;0.9492334127426147;0.14714011549949646
43;0.9486044049263;0.14139118790626526;0.007910552;0.9513266086578369;0.14145152270793915
44;0.948516309261322;0.14120425283908844;0.007860804;0.9517689943313599;0.14026668667793274
45;0.9486042261123657;0.14101958274841309;0.007811055;0.9510613679885864;0.14494556188583374
46;0.9488406181335449;0.1406724900007248;0.0077613066;0.9529776573181152;0.13621558248996735
47;0.9487215876579285;0.1409986913204193;0.0077115577;0.9523879289627075;0.1384742259979248
48;0.9487239122390747;0.1412523239850998;0.007661809;0.9514150023460388;0.14054307341575623
49;0.9486441612243652;0.14081022143363953;0.0076120603;0.9529778361320496;0.14021436870098114
50;0.9486786127090454;0.14031323790550232;0.0075623114;0.9528892040252686;0.1389121264219284
51;0.9490343928337097;0.1404145509004593;0.007512563;0.9526238441467285;0.13987988233566284
52;0.9489490985870361;0.14021946489810944;0.007462814;0.9519752860069275;0.1373031735420227
53;0.9492730498313904;0.13998621702194214;0.0074130655;0.9524469375610352;0.1382138729095459
54;0.948661744594574;0.14038477838039398;0.0073633166;0.9507665634155273;0.14222858846187592
55;0.9485877156257629;0.14034830033779144;0.0073135677;0.9509139657020569;0.14150872826576233
56;0.9490916132926941;0.14000815153121948;0.007263819;0.9525943994522095;0.139717698097229
57;0.9488576054573059;0.13998842239379883;0.0072140703;0.9519457817077637;0.1398177444934845
58;0.9490916728973389;0.13950984179973602;0.007164322;0.9527122974395752;0.13852627575397491
59;0.9489202499389648;0.13964958488941193;0.007114573;0.9519751667976379;0.1399870216846466
60;0.949080228805542;0.139199361205101;0.007064824;0.9523290991783142;0.1379076987504959
61;0.9490373134613037;0.1393827646970749;0.0070150755;0.9502946138381958;0.14179885387420654
62;0.9493476748466492;0.13931187987327576;0.0069653266;0.9523583054542542;0.13982807099819183
63;0.9490799903869629;0.13925078511238098;0.0069155777;0.9529185891151428;0.13633807003498077
64;0.949108362197876;0.1395968198776245;0.006865829;0.9528594613075256;0.1380552500486374
65;0.9491456747055054;0.13939179480075836;0.0068160803;0.9525353908538818;0.138480544090271
66;0.9492888450622559;0.1387147158384323;0.006766332;0.9514152407646179;0.1408965289592743
67;0.949234127998352;0.13907413184642792;0.006716583;0.9522405862808228;0.13971665501594543
68;0.9492590427398682;0.13878774642944336;0.006666834;0.9527120590209961;0.13702085614204407
69;0.9489148259162903;0.13908778131008148;0.0066170855;0.9444576501846313;0.16338711977005005
70;0.9493646025657654;0.13856951892375946;0.0065673366;0.9505013227462769;0.1410955786705017
71;0.9495500326156616;0.13853992521762848;0.006517588;0.9511499404907227;0.14135706424713135
72;0.9493900537490845;0.13890673220157623;0.0064678392;0.9506190419197083;0.14205460250377655
73;0.9494244456291199;0.13807366788387299;0.0064180903;0.9513266682624817;0.1383475959300995
74;0.9493216276168823;0.13852140307426453;0.006368342;0.9505012035369873;0.14260263741016388
75;0.9493905305862427;0.13831116259098053;0.006318593;0.9510318636894226;0.14133520424365997
76;0.9493674635887146;0.1385878324508667;0.006268844;0.951621413230896;0.1394878774881363
77;0.9493534564971924;0.13831079006195068;0.0062190956;0.9497937560081482;0.14213095605373383
78;0.9494020938873291;0.13789807260036469;0.0061693466;0.9496167302131653;0.1457214206457138
79;0.9491633176803589;0.13826118409633636;0.006119598;0.9511203169822693;0.13954278826713562
80;0.94933021068573;0.1381872445344925;0.0060698492;0.9512972831726074;0.1397961527109146
81;0.9495670795440674;0.13821931183338165;0.0060201003;0.9522109627723694;0.13725562393665314
82;0.9494360089302063;0.13776908814907074;0.005970352;0.9510907530784607;0.13731183111667633
83;0.9497183561325073;0.13770902156829834;0.005920603;0.9514740705490112;0.138143852353096
84;0.9496867656707764;0.13762414455413818;0.0058708545;0.951208770275116;0.1376049667596817
85;0.949686586856842;0.13782966136932373;0.0058211056;0.951385498046875;0.13804225623607635
86;0.9493076205253601;0.1375764161348343;0.0057713566;0.9516804814338684;0.1379362791776657
87;0.9493994116783142;0.13725677132606506;0.005721608;0.9512383341789246;0.1383819282054901
88;0.9493878483772278;0.13787975907325745;0.0056718593;0.9513266086578369;0.13954073190689087
89;0.9495899677276611;0.13745158910751343;0.0056221103;0.9515625834465027;0.13637571036815643
90;0.9497805833816528;0.13745304942131042;0.005572362;0.951621413230896;0.13829904794692993
91;0.949547290802002;0.1374577283859253;0.005522613;0.9519456028938293;0.1386420577764511
92;0.949735164642334;0.1367725431919098;0.0054728645;0.9519455432891846;0.13624288141727448
93;0.9498354196548462;0.13718098402023315;0.0054231156;0.9531546831130981;0.13508906960487366
94;0.9496272802352905;0.13728246092796326;0.0053733666;0.9514740705490112;0.13724368810653687
95;0.9495041966438293;0.13749349117279053;0.005323618;0.9521520137786865;0.1373472809791565
96;0.9498347640037537;0.1366693079471588;0.0052738693;0.9526237845420837;0.13618722558021545
97;0.9495723247528076;0.13722538948059082;0.005224121;0.9527419209480286;0.13698239624500275
98;0.9496439695358276;0.136941060423851;0.005174372;0.9515625834465027;0.1379261165857315
99;0.9495981335639954;0.13666796684265137;0.005124623;0.9490859508514404;0.1452951729297638
100;0.9497665762901306;0.1363639235496521;0.0050748745;0.952476441860199;0.13552585244178772
101;0.9499115943908691;0.13635940849781036;0.0050251256;0.9515034556388855;0.13783878087997437
102;0.9497296214103699;0.13638730347156525;0.004975377;0.9535375833511353;0.1357659101486206
103;0.9499032497406006;0.13662093877792358;0.004925628;0.953125;0.13552550971508026
104;0.9498854875564575;0.13643553853034973;0.0048758793;0.9515625834465027;0.13971924781799316
105;0.94986891746521;0.13604244589805603;0.004826131;0.9515917897224426;0.13848082721233368
106;0.949948787689209;0.13629662990570068;0.004776382;0.9527416825294495;0.13518591225147247
107;0.9500147700309753;0.13621339201927185;0.004726633;0.950972855091095;0.142882838845253
108;0.9499145150184631;0.13662570714950562;0.0046768845;0.953154444694519;0.13660013675689697
109;0.9498772621154785;0.13610857725143433;0.0046271356;0.9532724022865295;0.13544243574142456
110;0.9499428868293762;0.13604342937469482;0.004577387;0.9530954957008362;0.1357368528842926
111;0.9500657320022583;0.1357896476984024;0.004527638;0.9522405862808228;0.13846179842948914
112;0.9499804973602295;0.13578419387340546;0.0044778893;0.9530954957008362;0.13493482768535614
113;0.9499546885490417;0.13573898375034332;0.004428141;0.953095555305481;0.13531048595905304
114;0.9497922658920288;0.13638818264007568;0.004378392;0.9503834843635559;0.14215368032455444
115;0.9499003887176514;0.135768324136734;0.0043286434;0.9522993564605713;0.13783858716487885
116;0.9496893286705017;0.136257141828537;0.0042788945;0.9530661106109619;0.13541506230831146
117;0.9501907229423523;0.1358579397201538;0.0042291456;0.9522995948791504;0.13761326670646667
118;0.9502705335617065;0.1353752464056015;0.004179397;0.9515919089317322;0.13817338645458221
119;0.9502044320106506;0.1356261670589447;0.004129648;0.9527712464332581;0.13668788969516754
120;0.949894905090332;0.1359087973833084;0.0040798993;0.9529480338096619;0.13595440983772278
121;0.9498865008354187;0.13555282354354858;0.004030151;0.9534788131713867;0.1345994472503662
122;0.9501082897186279;0.13549791276454926;0.003980402;0.9530365467071533;0.13611742854118347
123;0.9501597285270691;0.13532790541648865;0.0039306534;0.9526239037513733;0.1359747052192688
124;0.9502193331718445;0.13532236218452454;0.0038809045;0.9535081386566162;0.13461245596408844
125;0.9501734972000122;0.13514937460422516;0.0038311558;0.9537146091461182;0.1353212296962738
126;0.9501426815986633;0.1350925713777542;0.0037814071;0.9526532292366028;0.13640162348747253
127;0.950156569480896;0.13520938158035278;0.0037316582;0.9524469375610352;0.13580965995788574
128;0.9501877427101135;0.13542871177196503;0.0036819095;0.9527121782302856;0.13589493930339813
129;0.9501171112060547;0.13514307141304016;0.0036321608;0.952505886554718;0.1359940469264984
130;0.9503388404846191;0.135263592004776;0.0035824121;0.9531250596046448;0.13587328791618347
131;0.9501317739486694;0.1348724663257599;0.0035326632;0.9532133936882019;0.13485506176948547
132;0.9504726529121399;0.13459379971027374;0.0034829145;0.9528891444206238;0.13435181975364685
133;0.9503393769264221;0.13507454097270966;0.0034331658;0.9536851048469543;0.1331014633178711
134;0.9501707553863525;0.1348804384469986;0.0033834171;0.9534786343574524;0.13434070348739624
135;0.9500227570533752;0.13527539372444153;0.0033336685;0.9531545042991638;0.13474930822849274
136;0.9501422643661499;0.13480164110660553;0.0032839195;0.952034056186676;0.13643382489681244
137;0.950381875038147;0.13455890119075775;0.0032341708;0.9506484866142273;0.14187155663967133
138;0.9501733779907227;0.13454438745975494;0.0031844222;0.9533607959747314;0.13366040587425232
139;0.9500372409820557;0.13473881781101227;0.0031346735;0.9522112607955933;0.13464820384979248
140;0.9504183530807495;0.13451971113681793;0.0030849245;0.952122688293457;0.135328009724617
141;0.9503193497657776;0.13472576439380646;0.0030351758;0.9530366659164429;0.1338975727558136
142;0.9504588842391968;0.13465556502342224;0.0029854272;0.9536556005477905;0.1356685906648636
143;0.9505897164344788;0.13459575176239014;0.0029356785;0.9534493684768677;0.1333680897951126
144;0.9503476023674011;0.13431113958358765;0.0028859295;0.9534788131713867;0.13424795866012573
145;0.9502611756324768;0.13428527116775513;0.0028361809;0.9536553025245667;0.1340821534395218
146;0.9502279162406921;0.13461612164974213;0.0027864322;0.9525649547576904;0.13525395095348358
147;0.9503163695335388;0.13416491448879242;0.0027366835;0.9527417421340942;0.13484443724155426
148;0.9505295157432556;0.13390067219734192;0.0026869348;0.9528597593307495;0.13623560965061188
149;0.9506487846374512;0.1342044472694397;0.0026371859;0.9523288607597351;0.13502581417560577
150;0.9505523443222046;0.1344149261713028;0.0025874372;0.952741801738739;0.1362091600894928
151;0.9504359364509583;0.13446840643882751;0.0025376885;0.9539504647254944;0.13539017736911774
152;0.9505615234375;0.13363899290561676;0.0024879398;0.9522995948791504;0.13615210354328156
153;0.9505521059036255;0.13399824500083923;0.0024381909;0.9516215324401855;0.13551883399486542
154;0.9503558278083801;0.13438941538333893;0.0023884422;0.952122688293457;0.13521426916122437
155;0.9504755735397339;0.13391271233558655;0.0023386935;0.9527416825294495;0.13646024465560913
156;0.950620710849762;0.13382300734519958;0.0022889448;0.9526237845420837;0.1352449506521225
157;0.9507578015327454;0.1336531639099121;0.002239196;0.9537736177444458;0.1343650221824646
158;0.9504329562187195;0.13376688957214355;0.0021894472;0.9525353908538818;0.13548345863819122
159;0.9506325125694275;0.1337718367576599;0.0021396985;0.9525943398475647;0.13522246479988098
160;0.9506322145462036;0.13325637578964233;0.0020899498;0.9529775977134705;0.13541029393672943
161;0.950523853302002;0.1337151676416397;0.002040201;0.9524468183517456;0.13548484444618225
162;0.9508883953094482;0.13363957405090332;0.0019904522;0.953095555305481;0.1339031606912613
163;0.950603723526001;0.13340045511722565;0.0019407035;0.9528889656066895;0.1356726586818695
164;0.9507914185523987;0.13328485190868378;0.0018909548;0.9530072212219238;0.13493648171424866
165;0.9507689476013184;0.13333196938037872;0.001841206;0.9539801478385925;0.13242647051811218
166;0.9509480595588684;0.13309136033058167;0.0017914573;0.953242838382721;0.13339856266975403
167;0.9507169723510742;0.13313345611095428;0.0017417085;0.9530366659164429;0.13368268311023712
168;0.9508202075958252;0.13315673172473907;0.0016919598;0.9531839489936829;0.13360732793807983
169;0.9504762291908264;0.13320176303386688;0.0016422111;0.9533902406692505;0.13343346118927002
170;0.9509822130203247;0.133157879114151;0.0015924623;0.9540094137191772;0.13241612911224365
171;0.9504124522209167;0.1330360770225525;0.0015427136;0.9532135128974915;0.1334408074617386
172;0.9509249925613403;0.13289833068847656;0.0014929648;0.9533903002738953;0.13346700370311737
173;0.950814962387085;0.13279463350772858;0.0014432161;0.9537737369537354;0.13255247473716736
174;0.9508712887763977;0.13303717970848083;0.0013934673;0.9535082578659058;0.13344460725784302
175;0.9508802890777588;0.13243229687213898;0.0013437186;0.9538914561271667;0.1337307244539261
176;0.9507943987846375;0.1329527199268341;0.0012939698;0.9533020853996277;0.132898211479187
177;0.950954258441925;0.13291789591312408;0.0012442211;0.9535967707633972;0.1332303136587143
178;0.9508631825447083;0.1326380968093872;0.0011944723;0.9539504051208496;0.13390079140663147
179;0.9509515762329102;0.13272126019001007;0.0011447236;0.9538620710372925;0.1326323002576828
180;0.9508146643638611;0.13275264203548431;0.0010949749;0.9540095925331116;0.13189013302326202
181;0.951039731502533;0.132621631026268;0.0010452261;0.9538618922233582;0.13171255588531494
182;0.9510790705680847;0.1326598972082138;0.0009954774;0.953773558139801;0.13350407779216766
183;0.9510279297828674;0.13229577243328094;0.0009457286;0.9531252980232239;0.13237470388412476
184;0.9508630633354187;0.13244305551052094;0.0008959799;0.9533019065856934;0.1326371431350708
185;0.9507778286933899;0.1325995773077011;0.0008462312;0.9541568160057068;0.13211524486541748
186;0.9509881138801575;0.13251323997974396;0.00079648243;0.9533313512802124;0.13263383507728577
187;0.9509316682815552;0.13260048627853394;0.0007467337;0.9533904194831848;0.13292960822582245
188;0.9510080218315125;0.1326848417520523;0.00069698493;0.9536261558532715;0.1333932727575302
189;0.9508886337280273;0.1320808082818985;0.0006472362;0.9542454481124878;0.13199250400066376
190;0.9512815475463867;0.13157810270786285;0.00059748744;0.9538030028343201;0.13235166668891907
191;0.9511273503303528;0.13201139867305756;0.0005477387;0.9533020853996277;0.1321059763431549
192;0.9511536359786987;0.1319863349199295;0.00049798994;0.9535672664642334;0.13200125098228455
193;0.9511419534683228;0.1321791112422943;0.00044824122;0.9537442922592163;0.1327311247587204
194;0.9513240456581116;0.13154791295528412;0.00039849247;0.9534491896629333;0.13311266899108887
195;0.9510220289230347;0.13155792653560638;0.00034874372;0.9541863203048706;0.13214541971683502
196;0.9510821104049683;0.13194389641284943;0.00029899497;0.9537442326545715;0.13245800137519836
197;0.9512583017349243;0.13154900074005127;0.00024924622;0.9536557197570801;0.1326790302991867
198;0.9511939287185669;0.13147184252738953;0.00019949749;0.9537442326545715;0.132587730884552
199;0.9511645436286926;0.1318286955356598;0.00014974874;0.9543042182922363;0.13145707547664642
