epoch;binary_accuracy;loss;lr;val_binary_accuracy;val_loss
0;0.9427769184112549;0.1652769148349762;0.01;0.9285081624984741;0.202266663312912
1;0.9509086608886719;0.13494282960891724;0.01;0.9399470090866089;0.16320671141147614
2;0.9532836675643921;0.12853769958019257;0.009950251;0.935642659664154;0.22106197476387024
3;0.9542831182479858;0.12580493092536926;0.009900503;0.932458758354187;0.29589951038360596
4;0.9544057250022888;0.12392382323741913;0.0098507535;0.9530954360961914;0.1381314992904663
5;0.9556189179420471;0.12143736332654953;0.009801005;0.9496461153030396;0.14464405179023743
6;0.9556135535240173;0.12013903260231018;0.009751257;0.9487617611885071;0.1399407982826233
7;0.9560550451278687;0.11931955814361572;0.009701507;0.9484668970108032;0.16470806300640106
8;0.9565932750701904;0.11819712072610855;0.009651759;0.9529479146003723;0.13029587268829346
9;0.956268310546875;0.11787717044353485;0.00960201;0.944693386554718;0.16723760962486267
10;0.9565982818603516;0.11690885573625565;0.009552261;0.9555425643920898;0.13152776658535004
11;0.9571110010147095;0.1159585490822792;0.009502512;0.9444282650947571;0.16866858303546906
12;0.9566952586174011;0.11582150310277939;0.009452764;0.9306602478027344;0.1823752224445343
13;0.9572084546089172;0.11448513716459274;0.0094030155;0.9583135843276978;0.11739849299192429
14;0.9571773409843445;0.1143692284822464;0.009353266;0.9489681124687195;0.16177690029144287
15;0.9574074745178223;0.11368812620639801;0.009303518;0.9573997855186462;0.12055393308401108
16;0.9577865600585938;0.11294146627187729;0.009253769;0.9586380124092102;0.11895604431629181
17;0.9575182795524597;0.1131574809551239;0.00920402;0.9470222592353821;0.15696576237678528
18;0.9579694271087646;0.11234410852193832;0.009154271;0.9584906101226807;0.11444529891014099
19;0.9581197500228882;0.11185663193464279;0.009104523;0.946845531463623;0.1629265546798706
20;0.9581111669540405;0.11184100061655045;0.0090547735;0.9375295042991638;0.1981598287820816
21;0.9584190249443054;0.11099644750356674;0.009005025;0.9559256434440613;0.12189766764640808
22;0.958392858505249;0.11118080466985703;0.008955277;0.9570754170417786;0.11963073164224625
23;0.9586464762687683;0.11066356301307678;0.008905527;0.9542452096939087;0.12875960767269135
24;0.9581851363182068;0.11053521931171417;0.008855779;0.9427477121353149;0.17320969700813293
25;0.9585442543029785;0.11008155345916748;0.00880603;0.9515623450279236;0.14061354100704193
26;0.95848149061203;0.11014258861541748;0.008756282;0.9494988322257996;0.15025803446769714
27;0.9588484168052673;0.1093692034482956;0.008706532;0.9538030624389648;0.13045449554920197
28;0.9585357904434204;0.1094195768237114;0.008656784;0.9393278360366821;0.17446935176849365
29;0.9585221409797668;0.10956666618585587;0.0086070355;0.9572818875312805;0.1210450679063797
30;0.9588143825531006;0.10893265902996063;0.008557286;0.9274469017982483;0.21198733150959015
31;0.9587550759315491;0.10889563709497452;0.008507538;0.9592572450637817;0.11203044652938843
32;0.9590368866920471;0.10860945284366608;0.008457789;0.955925464630127;0.12155094742774963
33;0.9590026140213013;0.10858236998319626;0.00840804;0.9576354026794434;0.1156785637140274
34;0.9591420292854309;0.10803405195474625;0.008358291;0.9574882984161377;0.12353013455867767
35;0.9593815207481384;0.10761547833681107;0.008308543;0.9572228193283081;0.11994894593954086
36;0.9589574337005615;0.1074833869934082;0.008258794;0.9571048617362976;0.12179487943649292
37;0.9594327211380005;0.10774365067481995;0.008209045;0.9545105695724487;0.12900936603546143
38;0.9589884877204895;0.10746576637029648;0.008159297;0.9467570185661316;0.1489127278327942
39;0.9591502547264099;0.10702106356620789;0.008109548;0.9568396806716919;0.12024079263210297
40;0.9593439102172852;0.10685569047927856;0.008059799;0.9590505957603455;0.11488620191812515
41;0.9595100283622742;0.10658444464206696;0.00801005;0.9576356410980225;0.12124886363744736
42;0.9593696594238281;0.10642984509468079;0.007960302;0.9533017873764038;0.13378570973873138
43;0.9591619372367859;0.10702502727508545;0.007910552;0.9575177431106567;0.11723946779966354
44;0.9596996903419495;0.10585767030715942;0.007860804;0.9592573046684265;0.11187166720628738
45;0.9596431851387024;0.10606290400028229;0.007811055;0.957812488079071;0.12004970759153366
46;0.9598342180252075;0.10604941099882126;0.0077613066;0.9602006077766418;0.11100839823484421
47;0.9595666527748108;0.10638751834630966;0.0077115577;0.9589031934738159;0.11274947971105576
48;0.9599311351776123;0.10581749677658081;0.007661809;0.9494988918304443;0.1462758332490921
49;0.9599940776824951;0.10581681877374649;0.0076120603;0.9530366063117981;0.1310824155807495
50;0.9598058462142944;0.10528712719678879;0.0075623114;0.956544816493988;0.11662320047616959
51;0.9596980214118958;0.10593093186616898;0.007512563;0.957134485244751;0.11323053389787674
52;0.9598174095153809;0.10490801930427551;0.007462814;0.9571345448493958;0.12114302068948746
53;0.9599252343177795;0.105367012321949;0.0074130655;0.9575177431106567;0.11690457910299301
54;0.9598311185836792;0.10517903417348862;0.0073633166;0.9567216038703918;0.12044740468263626
55;0.960053026676178;0.10480862855911255;0.0073135677;0.9559845924377441;0.12040825933218002
56;0.9599795341491699;0.1050226166844368;0.007263819;0.9535375833511353;0.12902122735977173
57;0.9598600268363953;0.1050654873251915;0.0072140703;0.9553655385971069;0.1194896250963211
58;0.9598800539970398;0.10474765300750732;0.007164322;0.9507369995117188;0.1375584453344345
59;0.9598347544670105;0.10467495769262314;0.007114573;0.9512970447540283;0.1324114352464676
60;0.9598913192749023;0.1043306291103363;0.007064824;0.9559552073478699;0.12256515026092529
61;0.9599796533584595;0.1046079471707344;0.0070150755;0.9582548141479492;0.11617791652679443
62;0.9600991010665894;0.10413272678852081;0.0069653266;0.9580779075622559;0.11557409167289734
63;0.9600790739059448;0.10397326946258545;0.0069155777;0.9563973546028137;0.11687396466732025
64;0.9605031609535217;0.10377413779497147;0.006865829;0.9595814347267151;0.11086177825927734
65;0.960198700428009;0.10341907292604446;0.0068160803;0.9592865705490112;0.11189300566911697
66;0.9603871703147888;0.1035965085029602;0.006766332;0.9597876071929932;0.11368955671787262
67;0.9600737690925598;0.10361132770776749;0.006716583;0.9593455195426941;0.11200015991926193
68;0.9606199860572815;0.10329851508140564;0.006666834;0.9577240943908691;0.1173161119222641
69;0.9606745839118958;0.10339527577161789;0.0066170855;0.9433078169822693;0.15557372570037842
70;0.960059404373169;0.103192538022995;0.0065673366;0.9545989036560059;0.12347402423620224
71;0.9604777097702026;0.10303114354610443;0.006517588;0.958018958568573;0.11558665335178375
72;0.9603951573371887;0.10311002284288406;0.0064678392;0.9570164084434509;0.11724996566772461
73;0.9606630206108093;0.10255517810583115;0.0064180903;0.9547464847564697;0.12101045995950699
74;0.9605742692947388;0.10280679911375046;0.006368342;0.9554833173751831;0.12094894796609879
75;0.9604809284210205;0.10275697708129883;0.006318593;0.9545696377754211;0.12289653718471527
76;0.9606344699859619;0.10286439210176468;0.006268844;0.9536262154579163;0.12792055308818817
77;0.9606488943099976;0.10237419605255127;0.0062190956;0.9530660510063171;0.130032479763031
78;0.9606176614761353;0.10254931449890137;0.0061693466;0.9566335082054138;0.11833256483078003
79;0.9606447815895081;0.10220218449831009;0.006119598;0.9564859867095947;0.12070555239915848
80;0.9606001973152161;0.1027330681681633;0.0060698492;0.9543927907943726;0.1263691633939743
81;0.9607968926429749;0.10245729982852936;0.0060201003;0.9538618922233582;0.12646201252937317
82;0.9607283473014832;0.10234393179416656;0.005970352;0.9549233913421631;0.1247105747461319
83;0.9605713486671448;0.10225531458854675;0.005920603;0.9560142159461975;0.12293226271867752
84;0.9609649777412415;0.10152328759431839;0.0058708545;0.9554538130760193;0.12456485629081726
85;0.9608855247497559;0.10145649313926697;0.0058211056;0.9570460915565491;0.1212497353553772
86;0.9609593152999878;0.1015266701579094;0.0057713566;0.950383186340332;0.14009113609790802
87;0.9611725807189941;0.10153431445360184;0.005721608;0.9581073522567749;0.11647015810012817
88;0.9610018134117126;0.10161039233207703;0.0056718593;0.9457842707633972;0.15913735330104828
89;0.9608626365661621;0.10178159922361374;0.0056221103;0.9569574594497681;0.120093435049057
90;0.9610787034034729;0.10142969340085983;0.005572362;0.9567804336547852;0.12028222531080246
91;0.9609709978103638;0.1013166606426239;0.005522613;0.9566038846969604;0.12109708040952682
92;0.9609359502792358;0.10165095329284668;0.0054728645;0.9574587941169739;0.11943716555833817
93;0.9611924886703491;0.10119442641735077;0.0054231156;0.950471818447113;0.13811129331588745
94;0.9609929919242859;0.10129453241825104;0.0053733666;0.957812488079071;0.11900901794433594
95;0.9606491327285767;0.10195647180080414;0.005323618;0.9570754170417786;0.12040957808494568
96;0.9608228206634521;0.1012839823961258;0.0052738693;0.9588149189949036;0.11489700525999069
97;0.9608595967292786;0.10139459371566772;0.005224121;0.9584611058235168;0.11426318436861038
98;0.9611532092094421;0.10084503889083862;0.005174372;0.9555132389068604;0.1230928972363472
99;0.9610987901687622;0.10063721239566803;0.005124623;0.9582253098487854;0.11585221439599991
100;0.9609450697898865;0.10075479745864868;0.0050748745;0.957812488079071;0.11859095096588135
101;0.9610128998756409;0.10089580714702606;0.0050251256;0.9574293494224548;0.11682060360908508
102;0.9610873460769653;0.1009000614285469;0.004975377;0.9579893946647644;0.1171409860253334
103;0.9612500071525574;0.10089907795190811;0.004925628;0.9601708650588989;0.11101239919662476
104;0.9613094329833984;0.10060341656208038;0.0048758793;0.9535967111587524;0.12790502607822418
105;0.961084246635437;0.10089485347270966;0.004826131;0.9517687559127808;0.13357043266296387
106;0.9613751769065857;0.10048308223485947;0.004776382;0.9597287178039551;0.11336954683065414
107;0.9613407850265503;0.10032187402248383;0.004726633;0.958048403263092;0.11440014094114304
108;0.9612637162208557;0.10022955387830734;0.0046768845;0.959935188293457;0.11224249005317688
109;0.9615458250045776;0.10035137087106705;0.0046271356;0.9593454599380493;0.11142202466726303
110;0.9613834023475647;0.1001453846693039;0.004577387;0.9596109390258789;0.11236654967069626
111;0.9614682793617249;0.09971287846565247;0.004527638;0.9549528956413269;0.12433137744665146
112;0.9612987041473389;0.10054678469896317;0.0044778893;0.9590802192687988;0.112190380692482
113;0.9614318013191223;0.10074689239263535;0.004428141;0.9566037058830261;0.11724095791578293
114;0.9615632891654968;0.1004207506775856;0.004378392;0.9593750834465027;0.11069700121879578
115;0.9614574909210205;0.09963858872652054;0.0043286434;0.9595812559127808;0.11014088988304138
116;0.9615286588668823;0.10015330463647842;0.0042788945;0.9592572450637817;0.11113638430833817
117;0.9616284966468811;0.09981649369001389;0.0042291456;0.9577831029891968;0.11570524424314499
118;0.9615117907524109;0.09948679059743881;0.004179397;0.9496461153030396;0.13801854848861694
119;0.961548924446106;0.09940049797296524;0.004129648;0.9594338536262512;0.11115049570798874
120;0.9614776372909546;0.0997447744011879;0.0040798993;0.9566627144813538;0.11845103651285172
121;0.9613062739372253;0.09958574175834656;0.004030151;0.9603184461593628;0.1099536195397377
122;0.9616798758506775;0.0996370017528534;0.003980402;0.9595814347267151;0.1112513542175293
123;0.9615197777748108;0.09928035736083984;0.0039306534;0.9596402645111084;0.11296592652797699
124;0.9615491628646851;0.09958730638027191;0.0038809045;0.9593456387519836;0.11336836963891983
125;0.9617361426353455;0.09892240911722183;0.0038311558;0.9608195424079895;0.10897570848464966
126;0.9618872404098511;0.09914559870958328;0.0037814071;0.9601415991783142;0.11140123754739761
127;0.9615662693977356;0.09939473122358322;0.0037316582;0.9601709842681885;0.11083166301250458
128;0.9611245393753052;0.09964452683925629;0.0036819095;0.9596990942955017;0.11147038638591766
129;0.9616461992263794;0.09884292632341385;0.0036321608;0.9609965085983276;0.10851006954908371
130;0.9614377021789551;0.09919313341379166;0.0035824121;0.9614386558532715;0.10967236012220383
131;0.9619645476341248;0.09868963807821274;0.0035326632;0.962323009967804;0.10937484353780746
132;0.9620187282562256;0.0984315350651741;0.0034829145;0.9595518112182617;0.11263521760702133
133;0.961631178855896;0.09931078553199768;0.0034331658;0.9605542421340942;0.110478475689888
134;0.9618194103240967;0.09862053394317627;0.0033834171;0.9608195424079895;0.11016660183668137
135;0.961440920829773;0.09921835362911224;0.0033336685;0.9608195424079895;0.10919602960348129
136;0.961833655834198;0.0986008271574974;0.0032839195;0.9602888822555542;0.11008843034505844
137;0.9619507789611816;0.09869714081287384;0.0032341708;0.9606426954269409;0.11254573613405228
138;0.9618503451347351;0.09824966639280319;0.0031844222;0.9588443040847778;0.11428102105855942
139;0.9618732333183289;0.09864159673452377;0.0031346735;0.9611735343933105;0.10818825662136078
140;0.9619564414024353;0.09833656251430511;0.0030849245;0.9617627859115601;0.108038030564785
141;0.9619678258895874;0.09810430556535721;0.0030351758;0.9612322449684143;0.1079702377319336
142;0.9616197943687439;0.09866209328174591;0.0029854272;0.9608489871025085;0.10995880514383316
143;0.9617568850517273;0.09802625328302383;0.0029356785;0.960701584815979;0.10948237031698227
144;0.9622124433517456;0.09806696325540543;0.0028859295;0.9598760604858398;0.11162082850933075
145;0.9622061848640442;0.09809380769729614;0.0028361809;0.9601415395736694;0.11035633087158203
146;0.961628794670105;0.09885011613368988;0.0027864322;0.9608786702156067;0.11027219146490097
147;0.9619591236114502;0.09822635352611542;0.0027366835;0.9604952335357666;0.10903780162334442
148;0.9616025686264038;0.09861233830451965;0.0026869348;0.9597876667976379;0.11195041239261627
149;0.9620842933654785;0.09790866076946259;0.0026371859;0.9607606530189514;0.10701435059309006
150;0.9621888399124146;0.09789957106113434;0.0025874372;0.9603773951530457;0.11028400808572769
151;0.9623177647590637;0.09751082956790924;0.0025376885;0.9585790634155273;0.11351883411407471
152;0.9623461365699768;0.09727950394153595;0.0024879398;0.960495114326477;0.11256182938814163
153;0.9622412323951721;0.09764020144939423;0.0024381909;0.9593455195426941;0.11318191140890121
154;0.9623521566390991;0.09726809710264206;0.0023884422;0.9594632983207703;0.11458756774663925
155;0.962357759475708;0.09715937823057175;0.0023386935;0.9599349498748779;0.11136750131845474
156;0.9620619416236877;0.09754794836044312;0.0022889448;0.9603478908538818;0.1102835088968277
157;0.9623402953147888;0.09691984206438065;0.002239196;0.9592568874359131;0.11234942823648453
158;0.9620009660720825;0.09782609343528748;0.0021894472;0.9581073522567749;0.11602276563644409
159;0.962089478969574;0.0972723513841629;0.0021396985;0.9586083889007568;0.11249806731939316
160;0.9621694087982178;0.09798601269721985;0.0020899498;0.9595223665237427;0.11382777988910675
161;0.9623777866363525;0.09745076298713684;0.002040201;0.9581368565559387;0.11592825502157211
162;0.9624370336532593;0.09689480811357498;0.0019904522;0.9595519304275513;0.11375198513269424
163;0.9622978568077087;0.09712156653404236;0.0019407035;0.958166241645813;0.11489544808864594
164;0.9624056816101074;0.09707857668399811;0.0018909548;0.9597876071929932;0.11127910017967224
165;0.9624516367912292;0.09718284010887146;0.001841206;0.9602005481719971;0.11118857562541962
166;0.9625258445739746;0.09684576094150543;0.0017914573;0.9600530862808228;0.11146553605794907
167;0.9625085592269897;0.09658625721931458;0.0017417085;0.9598172903060913;0.1117117628455162
168;0.9623377919197083;0.09652730077505112;0.0016919598;0.9600825905799866;0.11017613857984543
169;0.9625144004821777;0.09603515267372131;0.0016422111;0.9584905505180359;0.11392058432102203
170;0.9627510905265808;0.09640539437532425;0.0015924623;0.9591684937477112;0.11260960251092911
171;0.9625199437141418;0.09610715508460999;0.0015427136;0.9598172307014465;0.11137137562036514
172;0.9625964760780334;0.09612579643726349;0.0014929648;0.9597582817077637;0.11072981357574463
173;0.9629384875297546;0.09591134637594223;0.0014432161;0.9603478908538818;0.1098971739411354
174;0.9627877473831177;0.09579027444124222;0.0013934673;0.9601120352745056;0.11181588470935822
175;0.9625311493873596;0.09601739794015884;0.0013437186;0.9603184461593628;0.11019879579544067
176;0.9624602198600769;0.09605585038661957;0.0012939698;0.9603184461593628;0.1097598522901535
177;0.9627273082733154;0.09539633244276047;0.0012442211;0.9606427550315857;0.10916470736265182
178;0.9627310037612915;0.09544575959444046;0.0011944723;0.9604068398475647;0.10900537669658661
179;0.9629129767417908;0.09546089172363281;0.0011447236;0.9610849618911743;0.11027941852807999
180;0.9626820087432861;0.09554581344127655;0.0010949749;0.9601708054542542;0.11045578867197037
181;0.9629671573638916;0.09535989165306091;0.0010452261;0.9604363441467285;0.11059155315160751
182;0.9629727005958557;0.09477531909942627;0.0009954774;0.9605837464332581;0.11140661686658859
183;0.962576687335968;0.09554331749677658;0.0009457286;0.9608786106109619;0.11009258031845093
184;0.9630381464958191;0.09520499408245087;0.0008959799;0.9600237011909485;0.11061444133520126
185;0.9629669189453125;0.09487004578113556;0.0008462312;0.9604953527450562;0.11074941605329514
186;0.9628763794898987;0.09503091126680374;0.00079648243;0.959846556186676;0.10986706614494324
187;0.9627504348754883;0.09534510225057602;0.0007467337;0.9611144065856934;0.10775505751371384
188;0.9631091356277466;0.09486374258995056;0.00069698493;0.9603773355484009;0.11062680184841156
189;0.9630977511405945;0.09495224803686142;0.0006472362;0.9599939584732056;0.11119550466537476
190;0.9632319211959839;0.0946207121014595;0.00059748744;0.9607900381088257;0.10964562743902206
191;0.9631776809692383;0.09420490264892578;0.0005477387;0.9600529670715332;0.11183598637580872
192;0.96287602186203;0.09481614083051682;0.00049798994;0.96079021692276;0.10964977741241455
193;0.9628790616989136;0.09453100711107254;0.00044824122;0.9605542421340942;0.10940394550561905
194;0.9633326530456543;0.09447255730628967;0.00039849247;0.9612026810646057;0.10965193808078766
195;0.9630612730979919;0.0945655107498169;0.00034874372;0.9597582817077637;0.10977137088775635
196;0.9631342887878418;0.09466946870088577;0.00029899497;0.960908055305481;0.10895334184169769
197;0.9632779955863953;0.09440059214830399;0.00024924622;0.96067214012146;0.10966342687606812
198;0.9633998274803162;0.0940050333738327;0.00019949749;0.9602594971656799;0.10914044827222824
199;0.9630838632583618;0.09386875480413437;0.00014974874;0.9606428146362305;0.10907498747110367
