epoch;binary_accuracy;loss;lr;val_binary_accuracy;val_loss
0;0.9390939474105835;0.17815998196601868;0.01;0.925825297832489;0.20652294158935547
1;0.9443012475967407;0.1604321151971817;0.01;0.9400944113731384;0.18677598237991333
2;0.9446366429328918;0.15768812596797943;0.009950251;0.9333726167678833;0.21765129268169403
3;0.945289671421051;0.15613380074501038;0.009900503;0.9469043612480164;0.16369283199310303
4;0.9456366896629333;0.1549682468175888;0.0098507535;0.9482605457305908;0.1664600521326065
5;0.9460017085075378;0.15406650304794312;0.009801005;0.9467569589614868;0.16270838677883148
6;0.9458956718444824;0.1533983200788498;0.009751257;0.949852705001831;0.15537290275096893
7;0.9461864829063416;0.15252244472503662;0.009701507;0.9487027525901794;0.15961170196533203
8;0.9461012482643127;0.15221799910068512;0.009651759;0.9441038966178894;0.17071101069450378
9;0.9464541673660278;0.15124230086803436;0.00960201;0.9452536702156067;0.16967852413654327
10;0.9465227723121643;0.15082429349422455;0.009552261;0.9391213655471802;0.1923711895942688
11;0.9464914202690125;0.15067194402217865;0.009502512;0.9476122856140137;0.15576060116291046
12;0.9467931389808655;0.15015564858913422;0.009452764;0.9496756792068481;0.15270498394966125
13;0.9468472003936768;0.14907193183898926;0.0094030155;0.9332253932952881;0.23443378508090973
14;0.9470237493515015;0.14876975119113922;0.009353266;0.9457252621650696;0.16606515645980835
15;0.9466619491577148;0.1492883414030075;0.009303518;0.9436615109443665;0.1641540676355362
16;0.9470409154891968;0.1485874056816101;0.009253769;0.9480542540550232;0.1540885716676712
17;0.9472431540489197;0.1477738618850708;0.00920402;0.9487617611885071;0.15301954746246338
18;0.9471807479858398;0.147853821516037;0.009154271;0.9438090324401855;0.18545565009117126
19;0.9470235705375671;0.1474681794643402;0.009104523;0.9408017992973328;0.1727340668439865
20;0.9472202062606812;0.14745429158210754;0.0090547735;0.9502947926521301;0.14877831935882568
21;0.9473796486854553;0.1470881700515747;0.009005025;0.9453713893890381;0.1767820566892624
22;0.9475334286689758;0.1463390737771988;0.008955277;0.9385907053947449;0.174774169921875
23;0.9473937749862671;0.14625270664691925;0.008905527;0.9500589966773987;0.1473439633846283
24;0.9475792646408081;0.14599157869815826;0.008855779;0.9422169923782349;0.16401326656341553
25;0.9477500319480896;0.14602181315422058;0.00880603;0.9509729146957397;0.14487294852733612
26;0.9478638172149658;0.14544184505939484;0.008756282;0.9441038370132446;0.16377831995487213
27;0.9475196003913879;0.14538542926311493;0.008706532;0.9446344375610352;0.15907904505729675
28;0.9477216601371765;0.14554865658283234;0.008656784;0.9521814584732056;0.14092613756656647
29;0.9480290412902832;0.1450740247964859;0.0086070355;0.9501472115516663;0.14551259577274323
30;0.9479660391807556;0.14470328390598297;0.008557286;0.9525944590568542;0.1417701542377472
31;0.9478583931922913;0.14472812414169312;0.008507538;0.951827883720398;0.14101716876029968
32;0.947693407535553;0.14474987983703613;0.008457789;0.9505601525306702;0.14536266028881073
33;0.9481114745140076;0.14432629942893982;0.00840804;0.9508846998214722;0.14596912264823914
34;0.9481263756752014;0.14406844973564148;0.008358291;0.949852705001831;0.1503787338733673
35;0.9479843974113464;0.14419256150722504;0.008308543;0.9488208889961243;0.15549150109291077
36;0.9481882452964783;0.14339576661586761;0.008258794;0.9505600929260254;0.14526347815990448
37;0.948324978351593;0.1436072289943695;0.008209045;0.9500589966773987;0.14727064967155457
38;0.9480863213539124;0.14354242384433746;0.008159297;0.9501180648803711;0.1459493339061737
39;0.9482397437095642;0.1428385078907013;0.008109548;0.9492925405502319;0.1535349041223526
40;0.9481012225151062;0.14314134418964386;0.008059799;0.9522405862808228;0.14083632826805115
41;0.9481685161590576;0.143283411860466;0.00801005;0.9520930647850037;0.14202415943145752
42;0.9481377005577087;0.14343327283859253;0.007960302;0.9517392516136169;0.1387563943862915
43;0.9482024908065796;0.14262285828590393;0.007910552;0.9507959485054016;0.14958555996418
44;0.9482459425926208;0.14327304065227509;0.007860804;0.9480542540550232;0.15408089756965637
45;0.9481633305549622;0.14252343773841858;0.007811055;0.9498526453971863;0.1491207778453827
46;0.9482201337814331;0.14219889044761658;0.0077613066;0.9517982602119446;0.14151597023010254
47;0.9485623836517334;0.14241835474967957;0.0077115577;0.9504421949386597;0.14225097000598907
48;0.9483599066734314;0.1421460658311844;0.007661809;0.9531543850898743;0.13854406774044037
49;0.9487239122390747;0.14160190522670746;0.0076120603;0.9520049691200256;0.14126476645469666
50;0.948555588722229;0.14147935807704926;0.0075623114;0.9522112011909485;0.141060471534729
51;0.948396623134613;0.14193063974380493;0.007512563;0.9522110819816589;0.14029443264007568
52;0.9484620094299316;0.1414838582277298;0.007462814;0.9519456624984741;0.14174148440361023
53;0.9483197331428528;0.14187246561050415;0.0074130655;0.9512971639633179;0.14161132276058197
54;0.9486331343650818;0.14132176339626312;0.0073633166;0.947847843170166;0.15226022899150848
55;0.9487096667289734;0.141365185379982;0.0073135677;0.9511792659759521;0.145440936088562
56;0.9486098885536194;0.14137327671051025;0.007263819;0.9501178860664368;0.14903219044208527
57;0.9482086896896362;0.14151999354362488;0.0072140703;0.9527122378349304;0.13915467262268066
58;0.9485076069831848;0.1409348100423813;0.007164322;0.952093243598938;0.1411905139684677
59;0.9487069845199585;0.1412077397108078;0.007114573;0.9507076144218445;0.1418122798204422
60;0.9484763741493225;0.141377255320549;0.007064824;0.9500296711921692;0.15084770321846008
61;0.9485987424850464;0.14060360193252563;0.0070150755;0.951591968536377;0.14079150557518005
62;0.9484934210777283;0.14122703671455383;0.0069653266;0.9512971639633179;0.14049389958381653
63;0.9487950205802917;0.14057886600494385;0.0069155777;0.9525057673454285;0.1399332731962204
64;0.9486533999443054;0.1406918615102768;0.006865829;0.9501473307609558;0.1451529860496521
65;0.9489608407020569;0.14042162895202637;0.0068160803;0.9505602121353149;0.14251749217510223
66;0.9489664435386658;0.14025035500526428;0.006766332;0.9515625834465027;0.1403341293334961
67;0.9488323926925659;0.14051322638988495;0.006716583;0.9522995352745056;0.14271847903728485
68;0.9488437175750732;0.1402074545621872;0.006666834;0.9521817564964294;0.13901452720165253
69;0.9489971399307251;0.13975144922733307;0.0066170855;0.9511203169822693;0.14160366356372833
70;0.9487980008125305;0.1401672065258026;0.0065673366;0.9443395137786865;0.17368686199188232
71;0.948860764503479;0.14046797156333923;0.006517588;0.9514445662498474;0.14136120676994324
72;0.9487583637237549;0.1400884985923767;0.0064678392;0.9522405862808228;0.13808958232402802
73;0.9490033388137817;0.13980285823345184;0.0064180903;0.9489976167678833;0.1480618119239807
74;0.9492027163505554;0.13951954245567322;0.006368342;0.9484372138977051;0.1492685079574585
75;0.9489067196846008;0.1398005485534668;0.006318593;0.9461674094200134;0.15103593468666077
76;0.949163019657135;0.1391349583864212;0.006268844;0.9494399428367615;0.14399181306362152
77;0.9485901594161987;0.14005765318870544;0.0062190956;0.9517099857330322;0.13880953192710876
78;0.9493733644485474;0.13876360654830933;0.0061693466;0.9503536820411682;0.1450069695711136
79;0.9489461779594421;0.13942109048366547;0.006119598;0.9492925405502319;0.14464588463306427
80;0.9489433765411377;0.13899770379066467;0.0060698492;0.9519752860069275;0.13877682387828827
81;0.9490290880203247;0.13916818797588348;0.0060201003;0.9521521925926208;0.1384236365556717
82;0.9491310715675354;0.13880743086338043;0.005970352;0.9521523118019104;0.13779889047145844
83;0.9490343928337097;0.13929997384548187;0.005920603;0.9511792659759521;0.13981039822101593
84;0.9493760466575623;0.138846755027771;0.0058708545;0.9511792063713074;0.1400228589773178
85;0.9494383335113525;0.1384108066558838;0.0058211056;0.9517101645469666;0.13902969658374786
86;0.949410080909729;0.1389753222465515;0.0057713566;0.951621413230896;0.13794121146202087
87;0.9492335319519043;0.13875578343868256;0.005721608;0.9519457817077637;0.13720375299453735
88;0.9489943385124207;0.13919441401958466;0.0056718593;0.9517395496368408;0.13702726364135742
89;0.9493911862373352;0.13864000141620636;0.0056221103;0.9527416825294495;0.13708031177520752
90;0.9491680264472961;0.1386459916830063;0.005572362;0.9514740705490112;0.13698720932006836
91;0.9493010640144348;0.13851505517959595;0.005522613;0.9505600929260254;0.14200198650360107
92;0.9491684436798096;0.13838329911231995;0.0054728645;0.9489974975585938;0.14872369170188904
93;0.9494022130966187;0.13862667977809906;0.0054231156;0.9515330195426941;0.13842836022377014
94;0.9492250084877014;0.1381112039089203;0.0053733666;0.9508548974990845;0.14040662348270416
95;0.9492021799087524;0.1384401172399521;0.005323618;0.9524176120758057;0.1387910395860672
96;0.9494845271110535;0.13784241676330566;0.0052738693;0.9522701501846313;0.13671085238456726
97;0.949364960193634;0.13801512122154236;0.005224121;0.9516804814338684;0.13736703991889954
98;0.9495015740394592;0.13815462589263916;0.005174372;0.952387809753418;0.13805140554904938
99;0.9495753049850464;0.13807818293571472;0.005124623;0.9510908126831055;0.1409211903810501
100;0.9497180581092834;0.13769052922725677;0.0050748745;0.9525648355484009;0.1378142088651657
101;0.9495551586151123;0.13808022439479828;0.0050251256;0.9518866539001465;0.13768082857131958
102;0.9493532776832581;0.1378803849220276;0.004975377;0.9521521329879761;0.13821035623550415
103;0.9494591355323792;0.13791243731975555;0.004925628;0.9463444352149963;0.15878307819366455
104;0.9496780037879944;0.13748697936534882;0.0048758793;0.9528006315231323;0.13839462399482727
105;0.9494274854660034;0.13808119297027588;0.004826131;0.9524174332618713;0.13803927600383759
106;0.9494248032569885;0.13776564598083496;0.004776382;0.952093243598938;0.1393601894378662
107;0.9493253231048584;0.13804447650909424;0.004726633;0.9532429575920105;0.1374378353357315
108;0.9494481682777405;0.13752861320972443;0.0046768845;0.9488796591758728;0.14648330211639404
109;0.9498199224472046;0.13713400065898895;0.0046271356;0.9525060653686523;0.13800011575222015
110;0.9494190216064453;0.1374160200357437;0.004577387;0.9529481530189514;0.1383640021085739
111;0.9497350454330444;0.1368609070777893;0.004527638;0.952476441860199;0.13781335949897766
112;0.9495497345924377;0.13745497167110443;0.0044778893;0.9525059461593628;0.13845276832580566
113;0.9496583938598633;0.13746076822280884;0.004428141;0.9516215324401855;0.14149680733680725
114;0.9495014548301697;0.13746273517608643;0.004378392;0.9523880481719971;0.13802756369113922
115;0.9495871067047119;0.13692843914031982;0.0043286434;0.9510907530784607;0.142060324549675
116;0.9497554302215576;0.13717380166053772;0.0042788945;0.950736939907074;0.14051572978496552
117;0.9498403072357178;0.1369786262512207;0.0042291456;0.9505011439323425;0.1435730904340744
118;0.9496302604675293;0.1368464231491089;0.004179397;0.9508253335952759;0.14396488666534424
119;0.9498436450958252;0.13718673586845398;0.004129648;0.9516509175300598;0.13814330101013184
120;0.9497293829917908;0.13678550720214844;0.0040798993;0.951650857925415;0.13821087777614594
121;0.9497723579406738;0.13677352666854858;0.004030151;0.9521521329879761;0.13787874579429626
122;0.949885368347168;0.13659484684467316;0.003980402;0.950825572013855;0.13919228315353394
123;0.9497491121292114;0.13658814132213593;0.0039306534;0.9499408006668091;0.1455860435962677
124;0.9497610926628113;0.13643565773963928;0.0038809045;0.9519752860069275;0.1376393884420395
125;0.9500254392623901;0.13629865646362305;0.0038311558;0.9514445066452026;0.13811227679252625
126;0.9498808979988098;0.13620655238628387;0.0037814071;0.950206458568573;0.14162366092205048
127;0.9496811032295227;0.13638688623905182;0.0037316582;0.9526238441467285;0.13624736666679382
128;0.9497289657592773;0.1364268660545349;0.0036819095;0.950206458568573;0.14311973750591278
129;0.9500765800476074;0.13649240136146545;0.0036321608;0.9513855576515198;0.13872139155864716
130;0.9499624371528625;0.1361430287361145;0.0035824121;0.9500294923782349;0.1455618143081665
131;0.9501223564147949;0.13609285652637482;0.0035326632;0.9521225094795227;0.13703902065753937
132;0.9501426815986633;0.13572658598423004;0.0034829145;0.951975405216217;0.13824543356895447
133;0.9501620531082153;0.13588622212409973;0.0034331658;0.9522111415863037;0.13663344085216522
134;0.9500569105148315;0.13591143488883972;0.0033834171;0.9512676000595093;0.142957404255867
135;0.9502479434013367;0.13554738461971283;0.0033336685;0.9519458413124084;0.13958977162837982
136;0.9499797224998474;0.1358312964439392;0.0032839195;0.9497936964035034;0.14354149997234344
137;0.9500110745429993;0.1355784684419632;0.0032341708;0.9524763822555542;0.13599950075149536
138;0.950059711933136;0.13576841354370117;0.0031844222;0.9528891444206238;0.1356576681137085
139;0.9501596093177795;0.13593316078186035;0.0031346735;0.9533607363700867;0.13532781600952148
140;0.9503272771835327;0.13571202754974365;0.0030849245;0.9520048499107361;0.13569660484790802
141;0.9499603509902954;0.13568271696567535;0.0030351758;0.9533017873764038;0.13460274040699005
142;0.9498952627182007;0.13582339882850647;0.0029854272;0.9510906934738159;0.13845045864582062
143;0.9500855207443237;0.13535785675048828;0.0029356785;0.9507959485054016;0.1419055461883545
144;0.9502076506614685;0.13565826416015625;0.0028859295;0.9526534080505371;0.1352536380290985
145;0.9502589702606201;0.1348966807126999;0.0028361809;0.9521816968917847;0.13665610551834106
146;0.9502503871917725;0.1352757066488266;0.0027864322;0.9526827931404114;0.135898619890213
147;0.9500663876533508;0.13507485389709473;0.0027366835;0.9528008699417114;0.1352243721485138
148;0.9503785371780396;0.13532571494579315;0.0026869348;0.9523584842681885;0.13688719272613525
149;0.9503592848777771;0.13564808666706085;0.0026371859;0.9526238441467285;0.13698036968708038
150;0.9499996304512024;0.13565517961978912;0.0025874372;0.9519454836845398;0.13668301701545715
151;0.9501703977584839;0.1352432668209076;0.0025376885;0.9529186487197876;0.13643351197242737
152;0.9501140117645264;0.13512493669986725;0.0024879398;0.9522110819816589;0.13738887012004852
153;0.950347363948822;0.13517415523529053;0.0024381909;0.9519752860069275;0.1361839473247528
154;0.9502564072608948;0.13525739312171936;0.0023884422;0.9514150619506836;0.137632817029953
155;0.9506099224090576;0.13453325629234314;0.0023386935;0.9516507983207703;0.1373205929994583
156;0.9505034685134888;0.1346389353275299;0.0022889448;0.9526530504226685;0.13528753817081451
157;0.9502708315849304;0.134857639670372;0.002239196;0.9521522521972656;0.1382707804441452
158;0.950364887714386;0.13465818762779236;0.0021894472;0.9522700905799866;0.1365761160850525
159;0.9506005048751831;0.13460299372673035;0.0021396985;0.9520343542098999;0.1374041736125946
160;0.9503250122070312;0.1352120041847229;0.0020899498;0.9513266682624817;0.13870461285114288
161;0.9505782127380371;0.1343090534210205;0.002040201;0.9525943398475647;0.13681112229824066
162;0.9499119520187378;0.13453401625156403;0.0019904522;0.9525648951530457;0.1357324868440628
163;0.9504386186599731;0.13411472737789154;0.0019407035;0.9525648951530457;0.13625068962574005
164;0.9502444863319397;0.13463616371154785;0.0018909548;0.9527712464332581;0.1361473947763443
165;0.9505100250244141;0.13427969813346863;0.001841206;0.9533902406692505;0.13509319722652435
166;0.9507036209106445;0.1343744993209839;0.0017914573;0.9522406458854675;0.13644805550575256
167;0.9504040479660034;0.13429690897464752;0.0017417085;0.9528594613075256;0.13533847033977509
168;0.950703501701355;0.13418518006801605;0.0016919598;0.9535967707633972;0.13537396490573883
169;0.9507061839103699;0.13424180448055267;0.0016422111;0.9534494876861572;0.13520613312721252
170;0.9505553245544434;0.13393311202526093;0.0015924623;0.9529776573181152;0.13539646565914154
171;0.9503675103187561;0.13427133858203888;0.0015427136;0.9532132148742676;0.13432727754116058
172;0.9505069255828857;0.1339823603630066;0.0014929648;0.9528892636299133;0.13422417640686035
173;0.9503245949745178;0.13427120447158813;0.0014432161;0.9532135128974915;0.1352279931306839
174;0.9506776928901672;0.13375937938690186;0.0013934673;0.9525944590568542;0.134323850274086
175;0.9504072666168213;0.13434098660945892;0.0013437186;0.9531545042991638;0.13443592190742493
176;0.9505869150161743;0.13396699726581573;0.0012939698;0.9529479146003723;0.1337067186832428
177;0.9505612254142761;0.1336473971605301;0.0012442211;0.9529480338096619;0.1348395049571991
178;0.9508064985275269;0.13368143141269684;0.0011944723;0.9535672664642334;0.13396979868412018
179;0.9506691098213196;0.1334134042263031;0.0011447236;0.9535082578659058;0.1335126757621765
180;0.9506635665893555;0.13353925943374634;0.0010949749;0.9529775381088257;0.13419030606746674
181;0.9504643082618713;0.13374784588813782;0.0010452261;0.953007161617279;0.1344425082206726
182;0.9505979418754578;0.13384811580181122;0.0009954774;0.9526238441467285;0.1338489055633545
183;0.9505951404571533;0.13385216891765594;0.0009457286;0.9521521925926208;0.13392134010791779
184;0.9507569074630737;0.13374063372612;0.0008959799;0.9528595805168152;0.1342531144618988
185;0.9505786895751953;0.13356778025627136;0.0008462312;0.953065812587738;0.13382461667060852
186;0.9508827328681946;0.13315296173095703;0.00079648243;0.9538325071334839;0.13353925943374634
187;0.9510363936424255;0.13315436244010925;0.0007467337;0.9530662894248962;0.13369432091712952
188;0.9507090449333191;0.1329060196876526;0.00069698493;0.9535084366798401;0.13416841626167297
189;0.9508828520774841;0.13317354023456573;0.0006472362;0.9522112011909485;0.13433125615119934
190;0.950811505317688;0.13310836255550385;0.00059748744;0.9530366063117981;0.13459736108779907
191;0.9509229063987732;0.13256268203258514;0.0005477387;0.9531839489936829;0.1342916488647461
192;0.9509936571121216;0.1330946534872055;0.00049798994;0.9531249403953552;0.1342073678970337
193;0.9510282278060913;0.13337792456150055;0.00044824122;0.9536260962486267;0.13483452796936035
194;0.9508914351463318;0.13297715783119202;0.00039849247;0.953331470489502;0.13384561240673065
195;0.9509453773498535;0.13258206844329834;0.00034874372;0.9532428979873657;0.1341138780117035
196;0.9507318735122681;0.13292573392391205;0.00029899497;0.9526828527450562;0.13446353375911713
197;0.95090252161026;0.1328267753124237;0.00024924622;0.953125;0.1338147073984146
198;0.9509740471839905;0.13260239362716675;0.00019949749;0.9529480934143066;0.1343337893486023
199;0.950965166091919;0.1326211392879486;0.00014974874;0.9533608555793762;0.1336609572172165
