epoch;binary_accuracy;loss;lr;val_binary_accuracy;val_loss
0;0.9446380138397217;0.1634701043367386;0.01;0.9075177311897278;0.33325403928756714
1;0.9535056948661804;0.12796802818775177;0.01;0.949852466583252;0.14438465237617493
2;0.9554680585861206;0.12236025929450989;0.009950251;0.9541271924972534;0.13485237956047058
3;0.9563994407653809;0.1192217543721199;0.009900503;0.9477300047874451;0.14593349397182465
4;0.9567468762397766;0.11768733710050583;0.0098507535;0.9352594614028931;0.21678587794303894
5;0.9568213224411011;0.11638350784778595;0.009801005;0.9534493088722229;0.13364695012569427
6;0.9575784802436829;0.11480598151683807;0.009751257;0.9550707936286926;0.12717720866203308
7;0.9577443599700928;0.11435239762067795;0.009701507;0.9429539442062378;0.18439927697181702
8;0.9579721093177795;0.11290698498487473;0.009651759;0.9355246424674988;0.1891385316848755
9;0.9580775499343872;0.1120639368891716;0.00960201;0.9413031339645386;0.1579188108444214
10;0.9582623839378357;0.11176000535488129;0.009552261;0.9543630480766296;0.12870489060878754
11;0.9586895704269409;0.1104450523853302;0.009502512;0.9560733437538147;0.12346432358026505
12;0.9586323499679565;0.1105077862739563;0.009452764;0.955660343170166;0.1270206719636917
13;0.9590652585029602;0.10941296815872192;0.0094030155;0.9517688155174255;0.1352206915616989
14;0.9589424133300781;0.108963742852211;0.009353266;0.9482901692390442;0.15808641910552979
15;0.9593273401260376;0.10864967107772827;0.009303518;0.9512381553649902;0.13243235647678375
16;0.959369957447052;0.10808613896369934;0.009253769;0.9550119042396545;0.1284228265285492
17;0.9598346948623657;0.1074964702129364;0.00920402;0.9435141682624817;0.16059869527816772
18;0.959714412689209;0.10697635263204575;0.009154271;0.9533018469810486;0.12873823940753937
19;0.9600226879119873;0.10662614554166794;0.009104523;0.94516521692276;0.15333817899227142
20;0.9598885178565979;0.10625773668289185;0.0090547735;0.9581365585327148;0.11391931027173996
21;0.9600962400436401;0.10568112879991531;0.009005025;0.9310435652732849;0.1873551905155182
22;0.9601442813873291;0.10498983412981033;0.008955277;0.9574292898178101;0.11689524352550507
23;0.9603181481361389;0.10504180938005447;0.008905527;0.9424822926521301;0.15738774836063385
24;0.9606510400772095;0.10447438061237335;0.008855779;0.942541241645813;0.160500168800354
25;0.9603803753852844;0.10469149053096771;0.00880603;0.951002299785614;0.13569016754627228
26;0.9605975151062012;0.10446646064519882;0.008756282;0.9450176954269409;0.14811748266220093
27;0.9605185389518738;0.10393345355987549;0.008706532;0.9566037058830261;0.11895864456892014
28;0.9607121348381042;0.10402068495750427;0.008656784;0.9554834961891174;0.12285562604665756
29;0.96028733253479;0.10364901274442673;0.0086070355;0.9384140372276306;0.1751062273979187
30;0.9610617756843567;0.10340447723865509;0.008557286;0.9550118446350098;0.12224005907773972
31;0.9607826471328735;0.10323584079742432;0.008507538;0.9439562559127808;0.1567470282316208
32;0.9608448147773743;0.1028825119137764;0.008457789;0.9573113918304443;0.12007271498441696
33;0.9610020518302917;0.10224752873182297;0.00840804;0.9582842588424683;0.11820073425769806
34;0.9611100554466248;0.10261182487010956;0.008358291;0.9387970566749573;0.1634155809879303
35;0.9608906507492065;0.10249023884534836;0.008308543;0.9514150619506836;0.13243164122104645
36;0.9615119099617004;0.10179675370454788;0.008258794;0.9581368565559387;0.12250684946775436
37;0.9614802002906799;0.10199154913425446;0.008209045;0.9292157888412476;0.204213947057724
38;0.9612210988998413;0.10159440338611603;0.008159297;0.9492335915565491;0.1405293047428131
39;0.9615370035171509;0.10113824903964996;0.008109548;0.9368512630462646;0.1657942533493042
40;0.9613528251647949;0.10121984034776688;0.008059799;0.9566331505775452;0.1223112940788269
41;0.9616400599479675;0.1013091579079628;0.00801005;0.9548349976539612;0.1303633600473404
42;0.9615201354026794;0.10072724521160126;0.007960302;0.9581368565559387;0.12436893582344055
43;0.9611582159996033;0.100875124335289;0.007910552;0.9571931958198547;0.12985780835151672
44;0.9613835215568542;0.10079653561115265;0.007860804;0.9434551000595093;0.1646563857793808
45;0.9614741802215576;0.10075752437114716;0.007811055;0.9530956149101257;0.13675086200237274
46;0.9616024494171143;0.10086683183908463;0.0077613066;0.9584610462188721;0.11702832579612732
47;0.9619388580322266;0.09964090585708618;0.0077115577;0.9545990824699402;0.12669026851654053
48;0.9621672630310059;0.10001823306083679;0.007661809;0.9587559103965759;0.11599773913621902
49;0.961257815361023;0.10069455206394196;0.0076120603;0.957340657711029;0.11997266113758087
50;0.9619077444076538;0.0997878760099411;0.0075623114;0.9452535510063171;0.15492860972881317
51;0.9614604711532593;0.10006020963191986;0.007512563;0.9570460319519043;0.1196763888001442
52;0.9617624282836914;0.09954681992530823;0.007462814;0.9543633460998535;0.12245676666498184
53;0.9617598652839661;0.09963683784008026;0.0074130655;0.9556605219841003;0.11953864991664886
54;0.9621843099594116;0.0992073342204094;0.0073633166;0.9556013941764832;0.12050168216228485
55;0.9618502259254456;0.09971264749765396;0.0073135677;0.9562796950340271;0.12076593935489655
56;0.9616343975067139;0.09911545366048813;0.007263819;0.9436910152435303;0.1477780044078827
57;0.9615433812141418;0.09952259063720703;0.0072140703;0.947169840335846;0.1451292783021927
58;0.9617969989776611;0.09913795441389084;0.007164322;0.9525943398475647;0.1278156191110611
59;0.9622184634208679;0.09889096021652222;0.007114573;0.9455776810646057;0.1423742175102234
60;0.9621352553367615;0.09858100116252899;0.007064824;0.9395342469215393;0.16949428617954254
61;0.9622727632522583;0.09829931706190109;0.0070150755;0.9529187679290771;0.1249459758400917
62;0.9622694849967957;0.0983629822731018;0.0069653266;0.9467864632606506;0.13767684996128082
63;0.9623834490776062;0.09791895002126694;0.0069155777;0.9554245471954346;0.12567634880542755
64;0.9621807336807251;0.09848110377788544;0.006865829;0.9575473666191101;0.11512768268585205
65;0.9623405933380127;0.09775298833847046;0.0068160803;0.9597287178039551;0.11357985436916351
66;0.9627223014831543;0.09800335019826889;0.006766332;0.9521225094795227;0.1322481632232666
67;0.9625741243362427;0.09768801927566528;0.006716583;0.9477595090866089;0.14447562396526337
68;0.9626055955886841;0.09734760224819183;0.006666834;0.9568100571632385;0.11561254411935806
69;0.9626448750495911;0.09792989492416382;0.0066170855;0.9562498331069946;0.11982140690088272
70;0.962215006351471;0.09757811576128006;0.0065673366;0.9544516801834106;0.12400201708078384
71;0.9624232649803162;0.09765204787254333;0.006517588;0.9559256434440613;0.12087932974100113
72;0.9626507759094238;0.09755995869636536;0.0064678392;0.9545695185661316;0.1273021399974823
73;0.9627167582511902;0.09691847115755081;0.0064180903;0.9549530148506165;0.12194116413593292
74;0.9627560973167419;0.09721197932958603;0.006368342;0.9517395496368408;0.1295265555381775
75;0.9625453948974609;0.09734715521335602;0.006318593;0.9546287059783936;0.11883479356765747
76;0.9622551798820496;0.09739861637353897;0.006268844;0.9531839489936829;0.12554030120372772
77;0.9628447890281677;0.09709081798791885;0.0062190956;0.9547760486602783;0.12219559401273727
78;0.9627107381820679;0.09660595655441284;0.0061693466;0.9526827931404114;0.12786321341991425
79;0.9623177647590637;0.09737160801887512;0.006119598;0.9461675882339478;0.1486460268497467
80;0.9631192684173584;0.09627694636583328;0.0060698492;0.9558373093605042;0.12438083440065384
81;0.9631380438804626;0.09620562940835953;0.0060201003;0.9538324475288391;0.12879334390163422
82;0.9631551504135132;0.09627944976091385;0.005970352;0.9571641683578491;0.12009577453136444
83;0.9631692171096802;0.09593185782432556;0.005920603;0.9581074118614197;0.1145617663860321
84;0.9629501700401306;0.09567046910524368;0.0058708545;0.9583726525306702;0.11504682153463364
85;0.963240385055542;0.095744289457798;0.0058211056;0.9572523832321167;0.11878470331430435
86;0.9629354476928711;0.09566166251897812;0.0057713566;0.956692099571228;0.11714141070842743
87;0.9627562165260315;0.09621427953243256;0.005721608;0.9584313631057739;0.11600439250469208
88;0.962787389755249;0.09625200182199478;0.0056718593;0.957900881767273;0.11373545974493027
89;0.9634771347045898;0.09538442641496658;0.0056221103;0.9532133936882019;0.1300910860300064
90;0.9626455307006836;0.0962274819612503;0.005572362;0.9592865705490112;0.1114128977060318
91;0.9629585146903992;0.09579500555992126;0.005522613;0.9515329599380493;0.1319139152765274
92;0.9629014134407043;0.09626645594835281;0.0054728645;0.9581958055496216;0.11291307210922241
93;0.9628986120223999;0.09567540138959885;0.0054231156;0.9568397402763367;0.11693412810564041
94;0.9630977511405945;0.09550172090530396;0.0053733666;0.9483489990234375;0.14455333352088928
95;0.9630414843559265;0.09602808952331543;0.005323618;0.959227442741394;0.1111593097448349
96;0.9631149172782898;0.09551765769720078;0.0052738693;0.9565151929855347;0.12009537220001221
97;0.9633826017379761;0.09538275748491287;0.005224121;0.9587263464927673;0.11328428238630295
98;0.9631692171096802;0.09536702930927277;0.005174372;0.959463357925415;0.1112295612692833
99;0.9631265997886658;0.09549609571695328;0.005124623;0.9594635963439941;0.1111103743314743
100;0.9632372856140137;0.09539070725440979;0.0050748745;0.950972855091095;0.1360127031803131
101;0.9632266163825989;0.09486442804336548;0.0050251256;0.9582841992378235;0.11400765180587769
102;0.9632890224456787;0.09514451026916504;0.004975377;0.9591096639633179;0.11181098222732544
103;0.9633343815803528;0.09499522298574448;0.004925628;0.9594635367393494;0.11092990636825562
104;0.9634911417961121;0.095072440803051;0.0048758793;0.9598763585090637;0.11034513264894485
105;0.9632177948951721;0.09511475265026093;0.004826131;0.9601413011550903;0.1092933639883995
106;0.96319180727005;0.09521885961294174;0.004776382;0.9596991539001465;0.11295725405216217
107;0.9632973670959473;0.09464099258184433;0.004726633;0.96052485704422;0.10946469753980637
108;0.963295042514801;0.09456799924373627;0.0046768845;0.9589916467666626;0.11458902806043625
109;0.9632148146629333;0.09445570409297943;0.0046271356;0.9591095447540283;0.11314225941896439
110;0.9637364745140076;0.09425356239080429;0.004577387;0.958372950553894;0.11635328829288483
111;0.9635681509971619;0.094328872859478;0.004527638;0.9554541110992432;0.11976073682308197
112;0.9634796977043152;0.09429502487182617;0.0044778893;0.958814799785614;0.11187335103750229
113;0.9633005857467651;0.09502469003200531;0.004428141;0.9598467946052551;0.10925547033548355
114;0.9636393189430237;0.09398194402456284;0.004378392;0.9585201144218445;0.11062505841255188
115;0.9635762572288513;0.09417708963155746;0.0043286434;0.9542747139930725;0.12550508975982666
116;0.9635224342346191;0.09457699209451675;0.0042788945;0.9600235819816589;0.11251296103000641
117;0.9633200764656067;0.09405390173196793;0.0042291456;0.9601710438728333;0.11206718534231186
118;0.9636108875274658;0.09398949146270752;0.004179397;0.9587263464927673;0.11366957426071167
119;0.9635276198387146;0.09390059858560562;0.004129648;0.9567215442657471;0.11996399611234665
120;0.9640180468559265;0.0935606136918068;0.0040798993;0.9546286463737488;0.12450331449508667
121;0.9633632302284241;0.09418033063411713;0.004030151;0.9581072926521301;0.115871861577034
122;0.9638504981994629;0.09371022135019302;0.003980402;0.959050714969635;0.11398238688707352
123;0.9638277888298035;0.0935954675078392;0.0039306534;0.9587559700012207;0.11220070719718933
124;0.9637159705162048;0.09390918910503387;0.0038809045;0.9585494995117188;0.11693268269300461
125;0.9640007019042969;0.09311479330062866;0.0038311558;0.9578711986541748;0.11924297362565994
126;0.963955283164978;0.09287875145673752;0.0037814071;0.9589623212814331;0.11701354384422302
127;0.9638727307319641;0.09306211769580841;0.0037316582;0.9548349380493164;0.11984123289585114
128;0.963978111743927;0.09309946000576019;0.0036819095;0.9601120948791504;0.114213727414608
129;0.9635341167449951;0.09357204288244247;0.0036321608;0.9599645137786865;0.11025471985340118
130;0.9639072418212891;0.09343575686216354;0.0035824121;0.9461084604263306;0.13979443907737732
131;0.9638211131095886;0.09373962879180908;0.0035326632;0.9593161344528198;0.11244063824415207
132;0.9640009999275208;0.09315478056669235;0.0034829145;0.9612322449684143;0.10807612538337708
133;0.9639948010444641;0.09316995739936829;0.0034331658;0.9606721997261047;0.11118724942207336
134;0.9641099572181702;0.09320128709077835;0.0033834171;0.9607311487197876;0.11048465967178345
135;0.9637187719345093;0.09312061220407486;0.0033336685;0.9596993327140808;0.11448976397514343
136;0.963958203792572;0.09295962005853653;0.0032839195;0.956928014755249;0.11692675948143005
137;0.963975191116333;0.09297461807727814;0.0032341708;0.9583432674407959;0.1145171970129013
138;0.9640889167785645;0.09279662370681763;0.0031844222;0.9581073522567749;0.1188645213842392
139;0.9636505842208862;0.09316734224557877;0.0031346735;0.96079021692276;0.11008372157812119
140;0.9642745852470398;0.09288632124662399;0.0030849245;0.9606719613075256;0.10882754623889923
141;0.963949978351593;0.09249617159366608;0.0030351758;0.9554539918899536;0.12044716626405716
142;0.96367347240448;0.09304066002368927;0.0029854272;0.9599941968917847;0.10902921110391617
143;0.964300274848938;0.09241184592247009;0.0029356785;0.959876298904419;0.10913102328777313
144;0.9642310738563538;0.09251760691404343;0.0028859295;0.9601119160652161;0.10767769068479538
145;0.963935375213623;0.09231173992156982;0.0028361809;0.9604658484458923;0.10957291722297668
146;0.9644027352333069;0.09223542362451553;0.0027864322;0.9535672068595886;0.12307294458150864
147;0.9645904302597046;0.09195519983768463;0.0027366835;0.957989513874054;0.11161495000123978
148;0.9641686677932739;0.09234220534563065;0.0026869348;0.9605838060379028;0.10933073610067368
149;0.9641207456588745;0.09201444685459137;0.0026371859;0.9607016444206238;0.10716963559389114
150;0.9640178084373474;0.0922684594988823;0.0025874372;0.9592865705490112;0.11014482378959656
151;0.9646186828613281;0.09179502725601196;0.0025376885;0.9603185057640076;0.10867399722337723
152;0.9640095829963684;0.09201659262180328;0.0024879398;0.9607901573181152;0.10996155440807343
153;0.9643083810806274;0.09216639399528503;0.0024381909;0.9593161940574646;0.11036912351846695
154;0.964300274848938;0.09194955229759216;0.0023884422;0.9601710438728333;0.1125790998339653
155;0.964613139629364;0.09165212512016296;0.0023386935;0.9599055647850037;0.11190316081047058
156;0.963981568813324;0.09225988388061523;0.0022889448;0.9599056839942932;0.10945895314216614
157;0.9643943905830383;0.09148046374320984;0.002239196;0.9602299332618713;0.11022436618804932
158;0.9644079804420471;0.09169550240039825;0.0021894472;0.9598172903060913;0.11177195608615875
159;0.9641170501708984;0.09205754846334457;0.0021396985;0.958431601524353;0.11472295224666595
160;0.9642318487167358;0.09174183011054993;0.0020899498;0.9587558507919312;0.11453881114721298
161;0.9645019769668579;0.09132574498653412;0.002040201;0.9589624404907227;0.11504494398832321
162;0.9644136428833008;0.09163111448287964;0.0019904522;0.9591686129570007;0.11265118420124054
163;0.9642969369888306;0.0916641429066658;0.0019407035;0.959493100643158;0.11172936856746674
164;0.9642260670661926;0.09176557511091232;0.0018909548;0.9568986892700195;0.11786512285470963
165;0.964200496673584;0.09201021492481232;0.001841206;0.9583430886268616;0.11567675322294235
166;0.9643622636795044;0.09112075716257095;0.0017914573;0.9589326977729797;0.1110178604722023
167;0.9646471738815308;0.0911732167005539;0.0017417085;0.9581072926521301;0.11342353373765945
168;0.9645167589187622;0.09087598323822021;0.0016919598;0.9602594375610352;0.11011660099029541
169;0.964525043964386;0.09123071283102036;0.0016422111;0.9594928026199341;0.11192791163921356
170;0.9646325707435608;0.0906536802649498;0.0015924623;0.9603182077407837;0.1116563081741333
171;0.9647785425186157;0.09095553308725357;0.0015427136;0.9614386558532715;0.10897450894117355
172;0.9647353887557983;0.09092731773853302;0.0014929648;0.9600530862808228;0.11122733354568481
173;0.9648383259773254;0.0905216708779335;0.0014432161;0.9600531458854675;0.109657421708107
174;0.964590311050415;0.09067759662866592;0.0013934673;0.9593750834465027;0.11155197769403458
175;0.9647239446640015;0.09051831066608429;0.0013437186;0.9604069590568542;0.11007475107908249
176;0.9647815823554993;0.09050685912370682;0.0012939698;0.9604953527450562;0.10878974199295044
177;0.965114414691925;0.09017761051654816;0.0012442211;0.9602888822555542;0.11041507869958878
178;0.9649124145507812;0.09054886549711227;0.0011944723;0.9605541825294495;0.1086353287100792
179;0.9647130370140076;0.08987105637788773;0.0011447236;0.9600529670715332;0.10841283202171326
180;0.9646550416946411;0.09056220948696136;0.0010949749;0.9611439108848572;0.10861967504024506
181;0.9646162390708923;0.090715691447258;0.0010452261;0.9597287178039551;0.10992354154586792
182;0.9651656150817871;0.0897863581776619;0.0009954774;0.9612323045730591;0.10793329775333405
183;0.9650061726570129;0.09022188931703568;0.0009457286;0.9613797068595886;0.1079011857509613
184;0.9650943875312805;0.08972581475973129;0.0008959799;0.9609374403953552;0.10764811933040619
185;0.9646133780479431;0.09035798907279968;0.0008462312;0.96120285987854;0.10805453360080719
186;0.9645283818244934;0.09017811715602875;0.00079648243;0.960819661617279;0.10726694017648697
187;0.9650858044624329;0.08977314829826355;0.0007467337;0.9602298140525818;0.1095857322216034
188;0.9647437334060669;0.0896994099020958;0.00069698493;0.960554301738739;0.10995417833328247
189;0.9653451442718506;0.08951430022716522;0.0006472362;0.9612618088722229;0.1080375537276268
190;0.9650604724884033;0.08956288546323776;0.00059748744;0.9607901573181152;0.10836411267518997
191;0.9652398228645325;0.0894678607583046;0.0005477387;0.9610848426818848;0.10852253437042236
192;0.9653533697128296;0.08888869732618332;0.00049798994;0.9606722593307495;0.10875701904296875
193;0.9652489423751831;0.08962172269821167;0.00044824122;0.96120285987854;0.10999929904937744
194;0.9652510285377502;0.08934988081455231;0.00039849247;0.9605247378349304;0.10879310220479965
195;0.965168833732605;0.08927813172340393;0.00034874372;0.960966944694519;0.10845585912466049
196;0.9650801420211792;0.08880992233753204;0.00029899497;0.9607605338096619;0.10824492573738098
197;0.9648866057395935;0.08888296782970428;0.00024924622;0.9604067802429199;0.10921899229288101
198;0.9649518728256226;0.0888252928853035;0.00019949749;0.960554301738739;0.10859670490026474
199;0.9651346802711487;0.08912098407745361;0.00014974874;0.9607311487197876;0.10929563641548157
