epoch;binary_accuracy;loss;lr;val_binary_accuracy;val_loss
0;0.9394519925117493;0.1772090643644333;0.01;0.94557785987854;0.16432981193065643
1;0.943928062915802;0.16094857454299927;0.01;0.9469340443611145;0.16397476196289062
2;0.9447625875473022;0.1580820232629776;0.009950251;0.9442510604858398;0.1679288148880005
3;0.9452091455459595;0.15657444298267365;0.009900503;0.9464918375015259;0.16056956350803375
4;0.9453569054603577;0.15586340427398682;0.0098507535;0.948113203048706;0.1562643200159073
5;0.9453547596931458;0.15516763925552368;0.009801005;0.9458726048469543;0.1759050339460373
6;0.945539653301239;0.15428060293197632;0.009751257;0.9465803503990173;0.16626352071762085
7;0.9456160068511963;0.15370629727840424;0.009701507;0.9466982483863831;0.16104881465435028
8;0.9458193778991699;0.1533089429140091;0.009651759;0.9468749165534973;0.1633787751197815
9;0.9461831450462341;0.1522994339466095;0.00960201;0.9480540156364441;0.16046196222305298
10;0.9464083313941956;0.15225982666015625;0.009552261;0.9479068517684937;0.16196762025356293
11;0.9463520050048828;0.1522408425807953;0.009502512;0.9468749165534973;0.1593828797340393
12;0.946388304233551;0.1513138860464096;0.009452764;0.9467275142669678;0.15866407752037048
13;0.9464369416236877;0.1506902128458023;0.0094030155;0.9445458650588989;0.161091610789299
14;0.9469297528266907;0.15006007254123688;0.009353266;0.9494104385375977;0.1592399775981903
15;0.9468473196029663;0.14978648722171783;0.009303518;0.9308963418006897;0.20383040606975555
16;0.946753203868866;0.14949293434619904;0.009253769;0.9464622139930725;0.16129529476165771
17;0.9468357563018799;0.14953716099262238;0.00920402;0.9498525857925415;0.15319521725177765
18;0.9468384385108948;0.148873433470726;0.009154271;0.942364513874054;0.17163799703121185
19;0.946855902671814;0.1486191302537918;0.009104523;0.9439564347267151;0.16887527704238892
20;0.9472969770431519;0.14817248284816742;0.0090547735;0.9445754289627075;0.1647050827741623
21;0.9470952153205872;0.1481635570526123;0.009005025;0.9483493566513062;0.15248596668243408
22;0.9473509788513184;0.14771635830402374;0.008955277;0.9490269422531128;0.1537354737520218
23;0.9472115635871887;0.1473664790391922;0.008905527;0.9512971043586731;0.14665929973125458
24;0.9475730061531067;0.14678122103214264;0.008855779;0.9492335319519043;0.15228568017482758
25;0.9474793672561646;0.14678660035133362;0.00880603;0.9506779313087463;0.14881466329097748
26;0.9474933743476868;0.1463361233472824;0.008756282;0.9467570185661316;0.16579852998256683
27;0.9476675987243652;0.14632220566272736;0.008706532;0.9512971639633179;0.1440533548593521
28;0.9477360844612122;0.14580588042736053;0.008656784;0.950177013874054;0.1451536864042282
29;0.94778972864151;0.14550916850566864;0.0086070355;0.951090931892395;0.14525753259658813
30;0.9478980898857117;0.14521750807762146;0.008557286;0.9492039680480957;0.15032526850700378
31;0.9478210806846619;0.14539428055286407;0.008507538;0.9480246901512146;0.16645507514476776
32;0.9480629563331604;0.14461854100227356;0.008457789;0.949616551399231;0.1552468091249466
33;0.9476872682571411;0.14514264464378357;0.00840804;0.949026882648468;0.15643976628780365
34;0.9481770992279053;0.14430761337280273;0.008358291;0.9489386081695557;0.1548818200826645
35;0.948026716709137;0.1442338228225708;0.008308543;0.9500000476837158;0.14709143340587616
36;0.9480945467948914;0.1444007158279419;0.008258794;0.948820948600769;0.15672962367534637
37;0.9478926658630371;0.14485350251197815;0.008209045;0.9502063393592834;0.14640630781650543
38;0.9482967853546143;0.14372317492961884;0.008159297;0.951002299785614;0.14619119465351105
39;0.9477501511573792;0.144002303481102;0.008109548;0.9514445662498474;0.1417107880115509
40;0.9485560059547424;0.1437206119298935;0.008059799;0.9492923617362976;0.1553635150194168
41;0.9483049511909485;0.14339274168014526;0.00801005;0.9492924809455872;0.1559438407421112
42;0.9481744170188904;0.14324384927749634;0.007960302;0.9523879289627075;0.1394321769475937
43;0.9479408264160156;0.14380282163619995;0.007910552;0.9489385485649109;0.15107662975788116
44;0.9483477473258972;0.14310041069984436;0.007860804;0.9501475691795349;0.1507769674062729
45;0.9482972621917725;0.14332593977451324;0.007811055;0.9516803622245789;0.14346739649772644
46;0.9482710957527161;0.14333945512771606;0.0077613066;0.9500294923782349;0.15066739916801453
47;0.9481258392333984;0.14287222921848297;0.0077115577;0.9514150619506836;0.14135949313640594
48;0.9483425617218018;0.14287571609020233;0.007661809;0.951621413230896;0.1418929249048233
49;0.9485384225845337;0.14204266667366028;0.0076120603;0.9472878575325012;0.15834924578666687
50;0.9484474658966064;0.142322838306427;0.0075623114;0.9512085914611816;0.14341631531715393
51;0.9483482241630554;0.14248695969581604;0.007512563;0.9485554695129395;0.15265637636184692
52;0.9484705924987793;0.1425720453262329;0.007462814;0.9504421949386597;0.14857761561870575
53;0.9485787153244019;0.1420997679233551;0.0074130655;0.9506188631057739;0.14419350028038025
54;0.9484138488769531;0.1421639323234558;0.0073633166;0.9517983198165894;0.14193595945835114
55;0.9484594464302063;0.14234976470470428;0.0073135677;0.9503242373466492;0.14397747814655304
56;0.948413610458374;0.14189188182353973;0.007263819;0.9507960081100464;0.14301562309265137
57;0.9484988451004028;0.1418677419424057;0.0072140703;0.9514152407646179;0.14340898394584656
58;0.9487293362617493;0.1414540708065033;0.007164322;0.9508844614028931;0.14319847524166107
59;0.9489209055900574;0.14161014556884766;0.007114573;0.9494692087173462;0.1491285115480423
60;0.9486047625541687;0.1412750780582428;0.007064824;0.9518868327140808;0.13973964750766754
61;0.9487272500991821;0.14152446389198303;0.0070150755;0.9500294923782349;0.14606758952140808
62;0.9487155675888062;0.14139729738235474;0.0069653266;0.9485257863998413;0.153401181101799
63;0.9488352537155151;0.14082278311252594;0.0069155777;0.9523879885673523;0.13993720710277557
64;0.9488465189933777;0.14090092480182648;0.006865829;0.9511792063713074;0.14632588624954224
65;0.9488891959190369;0.1408591866493225;0.0068160803;0.9531545639038086;0.13803842663764954
66;0.9485446810722351;0.14145110547542572;0.006766332;0.9495576024055481;0.15243718028068542
67;0.94880610704422;0.14085978269577026;0.006716583;0.9514150619506836;0.14132535457611084
68;0.948670506477356;0.14105089008808136;0.006666834;0.9523584842681885;0.1413506716489792
69;0.9485417604446411;0.14071422815322876;0.0066170855;0.9513265490531921;0.14167489111423492
70;0.9489288330078125;0.14059539139270782;0.0065673366;0.9508549571037292;0.14208117127418518
71;0.9489865899085999;0.14039914309978485;0.006517588;0.951621413230896;0.139288529753685
72;0.9485300779342651;0.14055046439170837;0.0064678392;0.951267659664154;0.14167258143424988
73;0.9489858746528625;0.14050300419330597;0.0064180903;0.9512676000595093;0.1414353847503662
74;0.9488440752029419;0.14042659103870392;0.006368342;0.949970543384552;0.14407789707183838
75;0.9489542841911316;0.14034384489059448;0.006318593;0.9517982602119446;0.14080247282981873
76;0.9490631222724915;0.14003637433052063;0.006268844;0.9502947330474854;0.14381763339042664
77;0.9492453336715698;0.13950031995773315;0.0062190956;0.9508844614028931;0.1441367268562317
78;0.9493308067321777;0.1402381807565689;0.0061693466;0.951444685459137;0.1418462097644806
79;0.9490165114402771;0.13998237252235413;0.006119598;0.9522111415863037;0.14081189036369324
80;0.9492340087890625;0.13958419859409332;0.0060698492;0.9500589370727539;0.14966103434562683
81;0.9489175081253052;0.14001496136188507;0.0060201003;0.9513561129570007;0.1402795910835266
82;0.9492850303649902;0.1397697776556015;0.005970352;0.9523879885673523;0.13864922523498535
83;0.9490742087364197;0.1395236998796463;0.005920603;0.9507664442062378;0.14418183267116547
84;0.949039876461029;0.13967843353748322;0.0058708545;0.9517983198165894;0.140693798661232
85;0.9494016766548157;0.1392941176891327;0.0058211056;0.9466685056686401;0.16054733097553253
86;0.9493076205253601;0.1394268125295639;0.0057713566;0.9520931839942932;0.13916108012199402
87;0.9492344260215759;0.13943397998809814;0.005721608;0.9516803622245789;0.1393749713897705
88;0.9490600824356079;0.13938014209270477;0.0056718593;0.9514445662498474;0.13890431821346283
89;0.9492794871330261;0.1390552967786789;0.0056221103;0.9524763822555542;0.1388522833585739
90;0.9494532942771912;0.13860246539115906;0.005572362;0.952122688293457;0.13858820497989655
91;0.9492200016975403;0.13909703493118286;0.005522613;0.9507369995117188;0.1422504186630249
92;0.9492539167404175;0.13907064497470856;0.0054728645;0.9497054219245911;0.1459646224975586
93;0.9493335485458374;0.138910710811615;0.0054231156;0.9507959485054016;0.14022953808307648
94;0.9491714835166931;0.13893695175647736;0.0053733666;0.9512381553649902;0.1400780975818634
95;0.9493514895439148;0.13873964548110962;0.005323618;0.9517394304275513;0.1385374367237091
96;0.9491170644760132;0.13901662826538086;0.0052738693;0.9516510367393494;0.13915961980819702
97;0.9492997527122498;0.1389700472354889;0.005224121;0.9479660391807556;0.15001974999904633
98;0.9492336511611938;0.13884834945201874;0.005174372;0.9528005123138428;0.13855576515197754
99;0.9495272636413574;0.13836827874183655;0.005124623;0.9511497616767883;0.14130255579948425
100;0.949413537979126;0.13846853375434875;0.0050748745;0.9523289799690247;0.13813245296478271
101;0.9493869543075562;0.1386108100414276;0.0050251256;0.9521816968917847;0.13824017345905304
102;0.9493966698646545;0.13846862316131592;0.004975377;0.951031506061554;0.1452324539422989
103;0.9495700597763062;0.1383235901594162;0.004925628;0.9519163370132446;0.13874907791614532
104;0.9493558406829834;0.13872689008712769;0.0048758793;0.9526533484458923;0.13813063502311707
105;0.9494706392288208;0.1381532847881317;0.004826131;0.9517098665237427;0.1392204463481903
106;0.9494242072105408;0.1380610167980194;0.004776382;0.9521522521972656;0.13992632925510406
107;0.9498178362846375;0.13805866241455078;0.004726633;0.9512676000595093;0.14302757382392883
108;0.9495350122451782;0.13798768818378448;0.0046768845;0.9512676000595093;0.14205917716026306
109;0.9496932625770569;0.13825847208499908;0.0046271356;0.9532134532928467;0.1380017250776291
110;0.9494339227676392;0.1378968507051468;0.004577387;0.9523288011550903;0.14038294553756714
111;0.9498863816261292;0.13791778683662415;0.004527638;0.9523584842681885;0.13794052600860596
112;0.9495301246643066;0.1375923901796341;0.0044778893;0.9495283365249634;0.14352606236934662
113;0.9495389461517334;0.1379275619983673;0.004428141;0.9525943994522095;0.13979756832122803
114;0.9494472742080688;0.13788719475269318;0.004378392;0.9528596997261047;0.1375979781150818
115;0.9497036933898926;0.13750480115413666;0.0043286434;0.950825572013855;0.1424265056848526
116;0.9496471881866455;0.13731737434864044;0.0042788945;0.9516803026199341;0.1394263058900833
117;0.949715256690979;0.1373814344406128;0.0042291456;0.9516215324401855;0.13819703459739685
118;0.9499483108520508;0.13745218515396118;0.004179397;0.9518570899963379;0.13988575339317322
119;0.9495155811309814;0.13699302077293396;0.004129648;0.9510616064071655;0.1398485004901886
120;0.9497128129005432;0.1371503472328186;0.0040798993;0.9498231410980225;0.14675457775592804
121;0.9498342871665955;0.13717812299728394;0.004030151;0.9522112011909485;0.13849304616451263
122;0.9495217800140381;0.13743558526039124;0.003980402;0.9524175524711609;0.1389119029045105
123;0.9497268199920654;0.1370910406112671;0.0039306534;0.9525944590568542;0.13816538453102112
124;0.9499084949493408;0.13680242002010345;0.0038809045;0.951238214969635;0.14345408976078033
125;0.9500455856323242;0.1364731341600418;0.0038311558;0.9512085318565369;0.13953010737895966
126;0.9498633146286011;0.13710221648216248;0.0037814071;0.9507666826248169;0.14198783040046692
127;0.9497777819633484;0.13691990077495575;0.0037316582;0.9524174928665161;0.13695262372493744
128;0.9498118162155151;0.13646924495697021;0.0036819095;0.9522700309753418;0.13710346817970276
129;0.9497892260551453;0.13659413158893585;0.0036321608;0.951444685459137;0.1379462033510208
130;0.9502084255218506;0.1365414261817932;0.0035824121;0.9523879289627075;0.13694655895233154
131;0.950045108795166;0.13665232062339783;0.0035326632;0.9523879885673523;0.13703826069831848
132;0.9500404596328735;0.13653744757175446;0.0034829145;0.9519457817077637;0.13765832781791687
133;0.9501450061798096;0.13590380549430847;0.0034331658;0.9522404670715332;0.13763226568698883
134;0.9499285221099854;0.13630244135856628;0.0033834171;0.9513561129570007;0.13999056816101074
135;0.9498774409294128;0.13645724952220917;0.0033336685;0.9533903002738953;0.13567869365215302
136;0.9499917030334473;0.13642869889736176;0.0032839195;0.95271235704422;0.13644228875637054
137;0.9499568939208984;0.13644585013389587;0.0032341708;0.9504126906394958;0.14306031167507172
138;0.9499735832214355;0.13619504868984222;0.0031844222;0.9520931839942932;0.13717398047447205
139;0.9499857425689697;0.1364443600177765;0.0031346735;0.9527121782302856;0.13599896430969238
140;0.9502583742141724;0.13625533878803253;0.0030849245;0.9525057673454285;0.13592037558555603
141;0.9497524499893188;0.13614962995052338;0.0030351758;0.952476441860199;0.13522453606128693
142;0.9502565860748291;0.13621076941490173;0.0029854272;0.9530070424079895;0.13605837523937225
143;0.9500963091850281;0.13611988723278046;0.0029356785;0.9522112011909485;0.13753698766231537
144;0.9503307342529297;0.13592146337032318;0.0028859295;0.9519162178039551;0.13743531703948975
145;0.9504074454307556;0.13575395941734314;0.0028361809;0.952063798904419;0.13723601400852203
146;0.9499065279960632;0.1359574794769287;0.0027864322;0.9526236057281494;0.13787250220775604
147;0.9500424265861511;0.13651371002197266;0.0027366835;0.9515036344528198;0.13743242621421814
148;0.9500340819358826;0.13573262095451355;0.0026869348;0.9522995948791504;0.13789419829845428
149;0.9503986835479736;0.13525524735450745;0.0026371859;0.9522110819816589;0.13849769532680511
150;0.9505382776260376;0.13479046523571014;0.0025874372;0.9521523118019104;0.13744422793388367
151;0.9501737356185913;0.1355782300233841;0.0025376885;0.9518575072288513;0.1390467882156372
152;0.9501511454582214;0.1353103369474411;0.0024879398;0.9508844614028931;0.1392308473587036
153;0.9502275586128235;0.13565121591091156;0.0024381909;0.9520048499107361;0.13880601525306702
154;0.949849009513855;0.13565000891685486;0.0023884422;0.9518868327140808;0.13884276151657104
155;0.9502708315849304;0.13457231223583221;0.0023386935;0.9511792659759521;0.1385939121246338
156;0.9500483274459839;0.1353936642408371;0.0022889448;0.9517392516136169;0.13752193748950958
157;0.9502047896385193;0.13507986068725586;0.002239196;0.9517098069190979;0.13757698237895966
158;0.9502904415130615;0.1353277862071991;0.0021894472;0.9516802430152893;0.1371256709098816
159;0.9503873586654663;0.13507992029190063;0.0021396985;0.952122688293457;0.13744542002677917
160;0.9503735303878784;0.1353798359632492;0.0020899498;0.9515624642372131;0.13788819313049316
161;0.9507606029510498;0.13474486768245697;0.002040201;0.9516802430152893;0.13725638389587402
162;0.9503211379051208;0.13530497252941132;0.0019904522;0.952476441860199;0.135580375790596
163;0.9506005048751831;0.13461054861545563;0.0019407035;0.9512972831726074;0.1374383121728897
164;0.9504439830780029;0.13472522795200348;0.0018909548;0.9522995352745056;0.1367582231760025
165;0.9501566886901855;0.13494530320167542;0.001841206;0.9516803622245789;0.13703587651252747
166;0.9502735137939453;0.1347472071647644;0.0017914573;0.9516507983207703;0.13661304116249084
167;0.950039803981781;0.13513697683811188;0.0017417085;0.95297771692276;0.1360662281513214
168;0.9504444003105164;0.13476496934890747;0.0016919598;0.9524173140525818;0.13621197640895844
169;0.9505524039268494;0.13426977396011353;0.0016422111;0.9522110819816589;0.13622838258743286
170;0.9504840970039368;0.13462218642234802;0.0015924623;0.9533901810646057;0.1342344433069229
171;0.9506374001502991;0.1344708353281021;0.0015427136;0.9516803622245789;0.13505229353904724
172;0.9504130482673645;0.13418114185333252;0.0014929648;0.9524174332618713;0.13485075533390045
173;0.9507918357849121;0.1337214857339859;0.0014432161;0.9522995352745056;0.1360182762145996
174;0.9507977366447449;0.13433650135993958;0.0013934673;0.9530366659164429;0.13440458476543427
175;0.9506294131278992;0.13402122259140015;0.0013437186;0.9518277049064636;0.1361561417579651
176;0.9506126046180725;0.13432881236076355;0.0012939698;0.953242838382721;0.13519957661628723
177;0.9508828520774841;0.13377970457077026;0.0012442211;0.9529775977134705;0.13325853645801544
178;0.9507632255554199;0.13383595645427704;0.0011944723;0.9516510367393494;0.13631519675254822
179;0.9506296515464783;0.13425976037979126;0.0011447236;0.9530957341194153;0.13529399037361145
180;0.9507293105125427;0.13400860130786896;0.0010949749;0.9529186487197876;0.1362055540084839
181;0.9508687257766724;0.1337883025407791;0.0010452261;0.9527713656425476;0.13461415469646454
182;0.9508630633354187;0.13376154005527496;0.0009954774;0.9528006911277771;0.1346311867237091
183;0.950552225112915;0.13426336646080017;0.0009457286;0.9528301954269409;0.1347224861383438
184;0.9503763318061829;0.1339373141527176;0.0008959799;0.9527418613433838;0.13531845808029175
185;0.9508999586105347;0.1336333006620407;0.0008462312;0.9528892040252686;0.13399013876914978
186;0.9505268335342407;0.13370360434055328;0.00079648243;0.9526827335357666;0.13397374749183655
187;0.9507257342338562;0.13368207216262817;0.0007467337;0.9535084366798401;0.13429002463817596
188;0.9508629441261292;0.13305379450321198;0.00069698493;0.9530365467071533;0.1344698667526245
189;0.9509424567222595;0.13319282233715057;0.0006472362;0.9532431960105896;0.1347207874059677
190;0.9508029818534851;0.13318000733852386;0.00059748744;0.9523289799690247;0.13443201780319214
191;0.9507290720939636;0.13345003128051758;0.0005477387;0.9523880481719971;0.13548941910266876
192;0.9508798122406006;0.13349467515945435;0.00049798994;0.9525942802429199;0.13381114602088928
193;0.9510626196861267;0.13293427228927612;0.00044824122;0.9530069828033447;0.13539355993270874
194;0.9511619806289673;0.13285362720489502;0.00039849247;0.9525648951530457;0.13445623219013214
195;0.9508520364761353;0.1333121359348297;0.00034874372;0.9525354504585266;0.13446888327598572
196;0.9509829878807068;0.13331402838230133;0.00029899497;0.9520342946052551;0.13457323610782623
197;0.9509539604187012;0.13323768973350525;0.00024924622;0.9526827931404114;0.13488291203975677
198;0.9508796334266663;0.1332838386297226;0.00019949749;0.9530366063117981;0.13447290658950806
199;0.951210618019104;0.13295245170593262;0.00014974874;0.9523584842681885;0.13508763909339905
