epoch;binary_accuracy;loss;lr;val_binary_accuracy;val_loss
0;0.9388831257820129;0.1785140335559845;0.01;0.9440448880195618;0.16489116847515106
1;0.9438568949699402;0.1599350869655609;0.01;0.9408608675003052;0.1975688934326172
2;0.9447512626647949;0.15613776445388794;0.009950251;0.944192111492157;0.16884861886501312
3;0.9453147053718567;0.15453438460826874;0.009900503;0.9464326500892639;0.1638341248035431
4;0.9454654455184937;0.1537875086069107;0.0098507535;0.9496460556983948;0.15435893833637238
5;0.9459961652755737;0.15249891579151154;0.009801005;0.94964599609375;0.15493740141391754
6;0.9463286399841309;0.15161362290382385;0.009751257;0.9384729862213135;0.1993180811405182
7;0.9462920427322388;0.15126556158065796;0.009701507;0.9473761916160583;0.15991340577602386
8;0.9464197754859924;0.15041613578796387;0.009651759;0.9458431601524353;0.16368085145950317
9;0.9466392993927002;0.14996962249279022;0.00960201;0.9484671950340271;0.1578696072101593
10;0.9469665884971619;0.1492803394794464;0.009552261;0.9489679932594299;0.1547938585281372
11;0.9470324516296387;0.1487933248281479;0.009502512;0.9484965205192566;0.1554005891084671
12;0.9469502568244934;0.14830243587493896;0.009452764;0.9486732482910156;0.16087393462657928
13;0.9470495581626892;0.1482716053724289;0.0094030155;0.9484080672264099;0.15419501066207886
14;0.9472092390060425;0.14717841148376465;0.009353266;0.9457547068595886;0.15985392034053802
15;0.9471295475959778;0.14748713374137878;0.009303518;0.9471994638442993;0.15356704592704773
16;0.9473480582237244;0.1468648761510849;0.009253769;0.9427182674407959;0.16213978826999664
17;0.9473342895507812;0.14672550559043884;0.00920402;0.9471698999404907;0.1596938669681549
18;0.9476271867752075;0.14590458571910858;0.009154271;0.9479362964630127;0.15241971611976624
19;0.9475763440132141;0.1459730714559555;0.009104523;0.9418631792068481;0.16683588922023773
20;0.9479358196258545;0.14538252353668213;0.0090547735;0.9499115347862244;0.150392547249794
21;0.9477756023406982;0.1452147215604782;0.009005025;0.947671115398407;0.1573898196220398
22;0.9475969076156616;0.145284503698349;0.008955277;0.9426297545433044;0.16298121213912964
23;0.9479155540466309;0.1443873643875122;0.008905527;0.9494693875312805;0.1485690325498581
24;0.9478124380111694;0.14506657421588898;0.008855779;0.9472580552101135;0.1535874456167221
25;0.9479209780693054;0.14458802342414856;0.00880603;0.9494694471359253;0.1487177312374115
26;0.9479889869689941;0.14410561323165894;0.008756282;0.9489385485649109;0.14915801584720612
27;0.947817862033844;0.14428594708442688;0.008706532;0.9502063989639282;0.14606206119060516
28;0.9479755163192749;0.14403024315834045;0.008656784;0.9513855576515198;0.1411256492137909
29;0.9482433199882507;0.14335358142852783;0.0086070355;0.9421285390853882;0.1740453988313675
30;0.9483822584152222;0.1431489884853363;0.008557286;0.9512971639633179;0.14182895421981812
31;0.9481399655342102;0.14287278056144714;0.008507538;0.9497052431106567;0.144954115152359
32;0.9482765793800354;0.14275358617305756;0.008457789;0.9510025382041931;0.1407790184020996
33;0.9483993649482727;0.14261376857757568;0.00840804;0.951591968536377;0.14066560566425323
34;0.9484703540802002;0.14249823987483978;0.008358291;0.9524762630462646;0.1380278617143631
35;0.948408305644989;0.1422482281923294;0.008308543;0.9514150619506836;0.1414654701948166
36;0.9486358761787415;0.14206546545028687;0.008258794;0.9510317444801331;0.140986829996109
37;0.9483961462974548;0.1422329843044281;0.008209045;0.9443100690841675;0.16026975214481354
38;0.948525071144104;0.14174602925777435;0.008159297;0.9511791467666626;0.14117233455181122
39;0.9486304521560669;0.14185591042041779;0.008109548;0.9511202573776245;0.13895639777183533
40;0.9483280777931213;0.14208781719207764;0.008059799;0.9497643113136292;0.14265459775924683
41;0.9487748742103577;0.14121481776237488;0.00801005;0.9524469375610352;0.13921314477920532
42;0.9488637447357178;0.14121463894844055;0.007960302;0.9418043494224548;0.1807820349931717
43;0.9488204717636108;0.14117476344108582;0.007910552;0.950619101524353;0.14104589819908142
44;0.948746383190155;0.14087867736816406;0.007860804;0.9512380957603455;0.1403317153453827
45;0.9489405155181885;0.1409430205821991;0.007811055;0.9459905624389648;0.15710043907165527
46;0.9489035606384277;0.14087268710136414;0.0077613066;0.9517982602119446;0.13837195932865143
47;0.9487072229385376;0.1405966430902481;0.0077115577;0.948231041431427;0.1470850110054016
48;0.948769211769104;0.1404944211244583;0.007661809;0.9498526453971863;0.14703847467899323
49;0.9489348530769348;0.13998229801654816;0.0076120603;0.9512971639633179;0.1420264095067978
50;0.9488552808761597;0.14014965295791626;0.0075623114;0.9513562321662903;0.1415182203054428
51;0.9486930966377258;0.14037801325321198;0.007512563;0.9507960677146912;0.14527292549610138
52;0.9493648409843445;0.14017491042613983;0.007462814;0.951267659664154;0.1426548957824707
53;0.9489316940307617;0.13987670838832855;0.0074130655;0.9431308507919312;0.16853022575378418
54;0.9490142464637756;0.14017195999622345;0.0073633166;0.9511792063713074;0.14297392964363098
55;0.9491167068481445;0.13962788879871368;0.0073135677;0.9507664442062378;0.1423921138048172
56;0.949111819267273;0.13988137245178223;0.007263819;0.9498820900917053;0.15033799409866333
57;0.9492135047912598;0.13920007646083832;0.0072140703;0.9521521329879761;0.14206895232200623
58;0.9490858316421509;0.1397136002779007;0.007164322;0.9519751667976379;0.13967950642108917
59;0.949421763420105;0.13922062516212463;0.007114573;0.9532428979873657;0.13852712512016296
60;0.9491288661956787;0.13899561762809753;0.007064824;0.9499706625938416;0.14696626365184784
61;0.9491486549377441;0.13876178860664368;0.0070150755;0.9513857960700989;0.1400451809167862
62;0.9490970373153687;0.13907776772975922;0.0069653266;0.9510319828987122;0.14063139259815216
63;0.9494819641113281;0.13922922313213348;0.0069155777;0.9511792063713074;0.1398875117301941
64;0.949324905872345;0.13900785148143768;0.006865829;0.9499115347862244;0.14839577674865723
65;0.9492163062095642;0.1391780525445938;0.0068160803;0.952417254447937;0.139712393283844
66;0.9492136240005493;0.1384696066379547;0.006766332;0.9513561129570007;0.1407470554113388
67;0.9494813084602356;0.1384187638759613;0.006716583;0.9454302787780762;0.16309605538845062
68;0.949552595615387;0.13845549523830414;0.006666834;0.9515626430511475;0.14032723009586334
69;0.9495220184326172;0.13844840228557587;0.0066170855;0.951710045337677;0.14001786708831787
70;0.9492365717887878;0.13862448930740356;0.0065673366;0.9509139060974121;0.14545239508152008
71;0.9491453170776367;0.1386496126651764;0.006517588;0.9519162178039551;0.13980253040790558
72;0.9493733048439026;0.13846273720264435;0.0064678392;0.9489091634750366;0.15115498006343842
73;0.9496155977249146;0.13813453912734985;0.0064180903;0.9504716992378235;0.14229422807693481
74;0.9493878483772278;0.13823741674423218;0.006368342;0.9513856172561646;0.141087144613266
75;0.9493914246559143;0.13799166679382324;0.006318593;0.9506485462188721;0.14380863308906555
76;0.9495357275009155;0.13811342418193817;0.006268844;0.9494397044181824;0.14285674691200256
77;0.9493304491043091;0.13793767988681793;0.0062190956;0.9498821496963501;0.14533992111682892
78;0.9494049549102783;0.13819065690040588;0.0061693466;0.9498821496963501;0.1429901421070099
79;0.9493988752365112;0.13816212117671967;0.006119598;0.9502947330474854;0.14250759780406952
80;0.9498488903045654;0.1372697800397873;0.0060698492;0.9509139657020569;0.14192502200603485
81;0.9497069120407104;0.13783839344978333;0.0060201003;0.9432488083839417;0.173445463180542
82;0.9497295022010803;0.13706806302070618;0.005970352;0.9516805410385132;0.1372515708208084
83;0.9494473934173584;0.13707226514816284;0.005920603;0.9457547068595886;0.1604146659374237
84;0.949683666229248;0.13751272857189178;0.0058708545;0.9510905146598816;0.14259669184684753
85;0.9496983289718628;0.13713718950748444;0.0058211056;0.9500589370727539;0.1449674367904663
86;0.9497039318084717;0.1372351497411728;0.0057713566;0.9522406458854675;0.1386479139328003
87;0.9493843913078308;0.13733816146850586;0.005721608;0.9528891444206238;0.13676472008228302
88;0.949521005153656;0.13778343796730042;0.0056718593;0.9512971639633179;0.14057262241840363
89;0.9498091340065002;0.13673070073127747;0.0056221103;0.9523880481719971;0.1372946798801422
90;0.9499915838241577;0.1366882473230362;0.005572362;0.9518869519233704;0.13782808184623718
91;0.9496241211891174;0.13690325617790222;0.005522613;0.9522700905799866;0.13598331809043884
92;0.9496292471885681;0.13679897785186768;0.0054728645;0.9512971043586731;0.13885343074798584
93;0.9498971700668335;0.13685883581638336;0.0054231156;0.9529185891151428;0.13627713918685913
94;0.9497578740119934;0.13681943714618683;0.0053733666;0.9527713656425476;0.1377398669719696
95;0.9497632384300232;0.136896550655365;0.005323618;0.9526828527450562;0.13589788973331451
96;0.9498805999755859;0.13684050738811493;0.0052738693;0.9441038966178894;0.1659492701292038
97;0.9498892426490784;0.13648730516433716;0.005224121;0.9505600929260254;0.14472869038581848
98;0.9500603675842285;0.1362205594778061;0.005174372;0.952004611492157;0.13648591935634613
99;0.9499855041503906;0.1363837718963623;0.005124623;0.9524765610694885;0.13498316705226898
100;0.9499685764312744;0.13653339445590973;0.0050748745;0.9535082578659058;0.13592396676540375
101;0.9498491883277893;0.13674257695674896;0.0050251256;0.9525354504585266;0.13570719957351685
102;0.9499083757400513;0.1361922323703766;0.004975377;0.9510318636894226;0.1443215161561966
103;0.950080394744873;0.13573549687862396;0.004925628;0.9506486654281616;0.1419038623571396
104;0.9501362442970276;0.1356954574584961;0.0048758793;0.9508549571037292;0.13940460979938507
105;0.9496605396270752;0.1365944892168045;0.004826131;0.9527416825294495;0.13715209066867828
106;0.9498977065086365;0.1356906145811081;0.004776382;0.952889084815979;0.13627387583255768
107;0.9500290155410767;0.13602201640605927;0.004726633;0.9521228075027466;0.1358337551355362
108;0.949783444404602;0.1361452043056488;0.0046768845;0.9530954957008362;0.13842861354351044
109;0.9500308632850647;0.13614113628864288;0.0046271356;0.9526828527450562;0.13566023111343384
110;0.9500769376754761;0.1354587823152542;0.004577387;0.9534786343574524;0.13558658957481384
111;0.9500028491020203;0.13558299839496613;0.004527638;0.9509727358818054;0.14138445258140564
112;0.9500545859336853;0.13569986820220947;0.0044778893;0.9519163370132446;0.1374121904373169
113;0.9500876069068909;0.13569581508636475;0.004428141;0.9525355696678162;0.13910222053527832
114;0.9500030875205994;0.13543108105659485;0.004378392;0.9528892636299133;0.13747432827949524
115;0.9496579766273499;0.13554273545742035;0.0043286434;0.9498229622840881;0.14665496349334717
116;0.9501596093177795;0.13573050498962402;0.0042788945;0.9529187679290771;0.1362585574388504
117;0.9500173330307007;0.13500936329364777;0.0042291456;0.9525648355484009;0.1359013319015503
118;0.9502623081207275;0.13528262078762054;0.004179397;0.9527122974395752;0.13699328899383545
119;0.9500877261161804;0.1350334882736206;0.004129648;0.9511204361915588;0.13993003964424133
120;0.9498376250267029;0.13546381890773773;0.0040798993;0.9521520137786865;0.13929592072963715
121;0.9502028822898865;0.1353345811367035;0.004030151;0.9497346878051758;0.1452503800392151
122;0.9501627087593079;0.13517609238624573;0.003980402;0.9533903002738953;0.13515929877758026
123;0.9502596259117126;0.13548098504543304;0.0039306534;0.9512972831726074;0.1390475034713745
124;0.95017409324646;0.13485635817050934;0.0038809045;0.9530954360961914;0.1351897120475769
125;0.9501084089279175;0.13529470562934875;0.0038311558;0.9533314108848572;0.13369852304458618
126;0.9502759575843811;0.13491716980934143;0.0037814071;0.9515330195426941;0.14109496772289276
127;0.9502310156822205;0.13484032452106476;0.0037316582;0.9535672068595886;0.1341850608587265
128;0.9502444863319397;0.13503454625606537;0.0036819095;0.9529480338096619;0.13567706942558289
129;0.9503189325332642;0.13482975959777832;0.0036321608;0.9521521925926208;0.1391301453113556
130;0.9500681757926941;0.13528811931610107;0.0035824121;0.9524469375610352;0.13536463677883148
131;0.9503931999206543;0.13453711569309235;0.0035326632;0.9531838893890381;0.13443714380264282
132;0.95048987865448;0.13442200422286987;0.0034829145;0.9527708888053894;0.1365797519683838
133;0.9501903057098389;0.13463908433914185;0.0034331658;0.9528889060020447;0.13353413343429565
134;0.9505670070648193;0.13418713212013245;0.0033834171;0.9525353312492371;0.1381661742925644
135;0.9503304958343506;0.13434676826000214;0.0033336685;0.9528301358222961;0.1376379430294037
136;0.950472891330719;0.13440659642219543;0.0032839195;0.9484376907348633;0.14712688326835632
137;0.9503960013389587;0.13449634611606598;0.0032341708;0.9539799690246582;0.13438786566257477
138;0.9505298733711243;0.13398972153663635;0.0031844222;0.9522111415863037;0.1357392817735672
139;0.9505782127380371;0.13428153097629547;0.0031346735;0.952594518661499;0.13640692830085754
140;0.95048987865448;0.13399258255958557;0.0030849245;0.9524762630462646;0.13468584418296814
141;0.9504076838493347;0.13414506614208221;0.0030351758;0.9528301954269409;0.13426150381565094
142;0.9504755735397339;0.1342139095067978;0.0029854272;0.9535672664642334;0.13320881128311157
143;0.9503698945045471;0.13425646722316742;0.0029356785;0.9540389180183411;0.13286931812763214
144;0.9505156874656677;0.13399586081504822;0.0028859295;0.9532724022865295;0.13458620011806488
145;0.9507100582122803;0.13364313542842865;0.0028361809;0.9530952572822571;0.13683855533599854
146;0.950532853603363;0.13391949236392975;0.0027864322;0.9522699117660522;0.13681159913539886
147;0.9505674242973328;0.13400372862815857;0.0027366835;0.9527418613433838;0.1352425217628479
148;0.950623631477356;0.1338157206773758;0.0026869348;0.9523584842681885;0.13702769577503204
149;0.9503132104873657;0.13416287302970886;0.0026371859;0.9533312916755676;0.13464097678661346
150;0.950555682182312;0.13416163623332977;0.0025874372;0.953154444694519;0.13617569208145142
151;0.9505897164344788;0.13364453613758087;0.0025376885;0.9519753456115723;0.13575778901576996
152;0.950503945350647;0.13346660137176514;0.0024879398;0.9522109627723694;0.13908274471759796
153;0.9507662653923035;0.13358919322490692;0.0024381909;0.951798141002655;0.1374831199645996
154;0.9505555629730225;0.13370972871780396;0.0023884422;0.9524468183517456;0.13607628643512726
155;0.9502905607223511;0.13378997147083282;0.0023386935;0.9523289799690247;0.1369750201702118
156;0.9507827162742615;0.1330510526895523;0.0022889448;0.9527417421340942;0.13515841960906982
157;0.9505729079246521;0.13307015597820282;0.002239196;0.9529775977134705;0.13544084131717682
158;0.9508402347564697;0.1331748515367508;0.0021894472;0.9518868327140808;0.13623304665088654
159;0.9507096409797668;0.13361001014709473;0.0021396985;0.9526534080505371;0.1357049196958542
160;0.9506892561912537;0.13327360153198242;0.0020899498;0.9528302550315857;0.13489072024822235
161;0.9506776928901672;0.13315996527671814;0.002040201;0.9523583054542542;0.13556881248950958
162;0.9507264494895935;0.13311249017715454;0.0019904522;0.9519750475883484;0.13632699847221375
163;0.9506950378417969;0.13368435204029083;0.0019407035;0.9509140849113464;0.13629575073719025
164;0.9507802724838257;0.13306847214698792;0.0018909548;0.9512381553649902;0.13770687580108643
165;0.9507801532745361;0.13277225196361542;0.001841206;0.9522702097892761;0.13459695875644684
166;0.9506468772888184;0.13267594575881958;0.0017914573;0.9529776573181152;0.13555610179901123
167;0.9507374167442322;0.13306567072868347;0.0017417085;0.9526530504226685;0.1333111822605133
168;0.9505752325057983;0.13323774933815002;0.0016919598;0.953154444694519;0.13355332612991333
169;0.9510877728462219;0.13260026276111603;0.0016422111;0.9523879289627075;0.13425691425800323
170;0.9507810473442078;0.13267694413661957;0.0015924623;0.9526828527450562;0.13551464676856995
171;0.9509080052375793;0.13275080919265747;0.0015427136;0.9525648355484009;0.1342466175556183
172;0.9509772062301636;0.13244621455669403;0.0014929648;0.952889084815979;0.13445882499217987
173;0.9509655237197876;0.132147878408432;0.0014432161;0.9527415633201599;0.1342240571975708
174;0.9506010413169861;0.1324375867843628;0.0013934673;0.9522701501846313;0.1338600069284439
175;0.951104998588562;0.132560595870018;0.0013437186;0.9525649547576904;0.13360495865345
176;0.9510335922241211;0.13246488571166992;0.0012939698;0.9530069828033447;0.13328436017036438
177;0.9510025382041931;0.13217221200466156;0.0012442211;0.9525646567344666;0.133743017911911
178;0.9509971141815186;0.13249851763248444;0.0011944723;0.953331470489502;0.13263624906539917
179;0.9508768320083618;0.13251955807209015;0.0011447236;0.9528892040252686;0.13296476006507874
180;0.9509938955307007;0.13212637603282928;0.0010949749;0.9525649547576904;0.1344841718673706
181;0.9511591792106628;0.13234226405620575;0.0010452261;0.9528302550315857;0.1330689787864685
182;0.9510364532470703;0.13199785351753235;0.0009954774;0.9526827931404114;0.13315966725349426
183;0.9508405923843384;0.13266761600971222;0.0009457286;0.9536556601524353;0.13271009922027588
184;0.9508798122406006;0.1321697235107422;0.0008959799;0.9531545042991638;0.1334526687860489
185;0.9510735273361206;0.1320328563451767;0.0008462312;0.9526825547218323;0.13261260092258453
186;0.9511052370071411;0.131562277674675;0.00079648243;0.9523292183876038;0.1332796961069107
187;0.9513788223266602;0.13161054253578186;0.0007467337;0.9522404670715332;0.13345195353031158
188;0.9510707259178162;0.13163034617900848;0.00069698493;0.9530364274978638;0.13346189260482788
189;0.9510456323623657;0.13199909031391144;0.0006472362;0.9527711868286133;0.13368986546993256
190;0.9511367082595825;0.1319306194782257;0.00059748744;0.9534197449684143;0.13272793591022491
191;0.9510452747344971;0.13245651125907898;0.0005477387;0.9524173140525818;0.133073091506958
192;0.950965166091919;0.1319323480129242;0.00049798994;0.9530071020126343;0.13370636105537415
193;0.9512279629707336;0.13150128722190857;0.00044824122;0.9531250596046448;0.13355983793735504
194;0.9512897729873657;0.13142535090446472;0.00039849247;0.9524469971656799;0.1340572088956833
195;0.9509369134902954;0.13193103671073914;0.00034874372;0.9528597593307495;0.1333477944135666
196;0.9514747858047485;0.1311725527048111;0.00029899497;0.9530364871025085;0.1331593096256256
197;0.9509882926940918;0.1318332552909851;0.00024924622;0.9528301954269409;0.13315895199775696
198;0.9511697888374329;0.1309216022491455;0.00019949749;0.9525648355484009;0.1330430805683136
199;0.9512757658958435;0.13149219751358032;0.00014974874;0.9537144899368286;0.13232670724391937
