epoch;binary_accuracy;loss;lr;val_binary_accuracy;val_loss
0;0.9385362863540649;0.1770734190940857;0.01;0.9427180886268616;0.1891845017671585
1;0.9433897733688354;0.16036711633205414;0.01;0.9366745352745056;0.21620264649391174
2;0.9440730214118958;0.1565648764371872;0.009950251;0.9445459842681885;0.16590456664562225
3;0.9444637894630432;0.155056893825531;0.009900503;0.9324882626533508;0.20443570613861084
4;0.9450154304504395;0.15379685163497925;0.0098507535;0.9466097354888916;0.16855716705322266
5;0.9450929164886475;0.15294058620929718;0.009801005;0.9472288489341736;0.1565750390291214
6;0.9452465176582336;0.15216657519340515;0.009751257;0.9451060891151428;0.18173858523368835
7;0.9456713795661926;0.1510763317346573;0.009701507;0.9468161463737488;0.17012327909469604
8;0.9459217190742493;0.15036822855472565;0.009651759;0.9469634890556335;0.1588943898677826
9;0.9458878040313721;0.14978231489658356;0.00960201;0.9484670162200928;0.15015384554862976
10;0.9458302855491638;0.149518683552742;0.009552261;0.9426002502441406;0.1736646294593811
11;0.9462459087371826;0.14870809018611908;0.009502512;0.9482900500297546;0.1513689160346985
12;0.9460470080375671;0.14858588576316833;0.009452764;0.9469633102416992;0.16642209887504578
13;0.9463885426521301;0.14791634678840637;0.0094030155;0.949115514755249;0.15191252529621124
14;0.9465709924697876;0.14773692190647125;0.009353266;0.9450471997261047;0.15625979006290436
15;0.9465314745903015;0.14707252383232117;0.009303518;0.9423056840896606;0.1669742465019226
16;0.9462090730667114;0.14703592658042908;0.009253769;0.9487619400024414;0.1490718424320221
17;0.9466103315353394;0.14661741256713867;0.00920402;0.9471403956413269;0.1506502330303192
18;0.946308970451355;0.1464635133743286;0.009154271;0.9352888464927673;0.17466208338737488
19;0.9467108249664307;0.14586906135082245;0.009104523;0.9469633102416992;0.15131479501724243
20;0.9468414187431335;0.14575986564159393;0.0090547735;0.9464327692985535;0.15433000028133392
21;0.9469269514083862;0.1453401893377304;0.009005025;0.9449587464332581;0.15610787272453308
22;0.9469297528266907;0.14500929415225983;0.008955277;0.9475531578063965;0.150429368019104
23;0.9469524621963501;0.14495553076267242;0.008905527;0.9495283365249634;0.14982791244983673
24;0.9469156265258789;0.14503885805606842;0.008855779;0.9505602121353149;0.14410166442394257
25;0.9470179677009583;0.14489960670471191;0.00880603;0.9494102597236633;0.14731140434741974
26;0.9472144246101379;0.14435327053070068;0.008756282;0.9473468065261841;0.14531168341636658
27;0.9467190504074097;0.14481015503406525;0.008706532;0.9509727954864502;0.1429593861103058
28;0.947314441204071;0.14420075714588165;0.008656784;0.9497639536857605;0.1428365707397461
29;0.9473229050636292;0.14385879039764404;0.0086070355;0.9482606053352356;0.14821703732013702
30;0.9474313855171204;0.1438083052635193;0.008557286;0.951356053352356;0.142396941781044
31;0.9472828507423401;0.14359934628009796;0.008507538;0.948968231678009;0.14566920697689056
32;0.9473743438720703;0.14361800253391266;0.008457789;0.9487027525901794;0.1474274843931198
33;0.9476159811019897;0.14345522224903107;0.00840804;0.9500884413719177;0.1421051174402237
34;0.9474084973335266;0.1432710587978363;0.008358291;0.9505012035369873;0.14369140565395355
35;0.9473568797111511;0.14321531355381012;0.008308543;0.9493516087532043;0.1444973349571228
36;0.9474968314170837;0.14296340942382812;0.008258794;0.9506779909133911;0.14165590703487396
37;0.9474539756774902;0.14302963018417358;0.008209045;0.9485552906990051;0.1495600789785385
38;0.9475284218788147;0.1423952430486679;0.008159297;0.948732316493988;0.14811952412128448
39;0.9477012753486633;0.14245162904262543;0.008109548;0.9484671354293823;0.14821895956993103
40;0.9475990533828735;0.14256009459495544;0.008059799;0.9502063393592834;0.14409327507019043
41;0.9475337266921997;0.14228349924087524;0.00801005;0.9501769542694092;0.1416369527578354
42;0.947813093662262;0.14210961759090424;0.007960302;0.9507958889007568;0.1422455757856369
43;0.9476701617240906;0.14250624179840088;0.007910552;0.94991135597229;0.1421213448047638
44;0.9478235244750977;0.14213065803050995;0.007860804;0.9506781697273254;0.14213021099567413
45;0.947786808013916;0.14189335703849792;0.007811055;0.9505895376205444;0.14207686483860016
46;0.9478355646133423;0.14224188029766083;0.0077613066;0.9515920877456665;0.13958412408828735
47;0.9480062127113342;0.14127661287784576;0.0077115577;0.9504127502441406;0.14221464097499847
48;0.9474793672561646;0.14202113449573517;0.007661809;0.9487029314041138;0.1436823159456253
49;0.9478184580802917;0.14163357019424438;0.0076120603;0.9507075548171997;0.14188145101070404
50;0.9479324817657471;0.14171119034290314;0.0075623114;0.9508254528045654;0.14126163721084595
51;0.9480176568031311;0.141206294298172;0.007512563;0.9500292539596558;0.141269713640213
52;0.9479519128799438;0.1413612961769104;0.007462814;0.9502948522567749;0.14238616824150085
53;0.9480661749839783;0.14096400141716003;0.0074130655;0.9513265490531921;0.14200960099697113
54;0.9480887651443481;0.1411319375038147;0.0073633166;0.9502358436584473;0.14217230677604675
55;0.9478954076766968;0.14148029685020447;0.0073135677;0.9507959485054016;0.1392677277326584
56;0.9479517936706543;0.1410747766494751;0.007263819;0.9513856172561646;0.14019694924354553
57;0.9479552507400513;0.1408679038286209;0.0072140703;0.9502652883529663;0.1425100862979889
58;0.9479609727859497;0.14093858003616333;0.007164322;0.9505895972251892;0.1395111083984375
59;0.9477900862693787;0.1409783959388733;0.007114573;0.951385498046875;0.14051960408687592
60;0.9484109282493591;0.14052097499370575;0.007064824;0.9513561129570007;0.1402944028377533
61;0.9479068517684937;0.1403762698173523;0.0070150755;0.9510613679885864;0.1394188106060028
62;0.947995126247406;0.14032894372940063;0.0069653266;0.9510611891746521;0.13983465731143951
63;0.9479125738143921;0.1405629962682724;0.0069155777;0.9510025382041931;0.1411443054676056
64;0.9481800198554993;0.1401985138654709;0.006865829;0.9500885605812073;0.14246241748332977
65;0.9479467272758484;0.1403612196445465;0.0068160803;0.950855016708374;0.1393592357635498
66;0.9482258558273315;0.1403815746307373;0.006766332;0.9511497616767883;0.14016148447990417
67;0.9478757381439209;0.1401396542787552;0.006716583;0.951827883720398;0.13835161924362183
68;0.9478614926338196;0.14047451317310333;0.006666834;0.949705183506012;0.14247281849384308
69;0.9481970071792603;0.14019134640693665;0.0066170855;0.9511498212814331;0.1408521831035614
70;0.948348343372345;0.13989034295082092;0.0065673366;0.9494399428367615;0.1445990651845932
71;0.9480692148208618;0.13987627625465393;0.006517588;0.9496461153030396;0.1429283320903778
72;0.9480041265487671;0.13963891565799713;0.0064678392;0.949557900428772;0.14395293593406677
73;0.9481920003890991;0.13981254398822784;0.0064180903;0.9505013227462769;0.14185136556625366
74;0.9482659101486206;0.1398116499185562;0.006368342;0.950619101524353;0.1439279466867447
75;0.9485581517219543;0.13958078622817993;0.006318593;0.9508844017982483;0.1425449103116989
76;0.9485927224159241;0.1395844668149948;0.006268844;0.9503244161605835;0.1427694857120514
77;0.9484138488769531;0.13970281183719635;0.0062190956;0.9497641324996948;0.1419413834810257
78;0.9484621286392212;0.13908697664737701;0.0061693466;0.9506189823150635;0.14043769240379333
79;0.9485165476799011;0.13923294842243195;0.006119598;0.9494988322257996;0.14355865120887756
80;0.948738157749176;0.1394074410200119;0.0060698492;0.9500293135643005;0.14346273243427277
81;0.9484422206878662;0.13942131400108337;0.0060201003;0.9511792063713074;0.14098970592021942
82;0.9484533667564392;0.13883709907531738;0.005970352;0.9495874047279358;0.14148588478565216
83;0.9482650756835938;0.13932132720947266;0.005920603;0.9505307078361511;0.14130067825317383
84;0.9485334157943726;0.13875721395015717;0.0058708545;0.9515625834465027;0.13809239864349365
85;0.9484617114067078;0.13872669637203217;0.0058211056;0.9504421353340149;0.14041836559772491
86;0.9486332535743713;0.13874562084674835;0.0057713566;0.9508255124092102;0.13985107839107513
87;0.9483675956726074;0.13878467679023743;0.005721608;0.9507666826248169;0.14030425250530243
88;0.9485253095626831;0.13876524567604065;0.0056718593;0.9510318636894226;0.13846606016159058
89;0.9484906196594238;0.13839474320411682;0.0056221103;0.9516510367393494;0.13707073032855988
90;0.9483823776245117;0.13885051012039185;0.005572362;0.9509139657020569;0.13922660052776337
91;0.948909342288971;0.1383890062570572;0.005522613;0.9504717588424683;0.13988161087036133
92;0.9484937191009521;0.13880732655525208;0.0054728645;0.9514150619506836;0.1364060938358307
93;0.9487836360931396;0.13850004971027374;0.0054231156;0.9513856172561646;0.1367957890033722
94;0.9488150477409363;0.13862328231334686;0.0053733666;0.9496756792068481;0.1398037225008011
95;0.94849693775177;0.13886824250221252;0.005323618;0.9513857364654541;0.1380084604024887
96;0.9483274221420288;0.1385805755853653;0.0052738693;0.9514740109443665;0.1354999840259552
97;0.9486867189407349;0.13839590549468994;0.005224121;0.951267659664154;0.1383446753025055
98;0.9488067030906677;0.13792268931865692;0.005174372;0.9509434103965759;0.13741296529769897
99;0.9487926363945007;0.1381738781929016;0.005124623;0.9510318636894226;0.13631077110767365
100;0.9486585855484009;0.13791730999946594;0.0050748745;0.9519751071929932;0.13580748438835144
101;0.948556125164032;0.13835562765598297;0.0050251256;0.9522698521614075;0.13606229424476624
102;0.9487642049789429;0.1384280025959015;0.004975377;0.9510611891746521;0.1390557438135147
103;0.9487835168838501;0.13799318671226501;0.004925628;0.9520933032035828;0.13567546010017395
104;0.9483709335327148;0.13804195821285248;0.0048758793;0.951621413230896;0.1347235143184662
105;0.9489403963088989;0.13777592778205872;0.004826131;0.9517392516136169;0.13699086010456085
106;0.9488687515258789;0.13782919943332672;0.004776382;0.9519456624984741;0.1356644183397293
107;0.9486982226371765;0.1382744461297989;0.004726633;0.9516509175300598;0.1354236751794815
108;0.9490116238594055;0.13758520781993866;0.0046768845;0.952004611492157;0.13655880093574524
109;0.9486560225486755;0.13747172057628632;0.0046271356;0.951739490032196;0.13708429038524628
110;0.9489206075668335;0.13734164834022522;0.004577387;0.9515921473503113;0.136887326836586
111;0.9488836526870728;0.1376243382692337;0.004527638;0.9507369995117188;0.1377227008342743
112;0.9488559365272522;0.1375240832567215;0.0044778893;0.9519754648208618;0.1355646550655365
113;0.9488435983657837;0.13746227324008942;0.004428141;0.9519458413124084;0.1347537338733673
114;0.9488063454627991;0.13767601549625397;0.004378392;0.9518573880195618;0.13537487387657166
115;0.9490430951118469;0.1374121457338333;0.0043286434;0.9518866539001465;0.1358443945646286
116;0.9489780068397522;0.1373686045408249;0.0042788945;0.9525353908538818;0.13606485724449158
117;0.9486612677574158;0.13748575747013092;0.0042291456;0.9517098665237427;0.1361609548330307
118;0.9493733048439026;0.13656377792358398;0.004179397;0.9518573880195618;0.13554011285305023
119;0.948957622051239;0.1372673362493515;0.004129648;0.9524470567703247;0.1343737542629242
120;0.9488524198532104;0.13724499940872192;0.0040798993;0.9523289799690247;0.13556170463562012
121;0.9488837718963623;0.1371736079454422;0.004030151;0.9515624046325684;0.1357378363609314
122;0.9488474130630493;0.13670095801353455;0.003980402;0.9520342350006104;0.13443247973918915
123;0.9488726258277893;0.13687865436077118;0.0039306534;0.9523879289627075;0.13431261479854584
124;0.9490693211555481;0.1365908533334732;0.0038809045;0.9526533484458923;0.13441625237464905
125;0.949120283126831;0.13660944998264313;0.0038311558;0.9525354504585266;0.132991224527359
126;0.9490092396736145;0.137062668800354;0.0037814071;0.9528302550315857;0.13331696391105652
127;0.9489600658416748;0.13659615814685822;0.0037316582;0.9525944590568542;0.13453242182731628
128;0.9490460753440857;0.1370650976896286;0.0036819095;0.9525942802429199;0.1337977945804596
129;0.9489325881004333;0.136655792593956;0.0036321608;0.9519163966178894;0.13374769687652588
130;0.9490225911140442;0.13657289743423462;0.0035824121;0.9526534676551819;0.1338534951210022
131;0.949000358581543;0.1367809772491455;0.0035326632;0.9516215324401855;0.13487260043621063
132;0.9491450190544128;0.13642404973506927;0.0034829145;0.9517984390258789;0.13443684577941895
133;0.9492024779319763;0.13660261034965515;0.0034331658;0.95271235704422;0.13443523645401
134;0.9493793845176697;0.13622674345970154;0.0033834171;0.952505886554718;0.13455688953399658
135;0.9490771293640137;0.13635212182998657;0.0033336685;0.9523290395736694;0.13393518328666687
136;0.9490717053413391;0.13650380074977875;0.0032839195;0.9526532888412476;0.1342005878686905
137;0.9493908286094666;0.13644856214523315;0.0032341708;0.9523585438728333;0.1331515908241272
138;0.9491711258888245;0.13627955317497253;0.0031844222;0.9523288011550903;0.1340741664171219
139;0.9490143656730652;0.1364317536354065;0.0031346735;0.9518575668334961;0.13512040674686432
140;0.9492168426513672;0.13615714013576508;0.0030849245;0.952505886554718;0.1350858509540558
141;0.9496693015098572;0.13569700717926025;0.0030351758;0.951356053352356;0.13527323305606842
142;0.949122965335846;0.13646799325942993;0.0029854272;0.9517395496368408;0.1354362964630127
143;0.9491426348686218;0.1363731026649475;0.0029356785;0.9524174928665161;0.1349310278892517
144;0.9493703842163086;0.13593758642673492;0.0028859295;0.9527713656425476;0.13480378687381744
145;0.9494357109069824;0.135436549782753;0.0028361809;0.9520634412765503;0.1352359801530838
146;0.9490174055099487;0.1360192894935608;0.0027864322;0.9523584842681885;0.1346546858549118
147;0.9493678212165833;0.13533464074134827;0.0027366835;0.9515626430511475;0.13608406484127045
148;0.949521005153656;0.13561999797821045;0.0026869348;0.9526532888412476;0.13573768734931946
149;0.9490768909454346;0.13557840883731842;0.0026371859;0.951975405216217;0.1345008760690689
150;0.9489353895187378;0.13627555966377258;0.0025874372;0.9522700905799866;0.1351390928030014
151;0.9495158791542053;0.13584385812282562;0.0025376885;0.9527712464332581;0.1360424906015396
152;0.9495640993118286;0.1353697031736374;0.0024879398;0.9511201977729797;0.13674552738666534
153;0.9494590759277344;0.1357279121875763;0.0024381909;0.9519458413124084;0.13628971576690674
154;0.9496778845787048;0.1352670043706894;0.0023884422;0.9516511559486389;0.1353418081998825
155;0.9494707584381104;0.1357375532388687;0.0023386935;0.9519753456115723;0.13540752232074738
156;0.9495643973350525;0.1351758986711502;0.0022889448;0.951267659664154;0.1364457607269287
157;0.9496607780456543;0.1353330761194229;0.002239196;0.9519457817077637;0.13566631078720093
158;0.949390172958374;0.13564571738243103;0.0021894472;0.9525059461593628;0.13603012263774872
159;0.9494215846061707;0.13514089584350586;0.0021396985;0.9520047307014465;0.13571730256080627
160;0.9494897723197937;0.13512538373470306;0.0020899498;0.9520930647850037;0.13532039523124695
161;0.9492137432098389;0.1356145292520523;0.002040201;0.9515624046325684;0.13602414727210999
162;0.9494249224662781;0.1352664679288864;0.0019904522;0.9520342946052551;0.13531485199928284
163;0.94963538646698;0.13511572778224945;0.0019407035;0.9521521329879761;0.1366340070962906
164;0.9492200613021851;0.13487964868545532;0.0018909548;0.9521815180778503;0.13504016399383545
165;0.9495694041252136;0.13472294807434082;0.001841206;0.951680600643158;0.13602662086486816
166;0.949539065361023;0.13466504216194153;0.0017914573;0.9522700905799866;0.1348828375339508
167;0.9493904113769531;0.1347971260547638;0.0017417085;0.9512972831726074;0.13516761362552643
168;0.949612557888031;0.1348225474357605;0.0016919598;0.9529480934143066;0.13456182181835175
169;0.9496613144874573;0.13447754085063934;0.0016422111;0.9525352120399475;0.13401544094085693
170;0.9494388103485107;0.13509048521518707;0.0015924623;0.9527122378349304;0.13415466248989105
171;0.949695885181427;0.1344710886478424;0.0015427136;0.9523290395736694;0.13461315631866455
172;0.9496785402297974;0.13405606150627136;0.0014929648;0.9530071020126343;0.13437794148921967
173;0.9496813416481018;0.13451850414276123;0.0014432161;0.9519456028938293;0.1338878720998764
174;0.9496728777885437;0.134373277425766;0.0013934673;0.9525352120399475;0.13411861658096313
175;0.9496123790740967;0.13451571762561798;0.0013437186;0.9523879885673523;0.13437092304229736
176;0.9496384859085083;0.13468021154403687;0.0012939698;0.9517391920089722;0.13369034230709076
177;0.9495300054550171;0.13428844511508942;0.0012442211;0.9519161581993103;0.1340261697769165
178;0.9496493935585022;0.13458004593849182;0.0011944723;0.9525353312492371;0.1337224394083023
179;0.9497523307800293;0.13431745767593384;0.0011447236;0.9524176120758057;0.13423778116703033
180;0.9495220184326172;0.13473467528820038;0.0010949749;0.9521522521972656;0.1334538608789444
181;0.9498830437660217;0.13411852717399597;0.0010452261;0.9524761438369751;0.13350605964660645
182;0.9497437477111816;0.13416355848312378;0.0009954774;0.9521521329879761;0.13399843871593475
183;0.9496756792068481;0.13393361866474152;0.0009457286;0.9524174332618713;0.13325349986553192
184;0.9499343037605286;0.13404692709445953;0.0008959799;0.9523290395736694;0.13412174582481384
185;0.9498233795166016;0.1339198648929596;0.0008462312;0.9522112011909485;0.13332781195640564
186;0.9497121572494507;0.13380365073680878;0.00079648243;0.9523879289627075;0.1335606575012207
187;0.9495497345924377;0.13442230224609375;0.0007467337;0.9525648951530457;0.13340608775615692
188;0.9497861266136169;0.13349512219429016;0.00069698493;0.9524174332618713;0.13406965136528015
189;0.9496415257453918;0.13397110998630524;0.0006472362;0.9520047307014465;0.134445458650589
190;0.9495182633399963;0.13416248559951782;0.00059748744;0.9522995352745056;0.13375017046928406
191;0.9497864842414856;0.133620947599411;0.0005477387;0.9524763822555542;0.13361874222755432
192;0.9496583938598633;0.13397100567817688;0.00049798994;0.9526532888412476;0.1334017515182495
193;0.9498997330665588;0.1335991770029068;0.00044824122;0.9524763822555542;0.13368043303489685
194;0.9497352838516235;0.1336929053068161;0.00039849247;0.9526237845420837;0.13401608169078827
195;0.949604332447052;0.13380789756774902;0.00034874372;0.9519457817077637;0.13518200814723969
196;0.9497807025909424;0.13346409797668457;0.00029899497;0.9528597593307495;0.13322949409484863
197;0.949695348739624;0.13375413417816162;0.00024924622;0.9525943994522095;0.13409140706062317
198;0.9499431252479553;0.13346679508686066;0.00019949749;0.9522994160652161;0.1338651180267334
199;0.9497779011726379;0.13366186618804932;0.00014974874;0.9524174332618713;0.13386279344558716
