epoch;binary_accuracy;loss;lr;val_binary_accuracy;val_loss
0;0.9407987594604492;0.1713091880083084;0.01;0.9185731410980225;0.31762105226516724
1;0.946633517742157;0.1504531353712082;0.01;0.888708770275116;0.339152991771698
2;0.9477555751800537;0.14638400077819824;0.009950251;0.9265622496604919;0.2732568085193634
3;0.9483309388160706;0.14476795494556427;0.009900503;0.9280070066452026;0.2448900043964386
4;0.9486353397369385;0.1442278027534485;0.0098507535;0.9480248093605042;0.1568315029144287
5;0.9486525654792786;0.14347988367080688;0.009801005;0.92647385597229;0.2922458350658417
6;0.9489062428474426;0.1424185037612915;0.009751257;0.92647385597229;0.25751039385795593
7;0.9490544199943542;0.14158576726913452;0.009701507;0.9463443160057068;0.15773409605026245
8;0.9491259455680847;0.141165629029274;0.009651759;0.8984670042991638;0.33890458941459656
9;0.9492680430412292;0.1411089301109314;0.00960201;0.9494986534118652;0.14568477869033813
10;0.9494704008102417;0.14012601971626282;0.009552261;0.9450473189353943;0.15673120319843292
11;0.949834942817688;0.1392863690853119;0.009502512;0.9501768350601196;0.1484237015247345
12;0.9495813250541687;0.13953940570354462;0.009452764;0.9512972831726074;0.142587810754776
13;0.9495698809623718;0.138816237449646;0.0094030155;0.937264084815979;0.22761324048042297
14;0.9499003887176514;0.13818734884262085;0.009353266;0.9496757984161377;0.14344441890716553
15;0.9500425457954407;0.13805559277534485;0.009303518;0.9416273832321167;0.19915209710597992
16;0.9500659108161926;0.13756021857261658;0.009253769;0.9511792063713074;0.1406129151582718
17;0.950099766254425;0.1375460922718048;0.00920402;0.9517096877098083;0.14058458805084229
18;0.9499912858009338;0.13743014633655548;0.009154271;0.948113203048706;0.16360172629356384
19;0.9503419399261475;0.13657249510288239;0.009104523;0.9494694471359253;0.1452830284833908
20;0.9500004053115845;0.13669848442077637;0.0090547735;0.9456661939620972;0.1621633768081665
21;0.950404703617096;0.13621708750724792;0.009005025;0.9464326500892639;0.1507161557674408
22;0.9503387212753296;0.13598108291625977;0.008955277;0.9470518827438354;0.15721197426319122
23;0.950469970703125;0.1356348991394043;0.008905527;0.9469929337501526;0.15493479371070862
24;0.9505811333656311;0.13534137606620789;0.008855779;0.9522109627723694;0.13427039980888367
25;0.9506095051765442;0.13524512946605682;0.00880603;0.9497345685958862;0.14748984575271606
26;0.950572669506073;0.1352783590555191;0.008756282;0.9462265372276306;0.1509469449520111
27;0.9507662653923035;0.1348995417356491;0.008706532;0.9505306482315063;0.13540861010551453
28;0.9506667852401733;0.13465556502342224;0.008656784;0.951591968536377;0.13573284447193146
29;0.9506152868270874;0.13434338569641113;0.0086070355;0.9248231053352356;0.20364853739738464
30;0.9508800506591797;0.13397216796875;0.008557286;0.9459611177444458;0.14978690445423126
31;0.9508690237998962;0.1334877908229828;0.008507538;0.9505601525306702;0.1373763233423233
32;0.95120769739151;0.13324671983718872;0.008457789;0.9507957100868225;0.1368989199399948
33;0.9509650468826294;0.13337886333465576;0.00840804;0.9488798379898071;0.14513671398162842
34;0.9507006406784058;0.13356667757034302;0.008358291;0.9513265490531921;0.1316099911928177
35;0.9513043761253357;0.13285347819328308;0.008308543;0.9520047307014465;0.13230831921100616
36;0.9512619972229004;0.13274352252483368;0.008258794;0.9524765014648438;0.13283659517765045
37;0.9509647488594055;0.13296784460544586;0.008209045;0.9513266086578369;0.13456355035305023
38;0.9510676264762878;0.13250304758548737;0.008159297;0.9519753456115723;0.13413134217262268
39;0.9509512782096863;0.13238705694675446;0.008109548;0.951975405216217;0.13210858404636383
40;0.9512616395950317;0.13193486630916595;0.008059799;0.953242838382721;0.12918764352798462
41;0.9510706067085266;0.13202549517154694;0.00801005;0.9520048499107361;0.13384529948234558
42;0.9514243006706238;0.13214197754859924;0.007960302;0.9509732127189636;0.13334684073925018
43;0.9516003131866455;0.13157504796981812;0.007910552;0.952122688293457;0.1317562311887741
44;0.9515666961669922;0.1316804140806198;0.007860804;0.951002299785614;0.1331234723329544
45;0.9515095353126526;0.13137240707874298;0.007811055;0.9483784437179565;0.14034569263458252
46;0.9515975117683411;0.13141833245754242;0.0077613066;0.9525353908538818;0.1301412731409073
47;0.9513986110687256;0.13124839961528778;0.0077115577;0.9448999166488647;0.15190686285495758
48;0.9515634775161743;0.1311519593000412;0.007661809;0.9515033960342407;0.13263539969921112
49;0.9513729214668274;0.13091273605823517;0.0076120603;0.9520343542098999;0.1321905553340912
50;0.9517061114311218;0.13071022927761078;0.0075623114;0.9514445066452026;0.13014523684978485
51;0.9517455697059631;0.1310439556837082;0.007512563;0.9473170638084412;0.14686065912246704
52;0.9520050287246704;0.13023704290390015;0.007462814;0.9501769542694092;0.1369478851556778
53;0.9517509341239929;0.1300281435251236;0.0074130655;0.9517691135406494;0.1328616589307785
54;0.9520561099052429;0.13000795245170593;0.0073633166;0.9482312202453613;0.1453791707754135
55;0.9519765377044678;0.13009271025657654;0.0073135677;0.9518867135047913;0.13547392189502716
56;0.9518141150474548;0.13009370863437653;0.007263819;0.9517982006072998;0.13209562003612518
57;0.9518938064575195;0.1298484057188034;0.0072140703;0.9515036344528198;0.13189607858657837
58;0.9518654346466064;0.13018721342086792;0.007164322;0.9528301358222961;0.13229475915431976
59;0.9517713785171509;0.12990403175354004;0.007114573;0.9533903002738953;0.12846429646015167
60;0.9517711997032166;0.12946689128875732;0.007064824;0.953478991985321;0.13039806485176086
61;0.9522212147712708;0.1293846070766449;0.0070150755;0.9535082578659058;0.13059313595294952
62;0.952064573764801;0.129276841878891;0.0069653266;0.9516805410385132;0.1359940767288208
63;0.9519277215003967;0.12986823916435242;0.0069155777;0.9524176716804504;0.1290978342294693
64;0.9523501396179199;0.12915463745594025;0.006865829;0.9525057077407837;0.13108167052268982
65;0.951981782913208;0.12978245317935944;0.0068160803;0.9519753456115723;0.13382069766521454
66;0.9522098302841187;0.128938689827919;0.006766332;0.9522404670715332;0.1348605453968048
67;0.9519191384315491;0.12933853268623352;0.006716583;0.952476441860199;0.13127648830413818
68;0.9522699117660522;0.12942416965961456;0.006666834;0.9515919089317322;0.1304503083229065
69;0.9518883228302002;0.12893344461917877;0.0066170855;0.9524762630462646;0.13241109251976013
70;0.9522388577461243;0.1290837973356247;0.0065673366;0.9511792659759521;0.13353018462657928
71;0.952141523361206;0.1289823055267334;0.006517588;0.9511792659759521;0.1338614672422409
72;0.9521245360374451;0.12840695679187775;0.0064678392;0.9472876787185669;0.14385659992694855
73;0.9520785808563232;0.12894223630428314;0.0064180903;0.9499114155769348;0.13499894738197327
74;0.9521390795707703;0.12894964218139648;0.006368342;0.9465508460998535;0.14277967810630798
75;0.9522130489349365;0.12874461710453033;0.006318593;0.9457842707633972;0.14597584307193756
76;0.9523470401763916;0.12836715579032898;0.006268844;0.9450175166130066;0.14562518894672394
77;0.9522244334220886;0.128440260887146;0.0062190956;0.9497641324996948;0.13585996627807617
78;0.9523558020591736;0.12823854386806488;0.0061693466;0.9464917182922363;0.14262035489082336
79;0.9525631666183472;0.12792854011058807;0.006119598;0.9471994042396545;0.1429482251405716
80;0.9526630640029907;0.1281462013721466;0.0060698492;0.943543553352356;0.14789681136608124
81;0.9523040652275085;0.12835662066936493;0.0060201003;0.9498229622840881;0.1369878649711609
82;0.9525606036186218;0.1278696060180664;0.005970352;0.9471699595451355;0.14195990562438965
83;0.9525946378707886;0.1277657002210617;0.005920603;0.9427770972251892;0.15261268615722656
84;0.9523154497146606;0.1279258131980896;0.0058708545;0.9486145377159119;0.13692590594291687
85;0.9526913166046143;0.12748920917510986;0.0058211056;0.9526239037513733;0.13074271380901337
86;0.9526578783988953;0.12774845957756042;0.0057713566;0.9497936964035034;0.13637329638004303
87;0.9526223540306091;0.12729302048683167;0.005721608;0.9521521329879761;0.13200344145298004
88;0.9524689316749573;0.127412810921669;0.0056718593;0.949852705001831;0.13563506305217743
89;0.9527935981750488;0.12681502103805542;0.0056221103;0.9516804814338684;0.13272646069526672
90;0.952588677406311;0.12741312384605408;0.005572362;0.951267659664154;0.1324874758720398
91;0.9526771306991577;0.12705117464065552;0.005522613;0.9498229622840881;0.14023712277412415
92;0.9526830911636353;0.12722410261631012;0.0054728645;0.9479068517684937;0.13947458565235138
93;0.9527712464332581;0.12682588398456573;0.0054231156;0.9531248807907104;0.12808455526828766
94;0.9529531002044678;0.1271001249551773;0.0053733666;0.9503539204597473;0.13285726308822632
95;0.9524574875831604;0.12717683613300323;0.005323618;0.9520344734191895;0.1317613422870636
96;0.9528394341468811;0.12711825966835022;0.0052738693;0.9504716992378235;0.13414733111858368
97;0.9525948762893677;0.12707073986530304;0.005224121;0.9493514895439148;0.13768652081489563
98;0.9530412554740906;0.126254141330719;0.005174372;0.9517097473144531;0.13132089376449585
99;0.9529820680618286;0.12651421129703522;0.005124623;0.9507369995117188;0.13125863671302795
100;0.9526486396789551;0.12685106694698334;0.0050748745;0.9491450190544128;0.13849829137325287
101;0.9526947736740112;0.12655368447303772;0.0050251256;0.9526237845420837;0.12760981917381287
102;0.9529276490211487;0.12662629783153534;0.004975377;0.9526239037513733;0.12886087596416473
103;0.9527987837791443;0.12649936974048615;0.004925628;0.9514444470405579;0.13091669976711273
104;0.9530134201049805;0.12653771042823792;0.0048758793;0.953242838382721;0.1275101602077484
105;0.9531300067901611;0.12618890404701233;0.004826131;0.951650857925415;0.13211333751678467
106;0.953007161617279;0.12609414756298065;0.004776382;0.9528889060020447;0.12982092797756195
107;0.9531611800193787;0.12633253633975983;0.004726633;0.9535671472549438;0.12703654170036316
108;0.9526005387306213;0.12637783586978912;0.0046768845;0.9532430171966553;0.13071803748607635
109;0.9528087377548218;0.12558087706565857;0.0046271356;0.9532429575920105;0.12917941808700562
110;0.9531500339508057;0.1259411722421646;0.004577387;0.9518279433250427;0.1287047564983368
111;0.9530304074287415;0.12624002993106842;0.004527638;0.9538031816482544;0.1282200962305069
112;0.9534515142440796;0.12561869621276855;0.0044778893;0.9530954957008362;0.1307009905576706
113;0.9529590010643005;0.1259683072566986;0.004428141;0.9533314108848572;0.12775781750679016
114;0.9529333114624023;0.1261111944913864;0.004378392;0.9526829123497009;0.1276462972164154
115;0.9531919956207275;0.12593594193458557;0.0043286434;0.9534787535667419;0.1266886293888092
116;0.9531158804893494;0.1256173700094223;0.0042788945;0.9533313512802124;0.1267833411693573
117;0.9532755017280579;0.12552747130393982;0.0042291456;0.9527415633201599;0.1284344494342804
118;0.9530215263366699;0.12556499242782593;0.004179397;0.9517689943313599;0.1296483874320984
119;0.9532465934753418;0.12527082860469818;0.004129648;0.9526236057281494;0.12738506495952606
120;0.9533209204673767;0.1254994124174118;0.0040798993;0.9523585438728333;0.1303987354040146
121;0.953403115272522;0.1256999373435974;0.004030151;0.95339035987854;0.12880313396453857
122;0.9529445767402649;0.1253746747970581;0.003980402;0.9527415633201599;0.1270739585161209
123;0.9534541964530945;0.12535980343818665;0.0039306534;0.9532135128974915;0.12758615612983704
124;0.9532983303070068;0.12488193809986115;0.0038809045;0.9514739513397217;0.12828390300273895
125;0.9531984329223633;0.12533676624298096;0.0038311558;0.9529480338096619;0.12718181312084198
126;0.9531582593917847;0.12550532817840576;0.0037814071;0.9534492492675781;0.12705494463443756
127;0.9532526135444641;0.1252593845129013;0.0037316582;0.953891396522522;0.1250186711549759
128;0.9532126784324646;0.12525564432144165;0.0036819095;0.9531248807907104;0.1263205111026764
129;0.9535514116287231;0.12509958446025848;0.0036321608;0.9529775381088257;0.12634269893169403
130;0.95335453748703;0.12485916912555695;0.0035824121;0.9532135725021362;0.12614648044109344
131;0.9533920884132385;0.12456963956356049;0.0035326632;0.9535377025604248;0.12781652808189392
132;0.9534978270530701;0.1248403936624527;0.0034829145;0.9533020853996277;0.12621547281742096
133;0.9534603357315063;0.1246672049164772;0.0034331658;0.9536850452423096;0.1279650181531906
134;0.9536031484603882;0.1242041364312172;0.0033834171;0.9539797902107239;0.12561972439289093
135;0.9535627961158752;0.12494809925556183;0.0033336685;0.9538030624389648;0.12625469267368317
136;0.9534033536911011;0.12459820508956909;0.0032839195;0.9533608555793762;0.12836341559886932
137;0.9532403945922852;0.12459280341863632;0.0032341708;0.9538916945457458;0.12728333473205566
138;0.9535399675369263;0.12432102113962173;0.0031844222;0.953154444694519;0.1270928978919983
139;0.9536712169647217;0.12447039037942886;0.0031346735;0.952889084815979;0.13289234042167664
140;0.9537621140480042;0.12401160597801208;0.0030849245;0.9537147879600525;0.12861888110637665
141;0.9536373019218445;0.12411990761756897;0.0030351758;0.953154444694519;0.128254696726799
142;0.953514575958252;0.12410994619131088;0.0029854272;0.9525943398475647;0.12819457054138184
143;0.9534119367599487;0.12506282329559326;0.0029356785;0.9528008103370667;0.1291612982749939
144;0.9539160132408142;0.12392906844615936;0.0028859295;0.9538325071334839;0.1250462383031845
145;0.953711211681366;0.12398824095726013;0.0028361809;0.9521519541740417;0.1288592368364334
146;0.953283965587616;0.12394194304943085;0.0027864322;0.9542155861854553;0.12475379556417465
147;0.9536172747612;0.1239083781838417;0.0027366835;0.9537737369537354;0.1261238306760788
148;0.9536597728729248;0.12365757673978806;0.0026869348;0.9529186487197876;0.1278875768184662
149;0.9537168741226196;0.12378685176372528;0.0026371859;0.9532428979873657;0.1271093636751175
150;0.9536164999008179;0.12377825379371643;0.0025874372;0.95353764295578;0.12702587246894836
151;0.9535538554191589;0.12382492423057556;0.0025376885;0.9540389180183411;0.12751781940460205
152;0.953895628452301;0.12322589010000229;0.0024879398;0.9533017873764038;0.1262386292219162
153;0.9536340832710266;0.12375517189502716;0.0024381909;0.953154444694519;0.12768781185150146
154;0.9539844989776611;0.12336543202400208;0.0023884422;0.9533904194831848;0.12629498541355133
155;0.9535261988639832;0.12366391718387604;0.0023386935;0.9536556005477905;0.12686288356781006
156;0.953585684299469;0.12369560450315475;0.0022889448;0.9536263942718506;0.1261894702911377
157;0.9539902210235596;0.12328724563121796;0.002239196;0.9523879885673523;0.12750180065631866
158;0.9539902210235596;0.12327124178409576;0.0021894472;0.9540978670120239;0.1264849305152893
159;0.9540411233901978;0.1229386031627655;0.0021396985;0.9544516801834106;0.12626898288726807
160;0.9539101123809814;0.12332262843847275;0.0020899498;0.9538619518280029;0.12628808617591858
161;0.954081654548645;0.12289402633905411;0.002040201;0.9538620114326477;0.1255514919757843
162;0.9540074467658997;0.12334886938333511;0.0019904522;0.9539504647254944;0.12437357008457184
163;0.9542037844657898;0.12278261035680771;0.0019407035;0.9542452096939087;0.1268790066242218
164;0.9540128707885742;0.12274426966905594;0.0018909548;0.9537146687507629;0.12664340436458588
165;0.9539302587509155;0.12281806021928787;0.001841206;0.9540092945098877;0.12609915435314178
166;0.9538275599479675;0.12281737476587296;0.0017914573;0.9535966515541077;0.12607958912849426
167;0.95390784740448;0.12274464964866638;0.0017417085;0.9544220566749573;0.12374678999185562
168;0.9538447856903076;0.12299144268035889;0.0016919598;0.9537733793258667;0.1249348446726799
169;0.953927218914032;0.12282929569482803;0.0016422111;0.9543336629867554;0.12484464794397354
170;0.9537509083747864;0.12310277670621872;0.0015924623;0.9540978670120239;0.12494125962257385
171;0.9540215730667114;0.12265140563249588;0.0015427136;0.9541274309158325;0.12366156280040741
172;0.9539160132408142;0.12240742892026901;0.0014929648;0.9545105695724487;0.12565355002880096
173;0.9540752172470093;0.12213853746652603;0.0014432161;0.9536851644515991;0.1259227991104126
174;0.9542148113250732;0.12158530205488205;0.0013934673;0.9535968899726868;0.12589049339294434
175;0.953884482383728;0.12250518053770065;0.0013437186;0.9534492492675781;0.1258201003074646
176;0.9539874196052551;0.12256350368261337;0.0012939698;0.9545697569847107;0.12450820952653885
177;0.9542577862739563;0.12211307138204575;0.0012442211;0.9537442326545715;0.12522581219673157
178;0.9538190960884094;0.12296849489212036;0.0011944723;0.9544810652732849;0.12331283092498779
179;0.9542260766029358;0.12191183865070343;0.0011447236;0.9541863203048706;0.12434276193380356
180;0.9541432857513428;0.12231496721506119;0.0010949749;0.9545105695724487;0.12465720623731613
181;0.9541981220245361;0.1218651533126831;0.0010452261;0.9539211392402649;0.12435315549373627
182;0.9540440440177917;0.12222906947135925;0.0009954774;0.9544812440872192;0.12492307275533676
183;0.9544600248336792;0.1218508705496788;0.0009457286;0.9548642635345459;0.12361011654138565
184;0.9542556405067444;0.12156591564416885;0.0008959799;0.9543043375015259;0.12422821670770645
185;0.9544152021408081;0.12215428054332733;0.0008462312;0.9544220566749573;0.12370876967906952
186;0.9542833566665649;0.12169934809207916;0.00079648243;0.9536261558532715;0.1239330917596817
187;0.954229474067688;0.12169679999351501;0.0007467337;0.9543040990829468;0.1237054392695427
188;0.954462468624115;0.12120747566223145;0.00069698493;0.9545693397521973;0.1245860755443573
189;0.9539811611175537;0.12197039276361465;0.0006472362;0.9549528956413269;0.12446892261505127
190;0.9541125893592834;0.12205317616462708;0.00059748744;0.9548642039299011;0.12354932725429535
191;0.9545367956161499;0.12154790759086609;0.0005477387;0.9539209008216858;0.12310796231031418
192;0.9543799161911011;0.12131617218255997;0.00049798994;0.954658031463623;0.12375876307487488
193;0.954645037651062;0.12128184735774994;0.00044824122;0.954422116279602;0.12429209798574448
194;0.9547618627548218;0.12066391855478287;0.00039849247;0.9553360939025879;0.12345965206623077
195;0.954211950302124;0.12135207653045654;0.00034874372;0.954156756401062;0.12390332669019699
196;0.9545026421546936;0.1214667484164238;0.00029899497;0.9545694589614868;0.12209505587816238
197;0.9545934200286865;0.12124395370483398;0.00024924622;0.9543043375015259;0.12393542379140854
198;0.9543033838272095;0.12136474251747131;0.00019949749;0.9543043375015259;0.12341122329235077
199;0.9546056389808655;0.1211538091301918;0.00014974874;0.9536263346672058;0.1244732216000557
