epoch;binary_accuracy;loss;lr;val_binary_accuracy;val_loss
0;0.9398423433303833;0.17575980722904205;0.01;0.9382368922233582;0.21843354403972626
1;0.945050060749054;0.1549351066350937;0.01;0.9449881911277771;0.16532552242279053
2;0.9457511901855469;0.15244616568088531;0.009950251;0.9344046115875244;0.20710138976573944
3;0.9460239410400391;0.1511913686990738;0.009900503;0.9431309700012207;0.1847594976425171
4;0.9461236596107483;0.14981672167778015;0.0098507535;0.9103184342384338;0.2313704639673233
5;0.9463546872138977;0.14914469420909882;0.009801005;0.9396228194236755;0.1676398068666458
6;0.9466193914413452;0.14866125583648682;0.009751257;0.9462853074073792;0.15913653373718262
7;0.9469329714775085;0.14752429723739624;0.009701507;0.9345223903656006;0.19018231332302094
8;0.9470635056495667;0.14724376797676086;0.009651759;0.9312794804573059;0.19259946048259735
9;0.9471089839935303;0.14640557765960693;0.00960201;0.93708735704422;0.18604350090026855
10;0.9471089839935303;0.1460423618555069;0.009552261;0.9448113441467285;0.15977033972740173
11;0.94757080078125;0.14518983662128448;0.009502512;0.928272545337677;0.19144615530967712
12;0.947490930557251;0.14482995867729187;0.009452764;0.9493218660354614;0.14915098249912262
13;0.9476107358932495;0.14464318752288818;0.0094030155;0.946668803691864;0.15234141051769257
14;0.9476843476295471;0.1442471295595169;0.009353266;0.9387675523757935;0.1710614413022995
15;0.9477927088737488;0.14368510246276855;0.009303518;0.949852705001831;0.14523854851722717
16;0.9477952718734741;0.14352938532829285;0.009253769;0.9320755004882812;0.18982568383216858
17;0.9477639198303223;0.14356639981269836;0.00920402;0.9480836391448975;0.14835776388645172
18;0.9479553699493408;0.14277294278144836;0.009154271;0.9388265609741211;0.16975721716880798
19;0.9479177594184875;0.14284929633140564;0.009104523;0.9491744041442871;0.1452588587999344
20;0.9480515122413635;0.14201456308364868;0.0090547735;0.9514742493629456;0.14004196226596832
21;0.9477925300598145;0.1416540890932083;0.009005025;0.9520931839942932;0.13925188779830933
22;0.9482055902481079;0.14136488735675812;0.008955277;0.9521815180778503;0.138407364487648
23;0.9482997059822083;0.14105193316936493;0.008905527;0.9505011439323425;0.14363346993923187
24;0.948226273059845;0.14134925603866577;0.008855779;0.9507075548171997;0.14441481232643127
25;0.9483396410942078;0.14097213745117188;0.00880603;0.9352003335952759;0.18366628885269165
26;0.9484649300575256;0.14046567678451538;0.008756282;0.9499409794807434;0.1429337114095688
27;0.9484449028968811;0.1404452919960022;0.008706532;0.9500591158866882;0.14190863072872162
28;0.9487868547439575;0.14004290103912354;0.008656784;0.9518573880195618;0.13910964131355286
29;0.9482941627502441;0.14015699923038483;0.0086070355;0.9483489394187927;0.14484155178070068
30;0.9484108686447144;0.13967323303222656;0.008557286;0.9484375715255737;0.15201464295387268
31;0.9485390186309814;0.13961786031723022;0.008507538;0.9526827931404114;0.13547241687774658
32;0.9485958814620972;0.13914966583251953;0.008457789;0.9506189823150635;0.14246967434883118
33;0.9488637447357178;0.13877849280834198;0.00840804;0.9503834843635559;0.1397446095943451
34;0.9484447836875916;0.13897164165973663;0.008358291;0.951385498046875;0.1378970593214035
35;0.9488433599472046;0.13905826210975647;0.008308543;0.9521521329879761;0.13336898386478424
36;0.949079692363739;0.13830827176570892;0.008258794;0.9504422545433044;0.1399565488100052
37;0.9483997225761414;0.13880378007888794;0.008209045;0.9479363560676575;0.14663264155387878
38;0.9486353397369385;0.13896334171295166;0.008159297;0.9523289799690247;0.1375453919172287
39;0.9488949179649353;0.13784578442573547;0.008109548;0.946992814540863;0.1745859533548355
40;0.9490858912467957;0.1376081109046936;0.008059799;0.9516509175300598;0.1362304389476776
41;0.9491428732872009;0.1374506950378418;0.00801005;0.9500293135643005;0.14248621463775635
42;0.9491593241691589;0.1376027762889862;0.007960302;0.9526827335357666;0.1343926638364792
43;0.9487721920013428;0.13818742334842682;0.007910552;0.9434846639633179;0.15844537317752838
44;0.9492794871330261;0.13727694749832153;0.007860804;0.9499411582946777;0.14202770590782166
45;0.9493619203567505;0.13754531741142273;0.007811055;0.9522111415863037;0.13551068305969238
46;0.9489379525184631;0.13775531947612762;0.0077613066;0.9518574476242065;0.13589076697826385
47;0.9489006996154785;0.1376943588256836;0.0077115577;0.9517101049423218;0.13713708519935608
48;0.9488809704780579;0.13742534816265106;0.007661809;0.951326847076416;0.1372571885585785
49;0.9492341876029968;0.1370832771062851;0.0076120603;0.9519163966178894;0.13610701262950897
50;0.9489944577217102;0.13729774951934814;0.0075623114;0.951238214969635;0.13955166935920715
51;0.9496352672576904;0.1363997459411621;0.007512563;0.951592206954956;0.13639338314533234
52;0.9494132399559021;0.1366007924079895;0.007462814;0.9522701501846313;0.13618068397045135
53;0.9494391679763794;0.13633643090724945;0.0074130655;0.9525942802429199;0.13314087688922882
54;0.9494674801826477;0.13634903728961945;0.0073633166;0.9517984390258789;0.137032151222229
55;0.9492822885513306;0.13624350726604462;0.0073135677;0.9520931839942932;0.13927654922008514
56;0.9496153593063354;0.13603737950325012;0.007263819;0.952122688293457;0.13580423593521118
57;0.949626624584198;0.13636493682861328;0.0072140703;0.9512381553649902;0.1388101875782013
58;0.949552595615387;0.13597814738750458;0.007164322;0.9522993564605713;0.13298752903938293
59;0.9494959712028503;0.13573166728019714;0.007114573;0.9523880481719971;0.13328644633293152
60;0.9497722387313843;0.13551078736782074;0.007064824;0.9527712464332581;0.13383178412914276
61;0.9496837854385376;0.1355554163455963;0.0070150755;0.9524174332618713;0.13235822319984436
62;0.9495899081230164;0.13608892261981964;0.0069653266;0.9516510963439941;0.13638249039649963
63;0.9497183561325073;0.13545675575733185;0.0069155777;0.9512381553649902;0.1351785659790039
64;0.9495698809623718;0.13525307178497314;0.006865829;0.9528007507324219;0.13351833820343018
65;0.9497607946395874;0.13544026017189026;0.0068160803;0.9514445066452026;0.1368701010942459
66;0.9498889446258545;0.1351718157529831;0.006766332;0.9511790871620178;0.13557302951812744
67;0.949743390083313;0.13517865538597107;0.006716583;0.9507076144218445;0.1384732574224472
68;0.9498690366744995;0.13505950570106506;0.006666834;0.949941098690033;0.14116273820400238
69;0.9498060345649719;0.13501054048538208;0.0066170855;0.9522700905799866;0.13421490788459778
70;0.9499143958091736;0.13485859334468842;0.0065673366;0.9528889656066895;0.13292020559310913
71;0.9500540494918823;0.13468573987483978;0.006517588;0.9500294923782349;0.13928130269050598
72;0.9501227736473083;0.13452835381031036;0.0064678392;0.9513855576515198;0.13537925481796265
73;0.9498892426490784;0.13452176749706268;0.0064180903;0.9502358436584473;0.14120455086231232
74;0.9495899081230164;0.13485510647296906;0.006368342;0.9510908126831055;0.1372014880180359
75;0.9498518705368042;0.13477759063243866;0.006318593;0.9515626430511475;0.1361577957868576
76;0.9500055313110352;0.13406716287136078;0.006268844;0.9510318040847778;0.13811935484409332
77;0.9499404430389404;0.13451656699180603;0.0062190956;0.9520931839942932;0.13335715234279633
78;0.9499513506889343;0.13466930389404297;0.0061693466;0.9483196139335632;0.1428050696849823
79;0.949775755405426;0.13445699214935303;0.006119598;0.9510613083839417;0.13558827340602875
80;0.9498575329780579;0.13431894779205322;0.0060698492;0.9515624046325684;0.13702422380447388
81;0.9500429034233093;0.1343885362148285;0.0060201003;0.9507664442062378;0.13637690246105194
82;0.9499712586402893;0.13409912586212158;0.005970352;0.9512086510658264;0.13571660220623016
83;0.9501542448997498;0.13416483998298645;0.005920603;0.9521815180778503;0.1348201185464859
84;0.9501621723175049;0.13375404477119446;0.0058708545;0.9507960677146912;0.13556911051273346
85;0.9499630331993103;0.1338782161474228;0.0058211056;0.9515331983566284;0.13554581999778748
86;0.9501282572746277;0.13401804864406586;0.0057713566;0.9500001072883606;0.13762332499027252
87;0.9500999450683594;0.1335805356502533;0.005721608;0.9521225690841675;0.13361164927482605
88;0.9502620697021484;0.13366708159446716;0.0056718593;0.9516804814338684;0.135047048330307
89;0.9500707387924194;0.1335127353668213;0.0056221103;0.9524174332618713;0.13321809470653534
90;0.9505043625831604;0.1332235038280487;0.005572362;0.9525354504585266;0.13258616626262665
91;0.950007975101471;0.13358238339424133;0.005522613;0.9526827931404114;0.13197782635688782
92;0.9502472877502441;0.13343088328838348;0.0054728645;0.9502653479576111;0.13780176639556885
93;0.9505270719528198;0.13297882676124573;0.0054231156;0.9512970447540283;0.13307756185531616
94;0.950330376625061;0.13339626789093018;0.0053733666;0.9524468183517456;0.1318863332271576
95;0.9502533674240112;0.13315464556217194;0.005323618;0.951591968536377;0.13482794165611267
96;0.9504075646400452;0.13298049569129944;0.0052738693;0.9515626430511475;0.13226176798343658
97;0.9505472183227539;0.13312923908233643;0.005224121;0.9522994160652161;0.1317446529865265
98;0.9502420425415039;0.13264240324497223;0.005174372;0.9510318636894226;0.13447214663028717
99;0.9502190351486206;0.13287808001041412;0.005124623;0.9527122974395752;0.13204607367515564
100;0.9505555629730225;0.13260358572006226;0.0050748745;0.9519160985946655;0.13247960805892944
101;0.9506242871284485;0.1327998787164688;0.0050251256;0.9519163370132446;0.1327877640724182
102;0.9503673911094666;0.13295887410640717;0.004975377;0.9513265490531921;0.13305187225341797
103;0.9504243731498718;0.13271252810955048;0.004925628;0.952093243598938;0.13293121755123138
104;0.9504528641700745;0.13245142996311188;0.0048758793;0.9525353312492371;0.13277177512645721
105;0.9503046870231628;0.1325390338897705;0.004826131;0.9517393112182617;0.1326797902584076
106;0.950802743434906;0.13242602348327637;0.004776382;0.9522407650947571;0.13283705711364746
107;0.9507493376731873;0.13257461786270142;0.004726633;0.9526827335357666;0.13324078917503357
108;0.9504102468490601;0.1324031502008438;0.0046768845;0.9527122974395752;0.13084666430950165
109;0.9505153894424438;0.1324840486049652;0.0046271356;0.9524469971656799;0.1328234076499939
110;0.950512707233429;0.1323246955871582;0.004577387;0.9525648951530457;0.1323733925819397
111;0.950871467590332;0.1316528171300888;0.004527638;0.952358603477478;0.13273197412490845
112;0.9505895972251892;0.13192862272262573;0.0044778893;0.9524174928665161;0.1309928596019745
113;0.9506239891052246;0.13189660012722015;0.004428141;0.9531839489936829;0.13119740784168243
114;0.9505521059036255;0.13143856823444366;0.004378392;0.9525943994522095;0.1298125684261322
115;0.9506896138191223;0.1317765861749649;0.0043286434;0.9512085914611816;0.1328614056110382
116;0.9506638050079346;0.13185003399848938;0.0042788945;0.9520047307014465;0.13179993629455566
117;0.95068359375;0.13164758682250977;0.0042291456;0.9519456028938293;0.13481879234313965
118;0.9506748914718628;0.13159623742103577;0.004179397;0.9518572092056274;0.13355708122253418
119;0.9507942795753479;0.13111630082130432;0.004129648;0.9528596997261047;0.13077060878276825
120;0.9510704278945923;0.1311926692724228;0.0040798993;0.9530954360961914;0.13047605752944946
121;0.9506320953369141;0.1318971961736679;0.004030151;0.9511792659759521;0.1342453509569168
122;0.9511220455169678;0.13130080699920654;0.003980402;0.9518572688102722;0.13106867671012878
123;0.9507630467414856;0.13175509870052338;0.0039306534;0.951238214969635;0.1335577666759491
124;0.9505836963653564;0.1316862255334854;0.0038809045;0.9512676000595093;0.13469894230365753
125;0.9506779313087463;0.13120540976524353;0.0038311558;0.9524763822555542;0.13239844143390656
126;0.9509428143501282;0.13132373988628387;0.0037814071;0.9517689347267151;0.13119475543498993
127;0.9506264925003052;0.13126415014266968;0.0037316582;0.9517985582351685;0.13028421998023987
128;0.9507463574409485;0.1313295215368271;0.0036819095;0.9526827335357666;0.13094072043895721
129;0.9509934186935425;0.13128554821014404;0.0036321608;0.9526828527450562;0.1301405131816864
130;0.9510511755943298;0.13125509023666382;0.0035824121;0.9522994160652161;0.13099853694438934
131;0.9507976174354553;0.13083982467651367;0.0035326632;0.9528301954269409;0.13096240162849426
132;0.9511706233024597;0.13093151152133942;0.0034829145;0.9527713060379028;0.13170379400253296
133;0.9512306451797485;0.1305759847164154;0.0034331658;0.9527710676193237;0.13014435768127441
134;0.9509772062301636;0.13090956211090088;0.0033834171;0.9521225094795227;0.13153250515460968
135;0.9511162638664246;0.13066533207893372;0.0033336685;0.9528301358222961;0.13096003234386444
136;0.951068103313446;0.13069692254066467;0.0032839195;0.9529481530189514;0.13046795129776
137;0.9511733055114746;0.1305178552865982;0.0032341708;0.9520341157913208;0.1328372061252594
138;0.9514471292495728;0.13051727414131165;0.0031844222;0.9521817564964294;0.13054662942886353
139;0.9507028460502625;0.13087286055088043;0.0031346735;0.95285964012146;0.12985435128211975
140;0.9509343504905701;0.13035500049591064;0.0030849245;0.9520933628082275;0.1313628852367401
141;0.9511826634407043;0.13040503859519958;0.0030351758;0.9532723426818848;0.1297537088394165
142;0.9509738683700562;0.13076260685920715;0.0029854272;0.9524471163749695;0.1322789341211319
143;0.9510416984558105;0.13021418452262878;0.0029356785;0.952093243598938;0.13133159279823303
144;0.9511622786521912;0.13005781173706055;0.0028859295;0.9526238441467285;0.1312602460384369
145;0.9509623646736145;0.13041247427463531;0.0028361809;0.9529480934143066;0.13159455358982086
146;0.951310396194458;0.12993529438972473;0.0027864322;0.9522993564605713;0.1310940980911255
147;0.9513218402862549;0.1298288255929947;0.0027366835;0.9521814584732056;0.13197872042655945
148;0.9512786865234375;0.129307821393013;0.0026869348;0.9516507983207703;0.13398949801921844
149;0.9511246085166931;0.13016438484191895;0.0026371859;0.9518870115280151;0.1313103586435318
150;0.9512839913368225;0.13033537566661835;0.0025874372;0.95271235704422;0.13057611882686615
151;0.9512245059013367;0.12961238622665405;0.0025376885;0.9520636796951294;0.1327834129333496
152;0.9512298107147217;0.12983426451683044;0.0024879398;0.951827883720398;0.13121280074119568
153;0.951204240322113;0.12989555299282074;0.0024381909;0.9524173140525818;0.13111944496631622
154;0.9513872861862183;0.12953494489192963;0.0023884422;0.9513561129570007;0.13233722746372223
155;0.951290488243103;0.12935583293437958;0.0023386935;0.9522405862808228;0.13440144062042236
156;0.9515979886054993;0.12937666475772858;0.0022889448;0.9524174332618713;0.13084857165813446
157;0.9512959122657776;0.12950024008750916;0.002239196;0.9511792063713074;0.13306868076324463
158;0.9515324234962463;0.12897560000419617;0.0021894472;0.9522994160652161;0.13018271327018738
159;0.9512556195259094;0.1292296051979065;0.0021396985;0.9509434700012207;0.13144397735595703
160;0.9510992169380188;0.1295430064201355;0.0020899498;0.9513857364654541;0.13296060264110565
161;0.9512675404548645;0.12912285327911377;0.002040201;0.9520933032035828;0.13121101260185242
162;0.9515320062637329;0.12915436923503876;0.0019904522;0.9521521329879761;0.13170163333415985
163;0.9517230987548828;0.12917213141918182;0.0019407035;0.9524467587471008;0.1305847018957138
164;0.9515784978866577;0.1287701278924942;0.0018909548;0.9520342350006104;0.1329236924648285
165;0.9515602588653564;0.12908580899238586;0.001841206;0.9523289799690247;0.13072068989276886
166;0.9518763422966003;0.12900440394878387;0.0017914573;0.952505886554718;0.1316453069448471
167;0.9512789845466614;0.12900255620479584;0.0017417085;0.9520342350006104;0.1309162825345993
168;0.951894223690033;0.12834183871746063;0.0016919598;0.9528596997261047;0.12916332483291626
169;0.9517996907234192;0.12906840443611145;0.0016422111;0.9527122974395752;0.12832415103912354
170;0.951682984828949;0.12865695357322693;0.0015924623;0.9523290395736694;0.12939001619815826
171;0.9517425894737244;0.12877093255519867;0.0015427136;0.953095555305481;0.12956009805202484
172;0.9516380429267883;0.12894806265830994;0.0014929648;0.9525353908538818;0.12934887409210205
173;0.9514556527137756;0.12871678173542023;0.0014432161;0.952122688293457;0.12954995036125183
174;0.9517972469329834;0.1285935342311859;0.0013934673;0.9517690539360046;0.13017955422401428
175;0.9515354633331299;0.12872488796710968;0.0013437186;0.9530954957008362;0.1291629523038864
176;0.9515185356140137;0.1285506933927536;0.0012939698;0.9524762630462646;0.1283157467842102
177;0.9518740773200989;0.1278686672449112;0.0012442211;0.9527416825294495;0.12920120358467102
178;0.9516745209693909;0.1283649504184723;0.0011944723;0.9527417421340942;0.12887415289878845
179;0.9514186382293701;0.12828069925308228;0.0011447236;0.9526533484458923;0.12948757410049438
180;0.9518713355064392;0.1276841163635254;0.0010949749;0.9533312320709229;0.12838029861450195
181;0.9517314434051514;0.12884621322155;0.0010452261;0.952476441860199;0.12976771593093872
182;0.9518285989761353;0.127959206700325;0.0009954774;0.9527712464332581;0.1294240951538086
183;0.9517541527748108;0.12823784351348877;0.0009457286;0.9520635008811951;0.13062214851379395
184;0.9517686367034912;0.12806938588619232;0.0008959799;0.9524174332618713;0.13018855452537537
185;0.9517375826835632;0.1276485025882721;0.0008462312;0.9528007507324219;0.12896476686000824
186;0.95177161693573;0.1281960904598236;0.00079648243;0.9527417421340942;0.1296350061893463
187;0.9519821405410767;0.12818215787410736;0.0007467337;0.9528301954269409;0.12919189035892487
188;0.9516544938087463;0.1276627629995346;0.00069698493;0.9534198045730591;0.12874220311641693
189;0.951834499835968;0.12751442193984985;0.0006472362;0.9533312320709229;0.12939158082008362
190;0.9518972039222717;0.12774434685707092;0.00059748744;0.9525648951530457;0.12864890694618225
191;0.9522324204444885;0.12760226428508759;0.0005477387;0.9522112011909485;0.12950390577316284
192;0.9516948461532593;0.12763619422912598;0.00049798994;0.9540978074073792;0.12804600596427917
193;0.9520673155784607;0.12745195627212524;0.00044824122;0.952476441860199;0.13002312183380127
194;0.9518285989761353;0.12769168615341187;0.00039849247;0.9528301358222961;0.12905184924602509
195;0.9517718553543091;0.12781406939029694;0.00034874372;0.9526237845420837;0.12905804812908173
196;0.9518257975578308;0.1273166835308075;0.00029899497;0.9536556005477905;0.12898296117782593
197;0.9516888856887817;0.12795957922935486;0.00024924622;0.9530659914016724;0.12927669286727905
198;0.9521249532699585;0.127041757106781;0.00019949749;0.9532427787780762;0.12927894294261932
199;0.952076256275177;0.1272638440132141;0.00014974874;0.9528301954269409;0.13035516440868378
