epoch;binary_accuracy;loss;lr;val_binary_accuracy;val_loss
0;0.9443878531455994;0.1615029275417328;0.01;0.9398584365844727;0.16584448516368866
1;0.9520704746246338;0.13294757902622223;0.01;0.9209904670715332;0.23865215480327606
2;0.9533979892730713;0.1281348317861557;0.009950251;0.9539209008216858;0.13546307384967804
3;0.9542576670646667;0.1254049837589264;0.009900503;0.9568985104560852;0.12467366456985474
4;0.9547480344772339;0.12365742027759552;0.0098507535;0.9500884413719177;0.1409868597984314
5;0.9554088711738586;0.1223231852054596;0.009801005;0.949528157711029;0.14013800024986267
6;0.9555371403694153;0.12126066535711288;0.009751257;0.9427769780158997;0.161073699593544
7;0.9556593894958496;0.12007404863834381;0.009701507;0.9387383460998535;0.1746176928281784
8;0.9560206532478333;0.11934702098369598;0.009651759;0.951149582862854;0.1380535513162613
9;0.9559777975082397;0.11886747926473618;0.00960201;0.9504127502441406;0.1438826024532318
10;0.9562065601348877;0.11764650791883469;0.009552261;0.9507958292961121;0.14671234786510468
11;0.9565811157226562;0.11667469143867493;0.009502512;0.9522700905799866;0.14290864765644073
12;0.9565962553024292;0.11639630794525146;0.009452764;0.9555718898773193;0.12584276497364044
13;0.9571058750152588;0.11588984727859497;0.0094030155;0.9576945900917053;0.11916346848011017
14;0.9570316672325134;0.11482561379671097;0.009353266;0.9507960081100464;0.14312955737113953
15;0.9574021697044373;0.11438281089067459;0.009303518;0.9529482126235962;0.13554121553897858
16;0.9574964046478271;0.11433851718902588;0.009253769;0.9571637511253357;0.11994469910860062
17;0.9574536681175232;0.11360418796539307;0.00920402;0.9295106530189514;0.18687909841537476
18;0.9576724767684937;0.11303520202636719;0.009154271;0.9521224498748779;0.13591572642326355
19;0.9577840566635132;0.11320828646421432;0.009104523;0.9543338418006897;0.12846539914608002
20;0.9577814340591431;0.11251909285783768;0.0090547735;0.9473170638084412;0.16089829802513123
21;0.957780659198761;0.111966073513031;0.009005025;0.9552477598190308;0.12327449023723602
22;0.9583073258399963;0.11149461567401886;0.008955277;0.9571637511253357;0.12083812057971954
23;0.9582396745681763;0.11088770627975464;0.008905527;0.945076584815979;0.15740764141082764
24;0.9583642482757568;0.11082842200994492;0.008855779;0.9518279433250427;0.13709935545921326
25;0.9578262567520142;0.11106168478727341;0.00880603;0.9370578527450562;0.17796741425991058
26;0.9582674503326416;0.11078792065382004;0.008756282;0.9535081386566162;0.13149556517601013
27;0.9581454396247864;0.11060471087694168;0.008706532;0.9497053027153015;0.1388121247291565
28;0.9585814476013184;0.10979455709457397;0.008656784;0.9540093541145325;0.12934009730815887
29;0.9586438536643982;0.10992690175771713;0.0086070355;0.9549233913421631;0.12396665662527084
30;0.9589200615882874;0.10909948498010635;0.008557286;0.9547759294509888;0.1260281652212143
31;0.9586211442947388;0.10949300229549408;0.008507538;0.9591687321662903;0.11778785288333893
32;0.959056556224823;0.10894768685102463;0.008457789;0.959876298904419;0.11364156007766724
33;0.9589145183563232;0.10876638442277908;0.00840804;0.9570460915565491;0.11855729669332504
34;0.9591333270072937;0.10851810872554779;0.008358291;0.9257665872573853;0.2021716833114624
35;0.9588117003440857;0.10818129032850266;0.008308543;0.9591980576515198;0.11587238311767578
36;0.9591959714889526;0.1077919751405716;0.008258794;0.9577831029891968;0.11947769671678543
37;0.9592560529708862;0.10792851448059082;0.008209045;0.9546581506729126;0.12421814352273941
38;0.9591077566146851;0.10767538845539093;0.008159297;0.9577239155769348;0.12534914910793304
39;0.9592162370681763;0.10764363408088684;0.008109548;0.9432488083839417;0.1500082165002823
40;0.9591646194458008;0.10781855136156082;0.008059799;0.9435729384422302;0.1506805568933487
41;0.9591163396835327;0.10758683830499649;0.00801005;0.9521521329879761;0.13111625611782074
42;0.9594329595565796;0.1073092371225357;0.007960302;0.958785355091095;0.11642636358737946
43;0.959162175655365;0.10734907537698746;0.007910552;0.9574882984161377;0.12437110394239426
44;0.9596662521362305;0.10663368552923203;0.007860804;0.9414210915565491;0.16121956706047058
45;0.9593640565872192;0.10660018026828766;0.007811055;0.939239501953125;0.16585269570350647
46;0.959540605545044;0.10668826848268509;0.0077613066;0.9567808508872986;0.1195671483874321
47;0.9597917199134827;0.1060369536280632;0.0077115577;0.954658031463623;0.12531886994838715
48;0.9596521258354187;0.10607186704874039;0.007661809;0.9591391086578369;0.11423363536596298
49;0.9597600102424622;0.106257863342762;0.0076120603;0.9474056959152222;0.14622323215007782
50;0.9597122073173523;0.10600887984037399;0.0075623114;0.9546284079551697;0.12219873815774918
51;0.9594557285308838;0.10621850192546844;0.007512563;0.9549528360366821;0.12354282289743423
52;0.9596662521362305;0.10570121556520462;0.007462814;0.9570165872573853;0.11911970376968384
53;0.9598399996757507;0.105106420814991;0.0074130655;0.9565446376800537;0.1218087375164032
54;0.9598888754844666;0.10562398284673691;0.0073633166;0.9504716396331787;0.13567325472831726
55;0.9601932168006897;0.10480453073978424;0.0073135677;0.9507665038108826;0.1314486414194107
56;0.9600531458854675;0.10491716861724854;0.007263819;0.9580188393592834;0.11697755008935928
57;0.9603500962257385;0.1043948233127594;0.0072140703;0.948732316493988;0.13422439992427826
58;0.9599116444587708;0.1049802154302597;0.007164322;0.958195686340332;0.11680582910776138
59;0.9606857299804688;0.10413381457328796;0.007114573;0.9560141563415527;0.12320363521575928
60;0.9600648283958435;0.10465055704116821;0.007064824;0.9519163370132446;0.13330410420894623
61;0.9602187275886536;0.10430674254894257;0.0070150755;0.9583137035369873;0.11571153253316879
62;0.9602155685424805;0.10424739867448807;0.0069653266;0.9574292898178101;0.12002386152744293
63;0.9603351950645447;0.10395259410142899;0.0069155777;0.9590212106704712;0.11488910019397736
64;0.9602554440498352;0.10427455604076385;0.006865829;0.9580188989639282;0.11709312349557877
65;0.9600370526313782;0.10396287590265274;0.0068160803;0.9590210914611816;0.11295975744724274
66;0.9601792097091675;0.10378933697938919;0.006766332;0.9588147401809692;0.11404057592153549
67;0.9602926969528198;0.10369017720222473;0.006716583;0.9608489871025085;0.1101377084851265
68;0.960346519947052;0.10328486561775208;0.006666834;0.9583136439323425;0.11257883906364441
69;0.960560142993927;0.10323761403560638;0.0066170855;0.9584906697273254;0.11402367055416107
70;0.9603831171989441;0.10302042961120605;0.0065673366;0.9459905028343201;0.1442706435918808
71;0.9606885313987732;0.10309059172868729;0.006517588;0.9474645853042603;0.14066116511821747
72;0.9600540399551392;0.10335902869701385;0.0064678392;0.9566335082054138;0.12213964015245438
73;0.9606174230575562;0.10265117883682251;0.0064180903;0.9486733675003052;0.1352933943271637
74;0.9604069590568542;0.10338222980499268;0.006368342;0.9558371901512146;0.12397180497646332
75;0.960509181022644;0.10296635329723358;0.006318593;0.9564267992973328;0.11954755336046219
76;0.960611879825592;0.10254863649606705;0.006268844;0.9558079838752747;0.12473864108324051
77;0.9607906341552734;0.10263623297214508;0.0062190956;0.9525647163391113;0.13131193816661835
78;0.9608853459358215;0.10248992592096329;0.0061693466;0.9561321139335632;0.1203877255320549
79;0.9609279036521912;0.10212819278240204;0.006119598;0.9561319351196289;0.1207306757569313
80;0.9607314467430115;0.10195472091436386;0.0060698492;0.9568692445755005;0.11828913539648056
81;0.9607513546943665;0.10223433375358582;0.0060201003;0.9559257626533508;0.12190039455890656
82;0.9608821868896484;0.10225538909435272;0.005970352;0.9570756554603577;0.11755649000406265
83;0.9609648585319519;0.10194115340709686;0.005920603;0.9526827931404114;0.1315898895263672
84;0.9606402516365051;0.10213833302259445;0.0058708545;0.9579301476478577;0.11702656000852585
85;0.9606744050979614;0.102108433842659;0.0058211056;0.9500591158866882;0.13734523952007294
86;0.961044192314148;0.1023143008351326;0.0057713566;0.946078896522522;0.14830106496810913
87;0.9607653021812439;0.10192550718784332;0.005721608;0.9580483436584473;0.11747969686985016
88;0.9610616564750671;0.10152172297239304;0.0056718593;0.9545992612838745;0.1259370595216751
89;0.9608880877494812;0.10176020115613937;0.0056221103;0.9417749047279358;0.15970949828624725
90;0.9610474109649658;0.10155782103538513;0.005572362;0.9517687559127808;0.13636626303195953
91;0.9608796238899231;0.10194791108369827;0.005522613;0.9598172903060913;0.11226432025432587
92;0.9609589576721191;0.10138899087905884;0.0054728645;0.9536261558532715;0.1321338415145874
93;0.9612581133842468;0.10123953223228455;0.0054231156;0.9514444470405579;0.1318463534116745
94;0.9606544971466064;0.1018097773194313;0.0053733666;0.9600531458854675;0.11345747113227844
95;0.9609283804893494;0.10135642439126968;0.005323618;0.9584905505180359;0.11331208050251007
96;0.9611127376556396;0.1006578803062439;0.0052738693;0.9577239155769348;0.1177758127450943
97;0.9612523317337036;0.10097860544919968;0.005224121;0.9584611654281616;0.11734820157289505
98;0.9613435864448547;0.10043224692344666;0.005174372;0.9578714370727539;0.11673720926046371
99;0.9609647393226624;0.10070743411779404;0.005124623;0.9592276811599731;0.11276248097419739
100;0.9610502123832703;0.10106760263442993;0.0050748745;0.9600235819816589;0.11170293390750885
101;0.9608170986175537;0.10059374570846558;0.0050251256;0.9599646925926208;0.11368860304355621
102;0.9616340398788452;0.10029833018779755;0.004975377;0.9600237011909485;0.11201577633619308
103;0.9611470699310303;0.10098566114902496;0.004925628;0.9609375596046448;0.110397107899189
104;0.9610356092453003;0.10106083750724792;0.0048758793;0.9601708650588989;0.11199092119932175
105;0.9612414240837097;0.10089553892612457;0.004826131;0.9593160152435303;0.11518808454275131
106;0.961469292640686;0.10058125853538513;0.004776382;0.9593749642372131;0.1164468303322792
107;0.9615259170532227;0.10038448125123978;0.004726633;0.9586083889007568;0.11210915446281433
108;0.9613604545593262;0.10027320683002472;0.0046768845;0.9578714966773987;0.11713815480470657
109;0.9614152312278748;0.1000182256102562;0.0046271356;0.9589328169822693;0.1110941544175148
110;0.9614719748497009;0.10018819570541382;0.004577387;0.9590802192687988;0.10970055311918259
111;0.961489200592041;0.09993921220302582;0.004527638;0.9595813155174255;0.11147305369377136
112;0.9616464972496033;0.10023456811904907;0.0044778893;0.9588738679885864;0.1127619594335556
113;0.9615651965141296;0.09951557964086533;0.004428141;0.9563679695129395;0.11999452114105225
114;0.9614404439926147;0.09962837398052216;0.004378392;0.9588738083839417;0.11455927789211273
115;0.9614920616149902;0.09999221563339233;0.0043286434;0.9571049809455872;0.1178053617477417
116;0.9614748358726501;0.09983682632446289;0.0042788945;0.9595519304275513;0.11432451754808426
117;0.9614778757095337;0.09944995492696762;0.0042291456;0.9596402049064636;0.11303391307592392
118;0.9616338014602661;0.09962694346904755;0.004179397;0.9501180052757263;0.13959576189517975
119;0.9618448615074158;0.09937743097543716;0.004129648;0.9605246782302856;0.10972388088703156
120;0.9616597294807434;0.09954272210597992;0.0040798993;0.9599645137786865;0.11217283457517624
121;0.9616965651512146;0.09968547523021698;0.004030151;0.9599352478981018;0.11423768848180771
122;0.9615283608436584;0.09963729977607727;0.003980402;0.9612618088722229;0.11040172725915909
123;0.9617199301719666;0.09941533952951431;0.0039306534;0.9598467350006104;0.11328030377626419
124;0.9614859819412231;0.09922340512275696;0.0038809045;0.9593748450279236;0.11372660100460052
125;0.9618930220603943;0.09886565804481506;0.0038311558;0.9596402645111084;0.11270296573638916
126;0.9615629315376282;0.09901949018239975;0.0037814071;0.9584906101226807;0.11554151773452759
127;0.9616828560829163;0.09912049025297165;0.0037316582;0.9564270377159119;0.11825970560312271
128;0.9619308710098267;0.098883718252182;0.0036819095;0.9588149189949036;0.11412976682186127
129;0.9619535803794861;0.09855073690414429;0.0036321608;0.9607016444206238;0.11090371012687683
130;0.9619619250297546;0.0986035168170929;0.0035824121;0.9602004885673523;0.11415448039770126
131;0.961719810962677;0.09886996448040009;0.0035326632;0.9616450667381287;0.10885502398014069
132;0.9616400599479675;0.09909600019454956;0.0034829145;0.9610258936882019;0.11108100414276123
133;0.9621015191078186;0.09882164746522903;0.0034331658;0.9600234627723694;0.11386273801326752
134;0.962084174156189;0.09832826256752014;0.0033834171;0.9611437916755676;0.10967085510492325
135;0.9614973068237305;0.09893381595611572;0.0033336685;0.9598172307014465;0.11221099644899368
136;0.9621465802192688;0.09777675569057465;0.0032839195;0.9604068398475647;0.11193063855171204
137;0.9619701504707336;0.09836526215076447;0.0032341708;0.9569281339645386;0.11832245439291
138;0.9622892141342163;0.09871961921453476;0.0031844222;0.9609373807907104;0.10947908461093903
139;0.9621550440788269;0.09819288551807404;0.0031346735;0.9610555171966553;0.10787642002105713
140;0.9624462723731995;0.09831348806619644;0.0030849245;0.9604952931404114;0.11076650023460388
141;0.9619075059890747;0.09827988594770432;0.0030351758;0.9612912535667419;0.10989687591791153
142;0.9620729088783264;0.09839757531881332;0.0029854272;0.9612321853637695;0.10947285592556
143;0.9619392156600952;0.09847602993249893;0.0029356785;0.9601414799690247;0.11050747334957123
144;0.9620413184165955;0.09785815328359604;0.0028859295;0.9615270495414734;0.10983800888061523
145;0.9621385931968689;0.09810585528612137;0.0028361809;0.9609079957008362;0.10944200307130814
146;0.9618706703186035;0.09812035411596298;0.0027864322;0.9600531458854675;0.11351589858531952
147;0.9621474742889404;0.0980609729886055;0.0027366835;0.9605836868286133;0.10958133637905121
148;0.9619411826133728;0.09807833284139633;0.0026869348;0.9600234627723694;0.11141301691532135
149;0.9619446396827698;0.09808111935853958;0.0026371859;0.9605542421340942;0.10809829086065292
150;0.9621382355690002;0.09806965291500092;0.0025874372;0.959433913230896;0.11380117386579514
151;0.9622947573661804;0.09751741588115692;0.0025376885;0.9595814347267151;0.11426003277301788
152;0.9622979760169983;0.09720727056264877;0.0024879398;0.9609082341194153;0.11145855486392975
153;0.9623517394065857;0.09747015684843063;0.0024381909;0.9596697688102722;0.11364924907684326
154;0.9624717831611633;0.09717638790607452;0.0023884422;0.9595223665237427;0.11222206056118011
155;0.9622517228126526;0.09756960719823837;0.0023386935;0.9599941968917847;0.11475633829832077
156;0.9626510739326477;0.09700676053762436;0.0022889448;0.9591982364654541;0.11341554671525955
157;0.9622519612312317;0.09699082374572754;0.002239196;0.9602004885673523;0.11055941134691238
158;0.962414562702179;0.09726852923631668;0.0021894472;0.9589031934738159;0.11497361958026886
159;0.9627509117126465;0.09659362584352493;0.0021396985;0.9594340324401855;0.11479796469211578
160;0.9624119997024536;0.09689484536647797;0.0020899498;0.9606133103370667;0.10974208265542984
161;0.9622119069099426;0.09717170894145966;0.002040201;0.9599645137786865;0.11253637075424194
162;0.9623661637306213;0.09671264886856079;0.0019904522;0.9598762392997742;0.1134161651134491
163;0.9621948599815369;0.09680762141942978;0.0019407035;0.9596698880195618;0.1131179928779602
164;0.9626933932304382;0.09650342911481857;0.0018909548;0.9605836868286133;0.11260681599378586
165;0.9624231457710266;0.09686499089002609;0.001841206;0.9607605338096619;0.11135852336883545
166;0.9626732468605042;0.09648856520652771;0.0017914573;0.9609079360961914;0.10870193690061569
167;0.9628360271453857;0.09616775065660477;0.0017417085;0.9601415991783142;0.11270192265510559
168;0.9625769853591919;0.09599532186985016;0.0016919598;0.9619103074073792;0.10809203237295151
169;0.962608277797699;0.09665081650018692;0.0016422111;0.9609375;0.11047956347465515
170;0.962787389755249;0.09610697627067566;0.0015924623;0.9609964489936829;0.10825851559638977
171;0.9623749852180481;0.09646810591220856;0.0015427136;0.9606426358222961;0.10960966348648071
172;0.9627329707145691;0.09585241973400116;0.0014929648;0.9598466157913208;0.11278841644525528
173;0.9628674983978271;0.09562303870916367;0.0014432161;0.9613797664642334;0.10929332673549652
174;0.9627821445465088;0.09625668823719025;0.0013934673;0.9611731767654419;0.11036374419927597
175;0.9626451134681702;0.09608203917741776;0.0013437186;0.961556613445282;0.10861662775278091
176;0.9627766013145447;0.09563905000686646;0.0012939698;0.9613797068595886;0.10897444933652878
177;0.9630186557769775;0.09528491646051407;0.0012442211;0.9596402049064636;0.1116345226764679
178;0.9628620147705078;0.09555897116661072;0.0011944723;0.9611732959747314;0.11019967496395111
179;0.9629700779914856;0.09543324261903763;0.0011447236;0.9614387154579163;0.10885049402713776
180;0.9627847075462341;0.09562607854604721;0.0010949749;0.9620283842086792;0.10933227092027664
181;0.9628757238388062;0.0953345000743866;0.0010452261;0.9612617492675781;0.10998310148715973
182;0.9626139402389526;0.09556469321250916;0.0009954774;0.9613502025604248;0.10776771605014801
183;0.9627823829650879;0.09571167081594467;0.0009457286;0.9611733555793762;0.1072375550866127
184;0.9631093740463257;0.09493790566921234;0.0008959799;0.9608786106109619;0.10838767886161804
185;0.9627969264984131;0.09498745203018188;0.0008462312;0.9606131911277771;0.11037289351224899
186;0.962978720664978;0.09515697509050369;0.00079648243;0.9621461629867554;0.10831853747367859
187;0.9628761410713196;0.09515762329101562;0.0007467337;0.9610848426818848;0.1099185049533844
188;0.9629983305931091;0.09499793499708176;0.00069698493;0.9611143469810486;0.10861189663410187
189;0.9632830023765564;0.09480047225952148;0.0006472362;0.9617629647254944;0.10856397449970245
190;0.9633059501647949;0.0944240391254425;0.00059748744;0.961556613445282;0.11002907902002335
191;0.963129460811615;0.09461142122745514;0.0005477387;0.9611142873764038;0.11035128682851791
192;0.9630928635597229;0.09455542266368866;0.00049798994;0.9609668850898743;0.10960545390844345
193;0.9629557132720947;0.09448841214179993;0.00044824122;0.9607899785041809;0.10922940075397491
194;0.9631122350692749;0.09473656117916107;0.00039849247;0.9604952335357666;0.10936365276575089
195;0.9633311629295349;0.09423813223838806;0.00034874372;0.9607605338096619;0.11089151352643967
196;0.9632006883621216;0.0944785624742508;0.00029899497;0.9612914323806763;0.11001603305339813
197;0.9631661772727966;0.0943431630730629;0.00024924622;0.9619987607002258;0.10834669321775436
198;0.9631921052932739;0.09422378242015839;0.00019949749;0.962323009967804;0.1095193475484848
199;0.9633828997612;0.09398066997528076;0.00014974874;0.961556613445282;0.10883177816867828
