epoch;binary_accuracy;loss;lr;val_binary_accuracy;val_loss
0;0.939978301525116;0.1763116419315338;0.01;0.9484964609146118;0.16449511051177979
1;0.9445375204086304;0.15885251760482788;0.01;0.9287145137786865;0.26634758710861206
2;0.944987952709198;0.1564599573612213;0.009950251;0.9486733078956604;0.15494473278522491
3;0.945431649684906;0.1548912078142166;0.009900503;0.9369987845420837;0.19113782048225403
4;0.9453458786010742;0.1546381115913391;0.0098507535;0.9416865110397339;0.16807593405246735
5;0.9458246827125549;0.15360966324806213;0.009801005;0.9481722116470337;0.15891548991203308
6;0.9460669159889221;0.15259474515914917;0.009751257;0.9380894899368286;0.19071781635284424
7;0.9461686611175537;0.15238074958324432;0.009701507;0.9484080672264099;0.16763636469841003
8;0.9462288618087769;0.15153765678405762;0.009651759;0.9471696019172668;0.1626492589712143
9;0.9461890459060669;0.15087983012199402;0.00960201;0.9448112845420837;0.1629379391670227
10;0.9463832974433899;0.15103575587272644;0.009552261;0.9504420161247253;0.15329736471176147
11;0.9463944435119629;0.15082083642482758;0.009502512;0.9455779194831848;0.16199174523353577
12;0.9465398192405701;0.1500147581100464;0.009452764;0.9487324357032776;0.1518210470676422
13;0.9465195536613464;0.14947929978370667;0.0094030155;0.9461675882339478;0.16342157125473022
14;0.9468185901641846;0.14839643239974976;0.009353266;0.9497641921043396;0.1492675542831421
15;0.9467529654502869;0.14859484136104584;0.009303518;0.944221556186676;0.15942150354385376
16;0.9472029805183411;0.14772820472717285;0.009253769;0.950177013874054;0.15162916481494904
17;0.9469637870788574;0.14782938361167908;0.00920402;0.9516804814338684;0.14759542047977448
18;0.9469045996665955;0.1479712873697281;0.009154271;0.9507959485054016;0.149632528424263
19;0.9468387365341187;0.14749950170516968;0.009104523;0.9325176477432251;0.20105430483818054
20;0.9470780491828918;0.14694832265377045;0.0090547735;0.9463443160057068;0.1579328179359436
21;0.947209358215332;0.1465921401977539;0.009005025;0.9512971639633179;0.1457652598619461
22;0.9470949769020081;0.14676488935947418;0.008955277;0.952918529510498;0.14272700250148773
23;0.9471573829650879;0.1465243250131607;0.008905527;0.9528596997261047;0.14192891120910645
24;0.9473569393157959;0.1458960324525833;0.008855779;0.9525059461593628;0.1409672051668167
25;0.94730544090271;0.1454416960477829;0.00880603;0.9522997140884399;0.1416020691394806
26;0.9474935531616211;0.1454072743654251;0.008756282;0.9534198641777039;0.13907542824745178
27;0.947254478931427;0.14536838233470917;0.008706532;0.9526237845420837;0.14022009074687958
28;0.9478321075439453;0.14490632712841034;0.008656784;0.9531545042991638;0.137901172041893
29;0.947647213935852;0.14456920325756073;0.0086070355;0.9518280029296875;0.14177709817886353
30;0.9475337266921997;0.14429062604904175;0.008557286;0.9523288607597351;0.13824601471424103
31;0.947607696056366;0.14425793290138245;0.008507538;0.9519753456115723;0.14142587780952454
32;0.9478893876075745;0.14417731761932373;0.008457789;0.9530954957008362;0.13769423961639404
33;0.9478464722633362;0.1443197876214981;0.00840804;0.9534491896629333;0.13633747398853302
34;0.9476585388183594;0.1442413181066513;0.008358291;0.9525941610336304;0.13861621916294098
35;0.9481233954429626;0.14316055178642273;0.008308543;0.9526533484458923;0.1384153664112091
36;0.9478158950805664;0.1435198336839676;0.008258794;0.9504716992378235;0.14523255825042725
37;0.9478808641433716;0.14303243160247803;0.008209045;0.9517984986305237;0.1402187943458557
38;0.9480260014533997;0.14271584153175354;0.008159297;0.9516804814338684;0.14354856312274933
39;0.9480688571929932;0.14319971203804016;0.008109548;0.9510906934738159;0.14194944500923157
40;0.9478607177734375;0.143483966588974;0.008059799;0.9511496424674988;0.142320916056633
41;0.9483283162117004;0.14249253273010254;0.00801005;0.9486145973205566;0.1491665244102478
42;0.9481406211853027;0.14285863935947418;0.007960302;0.9433079361915588;0.1653721034526825
43;0.9481372833251953;0.1426488608121872;0.007910552;0.9524174928665161;0.13870994746685028
44;0.9482053518295288;0.1424270123243332;0.007860804;0.950619101524353;0.14239852130413055
45;0.948137640953064;0.14231812953948975;0.007811055;0.9517690539360046;0.14217810332775116
46;0.9480378031730652;0.14231717586517334;0.0077613066;0.9522112011909485;0.14207567274570465
47;0.9483281970024109;0.14182046055793762;0.0077115577;0.9522407650947571;0.1389589011669159
48;0.9482994675636292;0.14193212985992432;0.007661809;0.9506486058235168;0.14422710239887238
49;0.9484823942184448;0.14138004183769226;0.0076120603;0.9516509175300598;0.1434064656496048
50;0.9481380581855774;0.1419651061296463;0.0075623114;0.9535672068595886;0.1377924680709839
51;0.9482430815696716;0.14193809032440186;0.007512563;0.9513265490531921;0.1401665210723877
52;0.9481372833251953;0.14137046039104462;0.007462814;0.9520635604858398;0.14074862003326416
53;0.9483088254928589;0.14152352511882782;0.0074130655;0.95285964012146;0.13953521847724915
54;0.9484134912490845;0.14128758013248444;0.0073633166;0.9517690539360046;0.14157839119434357
55;0.9483281970024109;0.14145147800445557;0.0073135677;0.952093243598938;0.1387699395418167
56;0.948325514793396;0.14100435376167297;0.007263819;0.9528005123138428;0.13821332156658173
57;0.9484677910804749;0.14090512692928314;0.0072140703;0.9526239037513733;0.13887938857078552
58;0.9485992193222046;0.14071086049079895;0.007164322;0.9529480934143066;0.13802549242973328
59;0.9485304355621338;0.140791654586792;0.007114573;0.9528302550315857;0.1383884698152542
60;0.9481200575828552;0.14079482853412628;0.007064824;0.9494104385375977;0.14875927567481995
61;0.9485702514648438;0.14031997323036194;0.0070150755;0.9526239633560181;0.13906314969062805
62;0.9485018253326416;0.140464186668396;0.0069653266;0.9491449594497681;0.14529061317443848
63;0.9487929940223694;0.14029492437839508;0.0069155777;0.9527122378349304;0.13763660192489624
64;0.9487244486808777;0.1401241570711136;0.006865829;0.9512677192687988;0.1416306495666504
65;0.9485527873039246;0.14005829393863678;0.0068160803;0.953007161617279;0.13664790987968445
66;0.9487357139587402;0.13947314023971558;0.006766332;0.9519456028938293;0.13883459568023682
67;0.9489939212799072;0.1395634412765503;0.006716583;0.9522701501846313;0.14073559641838074
68;0.9489263892173767;0.13962170481681824;0.006666834;0.9514151811599731;0.13831157982349396
69;0.9484847187995911;0.1398642659187317;0.0066170855;0.9513561129570007;0.14038577675819397
70;0.9490971565246582;0.13975661993026733;0.0065673366;0.9519456028938293;0.13978604972362518
71;0.9486838579177856;0.13983464241027832;0.006517588;0.9504420161247253;0.14176738262176514
72;0.9489379525184631;0.13968531787395477;0.0064678392;0.9513562321662903;0.13880589604377747
73;0.9488319158554077;0.13949771225452423;0.0064180903;0.9503243565559387;0.140952005982399
74;0.9487699866294861;0.13938352465629578;0.006368342;0.9511202573776245;0.13922926783561707
75;0.9485023021697998;0.1396285444498062;0.006318593;0.9505600929260254;0.14017514884471893
76;0.948738694190979;0.13943155109882355;0.006268844;0.9499116539955139;0.13982003927230835
77;0.9488864541053772;0.13919249176979065;0.0062190956;0.9499116539955139;0.1409827023744583
78;0.9491228461265564;0.13894960284233093;0.0061693466;0.9511792063713074;0.13841095566749573
79;0.9489889144897461;0.13914434611797333;0.006119598;0.9504422545433044;0.14008930325508118
80;0.9487782120704651;0.13877354562282562;0.0060698492;0.9519458413124084;0.13871879875659943
81;0.9489320516586304;0.13853605091571808;0.0060201003;0.9519162178039551;0.1372218281030655
82;0.9493504762649536;0.1386679857969284;0.005970352;0.9521816372871399;0.1375119835138321
83;0.9491490125656128;0.13823392987251282;0.005920603;0.9518867135047913;0.1371500939130783
84;0.9492706060409546;0.1380416303873062;0.0058708545;0.9504420161247253;0.13847404718399048
85;0.9494078755378723;0.13790185749530792;0.0058211056;0.9519752860069275;0.13720059394836426
86;0.9489577412605286;0.13859255611896515;0.0057713566;0.952505886554718;0.13632641732692719
87;0.9491910338401794;0.13804128766059875;0.005721608;0.9517099857330322;0.13630364835262299
88;0.9492616057395935;0.13818083703517914;0.0056718593;0.9515034556388855;0.13652364909648895
89;0.9491970539093018;0.13810913264751434;0.0056221103;0.952800452709198;0.13561920821666718
90;0.9491828083992004;0.13810893893241882;0.005572362;0.9522405862808228;0.13613104820251465
91;0.9491117000579834;0.1382853388786316;0.005522613;0.9528302550315857;0.1339486837387085
92;0.9492734670639038;0.13802702724933624;0.0054728645;0.9525648951530457;0.13414277136325836
93;0.9494730830192566;0.1378524899482727;0.0054231156;0.952358603477478;0.13389861583709717
94;0.9492914080619812;0.13802653551101685;0.0053733666;0.9525647163391113;0.13505788147449493
95;0.949120044708252;0.13794414699077606;0.005323618;0.9520342946052551;0.1348147988319397
96;0.9493162035942078;0.13748326897621155;0.0052738693;0.9521521925926208;0.13481822609901428
97;0.9492653608322144;0.13758739829063416;0.005224121;0.9514743089675903;0.13561107218265533
98;0.9492198824882507;0.13769866526126862;0.005174372;0.9529480338096619;0.13456887006759644
99;0.9496670961380005;0.1366237998008728;0.005124623;0.9529775381088257;0.13436439633369446
100;0.9494017362594604;0.1378186196088791;0.0050748745;0.9524468183517456;0.13592574000358582
101;0.9494048953056335;0.13738563656806946;0.0050251256;0.9509730339050293;0.14101283252239227
102;0.9493024349212646;0.1369229257106781;0.004975377;0.9521225094795227;0.137630432844162
103;0.9495868682861328;0.1365622729063034;0.004925628;0.9518868923187256;0.137870192527771
104;0.9493252038955688;0.13701596856117249;0.0048758793;0.9520931839942932;0.13670429587364197
105;0.9495357275009155;0.13690519332885742;0.004826131;0.9525648951530457;0.1374865621328354
106;0.9495357871055603;0.13664311170578003;0.004776382;0.9533019661903381;0.13454905152320862
107;0.949540913105011;0.13693085312843323;0.004726633;0.952948272228241;0.1358926147222519
108;0.9492878317832947;0.13720935583114624;0.0046768845;0.9526827335357666;0.13501936197280884
109;0.9495958089828491;0.13673382997512817;0.0046271356;0.9532134532928467;0.13385435938835144
110;0.9496955871582031;0.13636213541030884;0.004577387;0.9528300166130066;0.13487467169761658
111;0.9496497511863708;0.1367253214120865;0.004527638;0.9528006315231323;0.13507939875125885
112;0.9495497345924377;0.1368846893310547;0.0044778893;0.951975405216217;0.13662219047546387
113;0.9497122764587402;0.13615599274635315;0.004428141;0.9518277645111084;0.13674823939800262
114;0.9496324062347412;0.13662928342819214;0.004378392;0.953508198261261;0.13457512855529785
115;0.9496608376502991;0.13637639582157135;0.0043286434;0.9524175524711609;0.13688062131404877
116;0.9495012164115906;0.13647909462451935;0.0042788945;0.9511203169822693;0.1377129703760147
117;0.9496071338653564;0.1362134963274002;0.0042291456;0.95271235704422;0.13575661182403564
118;0.9497123956680298;0.13603508472442627;0.004179397;0.9525648951530457;0.1356823742389679
119;0.9498375058174133;0.13606595993041992;0.004129648;0.9529774785041809;0.1343434751033783
120;0.949714720249176;0.1363770216703415;0.0040798993;0.9528889656066895;0.1356317698955536
121;0.9499400854110718;0.13574165105819702;0.004030151;0.9522995352745056;0.13601648807525635
122;0.9501143097877502;0.13538941740989685;0.003980402;0.9520931839942932;0.13784901797771454
123;0.9498118162155151;0.13565979897975922;0.0039306534;0.9527121782302856;0.13577666878700256
124;0.9499802589416504;0.1356837898492813;0.0038809045;0.9530365467071533;0.1351100206375122
125;0.9498205184936523;0.1357031762599945;0.0038311558;0.9521816968917847;0.1356090009212494
126;0.9498602151870728;0.1359182596206665;0.0037814071;0.9532135128974915;0.13602899014949799
127;0.9497231841087341;0.13562729954719543;0.0037316582;0.9526829123497009;0.1353096216917038
128;0.9498435258865356;0.1354454904794693;0.0036819095;0.9531248807907104;0.13611581921577454
129;0.9503563046455383;0.1351146548986435;0.0036321608;0.9530954957008362;0.13619816303253174
130;0.9495986700057983;0.13587385416030884;0.0035824121;0.9539504647254944;0.13473761081695557
131;0.9499884843826294;0.13490039110183716;0.0035326632;0.9523290991783142;0.1364089548587799
132;0.9498690962791443;0.13517136871814728;0.0034829145;0.9528007507324219;0.13451841473579407
133;0.9500258564949036;0.13542529940605164;0.0034331658;0.9522995948791504;0.13677793741226196
134;0.9499399662017822;0.1354714184999466;0.0033834171;0.9522112011909485;0.13552075624465942
135;0.9501308798789978;0.1352900266647339;0.0033336685;0.9533017873764038;0.13394154608249664
136;0.9498514533042908;0.13548676669597626;0.0032839195;0.9533607959747314;0.1339988112449646
137;0.9498465657234192;0.13549688458442688;0.0032341708;0.9525354504585266;0.13495036959648132
138;0.9504221677780151;0.13489863276481628;0.0031844222;0.953154444694519;0.13534215092658997
139;0.9498804807662964;0.13494054973125458;0.0031346735;0.9529774785041809;0.13536040484905243
140;0.950364887714386;0.13446258008480072;0.0030849245;0.9534493088722229;0.13455869257450104
141;0.9502512812614441;0.1345365047454834;0.0030351758;0.9535378217697144;0.1344168484210968
142;0.9502590298652649;0.13456200063228607;0.0029854272;0.9535082578659058;0.13440918922424316
143;0.9501101970672607;0.1345556527376175;0.0029356785;0.9527417421340942;0.13439980149269104
144;0.9500831961631775;0.13487361371517181;0.0028859295;0.9525648951530457;0.13472577929496765
145;0.9501681923866272;0.13482241332530975;0.0028361809;0.9526533484458923;0.13499686121940613
146;0.9500821828842163;0.13452307879924774;0.0027864322;0.9531840085983276;0.13379201292991638
147;0.9503616094589233;0.13458991050720215;0.0027366835;0.9529479146003723;0.13540591299533844
148;0.9502248167991638;0.13443106412887573;0.0026869348;0.9527122378349304;0.1353449672460556
149;0.9503647685050964;0.1343015879392624;0.0026371859;0.9530660510063171;0.13423682749271393
150;0.9502851963043213;0.13413706421852112;0.0025874372;0.9525940418243408;0.13400377333164215
151;0.9505296349525452;0.13401618599891663;0.0025376885;0.9530954957008362;0.13489601016044617
152;0.9502847790718079;0.13423551619052887;0.0024879398;0.9528599381446838;0.13512909412384033
153;0.9502595067024231;0.13433052599430084;0.0024381909;0.9523583650588989;0.13628436625003815
154;0.9502652883529663;0.1341550648212433;0.0023884422;0.9528893232345581;0.13296638429164886
155;0.9501307010650635;0.1340292990207672;0.0023386935;0.9522993564605713;0.13469059765338898
156;0.9502335786819458;0.13402889668941498;0.0022889448;0.9525059461593628;0.13527663052082062
157;0.9505097270011902;0.13360200822353363;0.002239196;0.9524467587471008;0.13491564989089966
158;0.9503357410430908;0.13391341269016266;0.0021894472;0.9522700309753418;0.13426697254180908
159;0.9504153728485107;0.1336948126554489;0.0021396985;0.9519458413124084;0.13475096225738525
160;0.9505889415740967;0.13363337516784668;0.0020899498;0.953065812587738;0.13408052921295166
161;0.9504157304763794;0.13392676413059235;0.002040201;0.9524469971656799;0.1337680220603943
162;0.9506576657295227;0.1332598477602005;0.0019904522;0.9520638585090637;0.1356382519006729
163;0.950515627861023;0.13316351175308228;0.0019407035;0.9527121782302856;0.1338747888803482
164;0.9501707553863525;0.133792445063591;0.0018909548;0.953508198261261;0.13346071541309357
165;0.9507295489311218;0.13340577483177185;0.001841206;0.9530659914016724;0.13482315838336945
166;0.9505295157432556;0.13295342028141022;0.0017914573;0.9539504647254944;0.13444697856903076
167;0.9507976174354553;0.13331881165504456;0.0017417085;0.9536557197570801;0.1341981738805771
168;0.9508457779884338;0.13278235495090485;0.0016919598;0.9540094137191772;0.13230103254318237
169;0.9507721662521362;0.13292957842350006;0.0016422111;0.95285964012146;0.13401508331298828
170;0.9505983591079712;0.13281160593032837;0.0015924623;0.9529776573181152;0.13397394120693207
171;0.9508059620857239;0.13308264315128326;0.0015427136;0.9534789323806763;0.13266591727733612
172;0.9506919384002686;0.13254089653491974;0.0014929648;0.953007161617279;0.13312067091464996
173;0.9508257508277893;0.13300715386867523;0.0014432161;0.9538619518280029;0.1328616887331009
174;0.950503945350647;0.1329290270805359;0.0013934673;0.9536850452423096;0.13323134183883667
175;0.9508001804351807;0.132619246840477;0.0013437186;0.9531249403953552;0.13381755352020264
176;0.9509227871894836;0.13249847292900085;0.0012939698;0.953744113445282;0.1330983191728592
177;0.9508202075958252;0.13310672342777252;0.0012442211;0.9538620114326477;0.13217169046401978
178;0.9508318901062012;0.1325097233057022;0.0011944723;0.9542748332023621;0.13143038749694824
179;0.9507889747619629;0.13250616192817688;0.0011447236;0.9529774785041809;0.13173091411590576
180;0.9506979584693909;0.1324586421251297;0.0010949749;0.954127311706543;0.1315058469772339
181;0.9508541226387024;0.1325974464416504;0.0010452261;0.9539209008216858;0.1312265694141388
182;0.9509655237197876;0.13278226554393768;0.0009954774;0.9537440538406372;0.13144978880882263
183;0.950791597366333;0.13238586485385895;0.0009457286;0.9540977478027344;0.1314748078584671
184;0.9507659077644348;0.132581889629364;0.0008959799;0.9538622498512268;0.13180193305015564
185;0.9508690237998962;0.13198146224021912;0.0008462312;0.9539801478385925;0.13102099299430847
186;0.9508832693099976;0.13188354671001434;0.00079648243;0.9535378217697144;0.13312487304210663
187;0.9509598016738892;0.13166514039039612;0.0007467337;0.9532725214958191;0.13266174495220184
188;0.951045036315918;0.13178586959838867;0.00069698493;0.9530365467071533;0.1327039897441864
189;0.9502902030944824;0.13228057324886322;0.0006472362;0.9535084366798401;0.1310548186302185
190;0.951056718826294;0.13198581337928772;0.00059748744;0.9534492492675781;0.13116878271102905
191;0.9509338140487671;0.13170768320560455;0.0005477387;0.9538325667381287;0.1312602013349533
192;0.9509565830230713;0.13140548765659332;0.00049798994;0.9533903002738953;0.13239599764347076
193;0.9509395956993103;0.1318516880273819;0.00044824122;0.9531249403953552;0.1325606405735016
194;0.9507400989532471;0.13206766545772552;0.00039849247;0.9534787535667419;0.13214817643165588
195;0.9510310292243958;0.1316135823726654;0.00034874372;0.9536263346672058;0.13203632831573486
196;0.9513871669769287;0.13174590468406677;0.00029899497;0.9544810056686401;0.1315908133983612
197;0.9509113430976868;0.13188329339027405;0.00024924622;0.9531838893890381;0.1313752830028534
198;0.9511392712593079;0.1312357783317566;0.00019949749;0.9535672068595886;0.13194404542446136
199;0.9510144591331482;0.1315464824438095;0.00014974874;0.9539211392402649;0.13157254457473755
