epoch;binary_accuracy;loss;lr;val_binary_accuracy;val_loss
0;0.9411684274673462;0.17027415335178375;0.01;0.9310437440872192;0.22235289216041565
1;0.9470266699790955;0.14982564747333527;0.01;0.9463147521018982;0.1636454313993454
2;0.947972297668457;0.14668776094913483;0.009950251;0.9337853193283081;0.19386042654514313
3;0.9481939077377319;0.14540700614452362;0.009900503;0.9443985819816589;0.1669674962759018
4;0.9486191272735596;0.14400701224803925;0.0098507535;0.9446932673454285;0.1578618288040161
5;0.9488552808761597;0.14336824417114258;0.009801005;0.9407134056091309;0.18062376976013184
6;0.9489288330078125;0.14247961342334747;0.009751257;0.9506779909133911;0.14560538530349731
7;0.9490352869033813;0.1418856382369995;0.009701507;0.946727454662323;0.15296192467212677
8;0.9491338729858398;0.14097265899181366;0.009651759;0.9499998092651367;0.1452256292104721
9;0.9494392275810242;0.14017097651958466;0.00960201;0.9517394304275513;0.13883981108665466
10;0.9492226243019104;0.1399947702884674;0.009552261;0.9504128098487854;0.14341530203819275
11;0.949489414691925;0.1397194117307663;0.009502512;0.947700560092926;0.14908069372177124
12;0.949592649936676;0.13911686837673187;0.009452764;0.9525353908538818;0.1370495855808258
13;0.9497746825218201;0.13852398097515106;0.0094030155;0.9479069113731384;0.14698725938796997
14;0.9495809674263;0.13869322836399078;0.009353266;0.9521225690841675;0.1375015527009964
15;0.9499119520187378;0.13796651363372803;0.009303518;0.9515331983566284;0.13768507540225983
16;0.9497242569923401;0.13757209479808807;0.009253769;0.9506484866142273;0.1414918303489685
17;0.9499255418777466;0.13719283044338226;0.00920402;0.9515919089317322;0.13944970071315765
18;0.9499996304512024;0.13683725893497467;0.009154271;0.9501769542694092;0.14222635328769684
19;0.950563907623291;0.13620540499687195;0.009104523;0.9496755599975586;0.14283402264118195
20;0.9504329562187195;0.13628335297107697;0.0090547735;0.9505011439323425;0.13905692100524902
21;0.9505549669265747;0.13604465126991272;0.009005025;0.9515626430511475;0.1369703710079193
22;0.950543999671936;0.13544701039791107;0.008955277;0.950235903263092;0.1397397518157959
23;0.9505441784858704;0.1354467123746872;0.008905527;0.949793815612793;0.1358724683523178
24;0.9503074288368225;0.13545088469982147;0.008855779;0.9497936367988586;0.13993680477142334
25;0.95072340965271;0.1346893012523651;0.00880603;0.9509729146957397;0.13504895567893982
26;0.9505640864372253;0.13489969074726105;0.008756282;0.951739490032196;0.1334475427865982
27;0.9505499601364136;0.13474595546722412;0.008706532;0.9521518349647522;0.1333077847957611
28;0.9508460164070129;0.13415049016475677;0.008656784;0.9518277645111084;0.13304609060287476
29;0.9506921768188477;0.13422371447086334;0.0086070355;0.9516509175300598;0.135988250374794
30;0.9507628083229065;0.13377366960048676;0.008557286;0.9520045518875122;0.13396881520748138
31;0.9512761235237122;0.133243590593338;0.008507538;0.9488503336906433;0.13998498022556305
32;0.950826108455658;0.1335025131702423;0.008457789;0.9511201977729797;0.13350041210651398
33;0.9512104988098145;0.13301047682762146;0.00840804;0.9524762630462646;0.13258865475654602
34;0.950946033000946;0.1330520063638687;0.008358291;0.9531543850898743;0.13208431005477905
35;0.9511619806289673;0.13279950618743896;0.008308543;0.9522995352745056;0.13117294013500214
36;0.9510451555252075;0.1326669156551361;0.008258794;0.9520342350006104;0.13332970440387726
37;0.9513130784034729;0.13266204297542572;0.008209045;0.952741801738739;0.13199326395988464
38;0.9514747262001038;0.13241003453731537;0.008159297;0.9535082578659058;0.12997543811798096
39;0.9515464305877686;0.13184207677841187;0.008109548;0.9529775381088257;0.12907350063323975
40;0.9510594010353088;0.13236060738563538;0.008059799;0.9525942802429199;0.13174159824848175
41;0.9513447880744934;0.13231432437896729;0.00801005;0.9538620710372925;0.12843139469623566
42;0.9514071941375732;0.13159048557281494;0.007960302;0.9520637392997742;0.13023625314235687
43;0.9513846039772034;0.13158993422985077;0.007910552;0.9531838893890381;0.12886960804462433
44;0.9514349699020386;0.13150280714035034;0.007860804;0.9511792063713074;0.1314384937286377
45;0.9513870477676392;0.1315193772315979;0.007811055;0.9522108435630798;0.12922675907611847
46;0.9514778256416321;0.1315658986568451;0.0077613066;0.9522701501846313;0.1309240162372589
47;0.9516891837120056;0.1309613138437271;0.0077115577;0.9525942802429199;0.1293170005083084
48;0.9515863060951233;0.1310718059539795;0.007661809;0.95327228307724;0.12935315072536469
49;0.9513278603553772;0.1311214566230774;0.0076120603;0.9532134532928467;0.12965412437915802
50;0.9513813853263855;0.1308668851852417;0.0075623114;0.9518572688102722;0.1312866508960724
51;0.9516803026199341;0.13068699836730957;0.007512563;0.9515626430511475;0.132769376039505
52;0.9516178965568542;0.1302170604467392;0.007462814;0.9510024189949036;0.13326430320739746
53;0.9517571926116943;0.13061100244522095;0.0074130655;0.952122688293457;0.13106141984462738
54;0.9517399072647095;0.13040436804294586;0.0073633166;0.9516805410385132;0.13046397268772125
55;0.951643705368042;0.1305653303861618;0.0073135677;0.9513266086578369;0.13296180963516235
56;0.9519622921943665;0.1301133632659912;0.007263819;0.9519457817077637;0.1304546445608139
57;0.9514406323432922;0.13104455173015594;0.0072140703;0.9526827931404114;0.1290503889322281
58;0.9517173171043396;0.1301681101322174;0.007164322;0.9515331387519836;0.13115084171295166
59;0.951885998249054;0.12977862358093262;0.007114573;0.9527415633201599;0.13114123046398163
60;0.9518567323684692;0.12985999882221222;0.007064824;0.9528302550315857;0.13024380803108215
61;0.9518200159072876;0.12989680469036102;0.0070150755;0.9528892040252686;0.1286804974079132
62;0.9521046876907349;0.12950575351715088;0.0069653266;0.953360915184021;0.12746833264827728
63;0.9521129727363586;0.12922373414039612;0.0069155777;0.9529479146003723;0.13113927841186523
64;0.9521990418434143;0.12902018427848816;0.006865829;0.9533311128616333;0.12929828464984894
65;0.9519258141517639;0.129365012049675;0.0068160803;0.9520929455757141;0.1309451460838318
66;0.9521844983100891;0.1291089802980423;0.006766332;0.9515625834465027;0.13248777389526367
67;0.9519085884094238;0.12969841063022614;0.006716583;0.9532134532928467;0.12928830087184906
68;0.9521301984786987;0.12898865342140198;0.006666834;0.9512675404548645;0.1331363022327423
69;0.9520138502120972;0.1288944035768509;0.0066170855;0.9523290991783142;0.13080842792987823
70;0.9520305395126343;0.12882909178733826;0.0065673366;0.9515036940574646;0.13307002186775208
71;0.9521874785423279;0.1284715235233307;0.006517588;0.9498525857925415;0.13499610126018524
72;0.9522096514701843;0.12866543233394623;0.0064678392;0.9513562917709351;0.13296979665756226
73;0.9522867202758789;0.12858831882476807;0.0064180903;0.9502947926521301;0.13449648022651672
74;0.9521188735961914;0.12910352647304535;0.006368342;0.9507664442062378;0.13457901775836945
75;0.9523327946662903;0.12836015224456787;0.006318593;0.9510022401809692;0.13134244084358215
76;0.9523836374282837;0.1283133178949356;0.006268844;0.9520637392997742;0.12988321483135223
77;0.9521957039833069;0.1288040429353714;0.0062190956;0.9501179456710815;0.13513128459453583
78;0.9522981643676758;0.12843294441699982;0.0061693466;0.9501180052757263;0.13564662635326385
79;0.9522300958633423;0.1285717785358429;0.006119598;0.9528597593307495;0.1298636496067047
80;0.9520530700683594;0.1285538673400879;0.0060698492;0.9533608555793762;0.1292058527469635
81;0.9521755576133728;0.1286364048719406;0.0060201003;0.9525943994522095;0.12960386276245117
82;0.9524005055427551;0.1277891993522644;0.005970352;0.9521523118019104;0.1298578977584839
83;0.9522839188575745;0.12810060381889343;0.005920603;0.9515331387519836;0.13243864476680756
84;0.9524921774864197;0.12765376269817352;0.0058708545;0.9506486058235168;0.13289010524749756
85;0.9524266719818115;0.1279037594795227;0.0058211056;0.9510613083839417;0.1333318054676056
86;0.9524351358413696;0.12772315740585327;0.0057713566;0.9520047307014465;0.1294344663619995
87;0.9526402950286865;0.12758156657218933;0.005721608;0.9517982602119446;0.13032786548137665
88;0.9521926045417786;0.12804138660430908;0.0056718593;0.9507074952125549;0.13261038064956665
89;0.9523698091506958;0.1274164319038391;0.0056221103;0.9511498212814331;0.13139493763446808
90;0.952685534954071;0.12686674296855927;0.005572362;0.95271235704422;0.12807036936283112
91;0.9524927735328674;0.12723374366760254;0.005522613;0.9515329003334045;0.13135544955730438
92;0.9523577094078064;0.12754873931407928;0.0054728645;0.95271235704422;0.12930922210216522
93;0.9524917602539062;0.12777872383594513;0.0054231156;0.9524763822555542;0.12866055965423584
94;0.9527052640914917;0.12749095261096954;0.0053733666;0.9524467587471008;0.12788903713226318
95;0.952700138092041;0.12692534923553467;0.005323618;0.9521521925926208;0.12853458523750305
96;0.9524379372596741;0.1274602860212326;0.0052738693;0.9529775977134705;0.12928757071495056
97;0.9527459740638733;0.12684598565101624;0.005224121;0.952741801738739;0.12814879417419434
98;0.9528535604476929;0.1264554113149643;0.005174372;0.9528301358222961;0.12992644309997559
99;0.9527946710586548;0.12668192386627197;0.005124623;0.9515331983566284;0.13185842335224152
100;0.9527941346168518;0.12700803577899933;0.0050748745;0.952682614326477;0.12895087897777557
101;0.9527339339256287;0.1269315630197525;0.0050251256;0.9531839489936829;0.1295623481273651
102;0.952588677406311;0.12670519948005676;0.004975377;0.9523880481719971;0.1291409432888031
103;0.9530642628669739;0.12622147798538208;0.004925628;0.9522700309753418;0.13038595020771027
104;0.9524604678153992;0.12672054767608643;0.0048758793;0.9538325071334839;0.1275220811367035
105;0.9527915716171265;0.12707948684692383;0.004826131;0.9515330195426941;0.1308169960975647
106;0.9527938961982727;0.1264156550168991;0.004776382;0.9543336033821106;0.12667705118656158
107;0.9528395533561707;0.12651607394218445;0.004726633;0.9519162178039551;0.12872879207134247
108;0.9524889588356018;0.12671691179275513;0.0046768845;0.9540979862213135;0.12674108147621155
109;0.9527682065963745;0.1261560171842575;0.0046271356;0.9542749524116516;0.12557858228683472
110;0.9528137445449829;0.1266254186630249;0.004577387;0.95297771692276;0.12720097601413727
111;0.9527771472930908;0.12604302167892456;0.004527638;0.9529185891151428;0.12829919159412384
112;0.9528278708457947;0.12644562125205994;0.0044778893;0.9531250596046448;0.12639681994915009
113;0.9529562592506409;0.12619152665138245;0.004428141;0.952889084815979;0.12853138148784637
114;0.9530443549156189;0.12567570805549622;0.004378392;0.9531545042991638;0.1270015835762024
115;0.9529792666435242;0.1257951259613037;0.0043286434;0.9521814584732056;0.1282791942358017
116;0.9531245827674866;0.12577413022518158;0.0042788945;0.9535968899726868;0.1271476000547409
117;0.9530274271965027;0.1259363740682602;0.0042291456;0.9537734985351562;0.12603384256362915
118;0.9528933763504028;0.1255214810371399;0.004179397;0.9533314108848572;0.127179354429245
119;0.9530131816864014;0.12610305845737457;0.004129648;0.953242838382721;0.12727808952331543
120;0.9529879093170166;0.1257009357213974;0.0040798993;0.9531840682029724;0.12635454535484314
121;0.9532076716423035;0.12520834803581238;0.004030151;0.9536850452423096;0.12593531608581543
122;0.9531015157699585;0.12558621168136597;0.003980402;0.9536852836608887;0.12630662322044373
123;0.9530903100967407;0.12553247809410095;0.0039306534;0.9533607959747314;0.12617531418800354
124;0.9532181024551392;0.12519153952598572;0.0038809045;0.9530068635940552;0.1276610791683197
125;0.9530479311943054;0.1252584159374237;0.0038311558;0.9542748928070068;0.12479856610298157
126;0.9533608555793762;0.1250194013118744;0.0037814071;0.9533905386924744;0.1249486431479454
127;0.9531959891319275;0.1256091594696045;0.0037316582;0.9530071020126343;0.126443013548851
128;0.9529846906661987;0.12587641179561615;0.0036819095;0.9536851048469543;0.12641705572605133
129;0.9532861113548279;0.12464451044797897;0.0036321608;0.95339035987854;0.12745395302772522
130;0.9532387256622314;0.124858058989048;0.0035824121;0.9530366063117981;0.12713377177715302
131;0.9530531167984009;0.12507310509681702;0.0035326632;0.9549233913421631;0.12517322599887848
132;0.9533491730690002;0.1251649409532547;0.0034829145;0.954186201095581;0.12654905021190643
133;0.9532719850540161;0.1251596063375473;0.0034331658;0.9527416825294495;0.12681417167186737
134;0.9535230398178101;0.12484847754240036;0.0033834171;0.9542157053947449;0.12561790645122528
135;0.9532352685928345;0.12543289363384247;0.0033336685;0.9533018469810486;0.12643058598041534
136;0.9533553123474121;0.12474674731492996;0.0032839195;0.9540978074073792;0.125112846493721
137;0.9536312222480774;0.12469810247421265;0.0032341708;0.9543339014053345;0.12575627863407135
138;0.9533697366714478;0.1245645061135292;0.0031844222;0.9532724022865295;0.1272794008255005
139;0.9534146785736084;0.12480652332305908;0.0031346735;0.9543925523757935;0.12508325278759003
140;0.9535630941390991;0.12397152185440063;0.0030849245;0.9536555409431458;0.12659798562526703
141;0.9532846212387085;0.12460550665855408;0.0030351758;0.9535672664642334;0.12522462010383606
142;0.9539620280265808;0.12405308336019516;0.0029854272;0.9540978074073792;0.12606297433376312
143;0.9535171389579773;0.12422873824834824;0.0029356785;0.9543336629867554;0.12590156495571136
144;0.9534459710121155;0.12428439408540726;0.0028859295;0.9543926119804382;0.12532678246498108
145;0.9534318447113037;0.12411729246377945;0.0028361809;0.953862190246582;0.12551653385162354
146;0.9533093571662903;0.12434478849172592;0.0027864322;0.9535672664642334;0.12650670111179352
147;0.9536513090133667;0.12421940267086029;0.0027366835;0.9538325071334839;0.1258135885000229
148;0.9537366628646851;0.12368571758270264;0.0026869348;0.9539504647254944;0.12541069090366364
149;0.9534208178520203;0.12407338619232178;0.0026371859;0.9540683031082153;0.12435722351074219
150;0.95316481590271;0.1245354413986206;0.0025874372;0.9538620710372925;0.12614038586616516
151;0.9538648128509521;0.12391506135463715;0.0025376885;0.9540094137191772;0.12628208100795746
152;0.9536169767379761;0.12379136681556702;0.0024879398;0.9538325071334839;0.12559352815151215
153;0.953687846660614;0.12411417812108994;0.0024381909;0.9535377025604248;0.1253529042005539
154;0.9538989663124084;0.12383527308702469;0.0023884422;0.9535082578659058;0.12646904587745667
155;0.9535110592842102;0.12370935827493668;0.0023386935;0.9528595805168152;0.12634144723415375
156;0.9540503025054932;0.1234050914645195;0.0022889448;0.9539505839347839;0.12651364505290985
157;0.9534037709236145;0.12371638417243958;0.002239196;0.9545105695724487;0.12571406364440918
158;0.9537367820739746;0.1234142854809761;0.0021894472;0.9533019065856934;0.12694746255874634
159;0.953665018081665;0.12381510436534882;0.0021396985;0.9532427787780762;0.1268382966518402
160;0.9538645148277283;0.12347105890512466;0.0020899498;0.953744113445282;0.12514126300811768
161;0.9535828232765198;0.12365619838237762;0.002040201;0.9545402526855469;0.12459982931613922
162;0.9536713361740112;0.12323285639286041;0.0019904522;0.9541569352149963;0.12475014477968216
163;0.9535517692565918;0.12348484247922897;0.0019407035;0.9546580910682678;0.12596389651298523
164;0.9539417028427124;0.12352032959461212;0.0018909548;0.9544516801834106;0.12502576410770416
165;0.9536392092704773;0.1235576868057251;0.001841206;0.9543043375015259;0.12456624209880829
166;0.9538078308105469;0.1229497641324997;0.0017914573;0.9544220566749573;0.12548965215682983
167;0.9538962841033936;0.12306983768939972;0.0017417085;0.9543632864952087;0.12565264105796814
168;0.9538729190826416;0.12295186519622803;0.0016919598;0.9538028836250305;0.12398222088813782
169;0.9541037678718567;0.12284272909164429;0.0016422111;0.953744113445282;0.12411533296108246
170;0.9540442824363708;0.12307297438383102;0.0015924623;0.9548056125640869;0.12416692078113556
171;0.9538252353668213;0.12287866324186325;0.0015427136;0.9562205076217651;0.1225743293762207
172;0.9538903832435608;0.12289875745773315;0.0014929648;0.9547758102416992;0.1242409497499466
173;0.9540783166885376;0.12245157361030579;0.0014432161;0.9545105695724487;0.12431444227695465
174;0.9540098905563354;0.12308237701654434;0.0013934673;0.9544219970703125;0.12435292452573776
175;0.9539893269538879;0.12265700846910477;0.0013437186;0.9542157053947449;0.12348417192697525
176;0.953827977180481;0.12309592217206955;0.0012939698;0.9547464847564697;0.12452642619609833
177;0.9537765979766846;0.12286239117383957;0.0012442211;0.9542452692985535;0.12369749695062637
178;0.9536370635032654;0.12257010489702225;0.0011944723;0.9543040990829468;0.12467318028211594
179;0.9539644718170166;0.12275951355695724;0.0011447236;0.954510509967804;0.12477314472198486
180;0.9541581869125366;0.12202125042676926;0.0010949749;0.9547760486602783;0.12408962100744247
181;0.9538586735725403;0.12245012074708939;0.0010452261;0.9547464847564697;0.12345124036073685
182;0.9540895223617554;0.12231405079364777;0.0009954774;0.9544810056686401;0.12449391931295395
183;0.9537853598594666;0.12236390262842178;0.0009457286;0.9549527168273926;0.12387379258871078
184;0.95429527759552;0.12230530381202698;0.0008959799;0.9542748332023621;0.12441784143447876
185;0.9544686079025269;0.12179766595363617;0.0008462312;0.9549233913421631;0.1235419288277626
186;0.9539926648139954;0.12212297320365906;0.00079648243;0.9547760486602783;0.12435474246740341
187;0.9542636275291443;0.12201353162527084;0.0007467337;0.9536556005477905;0.12407524883747101
188;0.9540951251983643;0.12169741094112396;0.00069698493;0.9545990824699402;0.12346574664115906
189;0.9543371796607971;0.12189649790525436;0.0006472362;0.9537440538406372;0.12447020411491394
190;0.9542151689529419;0.12183061987161636;0.00059748744;0.9547169804573059;0.12395904958248138
191;0.9543407559394836;0.12214069068431854;0.0005477387;0.9543336033821106;0.12385324388742447
192;0.9538847208023071;0.12186665087938309;0.00049798994;0.9539210200309753;0.12466179579496384
193;0.9542691111564636;0.1217602863907814;0.00044824122;0.9539801478385925;0.12476907670497894
194;0.9541159272193909;0.12209392338991165;0.00039849247;0.9543042182922363;0.12476594746112823
195;0.9541494846343994;0.12168912589550018;0.00034874372;0.9543633460998535;0.12407184392213821
196;0.9541919827461243;0.1219063252210617;0.00029899497;0.9547170400619507;0.1229582205414772
197;0.9542297124862671;0.12162544578313828;0.00024924622;0.9536262154579163;0.1233687773346901
198;0.9541236162185669;0.1221022680401802;0.00019949749;0.9540390372276306;0.12364334613084793
199;0.95426344871521;0.12213028967380524;0.00014974874;0.954893946647644;0.1234240010380745
