epoch;binary_accuracy;loss;lr;val_binary_accuracy;val_loss
0;0.9373061060905457;0.18547965586185455;0.01;0.9406248927116394;0.18743108212947845
1;0.9410794973373413;0.169656440615654;0.01;0.9359080195426941;0.19391155242919922
2;0.9415411949157715;0.16770663857460022;0.009950251;0.938561201095581;0.19153626263141632
3;0.9418401122093201;0.16659046709537506;0.009900503;0.9442804455757141;0.1732831746339798
4;0.9418374300003052;0.16566798090934753;0.0098507535;0.9464327096939087;0.16986800730228424
5;0.9421107172966003;0.165304034948349;0.009801005;0.947228729724884;0.165286585688591
6;0.9421625137329102;0.16479191184043884;0.009751257;0.9471108317375183;0.1648387610912323
7;0.9421736598014832;0.1643911749124527;0.009701507;0.9467865824699402;0.16621549427509308
8;0.9424980878829956;0.16385552287101746;0.009651759;0.9436910152435303;0.17457032203674316
9;0.9424892663955688;0.1634255349636078;0.00960201;0.9467571377754211;0.16804277896881104
10;0.9423931837081909;0.1629757136106491;0.009552261;0.947671115398407;0.16376452147960663
11;0.9424638152122498;0.16266757249832153;0.009502512;0.9447818398475647;0.17354190349578857
12;0.9428567290306091;0.1621824949979782;0.009452764;0.945135772228241;0.16653211414813995
13;0.9427118897438049;0.1622253656387329;0.0094030155;0.9464917182922363;0.16353873908519745
14;0.9428229331970215;0.16160431504249573;0.009353266;0.9468749165534973;0.16429594159126282
15;0.942743182182312;0.16140678524971008;0.009303518;0.9474645853042603;0.16033820807933807
16;0.9430052638053894;0.16125912964344025;0.009253769;0.9456663131713867;0.16371865570545197
17;0.9430620074272156;0.16115088760852814;0.00920402;0.9475235939025879;0.15689215064048767
18;0.9428145885467529;0.16102734208106995;0.009154271;0.9482311606407166;0.15798676013946533
19;0.9431527853012085;0.16066651046276093;0.009104523;0.9486440420150757;0.15729963779449463
20;0.9433098435401917;0.16012004017829895;0.0090547735;0.9485554099082947;0.15494534373283386
21;0.9432815909385681;0.15980571508407593;0.009005025;0.9484668970108032;0.1558036059141159
22;0.9433239698410034;0.1599826216697693;0.008955277;0.9486143589019775;0.15374350547790527
23;0.9434270262718201;0.15947748720645905;0.008905527;0.948496401309967;0.15271346271038055
24;0.9434126615524292;0.15946388244628906;0.008855779;0.9482016563415527;0.15547794103622437
25;0.9434100985527039;0.15985509753227234;0.00880603;0.9479659199714661;0.15300878882408142
26;0.9433700442314148;0.15911567211151123;0.008756282;0.9477889537811279;0.15354345738887787
27;0.9436180591583252;0.15913985669612885;0.008706532;0.9493809938430786;0.1539158672094345
28;0.943586528301239;0.1587914228439331;0.008656784;0.9483786821365356;0.15454784035682678
29;0.9436261653900146;0.1584034264087677;0.0086070355;0.9486438632011414;0.15335848927497864
30;0.9437204003334045;0.15813647210597992;0.008557286;0.9493809938430786;0.1527901589870453
31;0.9436261653900146;0.15840360522270203;0.008507538;0.9484963417053223;0.15292176604270935
32;0.9437540769577026;0.158079594373703;0.008457789;0.9492335319519043;0.15141122043132782
33;0.9439534544944763;0.15747171640396118;0.00840804;0.9494990110397339;0.15247830748558044
34;0.9437541961669922;0.15762414038181305;0.008358291;0.948466956615448;0.15256226062774658
35;0.9438055157661438;0.15806157886981964;0.008308543;0.9480836391448975;0.15341803431510925
36;0.9436689019203186;0.1578415036201477;0.008258794;0.9487322568893433;0.15215441584587097
37;0.9437800049781799;0.1572105884552002;0.008209045;0.9474351406097412;0.15658830106258392
38;0.9438965916633606;0.15745604038238525;0.008159297;0.9482901096343994;0.1541820913553238
39;0.9439022541046143;0.15689510107040405;0.008109548;0.9490859508514404;0.15321414172649384
40;0.9439762830734253;0.1570320427417755;0.008059799;0.9489091038703918;0.15295207500457764
41;0.9437657594680786;0.1570826768875122;0.00801005;0.9480838179588318;0.15448042750358582
42;0.9439705610275269;0.1571044623851776;0.007960302;0.9475826621055603;0.15593917667865753
43;0.9437544345855713;0.15697458386421204;0.007910552;0.9480247497558594;0.15505243837833405
44;0.9437598586082458;0.15689800679683685;0.007860804;0.9488207697868347;0.15409834682941437
45;0.9439598917961121;0.15640006959438324;0.007811055;0.9482900500297546;0.15242718160152435
46;0.9439822435379028;0.1566556841135025;0.0077613066;0.9487322568893433;0.15422527492046356
47;0.9437999129295349;0.15642331540584564;0.0077115577;0.9493514895439148;0.15342757105827332
48;0.944064736366272;0.1564519852399826;0.007661809;0.9486438632011414;0.15392062067985535
49;0.9439878463745117;0.15640389919281006;0.0076120603;0.9480541944503784;0.1547534167766571
50;0.9438997507095337;0.1564130187034607;0.0075623114;0.94879150390625;0.15517927706241608
51;0.9439334273338318;0.15614096820354462;0.007512563;0.9479659199714661;0.15730129182338715
52;0.9440785050392151;0.15561681985855103;0.007462814;0.9487028121948242;0.15605224668979645
53;0.9438508749008179;0.15621626377105713;0.0074130655;0.9479657411575317;0.1548663079738617
54;0.9442756175994873;0.15585903823375702;0.0073633166;0.9491451382637024;0.15465421974658966
55;0.9440162181854248;0.15573137998580933;0.0073135677;0.9490564465522766;0.15329024195671082
56;0.9442930817604065;0.15596014261245728;0.007263819;0.94920414686203;0.1523265838623047
57;0.9442153573036194;0.15588408708572388;0.0072140703;0.9489977359771729;0.1551017165184021
58;0.9441867470741272;0.15545859932899475;0.007164322;0.9494397044181824;0.15193557739257812
59;0.9442266821861267;0.15529437363147736;0.007114573;0.9486734867095947;0.15257184207439423
60;0.9442325830459595;0.15541589260101318;0.007064824;0.9491745829582214;0.15509149432182312
61;0.9443381428718567;0.15545392036437988;0.0070150755;0.9490568041801453;0.1515687257051468
62;0.9440333247184753;0.155428946018219;0.0069653266;0.94908607006073;0.15143634378910065
63;0.9441788792610168;0.15528950095176697;0.0069155777;0.9499115347862244;0.14921420812606812
64;0.9443352818489075;0.1552615910768509;0.006865829;0.9494398832321167;0.15015660226345062
65;0.9443296194076538;0.1548590511083603;0.0068160803;0.9491746425628662;0.1515744924545288
66;0.9444804787635803;0.1549145132303238;0.006766332;0.9493515491485596;0.15175871551036835
67;0.9444147944450378;0.15480226278305054;0.006716583;0.9487617611885071;0.15020065009593964
68;0.9440471529960632;0.15499936044216156;0.006666834;0.9487912058830261;0.15025484561920166
69;0.9442839622497559;0.15499602258205414;0.0066170855;0.9492039084434509;0.15152421593666077
70;0.9443609714508057;0.15500745177268982;0.0065673366;0.9494693875312805;0.1495179980993271
71;0.9443724155426025;0.154863640666008;0.006517588;0.9489090442657471;0.1525910645723343
72;0.9442441463470459;0.1543378233909607;0.0064678392;0.9486732482910156;0.1497989147901535
73;0.9445374011993408;0.15453869104385376;0.0064180903;0.9490860104560852;0.14922675490379333
74;0.9443182349205017;0.1543092131614685;0.006368342;0.9490565061569214;0.14836730062961578
75;0.9442729949951172;0.15490548312664032;0.006318593;0.9486731886863708;0.15045323967933655
76;0.9445038437843323;0.1541481763124466;0.006268844;0.9485849142074585;0.14916595816612244
77;0.9446711540222168;0.15390241146087646;0.0062190956;0.9489386677742004;0.15181861817836761
78;0.944727897644043;0.15379521250724792;0.0061693466;0.9479069113731384;0.15124353766441345
79;0.9445886015892029;0.154339000582695;0.006119598;0.9487912654876709;0.1506662517786026
80;0.9444323778152466;0.154038667678833;0.0060698492;0.9479658007621765;0.15158022940158844
81;0.9445064663887024;0.1540837585926056;0.0060201003;0.9482016563415527;0.1493004560470581
82;0.9445087313652039;0.15412257611751556;0.005970352;0.948496401309967;0.15107876062393188
83;0.9445067048072815;0.1540396511554718;0.005920603;0.948113203048706;0.14979474246501923
84;0.9446054697036743;0.15353193879127502;0.0058708545;0.9479953050613403;0.15078876912593842
85;0.9442359209060669;0.15384845435619354;0.0058211056;0.9479067325592041;0.15102553367614746
86;0.9444489479064941;0.15369050204753876;0.0057713566;0.9489977359771729;0.14981353282928467
87;0.9446256160736084;0.15331776440143585;0.005721608;0.9481721520423889;0.14873670041561127
88;0.9445913434028625;0.153774231672287;0.0056718593;0.947671115398407;0.1502520889043808
89;0.9445831179618835;0.15351644158363342;0.0056221103;0.948466956615448;0.14866773784160614
90;0.9444863200187683;0.15319164097309113;0.005572362;0.9484374523162842;0.14822591841220856
91;0.944776713848114;0.15361498296260834;0.005522613;0.9484965205192566;0.14761944115161896
92;0.9447198510169983;0.1533016711473465;0.0054728645;0.948437511920929;0.14836037158966064
93;0.944708526134491;0.1532478928565979;0.0054231156;0.9494397640228271;0.147968590259552
94;0.9444692134857178;0.15338826179504395;0.0053733666;0.9483785033226013;0.14850372076034546
95;0.94444340467453;0.15313731133937836;0.005323618;0.9482902884483337;0.14712592959403992
96;0.944791316986084;0.15285624563694;0.0052738693;0.9477005004882812;0.14906802773475647
97;0.9448049664497375;0.15311624109745026;0.005224121;0.9489092826843262;0.14769472181797028
98;0.9445972442626953;0.15308956801891327;0.005174372;0.9492629170417786;0.14809328317642212
99;0.9446827173233032;0.15273438394069672;0.005124623;0.9489388465881348;0.14912453293800354
100;0.9448592662811279;0.15251773595809937;0.0050748745;0.9491744637489319;0.1473853886127472
101;0.9446772336959839;0.15272194147109985;0.0050251256;0.9487911462783813;0.14730645716190338
102;0.9444688558578491;0.15277044475078583;0.004975377;0.9487028121948242;0.1480637788772583
103;0.9445523023605347;0.152623251080513;0.004925628;0.9486145377159119;0.1482912003993988
104;0.9446858167648315;0.15253888070583344;0.0048758793;0.948968231678009;0.1496872752904892
105;0.944819450378418;0.15272387862205505;0.004826131;0.9487914443016052;0.1482473611831665
106;0.9446567893028259;0.15264740586280823;0.004776382;0.9491745829582214;0.1482360064983368
107;0.9449162483215332;0.15241461992263794;0.004726633;0.9487028121948242;0.1479315161705017
108;0.9449822902679443;0.15223659574985504;0.0046768845;0.9492925405502319;0.14940838515758514
109;0.9450300335884094;0.15205490589141846;0.0046271356;0.9487026929855347;0.14874772727489471
110;0.9449305534362793;0.15218961238861084;0.004577387;0.948585033416748;0.14816005527973175
111;0.9450215697288513;0.15235856175422668;0.004527638;0.9486439824104309;0.14803308248519897
112;0.9448279142379761;0.15215064585208893;0.0044778893;0.9485259652137756;0.14842291176319122
113;0.944990336894989;0.15227283537387848;0.004428141;0.9487324357032776;0.1496260166168213
114;0.9447484612464905;0.15252666175365448;0.004378392;0.9494102001190186;0.14878569543361664
115;0.9448702931404114;0.15198257565498352;0.0043286434;0.9483786821365356;0.14801369607448578
116;0.9449566006660461;0.15207849442958832;0.0042788945;0.9485554099082947;0.1494949758052826
117;0.9451355934143066;0.15203966200351715;0.0042291456;0.9484080076217651;0.1485147327184677
118;0.9450331330299377;0.15204328298568726;0.004179397;0.9489976167678833;0.14877188205718994
119;0.9445745944976807;0.15219801664352417;0.004129648;0.9488796591758728;0.14810359477996826
120;0.9448740482330322;0.15169909596443176;0.0040798993;0.94852614402771;0.14846082031726837
121;0.9450045824050903;0.15174046158790588;0.004030151;0.9487912058830261;0.14845798909664154
122;0.9449155330657959;0.15162470936775208;0.003980402;0.9486733675003052;0.14826376736164093
123;0.9448537826538086;0.15160062909126282;0.0039306534;0.9483489990234375;0.1489485204219818
124;0.9449224472045898;0.15175049006938934;0.0038809045;0.9486142992973328;0.14917126297950745
125;0.9449729323387146;0.15161719918251038;0.0038311558;0.9487910866737366;0.1474776566028595
126;0.9449474811553955;0.15197613835334778;0.0037814071;0.948732316493988;0.14852717518806458
127;0.9448367953300476;0.15169763565063477;0.0037316582;0.9487912058830261;0.14779898524284363
128;0.945141077041626;0.15129919350147247;0.0036819095;0.9484374523162842;0.14819180965423584
129;0.945209801197052;0.15156307816505432;0.0036321608;0.9483489990234375;0.14775100350379944
130;0.9452205896377563;0.15177962183952332;0.0035824121;0.9487912058830261;0.14756710827350616
131;0.9450134634971619;0.15176273882389069;0.0035326632;0.948437511920929;0.1491560935974121
132;0.9450330138206482;0.1514468640089035;0.0034829145;0.9488798379898071;0.14747083187103271
133;0.9450070261955261;0.15138700604438782;0.0034331658;0.9487029314041138;0.14809291064739227
134;0.9450586438179016;0.15106365084648132;0.0033834171;0.9489386677742004;0.14811736345291138
135;0.9449302554130554;0.15156304836273193;0.0033336685;0.9488796591758728;0.14743690192699432
136;0.9449279308319092;0.15131333470344543;0.0032839195;0.9489976167678833;0.14695395529270172
137;0.9449880719184875;0.1514064371585846;0.0032341708;0.9496168494224548;0.14611506462097168
138;0.9450502991676331;0.15094847977161407;0.0031844222;0.9487617611885071;0.14735634624958038
139;0.944958508014679;0.15134796500205994;0.0031346735;0.9493808150291443;0.14692068099975586
140;0.9451326131820679;0.15118418633937836;0.0030849245;0.949115514755249;0.14791885018348694
141;0.9451639652252197;0.15094594657421112;0.0030351758;0.9492925405502319;0.14715568721294403
142;0.9452667832374573;0.1508544534444809;0.0029854272;0.9494988322257996;0.14653809368610382
143;0.9450899958610535;0.15083228051662445;0.0029356785;0.9486440420150757;0.1477784514427185
144;0.9452294111251831;0.1509835422039032;0.0028859295;0.9496166110038757;0.1471642255783081
145;0.9452037215232849;0.1508924514055252;0.0028361809;0.9490860104560852;0.14705759286880493
146;0.945087194442749;0.15064166486263275;0.0027864322;0.9491745829582214;0.14740242063999176
147;0.945446789264679;0.1503664255142212;0.0027366835;0.9492334127426147;0.1457536667585373
148;0.9451241493225098;0.15103588998317719;0.0026869348;0.9492629170417786;0.14706240594387054
149;0.9454548954963684;0.15041613578796387;0.0026371859;0.9499117136001587;0.14685678482055664
150;0.9453973770141602;0.15085236728191376;0.0025874372;0.94949871301651;0.1458488255739212
151;0.9452779293060303;0.15046323835849762;0.0025376885;0.9496462941169739;0.14745619893074036
152;0.9452124834060669;0.15071386098861694;0.0024879398;0.9492926001548767;0.1471424251794815
153;0.9452264904975891;0.15081363916397095;0.0024381909;0.9487912058830261;0.14746733009815216
154;0.9452290534973145;0.15057428181171417;0.0023884422;0.9493513107299805;0.1463189572095871
155;0.9453415274620056;0.1504507213830948;0.0023386935;0.9497053027153015;0.14672866463661194
156;0.9452837705612183;0.1503153294324875;0.0022889448;0.9490272998809814;0.1463453769683838
157;0.94524085521698;0.15049400925636292;0.002239196;0.9498821496963501;0.14614896476268768
158;0.9453493356704712;0.1503564417362213;0.0021894472;0.9488207101821899;0.1476074755191803
159;0.9454574584960938;0.1502092033624649;0.0021396985;0.9490862488746643;0.1465878188610077
160;0.945331871509552;0.1501922309398651;0.0020899498;0.9492924809455872;0.146988183259964
161;0.9455456733703613;0.1504957228899002;0.002040201;0.9491156935691833;0.14691753685474396
162;0.9451438188552856;0.15003535151481628;0.0019904522;0.9488797187805176;0.14678914844989777
163;0.9454489946365356;0.15036074817180634;0.0019407035;0.9490270614624023;0.14698578417301178
164;0.9453036189079285;0.1504497230052948;0.0018909548;0.9492335915565491;0.1466195434331894
165;0.9452632069587708;0.1502845138311386;0.001841206;0.9494398832321167;0.14677540957927704
166;0.9454519152641296;0.1502484530210495;0.0017914573;0.9491744637489319;0.14694185554981232
167;0.9449223279953003;0.1505165696144104;0.0017417085;0.9495284557342529;0.14546968042850494
168;0.9453122615814209;0.1500474363565445;0.0016919598;0.9493810534477234;0.14581812918186188
169;0.9454002976417542;0.14970645308494568;0.0016422111;0.9491449594497681;0.14650538563728333
170;0.9457104206085205;0.14984026551246643;0.0015924623;0.9490566849708557;0.1460234522819519
171;0.9455768465995789;0.14989973604679108;0.0015427136;0.9491745829582214;0.14570318162441254
172;0.9454320073127747;0.14961747825145721;0.0014929648;0.9494398832321167;0.1460866779088974
173;0.9454373121261597;0.15030887722969055;0.0014432161;0.9494398832321167;0.1455266773700714
174;0.9456871747970581;0.14927849173545837;0.0013934673;0.9492923617362976;0.14499913156032562
175;0.9452152848243713;0.14991150796413422;0.0013437186;0.9489389061927795;0.1463453620672226
176;0.9455602765083313;0.14939427375793457;0.0012939698;0.9493808150291443;0.14646963775157928
177;0.9454175233840942;0.14975886046886444;0.0012442211;0.9490861892700195;0.14660784602165222
178;0.9453431963920593;0.15005455911159515;0.0011944723;0.9498229622840881;0.146165132522583
179;0.9452810287475586;0.14984376728534698;0.0011447236;0.9494690895080566;0.1453896313905716
180;0.9454949498176575;0.14929400384426117;0.0010949749;0.9491450190544128;0.14560525119304657
181;0.9453429579734802;0.1498817652463913;0.0010452261;0.949115514755249;0.14575019478797913
182;0.9453775882720947;0.14972655475139618;0.0009954774;0.9492335319519043;0.14589524269104004
183;0.9453778266906738;0.14985813200473785;0.0009457286;0.9484374523162842;0.14606817066669464
184;0.9453010559082031;0.14946278929710388;0.0008959799;0.9496462345123291;0.14565983414649963
185;0.9455483555793762;0.14910565316677094;0.0008462312;0.9490272998809814;0.14566965401172638
186;0.945383608341217;0.14922408759593964;0.00079648243;0.9493807554244995;0.145113006234169
187;0.945442795753479;0.1496923714876175;0.0007467337;0.9494103193283081;0.1451805680990219
188;0.9456655979156494;0.14915430545806885;0.00069698493;0.9489091038703918;0.1451457440853119
189;0.9455167651176453;0.14902888238430023;0.0006472362;0.9496756792068481;0.14521396160125732
190;0.9456653594970703;0.14926335215568542;0.00059748744;0.94893878698349;0.14552564918994904
191;0.9455938339233398;0.149021714925766;0.0005477387;0.9492924809455872;0.14591549336910248
192;0.9455939531326294;0.1492609828710556;0.00049798994;0.9492629170417786;0.14528046548366547
193;0.9454259872436523;0.1490197479724884;0.00044824122;0.9487321376800537;0.14567020535469055
194;0.9457904100418091;0.14898407459259033;0.00039849247;0.9493515491485596;0.14600127935409546
195;0.9457481503486633;0.14910762012004852;0.00034874372;0.9495283365249634;0.14566563069820404
196;0.9455569386482239;0.14906856417655945;0.00029899497;0.94893878698349;0.14566238224506378
197;0.9455654621124268;0.14891818165779114;0.00024924622;0.9487322568893433;0.14653019607067108
198;0.945673942565918;0.14902113378047943;0.00019949749;0.9493515491485596;0.14550445973873138
199;0.9456712603569031;0.14872057735919952;0.00014974874;0.9489683508872986;0.14575691521167755
