epoch;binary_accuracy;loss;lr;val_binary_accuracy;val_loss
0;0.9471737742424011;0.15439361333847046;0.01;0.8978480696678162;0.3493461608886719
1;0.9564396142959595;0.12005682289600372;0.01;0.9357606172561646;0.3477136194705963
2;0.9577010869979858;0.11449746787548065;0.009950251;0.9396817088127136;0.17628096044063568
3;0.9586722254753113;0.11104517430067062;0.009900503;0.9415682554244995;0.19307337701320648
4;0.9594667553901672;0.10855045169591904;0.0098507535;0.9378832578659058;0.2123761922121048
5;0.9598941802978516;0.10709580779075623;0.009801005;0.9355839490890503;0.23593132197856903
6;0.9600731730461121;0.10533414781093597;0.009751257;0.9492042064666748;0.1489376574754715
7;0.9609652161598206;0.10394853353500366;0.009701507;0.9456957578659058;0.1724580079317093
8;0.9611017107963562;0.10291042923927307;0.009651759;0.9399469494819641;0.17965438961982727
9;0.9617393016815186;0.1017446368932724;0.00960201;0.9563974142074585;0.12097706645727158
10;0.9621607065200806;0.10029373317956924;0.009552261;0.9537146091461182;0.12694188952445984
11;0.9622378945350647;0.09954816848039627;0.009502512;0.9168336987495422;0.256357342004776
12;0.9626935720443726;0.0986526608467102;0.009452764;0.9515919089317322;0.14376337826251984
13;0.9628015160560608;0.09793319553136826;0.0094030155;0.959433913230896;0.11201905459165573
14;0.962838888168335;0.09743625670671463;0.009353266;0.9500882625579834;0.1379534751176834
15;0.9633206129074097;0.09643413871526718;0.009303518;0.9563973546028137;0.12237506359815598
16;0.9632289409637451;0.09645237028598785;0.009253769;0.8988208174705505;0.24124091863632202
17;0.9638243317604065;0.09514055401086807;0.00920402;0.917747437953949;0.21839819848537445
18;0.9637247920036316;0.094638392329216;0.009154271;0.9234079122543335;0.2007622867822647
19;0.9639554023742676;0.09430300444364548;0.009104523;0.9301590919494629;0.24766385555267334
20;0.9641602039337158;0.0938192829489708;0.0090547735;0.9390919804573059;0.1761327087879181
21;0.9644798636436462;0.09305433183908463;0.009005025;0.9500000476837158;0.13443872332572937
22;0.9644364714622498;0.09254497289657593;0.008955277;0.9519458413124084;0.13411898910999298
23;0.9643423557281494;0.09247014671564102;0.008905527;0.9521225690841675;0.13323070108890533
24;0.964835524559021;0.09210781753063202;0.008855779;0.9500294327735901;0.137663796544075
25;0.9645507335662842;0.09190839529037476;0.00880603;0.9555425047874451;0.12273813039064407
26;0.9647953510284424;0.09122094511985779;0.008756282;0.9228772521018982;0.22954775393009186
27;0.9648744463920593;0.09113520383834839;0.008706532;0.9537440538406372;0.13198314607143402
28;0.9648612141609192;0.09081006050109863;0.008656784;0.9503538608551025;0.14349184930324554
29;0.965259850025177;0.09028834849596024;0.0086070355;0.9485554099082947;0.15155689418315887
30;0.9652367830276489;0.0896122008562088;0.008557286;0.955808162689209;0.12434803694486618
31;0.9654650688171387;0.08949079364538193;0.008507538;0.9574586153030396;0.12033487856388092
32;0.9655277132987976;0.0892501249909401;0.008457789;0.9434256553649902;0.15664999186992645
33;0.9654796719551086;0.08892187476158142;0.00840804;0.9566038846969604;0.1255929321050644
34;0.9658035039901733;0.08858364820480347;0.008358291;0.9135023951530457;0.27220773696899414
35;0.9658353328704834;0.08845927566289902;0.008308543;0.9467571973800659;0.16089385747909546
36;0.9656532406806946;0.08831453323364258;0.008258794;0.9369988441467285;0.18574568629264832
37;0.9659717082977295;0.08747049421072006;0.008209045;0.9511792063713074;0.14277556538581848
38;0.9659804105758667;0.0875314250588417;0.008159297;0.9411556124687195;0.16896739602088928
39;0.9661511778831482;0.08733929693698883;0.008109548;0.9549233317375183;0.13689935207366943
40;0.9660230278968811;0.08711424469947815;0.008059799;0.9466979503631592;0.152437224984169
41;0.9660661816596985;0.08699806034564972;0.00801005;0.9379717111587524;0.1821371167898178
42;0.9663054943084717;0.08643845468759537;0.007960302;0.9433373212814331;0.1657387912273407
43;0.966037392616272;0.08690419048070908;0.007910552;0.9581072330474854;0.13329973816871643
44;0.9661484956741333;0.08661705255508423;0.007860804;0.9461379647254944;0.15606163442134857
45;0.9663731455802917;0.0866294801235199;0.007811055;0.9433078169822693;0.16402356326580048
46;0.9665363430976868;0.08563514053821564;0.0077613066;0.9519751071929932;0.14245600998401642
47;0.9666239023208618;0.08635127544403076;0.0077115577;0.9563090205192566;0.12584468722343445
48;0.9664671421051025;0.08564192801713943;0.007661809;0.9488503336906433;0.1477234661579132
49;0.9666528105735779;0.08583095669746399;0.0076120603;0.9535377621650696;0.1293531060218811
50;0.9672593474388123;0.08503290265798569;0.0075623114;0.9517098069190979;0.140311598777771
51;0.966720461845398;0.08547481894493103;0.007512563;0.9483785033226013;0.14666590094566345
52;0.966629683971405;0.08539994060993195;0.007462814;0.9488503932952881;0.15710575878620148
53;0.9668548107147217;0.08509789407253265;0.0074130655;0.9542452096939087;0.13112980127334595
54;0.9668687582015991;0.0846514031291008;0.0073633166;0.946078896522522;0.15444262325763702
55;0.9670340418815613;0.08480189740657806;0.0073135677;0.9509138464927673;0.1395576298236847
56;0.9668779969215393;0.08462514728307724;0.007263819;0.9425118565559387;0.16115492582321167
57;0.9670113921165466;0.08388939499855042;0.0072140703;0.9179540872573853;0.23281095921993256
58;0.9670253992080688;0.08404980599880219;0.007164322;0.953007161617279;0.13157452642917633
59;0.9673585891723633;0.08371550589799881;0.007114573;0.9539209604263306;0.13810312747955322
60;0.9670968055725098;0.08396220207214355;0.007064824;0.9472876787185669;0.15316449105739594
61;0.9674100875854492;0.08355333656072617;0.0070150755;0.9500294923782349;0.14715780317783356
62;0.9673588275909424;0.08326271176338196;0.0069653266;0.9537144899368286;0.13396236300468445
63;0.967586874961853;0.08315038681030273;0.0069155777;0.9571639895439148;0.12374170869588852
64;0.9674046635627747;0.08288497477769852;0.006865829;0.9554832577705383;0.13048669695854187
65;0.9675211310386658;0.08333144336938858;0.0068160803;0.9411851167678833;0.17533855140209198
66;0.9678543210029602;0.08212670683860779;0.006766332;0.9527121782302856;0.14061139523983002
67;0.9678626656532288;0.0824875682592392;0.006716583;0.9568395018577576;0.1259617805480957
68;0.967808723449707;0.08233298361301422;0.006666834;0.9496758580207825;0.1757669448852539
69;0.968019962310791;0.08189934492111206;0.0066170855;0.9447228312492371;0.16258493065834045
70;0.967848002910614;0.08207650482654572;0.0065673366;0.9530660510063171;0.1454058736562729
71;0.9679365158081055;0.08214130252599716;0.006517588;0.9563384056091309;0.12451214343309402
72;0.9679964780807495;0.081563800573349;0.0064678392;0.950619101524353;0.13700728118419647
73;0.9680397510528564;0.08155279606580734;0.0064180903;0.9579010605812073;0.1178770363330841
74;0.9679001569747925;0.08179724216461182;0.006368342;0.9520636796951294;0.13544221222400665
75;0.9681673645973206;0.08114634454250336;0.006318593;0.9538620114326477;0.12906759977340698
76;0.9682554602622986;0.08153540641069412;0.006268844;0.9397701621055603;0.16736608743667603
77;0.9682697057723999;0.08121243864297867;0.0062190956;0.954569399356842;0.1254795789718628
78;0.9682419300079346;0.08101999014616013;0.0061693466;0.9550707936286926;0.129818856716156
79;0.9681814908981323;0.0807265192270279;0.006119598;0.9504126310348511;0.16335709393024445
80;0.9680964946746826;0.08079718053340912;0.0060698492;0.9571934342384338;0.1240045502781868
81;0.9683269262313843;0.08069530129432678;0.0060201003;0.952151894569397;0.13447311520576477
82;0.968395471572876;0.08068671822547913;0.005970352;0.9491154551506042;0.14804399013519287
83;0.9683101177215576;0.080561064183712;0.005920603;0.9568102955818176;0.12077739834785461
84;0.9684469699859619;0.08045418560504913;0.0058708545;0.9562499523162842;0.12472572177648544
85;0.968623161315918;0.08009672909975052;0.0058211056;0.9560437202453613;0.12499222904443741
86;0.9687596559524536;0.07991715520620346;0.0057713566;0.9588443636894226;0.11985860019922256
87;0.9686124920845032;0.0805245116353035;0.005721608;0.9563383460044861;0.12488755583763123
88;0.9685376286506653;0.08006630837917328;0.0056718593;0.9420989155769348;0.16663670539855957
89;0.9687492251396179;0.07971794158220291;0.0056221103;0.9467864632606506;0.15826690196990967
90;0.9685885906219482;0.07997263222932816;0.005572362;0.9586378335952759;0.11726051568984985
91;0.9686804413795471;0.07972053438425064;0.005522613;0.9600237011909485;0.11632595211267471
92;0.9690905213356018;0.07917429506778717;0.0054728645;0.9554540514945984;0.12596556544303894
93;0.96900475025177;0.07890623807907104;0.0054231156;0.95772385597229;0.11723487079143524
94;0.968987762928009;0.07925737649202347;0.0053733666;0.9588149189949036;0.11849004775285721
95;0.9688889384269714;0.07942526787519455;0.005323618;0.9569576382637024;0.12220937013626099
96;0.9687376618385315;0.0793546587228775;0.0052738693;0.9571048617362976;0.12228380143642426
97;0.9690703749656677;0.07913468033075333;0.005224121;0.9576059579849243;0.11860322207212448
98;0.9687830209732056;0.07918914407491684;0.005174372;0.9533019065856934;0.13106539845466614
99;0.9692270159721375;0.07888184487819672;0.005124623;0.949970543384552;0.13974179327487946
100;0.9689757227897644;0.07888683676719666;0.0050748745;0.9554244875907898;0.12473215162754059
101;0.9690166711807251;0.07852593809366226;0.0050251256;0.9556899070739746;0.12430937588214874
102;0.9687992930412292;0.07874317467212677;0.004975377;0.9456074833869934;0.1460334062576294
103;0.96900475025177;0.07833082228899002;0.004925628;0.9565153121948242;0.12703937292099
104;0.9693236947059631;0.0783323347568512;0.0048758793;0.9528598189353943;0.13411447405815125
105;0.9689740538597107;0.07811277359724045;0.004826131;0.957370400428772;0.12303006649017334
106;0.9691982269287109;0.07819195836782455;0.004776382;0.9540092945098877;0.1303091198205948
107;0.9692324995994568;0.07822056114673615;0.004726633;0.9570460915565491;0.11971642822027206
108;0.9691872000694275;0.0780644342303276;0.0046768845;0.9473173022270203;0.14694173634052277
109;0.9693299531936646;0.07733473926782608;0.0046271356;0.9555425643920898;0.1242811530828476
110;0.9693921208381653;0.07720837742090225;0.004577387;0.9528596997261047;0.1345604807138443
111;0.9693946838378906;0.07761336863040924;0.004527638;0.9536853432655334;0.13017413020133972
112;0.9696293473243713;0.07724226266145706;0.0044778893;0.9560141563415527;0.12287650257349014
113;0.969654381275177;0.07728144526481628;0.004428141;0.9538324475288391;0.12942636013031006
114;0.9697169065475464;0.07646933943033218;0.004378392;0.9334610104560852;0.1971672773361206
115;0.9694997072219849;0.07730697095394135;0.0043286434;0.9507668018341064;0.13825029134750366
116;0.9696455597877502;0.07669530808925629;0.0042788945;0.9537440538406372;0.13075123727321625
117;0.9696373343467712;0.07650704681873322;0.0042291456;0.9537442922592163;0.12944123148918152
118;0.969785749912262;0.07684928923845291;0.004179397;0.9539504647254944;0.13027283549308777
119;0.9698823094367981;0.07643042504787445;0.004129648;0.9563384652137756;0.12450474500656128
120;0.9699050188064575;0.0761498436331749;0.0040798993;0.9507960677146912;0.14331021904945374
121;0.970072865486145;0.07587570697069168;0.004030151;0.9560139775276184;0.12395710498094559
122;0.9699392914772034;0.0761127918958664;0.003980402;0.9496463537216187;0.14592687785625458
123;0.9702840447425842;0.07571210712194443;0.0039306534;0.9516804814338684;0.14004871249198914
124;0.9699817895889282;0.07629339396953583;0.0038809045;0.9568100571632385;0.12861715257167816
125;0.9698023200035095;0.0759497582912445;0.0038311558;0.9561322927474976;0.1260281354188919
126;0.9702604413032532;0.07537282258272171;0.0037814071;0.9568396806716919;0.12823231518268585
127;0.970230221748352;0.07547802478075027;0.0037316582;0.9565446376800537;0.13075339794158936
128;0.9702379703521729;0.07594434171915054;0.0036819095;0.9546875357627869;0.1315969079732895
129;0.9701298475265503;0.07550210505723953;0.0036321608;0.9526532888412476;0.1384541243314743
130;0.9702603220939636;0.07525645196437836;0.0035824121;0.9428362846374512;0.17914782464504242
131;0.9703055024147034;0.07496525347232819;0.0035326632;0.9561320543289185;0.13094791769981384
132;0.9701900482177734;0.07523040473461151;0.0034829145;0.9360847473144531;0.18636807799339294
133;0.970394492149353;0.0750122144818306;0.0034331658;0.9575470089912415;0.12612535059452057
134;0.970274806022644;0.07493927329778671;0.0033834171;0.9564562439918518;0.1280936747789383
135;0.9706420302391052;0.07470753788948059;0.0033336685;0.9587852358818054;0.12536059319972992
136;0.9702152609825134;0.07475243508815765;0.0032839195;0.9570754170417786;0.13029293715953827
137;0.9704486727714539;0.07475557923316956;0.0032341708;0.9555129408836365;0.1326911598443985
138;0.9707188010215759;0.07441540062427521;0.0031844222;0.9576943516731262;0.1255321204662323
139;0.9707335829734802;0.07417143881320953;0.0031346735;0.9579305052757263;0.12232402712106705
140;0.9708704352378845;0.07422983646392822;0.0030849245;0.9576651453971863;0.12551036477088928
141;0.9707251787185669;0.07404737174510956;0.0030351758;0.9505897164344788;0.13804705440998077
142;0.9706732034683228;0.07397226244211197;0.0029854272;0.95731121301651;0.12760668992996216
143;0.970830500125885;0.0738745927810669;0.0029356785;0.9575768113136292;0.1263461410999298
144;0.9708844423294067;0.07390791177749634;0.0028859295;0.9530071020126343;0.1368444859981537
145;0.9706029891967773;0.07386314868927002;0.0028361809;0.9573999047279358;0.12710745632648468
146;0.9709922671318054;0.07356078922748566;0.0027864322;0.9542450904846191;0.13557025790214539
147;0.9708364009857178;0.07346564531326294;0.0027366835;0.9573113918304443;0.1267804503440857
148;0.9709759950637817;0.07352156192064285;0.0026869348;0.9552184343338013;0.13194958865642548
149;0.9707793593406677;0.07356158643960953;0.0026371859;0.9557487964630127;0.12941713631153107
150;0.9710843563079834;0.07363913208246231;0.0025874372;0.9558078050613403;0.13322028517723083
151;0.9712125658988953;0.07303749769926071;0.0025376885;0.9505011439323425;0.147934690117836
152;0.9708701968193054;0.07295370101928711;0.0024879398;0.9548940062522888;0.1368667185306549
153;0.9713631868362427;0.07280406355857849;0.0024381909;0.9555130004882812;0.13178010284900665
154;0.9710413217544556;0.07318384945392609;0.0023884422;0.9558667540550232;0.133433997631073
155;0.9711605906486511;0.07275480031967163;0.0023386935;0.9556013941764832;0.13532721996307373
156;0.9713574051856995;0.07291225343942642;0.0022889448;0.9546580910682678;0.1349443793296814
157;0.9712372422218323;0.07273499667644501;0.002239196;0.9539211988449097;0.13534601032733917
158;0.9710670113563538;0.0727982148528099;0.0021894472;0.9557488560676575;0.13621249794960022
159;0.9714145660400391;0.0724082961678505;0.0021396985;0.955896258354187;0.1318408101797104
160;0.9713287949562073;0.07254937291145325;0.0020899498;0.9545694589614868;0.13391372561454773
161;0.9713977575302124;0.0718664899468422;0.002040201;0.9507958889007568;0.14947229623794556
162;0.9711494445800781;0.07236302644014359;0.0019904522;0.9544514417648315;0.13339367508888245
163;0.9714657664299011;0.07188031077384949;0.0019407035;0.9550413489341736;0.13094907999038696
164;0.9713083505630493;0.07208864390850067;0.0018909548;0.9561319351196289;0.1321994960308075
165;0.9713340401649475;0.07234089076519012;0.001841206;0.9555129408836365;0.13343726098537445
166;0.9717791676521301;0.07166749984025955;0.0017914573;0.956574559211731;0.12553632259368896
167;0.9716143608093262;0.07158982753753662;0.0017417085;0.9554539322853088;0.13164427876472473
168;0.9719297885894775;0.07147452235221863;0.0016919598;0.9555426836013794;0.12994244694709778
169;0.9716624617576599;0.07148342579603195;0.0016422111;0.9563678503036499;0.12734095752239227
170;0.9716904759407043;0.07152451574802399;0.0015924623;0.9564267992973328;0.12735487520694733
171;0.9717757105827332;0.07105320692062378;0.0015427136;0.9559258222579956;0.12832064926624298
172;0.971809983253479;0.07129395008087158;0.0014929648;0.956780731678009;0.12786820530891418
173;0.9719811677932739;0.07103699445724487;0.0014432161;0.9568101167678833;0.12884025275707245
174;0.971667468547821;0.0710391253232956;0.0013934673;0.9571343064308167;0.12734822928905487
175;0.9721747636795044;0.07067166268825531;0.0013437186;0.9572227597236633;0.12673836946487427
176;0.9719529151916504;0.07083343714475632;0.0012939698;0.9583430290222168;0.12296660244464874
177;0.9720749855041504;0.0703531950712204;0.0012442211;0.958077609539032;0.125710129737854
178;0.9718101024627686;0.07051411271095276;0.0011944723;0.9578418135643005;0.12714406847953796
179;0.9720805287361145;0.07032619416713715;0.0011447236;0.958903431892395;0.11964848637580872
180;0.9721068739891052;0.0700366348028183;0.0010949749;0.9594928622245789;0.12280421704053879
181;0.9721888899803162;0.06987030804157257;0.0010452261;0.9589621424674988;0.1243513822555542
182;0.9723172783851624;0.06983067095279694;0.0009954774;0.9588442444801331;0.12236206233501434
183;0.9722777605056763;0.06980973482131958;0.0009457286;0.957664966583252;0.1253969371318817
184;0.9724025130271912;0.06999693810939789;0.0008959799;0.9581957459449768;0.12601424753665924
185;0.9723624587059021;0.06940194219350815;0.0008462312;0.9578125476837158;0.1238042563199997
186;0.9724223017692566;0.06965912878513336;0.00079648243;0.9576061367988586;0.12427355349063873
187;0.9725307822227478;0.06956836581230164;0.0007467337;0.9594045877456665;0.12400586903095245
188;0.9725562334060669;0.06922755390405655;0.00069698493;0.958166241645813;0.12544812262058258
189;0.9725250005722046;0.06910157203674316;0.0006472362;0.9584609866142273;0.12196505069732666
190;0.9726821780204773;0.06894759088754654;0.00059748744;0.9584318399429321;0.12226671725511551
191;0.9726386666297913;0.0689186304807663;0.0005477387;0.9595813155174255;0.12461400777101517
192;0.9728502631187439;0.06878416985273361;0.00049798994;0.9590802192687988;0.12398231029510498
193;0.9726816415786743;0.06880538910627365;0.00044824122;0.9592865705490112;0.12478763610124588
194;0.9726101756095886;0.0689508244395256;0.00039849247;0.9597875475883484;0.12535500526428223
195;0.972724199295044;0.06853533536195755;0.00034874372;0.9584906101226807;0.12564712762832642
196;0.9731799960136414;0.06814780086278915;0.00029899497;0.9584906101226807;0.12069696933031082
197;0.9727723002433777;0.06840481609106064;0.00024924622;0.9584611654281616;0.12370014935731888
198;0.9730234742164612;0.06793070584535599;0.00019949749;0.9594635963439941;0.12181666493415833
199;0.9726616740226746;0.06789682805538177;0.00014974874;0.9582841992378235;0.1269378513097763
