epoch;binary_accuracy;loss;lr;val_binary_accuracy;val_loss
0;0.9368082880973816;0.18832267820835114;0.01;0.9411850571632385;0.18194574117660522
1;0.9410485625267029;0.1712702214717865;0.01;0.9445756077766418;0.17192921042442322
2;0.9415439963340759;0.16805413365364075;0.009950251;0.9442510604858398;0.17340266704559326
3;0.941711962223053;0.16700945794582367;0.009900503;0.9443102478981018;0.17536894977092743
4;0.9418570399284363;0.16595247387886047;0.0098507535;0.946108341217041;0.1712084412574768
5;0.9419570565223694;0.16506390273571014;0.009801005;0.945961058139801;0.17088422179222107
6;0.942002534866333;0.1650911122560501;0.009751257;0.9474350810050964;0.1666412055492401
7;0.9424871802330017;0.16441310942173004;0.009701507;0.9457253217697144;0.17253760993480682
8;0.9420540928840637;0.16408471763134003;0.009651759;0.947700560092926;0.1702306568622589
9;0.9425209760665894;0.16353245079517365;0.00960201;0.9487912654876709;0.16362102329730988
10;0.9424129724502563;0.16351261734962463;0.009552261;0.9465211033821106;0.16486167907714844
11;0.9424353241920471;0.16289010643959045;0.009502512;0.9459905624389648;0.1681710034608841
12;0.9427801966667175;0.16244640946388245;0.009452764;0.9472877979278564;0.165659099817276
13;0.9425522685050964;0.1624888926744461;0.0094030155;0.9459023475646973;0.16574731469154358
14;0.9428598284721375;0.1619320809841156;0.009353266;0.9465211629867554;0.16402459144592285
15;0.9426636099815369;0.16188323497772217;0.009303518;0.9458135366439819;0.16714419424533844
16;0.9429023265838623;0.16145756840705872;0.009253769;0.9466685652732849;0.1620911955833435
17;0.9429830312728882;0.16124758124351501;0.00920402;0.9477003812789917;0.15970367193222046
18;0.9429972767829895;0.16095441579818726;0.009154271;0.9473758935928345;0.16107633709907532
19;0.9432476758956909;0.1608492136001587;0.009104523;0.947847843170166;0.1580861657857895
20;0.943153440952301;0.1603909432888031;0.0090547735;0.9483195543289185;0.15709589421749115
21;0.9430565237998962;0.16088448464870453;0.009005025;0.9486732482910156;0.15596312284469604
22;0.943335771560669;0.15984414517879486;0.008955277;0.9483194947242737;0.15499933063983917
23;0.9433839321136475;0.1595512181520462;0.008905527;0.9479658603668213;0.1578488051891327
24;0.9431304335594177;0.16007943451404572;0.008855779;0.9477888941764832;0.15482275187969208
25;0.943207323551178;0.1597057431936264;0.00880603;0.9479951858520508;0.1520373523235321
26;0.9432784914970398;0.15920092165470123;0.008756282;0.9478774666786194;0.1564849615097046
27;0.9433756470680237;0.15957577526569366;0.008706532;0.9474056363105774;0.15646477043628693
28;0.9434837698936462;0.15935412049293518;0.008656784;0.9480541944503784;0.15334156155586243
29;0.9433668255805969;0.15922598540782928;0.0086070355;0.9476120471954346;0.15861746668815613
30;0.9434667229652405;0.15841108560562134;0.008557286;0.9490272402763367;0.15331806242465973
31;0.9433955550193787;0.15887214243412018;0.008507538;0.9490860104560852;0.1506943553686142
32;0.9434069991111755;0.15871120989322662;0.008457789;0.9478775858879089;0.15330706536769867
33;0.9436626434326172;0.15855547785758972;0.00840804;0.9476709961891174;0.156431645154953
34;0.9436714053153992;0.1580694019794464;0.008358291;0.9486733675003052;0.1508881151676178
35;0.9435805678367615;0.15779632329940796;0.008308543;0.9489092826843262;0.1534462720155716
36;0.943529486656189;0.1581447720527649;0.008258794;0.9475530385971069;0.15455034375190735
37;0.9438056945800781;0.157828226685524;0.008209045;0.9474352598190308;0.15472908318042755
38;0.9436718821525574;0.1577664017677307;0.008159297;0.9479362964630127;0.15518343448638916
39;0.9436116814613342;0.15718942880630493;0.008109548;0.947169840335846;0.15604659914970398
40;0.943597674369812;0.15786083042621613;0.008059799;0.9484670162200928;0.15469977259635925
41;0.9439532160758972;0.15683747828006744;0.00801005;0.9469339847564697;0.15547525882720947
42;0.9437543153762817;0.15720431506633759;0.007960302;0.9489091634750366;0.15365095436573029
43;0.9436997771263123;0.15729522705078125;0.007910552;0.9484375715255737;0.15332448482513428
44;0.9436944723129272;0.15736447274684906;0.007860804;0.9481720924377441;0.1560293734073639
45;0.9436538815498352;0.15707309544086456;0.007811055;0.9487913846969604;0.15474827587604523
46;0.9440248608589172;0.15653489530086517;0.0077613066;0.9483198523521423;0.15473322570323944
47;0.9439736008644104;0.15664611756801605;0.0077115577;0.9486441016197205;0.1530224084854126
48;0.9439191818237305;0.15645654499530792;0.007661809;0.9487028121948242;0.15309250354766846
49;0.9439339637756348;0.15686649084091187;0.0076120603;0.9484668374061584;0.15534169971942902
50;0.9440534710884094;0.15618355572223663;0.0075623114;0.9481425881385803;0.15568314492702484
51;0.9439505338668823;0.15625809133052826;0.007512563;0.9492335319519043;0.1529546082019806
52;0.9440303444862366;0.15618202090263367;0.007462814;0.9479951858520508;0.15468546748161316
53;0.943962812423706;0.15621790289878845;0.0074130655;0.9479067325592041;0.1559745818376541
54;0.9440245628356934;0.15598948299884796;0.0073633166;0.9494397044181824;0.15360189974308014
55;0.9438483119010925;0.1563834697008133;0.0073135677;0.9489091634750366;0.1534908413887024
56;0.943922758102417;0.15638594329357147;0.007263819;0.9492039084434509;0.15345615148544312
57;0.9438738226890564;0.15583141148090363;0.0072140703;0.9494397044181824;0.15198279917240143
58;0.9440675973892212;0.15604737401008606;0.007164322;0.9490565657615662;0.15112043917179108
59;0.9442894458770752;0.1549951434135437;0.007114573;0.9492925405502319;0.15133069455623627
60;0.9442581534385681;0.15564066171646118;0.007064824;0.9493515491485596;0.14973735809326172
61;0.9440284371376038;0.15582333505153656;0.0070150755;0.9487914443016052;0.15182910859584808
62;0.9442124366760254;0.1554708182811737;0.0069653266;0.948555588722229;0.15095198154449463
63;0.9441442489624023;0.1555330604314804;0.0069155777;0.9481426477432251;0.1524812877178192
64;0.9442471861839294;0.15526717901229858;0.006865829;0.9482607841491699;0.15123195946216583
65;0.9443132281303406;0.15508227050304413;0.0068160803;0.948054313659668;0.15122896432876587
66;0.9444092512130737;0.1550617516040802;0.006766332;0.9496757984161377;0.15094661712646484
67;0.9442324638366699;0.15522480010986328;0.006716583;0.9488205909729004;0.15006205439567566
68;0.9441874027252197;0.15521645545959473;0.006666834;0.9487618207931519;0.150859072804451
69;0.944229781627655;0.15535590052604675;0.0066170855;0.948349118232727;0.1507478654384613
70;0.944267213344574;0.15501712262630463;0.0065673366;0.9489386677742004;0.1508009284734726
71;0.9446714520454407;0.15490369498729706;0.006517588;0.9474349617958069;0.15268349647521973
72;0.94426429271698;0.1547350138425827;0.0064678392;0.9474941492080688;0.15258800983428955
73;0.9441869854927063;0.15474961698055267;0.0064180903;0.9483783841133118;0.15090025961399078
74;0.9443263411521912;0.15467166900634766;0.006368342;0.9476118087768555;0.15201206505298615
75;0.9445287585258484;0.15469861030578613;0.006318593;0.9479951858520508;0.15142829716205597
76;0.9442294836044312;0.15455161035060883;0.006268844;0.9473468065261841;0.1518903523683548
77;0.9443631768226624;0.15430760383605957;0.0062190956;0.9476710557937622;0.1523762345314026
78;0.9444350600242615;0.15432637929916382;0.0061693466;0.947052001953125;0.15152482688426971
79;0.9445005655288696;0.1540711224079132;0.006119598;0.946786642074585;0.15242284536361694
80;0.9444354176521301;0.15454548597335815;0.0060698492;0.9468750357627869;0.15119944512844086
81;0.9447113275527954;0.15443570911884308;0.0060201003;0.9466979503631592;0.15247763693332672
82;0.944423258304596;0.1542157232761383;0.005970352;0.9476709365844727;0.1502508670091629
83;0.9444690942764282;0.1542024314403534;0.005920603;0.9468159079551697;0.14967846870422363
84;0.9444604516029358;0.1542597860097885;0.0058708545;0.9474350810050964;0.15041473507881165
85;0.9442839622497559;0.15410208702087402;0.0058211056;0.9476708173751831;0.14975182712078094
86;0.9442527294158936;0.15428878366947174;0.0057713566;0.9481132626533508;0.15049001574516296
87;0.9442667365074158;0.1541886180639267;0.005721608;0.9479067921638489;0.14953438937664032
88;0.9446517825126648;0.15384851396083832;0.0056718593;0.9483197927474976;0.14742939174175262
89;0.9444180130958557;0.15391838550567627;0.0056221103;0.94893878698349;0.14864064753055573
90;0.944636881351471;0.15373030304908752;0.005572362;0.9479362964630127;0.14995671808719635
91;0.9444864392280579;0.15363365411758423;0.005522613;0.9486440420150757;0.14811435341835022
92;0.9445688724517822;0.15401920676231384;0.0054728645;0.9479658603668213;0.1486809104681015
93;0.9447994232177734;0.1536249965429306;0.0054231156;0.9488797187805176;0.14819182455539703
94;0.944696843624115;0.15344181656837463;0.0053733666;0.9473466873168945;0.1491246223449707
95;0.9446085095405579;0.15312139689922333;0.005323618;0.9463443160057068;0.15009808540344238
96;0.9446772336959839;0.15349943935871124;0.0052738693;0.9481132626533508;0.14855514466762543
97;0.9446743726730347;0.15329936146736145;0.005224121;0.948466956615448;0.14687564969062805
98;0.944744884967804;0.15341328084468842;0.005174372;0.9488502144813538;0.14816831052303314
99;0.9447424411773682;0.1531904935836792;0.005124623;0.9482606053352356;0.14912469685077667
100;0.9446770548820496;0.15306460857391357;0.0050748745;0.9480247497558594;0.1482638567686081
101;0.9446260929107666;0.15342144668102264;0.0050251256;0.9483490586280823;0.15049923956394196
102;0.9446940422058105;0.15303906798362732;0.004975377;0.9490863084793091;0.14727109670639038
103;0.9446854591369629;0.1531781405210495;0.004925628;0.9487618207931519;0.14855894446372986
104;0.9447907209396362;0.15311366319656372;0.0048758793;0.9487618207931519;0.1467871069908142
105;0.944503128528595;0.15321318805217743;0.004826131;0.9486439824104309;0.14772246778011322
106;0.9446514248847961;0.15306974947452545;0.004776382;0.9484965205192566;0.14843450486660004
107;0.9446315169334412;0.15296216309070587;0.004726633;0.9494988918304443;0.14721077680587769
108;0.9445602297782898;0.15271985530853271;0.0046768845;0.9488207101821899;0.14682795107364655
109;0.9447659254074097;0.1524215042591095;0.0046271356;0.9489680528640747;0.14647606015205383
110;0.9448798298835754;0.152694970369339;0.004577387;0.9488503336906433;0.14719218015670776
111;0.9447057247161865;0.15283510088920593;0.004527638;0.948496401309967;0.14746376872062683
112;0.9448615908622742;0.15250666439533234;0.0044778893;0.9482899308204651;0.14827965199947357
113;0.9446998238563538;0.15294978022575378;0.004428141;0.9482312202453613;0.14764821529388428
114;0.9447970986366272;0.15205271542072296;0.004378392;0.9488207697868347;0.14734315872192383
115;0.9447760581970215;0.15285436809062958;0.0043286434;0.9491744637489319;0.147245854139328
116;0.9449812769889832;0.15232709050178528;0.0042788945;0.9487912058830261;0.1486714482307434
117;0.9448506832122803;0.1526145190000534;0.0042291456;0.9492630958557129;0.14752750098705292
118;0.9449563026428223;0.15251493453979492;0.004179397;0.948201596736908;0.1496496945619583
119;0.9451212882995605;0.15200349688529968;0.004129648;0.9484966397285461;0.1484420746564865
120;0.9449812769889832;0.15211425721645355;0.0040798993;0.9484373927116394;0.1485179364681244
121;0.9446226358413696;0.15258558094501495;0.004030151;0.9489977955818176;0.1480334848165512
122;0.9448136687278748;0.1524863988161087;0.003980402;0.9487912654876709;0.14928209781646729
123;0.9450498223304749;0.15231944620609283;0.0039306534;0.9476414322853088;0.14878496527671814
124;0.9448479413986206;0.15205790102481842;0.0038809045;0.9480248093605042;0.14807474613189697
125;0.9448707103729248;0.1522332727909088;0.0038311558;0.9485257267951965;0.14902956783771515
126;0.9449421167373657;0.15220214426517487;0.0037814071;0.9490565657615662;0.14838498830795288
127;0.9448592662811279;0.15205956995487213;0.0037316582;0.9486733078956604;0.14832085371017456
128;0.9451013207435608;0.15179423987865448;0.0036819095;0.9490565657615662;0.14742082357406616
129;0.9448965191841125;0.15207822620868683;0.0036321608;0.9489684104919434;0.14808569848537445
130;0.9451979994773865;0.15178532898426056;0.0035824121;0.9484375715255737;0.14883953332901
131;0.9448279738426208;0.1518387794494629;0.0035326632;0.9486734867095947;0.14869581162929535
132;0.9452068209648132;0.1513645350933075;0.0034829145;0.9492628574371338;0.1465367078781128
133;0.9449246525764465;0.15183022618293762;0.0034331658;0.9484374523162842;0.14780709147453308
134;0.9449758529663086;0.15165817737579346;0.0033834171;0.9492923617362976;0.1470552682876587
135;0.9451752305030823;0.15148678421974182;0.0033336685;0.9494399428367615;0.14732061326503754
136;0.9450647234916687;0.15207301080226898;0.0032839195;0.9487618207931519;0.14876887202262878
137;0.9452154040336609;0.15153838694095612;0.0032341708;0.9495283365249634;0.14806610345840454
138;0.9452062845230103;0.15116533637046814;0.0031844222;0.9495283961296082;0.14725717902183533
139;0.9452466368675232;0.15170587599277496;0.0031346735;0.9492332935333252;0.1480342000722885
140;0.9451636672019958;0.1514212191104889;0.0030849245;0.9495283961296082;0.14692460000514984
141;0.9451494216918945;0.1515258550643921;0.0030351758;0.9492040872573853;0.14637015759944916
142;0.9450641870498657;0.15130242705345154;0.0029854272;0.9489682912826538;0.14800111949443817
143;0.9450494050979614;0.15142467617988586;0.0029356785;0.9490858912467957;0.14803554117679596
144;0.945090115070343;0.15154695510864258;0.0028859295;0.9490860104560852;0.14771048724651337
145;0.9453719258308411;0.15120002627372742;0.0028361809;0.9488797187805176;0.14761613309383392
146;0.945181131362915;0.15121380984783173;0.0027864322;0.9488504528999329;0.14851979911327362
147;0.9451807737350464;0.1514766961336136;0.0027366835;0.9493515491485596;0.1461416333913803
148;0.9457676410675049;0.15075257420539856;0.0026869348;0.948585033416748;0.14866507053375244
149;0.9452178478240967;0.15095201134681702;0.0026371859;0.9494986534118652;0.14749568700790405
150;0.9448875188827515;0.15113620460033417;0.0025874372;0.949941098690033;0.14626289904117584
151;0.945320725440979;0.15136593580245972;0.0025376885;0.9490861892700195;0.1454990953207016
152;0.9451698660850525;0.15086792409420013;0.0024879398;0.949557900428772;0.14603255689144135
153;0.9451642036437988;0.15099550783634186;0.0024381909;0.9490272402763367;0.1476171314716339
154;0.9451035857200623;0.15103287994861603;0.0023884422;0.9495282173156738;0.14614522457122803
155;0.9449849724769592;0.15098540484905243;0.0023386935;0.9489978551864624;0.14629215002059937
156;0.9452724456787109;0.15085117518901825;0.0022889448;0.9493217468261719;0.1458248794078827
157;0.9450331330299377;0.15115638077259064;0.002239196;0.9489976167678833;0.14687955379486084
158;0.9457595348358154;0.15036019682884216;0.0021894472;0.9489386677742004;0.14705365896224976
159;0.9453574419021606;0.1507605016231537;0.0021396985;0.9490862488746643;0.14643076062202454
160;0.9453009366989136;0.15082421898841858;0.0020899498;0.9490270018577576;0.14639943838119507
161;0.945107102394104;0.15068066120147705;0.002040201;0.9486733078956604;0.1458650380373001
162;0.9452633261680603;0.1504027545452118;0.0019904522;0.949115514755249;0.14648649096488953
163;0.9454007148742676;0.15030987560749054;0.0019407035;0.9494397044181824;0.14466671645641327
164;0.9453635811805725;0.15053988993167877;0.0018909548;0.9491745829582214;0.14603270590305328
165;0.9454290866851807;0.15039251744747162;0.001841206;0.948879599571228;0.1455627679824829
166;0.9453034996986389;0.1501614898443222;0.0017914573;0.9492630958557129;0.14528055489063263
167;0.9454603791236877;0.15073968470096588;0.0017417085;0.9492629170417786;0.1454983502626419
168;0.9453917145729065;0.1500072330236435;0.0016919598;0.9487912058830261;0.14627589285373688
169;0.9453886151313782;0.15051692724227905;0.0016422111;0.9496756792068481;0.14535057544708252
170;0.9454062581062317;0.15002910792827606;0.0015924623;0.9492335915565491;0.14505219459533691
171;0.9453943967819214;0.15022248029708862;0.0015427136;0.9492334127426147;0.1465846747159958
172;0.9454919695854187;0.15042553842067719;0.0014929648;0.9479953646659851;0.1462353765964508
173;0.9454458951950073;0.15025541186332703;0.0014432161;0.9492335319519043;0.1457662582397461
174;0.9453811645507812;0.15017525851726532;0.0013934673;0.9491449594497681;0.1448628008365631
175;0.9453893899917603;0.14988884329795837;0.0013437186;0.9494990110397339;0.14514535665512085
176;0.9454226493835449;0.14972718060016632;0.0012939698;0.9487321972846985;0.14464229345321655
177;0.9454175233840942;0.15022994577884674;0.0012442211;0.94935142993927;0.14504313468933105
178;0.9455319046974182;0.14973324537277222;0.0011944723;0.9487912654876709;0.14437919855117798
179;0.9453579187393188;0.14991474151611328;0.0011447236;0.9490567445755005;0.1448478102684021
180;0.9457110166549683;0.14979448914527893;0.0010949749;0.9495577812194824;0.1451389044523239
181;0.9453608989715576;0.15017680823802948;0.0010452261;0.9494397044181824;0.14482703804969788
182;0.9456197619438171;0.14947353303432465;0.0009954774;0.9494103193283081;0.1453680396080017
183;0.9457367062568665;0.14953602850437164;0.0009457286;0.9492629170417786;0.1448550671339035
184;0.9453490972518921;0.15013304352760315;0.0008959799;0.9493514895439148;0.14381232857704163
185;0.9453434348106384;0.15005607903003693;0.0008462312;0.9488207101821899;0.1451566517353058
186;0.9455116391181946;0.14971087872982025;0.00079648243;0.9495576024055481;0.14488722383975983
187;0.9456456899642944;0.14904403686523438;0.0007467337;0.9487027525901794;0.14577654004096985
188;0.9456653594970703;0.14962781965732574;0.00069698493;0.9493809342384338;0.14516212046146393
189;0.9455171823501587;0.14960989356040955;0.0006472362;0.9497345685958862;0.14424309134483337
190;0.9456401467323303;0.14997471868991852;0.00059748744;0.9487324357032776;0.1446881890296936
191;0.9455031752586365;0.14966599643230438;0.0005477387;0.9487324357032776;0.14471720159053802
192;0.9455658197402954;0.14960503578186035;0.00049798994;0.9490270018577576;0.14485161006450653
193;0.9456028938293457;0.14963620901107788;0.00044824122;0.9493809938430786;0.1451258510351181
194;0.9454575777053833;0.14976735413074493;0.00039849247;0.9496460556983948;0.14371787011623383
195;0.9456170797348022;0.14948178827762604;0.00034874372;0.9491156935691833;0.14480933547019958
196;0.9455286860466003;0.14932787418365479;0.00029899497;0.9490862488746643;0.14528341591358185
197;0.945454478263855;0.14951512217521667;0.00024924622;0.9487324357032776;0.1456800103187561
198;0.9455962181091309;0.14981698989868164;0.00019949749;0.9488207101821899;0.1451982855796814
199;0.9457198977470398;0.14931389689445496;0.00014974874;0.9491449594497681;0.14500679075717926
