epoch;binary_accuracy;loss;lr;val_binary_accuracy;val_loss
0;0.943510890007019;0.1616574078798294;0.01;0.9366451501846313;0.17216713726520538
1;0.9519854784011841;0.13272739946842194;0.01;0.9492924809455872;0.17206554114818573
2;0.9539844989776611;0.12759584188461304;0.009950251;0.9541862607002258;0.1410088688135147
3;0.9545083045959473;0.12485183030366898;0.009900503;0.9350529909133911;0.18784768879413605
4;0.9549012184143066;0.12319178134202957;0.0098507535;0.954245388507843;0.1354488581418991
5;0.9552405476570129;0.1223900094628334;0.009801005;0.953567385673523;0.13152764737606049
6;0.9553737044334412;0.12110039591789246;0.009751257;0.9522699117660522;0.1378224492073059
7;0.9558215141296387;0.11988286674022675;0.009701507;0.9390329122543335;0.188974067568779
8;0.9559523463249207;0.11923369765281677;0.009651759;0.9544517993927002;0.13332599401474
9;0.9563773274421692;0.11792801320552826;0.00960201;0.9546579122543335;0.13219021260738373
10;0.9563708901405334;0.1175985336303711;0.009552261;0.9566627144813538;0.12674330174922943
11;0.9564733505249023;0.11669719964265823;0.009502512;0.9582548141479492;0.1219327300786972
12;0.9568687081336975;0.11594339460134506;0.009452764;0.9528596997261047;0.14457954466342926
13;0.956963300704956;0.11534935235977173;0.0094030155;0.9553360939025879;0.13139718770980835
14;0.9574364423751831;0.11459515243768692;0.009353266;0.9484966993331909;0.1507020741701126
15;0.9572827816009521;0.11454854160547256;0.009303518;0.955778181552887;0.12608559429645538
16;0.9574987292289734;0.1136135682463646;0.009253769;0.9564563632011414;0.12520326673984528
17;0.9578916430473328;0.11323802918195724;0.00920402;0.9553950428962708;0.1247263103723526
18;0.9578234553337097;0.1128581166267395;0.009154271;0.9525648951530457;0.1342383176088333
19;0.9580227136611938;0.11214923858642578;0.009104523;0.950619101524353;0.14005793631076813
20;0.958233118057251;0.11160004884004593;0.0090547735;0.9562795162200928;0.12093344330787659
21;0.957988440990448;0.11110322922468185;0.009005025;0.9573113322257996;0.1179954931139946
22;0.9580455422401428;0.11142527312040329;0.008955277;0.9553067088127136;0.12655790150165558
23;0.9582424163818359;0.1102001816034317;0.008905527;0.954835057258606;0.12904468178749084
24;0.95816570520401;0.11049012839794159;0.008855779;0.9565153121948242;0.12224981188774109
25;0.9585183262825012;0.10985089838504791;0.00880603;0.945283055305481;0.15206727385520935
26;0.958415687084198;0.11011102050542831;0.008756282;0.9570164084434509;0.11802994459867477
27;0.9585696458816528;0.10968532413244247;0.008706532;0.9423936605453491;0.1572970449924469
28;0.9585980176925659;0.10929626226425171;0.008656784;0.9564267992973328;0.11986346542835236
29;0.9585837721824646;0.10912925750017166;0.0086070355;0.9578419923782349;0.12031985819339752
30;0.95875483751297;0.10845332592725754;0.008557286;0.9549528956413269;0.12913572788238525
31;0.958746612071991;0.1088932454586029;0.008507538;0.9577240943908691;0.12110994756221771
32;0.9586952328681946;0.10840106010437012;0.008457789;0.9577829837799072;0.12201304733753204
33;0.9585896730422974;0.10828232020139694;0.00840804;0.9554539918899536;0.1275745928287506
34;0.9589053988456726;0.10800755023956299;0.008358291;0.9561910033226013;0.12350030243396759
35;0.9587457180023193;0.10809583961963654;0.008308543;0.956161618232727;0.12278178334236145
36;0.9592025279998779;0.10735038667917252;0.008258794;0.9561320543289185;0.12221593409776688
37;0.9591503739356995;0.10760243237018585;0.008209045;0.9494990110397339;0.1584888994693756
38;0.9590598940849304;0.10767155140638351;0.008159297;0.955306887626648;0.1245722621679306
39;0.9595550894737244;0.10662186145782471;0.008109548;0.9101413488388062;0.24358312785625458
40;0.959119439125061;0.1068519800901413;0.008059799;0.9532724022865295;0.13381509482860565
41;0.9593493938446045;0.10660072416067123;0.00801005;0.9564270377159119;0.12195262312889099
42;0.9596547484397888;0.10679209977388382;0.007960302;0.9554244875907898;0.12439048290252686
43;0.9591760635375977;0.10614623874425888;0.007910552;0.9536556005477905;0.12877647578716278
44;0.9596348404884338;0.10631100088357925;0.007860804;0.9551002383232117;0.12448106706142426
45;0.9588227272033691;0.10682457685470581;0.007811055;0.9586083889007568;0.11502811312675476
46;0.9597090482711792;0.10602684319019318;0.0077613066;0.9505306482315063;0.14027082920074463
47;0.9598824977874756;0.10559481382369995;0.0077115577;0.9466686844825745;0.15919457376003265
48;0.9597888588905334;0.10590313374996185;0.007661809;0.9543336033821106;0.12789320945739746
49;0.9597376585006714;0.1055438444018364;0.0076120603;0.9577240347862244;0.11925650388002396
50;0.9597657918930054;0.10530318319797516;0.0075623114;0.9579599499702454;0.11638566851615906
51;0.9597484469413757;0.10537958145141602;0.007512563;0.9544517993927002;0.12868927419185638
52;0.9599226713180542;0.10511664301156998;0.007462814;0.9531545639038086;0.13044197857379913
53;0.9598144292831421;0.10491015017032623;0.0074130655;0.9582544565200806;0.11707913875579834
54;0.9597406387329102;0.10466038435697556;0.0073633166;0.9535966515541077;0.12503470480442047
55;0.9596180319786072;0.10485921800136566;0.0073135677;0.9587264657020569;0.1126473993062973
56;0.960096001625061;0.10473179817199707;0.007263819;0.9558371901512146;0.11905860900878906
57;0.9601961374282837;0.10448925942182541;0.0072140703;0.9534196853637695;0.12685030698776245
58;0.9602411985397339;0.10430321842432022;0.007164322;0.9512674808502197;0.13094410300254822
59;0.960219144821167;0.10413698852062225;0.007114573;0.9569871425628662;0.11759061366319656
60;0.9602183699607849;0.10378170758485794;0.007064824;0.9537736177444458;0.12309707701206207
61;0.9603755474090576;0.10388878732919693;0.0070150755;0.9574587345123291;0.1162937805056572
62;0.9601023197174072;0.10381379723548889;0.0069653266;0.9576061367988586;0.11623618006706238
63;0.9601213335990906;0.10395516455173492;0.0069155777;0.9574585556983948;0.12071163207292557
64;0.9602245092391968;0.10362030565738678;0.006865829;0.9573113322257996;0.1169942170381546
65;0.960361123085022;0.1035083457827568;0.0068160803;0.9575178027153015;0.12119365483522415
66;0.9604263305664062;0.103486567735672;0.006766332;0.9587854146957397;0.11374318599700928
67;0.9604690074920654;0.10338597744703293;0.006716583;0.9591686129570007;0.11181875318288803
68;0.9603039026260376;0.10335453599691391;0.006666834;0.9582841992378235;0.11447282135486603
69;0.959885835647583;0.10377425700426102;0.0066170855;0.94893878698349;0.1792834848165512
70;0.9606682658195496;0.10317766666412354;0.0065673366;0.9504717588424683;0.13490739464759827
71;0.9602699875831604;0.10312206298112869;0.006517588;0.9561614990234375;0.11871965229511261
72;0.9604981541633606;0.10322534292936325;0.0064678392;0.9560436010360718;0.11797979474067688
73;0.9603272676467896;0.10279988497495651;0.0064180903;0.956308901309967;0.12109535932540894
74;0.9605067372322083;0.10281826555728912;0.006368342;0.9570756554603577;0.11783736944198608
75;0.9606941938400269;0.10240056365728378;0.006318593;0.9573703408241272;0.11630482226610184
76;0.9603695869445801;0.10212695598602295;0.006268844;0.9555720090866089;0.12007100880146027
77;0.9608563780784607;0.10160215944051743;0.0062190956;0.9545402526855469;0.12353991717100143
78;0.9607033133506775;0.10252970457077026;0.0061693466;0.956308901309967;0.11968305706977844
79;0.9606971740722656;0.10220751166343689;0.006119598;0.9447522163391113;0.15111999213695526
80;0.9606999754905701;0.10176059603691101;0.0060698492;0.9572229385375977;0.11525502055883408
81;0.9609876871109009;0.10183984041213989;0.0060201003;0.9555129408836365;0.11928761005401611
82;0.9608258008956909;0.10223167389631271;0.005970352;0.9580483436584473;0.11338046938180923
83;0.9607454538345337;0.10208986699581146;0.005920603;0.9566037654876709;0.12153545767068863
84;0.9607680439949036;0.10218939185142517;0.0058708545;0.9550706148147583;0.12316808849573135
85;0.9608538150787354;0.10157317668199539;0.0058211056;0.9588443636894226;0.11392732709646225
86;0.9605802893638611;0.10221405327320099;0.0057713566;0.9578712582588196;0.11742807179689407
87;0.9610961675643921;0.1013745367527008;0.005721608;0.9477004408836365;0.1580713540315628
88;0.9607828855514526;0.10166541486978531;0.0056718593;0.9546284079551697;0.12548485398292542
89;0.9609395861625671;0.10136859118938446;0.0056221103;0.9578716158866882;0.11487098038196564
90;0.9612444639205933;0.10125000029802322;0.005572362;0.9581074118614197;0.11714211106300354
91;0.9611754417419434;0.10132812708616257;0.005522613;0.9574588537216187;0.11620078235864639
92;0.9609992504119873;0.1014382466673851;0.0054728645;0.9582547545433044;0.11487109959125519
93;0.9615514874458313;0.10098516196012497;0.0054231156;0.9572228193283081;0.11812594532966614
94;0.9609194993972778;0.10117980092763901;0.0053733666;0.9585496187210083;0.11177206039428711
95;0.9609363675117493;0.10118774324655533;0.005323618;0.9582841396331787;0.11743570864200592
96;0.961297869682312;0.1008845716714859;0.0052738693;0.9590802192687988;0.11283636838197708
97;0.9611619114875793;0.10126040875911713;0.005224121;0.9540683031082153;0.12848752737045288
98;0.9612895250320435;0.10078419744968414;0.005174372;0.958903431892395;0.11557174474000931
99;0.9611873626708984;0.1007133275270462;0.005124623;0.9549822807312012;0.12552160024642944
100;0.9612980484962463;0.10070555657148361;0.0050748745;0.9587854146957397;0.11524660140275955
101;0.9612159729003906;0.10061457008123398;0.0050251256;0.9603773355484009;0.10969334095716476
102;0.96123868227005;0.1002778559923172;0.004975377;0.9576061964035034;0.11912492662668228
103;0.961297869682312;0.09992767125368118;0.004925628;0.9579302668571472;0.11579122394323349
104;0.961175799369812;0.10059608519077301;0.0048758793;0.9571639895439148;0.12122686207294464
105;0.9612130522727966;0.10023660212755203;0.004826131;0.9588148593902588;0.11456429213285446
106;0.9615603685379028;0.10042323917150497;0.004776382;0.9575766921043396;0.11583051830530167
107;0.9612727165222168;0.10044224560260773;0.004726633;0.9593160152435303;0.11121543496847153
108;0.9612753987312317;0.10052375495433807;0.0046768845;0.9591096639633179;0.11510106921195984
109;0.9616742134094238;0.09952609986066818;0.0046271356;0.9550707936286926;0.12301658093929291
110;0.9612382054328918;0.10027400404214859;0.004577387;0.9579893946647644;0.11778883635997772
111;0.9614120721817017;0.09988293051719666;0.004527638;0.9577831029891968;0.11484232544898987
112;0.9613634943962097;0.09995222091674805;0.0044778893;0.95701664686203;0.11835497617721558
113;0.9614552855491638;0.09980453550815582;0.004428141;0.9588736295700073;0.11679154634475708
114;0.9615032076835632;0.09961491078138351;0.004378392;0.95731121301651;0.11935489624738693
115;0.9615744352340698;0.09985978156328201;0.0043286434;0.9588442444801331;0.1149723157286644
116;0.9617308378219604;0.09959722310304642;0.0042788945;0.958578884601593;0.11539950221776962
117;0.9616937637329102;0.0994483232498169;0.0042291456;0.9578714966773987;0.11599801480770111
118;0.9615197777748108;0.09953703731298447;0.004179397;0.9579305052757263;0.11656910181045532
119;0.9613438844680786;0.10003474354743958;0.004129648;0.9583137631416321;0.117180734872818
120;0.9619931578636169;0.09875303506851196;0.0040798993;0.9516213536262512;0.1319906860589981
121;0.9618731141090393;0.0991542711853981;0.004030151;0.9566923379898071;0.11497338116168976
122;0.9616486430168152;0.09932278841733932;0.003980402;0.9587557911872864;0.11383942514657974
123;0.9614781737327576;0.09926760941743851;0.0039306534;0.957664966583252;0.11592520773410797
124;0.9617368578910828;0.09911610931158066;0.0038809045;0.9579007029533386;0.11686074733734131
125;0.9618109464645386;0.09893717616796494;0.0038311558;0.9575173854827881;0.11848007887601852
126;0.9618843793869019;0.09831159561872482;0.0037814071;0.9598172307014465;0.11174557358026505
127;0.9621581435203552;0.09803839772939682;0.0037316582;0.955011785030365;0.12497738003730774
128;0.9617758989334106;0.09882277250289917;0.0036819095;0.9593161344528198;0.11242818087339401
129;0.9616315960884094;0.0987313911318779;0.0036321608;0.958166241645813;0.1142556369304657
130;0.9616519808769226;0.09867007285356522;0.0035824121;0.9603185057640076;0.11314856261014938
131;0.9616963267326355;0.09868909418582916;0.0035326632;0.9606131315231323;0.11223473399877548
132;0.9621983170509338;0.09835714846849442;0.0034829145;0.9586673974990845;0.11444991827011108
133;0.961882472038269;0.09834195673465729;0.0034331658;0.9574880599975586;0.11866699904203415
134;0.961679995059967;0.09845058619976044;0.0033834171;0.9561026096343994;0.11867115646600723
135;0.9622917771339417;0.09844468533992767;0.0033336685;0.9590508341789246;0.11254435032606125
136;0.961853563785553;0.09806103259325027;0.0032839195;0.9567806124687195;0.12248781323432922
137;0.9618416428565979;0.09778444468975067;0.0032341708;0.958991527557373;0.11337202787399292
138;0.9618280529975891;0.09809520095586777;0.0031844222;0.9599941968917847;0.1103048324584961
139;0.9619986414909363;0.09858162701129913;0.0031346735;0.9595812559127808;0.11183612793684006
140;0.9621298909187317;0.09803943336009979;0.0030849245;0.9595812559127808;0.11163035035133362
141;0.9619900584220886;0.09845945239067078;0.0030351758;0.9598467946052551;0.11107375472784042
142;0.9621073007583618;0.09799724072217941;0.0029854272;0.9600825905799866;0.11085197329521179
143;0.9620410203933716;0.09810260683298111;0.0029356785;0.9598466157913208;0.11374899744987488
144;0.9623808860778809;0.09752319008111954;0.0028859295;0.9600529670715332;0.11192694306373596
145;0.9618654251098633;0.09796782582998276;0.0028361809;0.9599349498748779;0.10982521623373032
146;0.9619500041007996;0.09814807027578354;0.0027864322;0.9591982364654541;0.11253990978002548
147;0.9618445038795471;0.0978221595287323;0.0027366835;0.9582252502441406;0.11487270146608353
148;0.9622920751571655;0.09760884940624237;0.0026869348;0.9601120352745056;0.11095239222049713
149;0.9619959592819214;0.09773726016283035;0.0026371859;0.9591687321662903;0.11180466413497925
150;0.9622610807418823;0.0973043367266655;0.0025874372;0.9602005481719971;0.10991951078176498
151;0.9623314738273621;0.09764204919338226;0.0025376885;0.9602006077766418;0.11129201203584671
152;0.9620727896690369;0.09769289940595627;0.0024879398;0.9581663012504578;0.1134355217218399
153;0.962317705154419;0.09700611978769302;0.0024381909;0.9521816968917847;0.12927499413490295
154;0.9622295498847961;0.0971594750881195;0.0023884422;0.9586970210075378;0.11517142504453659
155;0.9625399708747864;0.09680809825658798;0.0023386935;0.9583137631416321;0.1153324618935585
156;0.9621695876121521;0.09717926383018494;0.0022889448;0.9572816491127014;0.11804968118667603
157;0.9622976779937744;0.09716477990150452;0.002239196;0.9566332697868347;0.11852143704891205
158;0.9621328115463257;0.09722810238599777;0.0021894472;0.9575472474098206;0.1165318563580513
159;0.9624201655387878;0.09706200659275055;0.0021396985;0.9594044089317322;0.11317738145589828
160;0.9621874094009399;0.09739026427268982;0.0020899498;0.9587557911872864;0.11600564420223236
161;0.9624233841896057;0.09682751446962357;0.002040201;0.9569868445396423;0.11928484588861465
162;0.96254563331604;0.09687215089797974;0.0019904522;0.957783043384552;0.116271011531353
163;0.9625284075737;0.09647883474826813;0.0019407035;0.9588443040847778;0.1144590824842453
164;0.9623517394065857;0.0969381257891655;0.0018909548;0.9589917063713074;0.113336943089962
165;0.9624626636505127;0.09635833650827408;0.001841206;0.9589033126831055;0.11331015080213547
166;0.9625935554504395;0.09643375873565674;0.0017914573;0.9589328169822693;0.11407751590013504
167;0.962929904460907;0.0958009585738182;0.0017417085;0.9590211510658264;0.11265614628791809
168;0.962604820728302;0.0958004966378212;0.0016919598;0.9583727121353149;0.11363279819488525
169;0.9624063372612;0.09624301642179489;0.0016422111;0.9593160152435303;0.11317380517721176
170;0.9626877307891846;0.09557422995567322;0.0015924623;0.960495114326477;0.11005189269781113
171;0.9626539945602417;0.09666379541158676;0.0015427136;0.9591982364654541;0.11191200464963913
172;0.9625792503356934;0.09601246565580368;0.0014929648;0.9603184461593628;0.11198075115680695
173;0.9628847241401672;0.09558349847793579;0.0014432161;0.9596699476242065;0.11256823688745499
174;0.9623318314552307;0.09602773189544678;0.0013934673;0.959463357925415;0.10981893539428711
175;0.9627732634544373;0.0959068238735199;0.0013437186;0.9593454599380493;0.11086923629045486
176;0.9629327654838562;0.09557398408651352;0.0012939698;0.9596698880195618;0.11012182384729385
177;0.9628276824951172;0.09571542590856552;0.0012442211;0.9601709842681885;0.11086807399988174
178;0.962699294090271;0.09527619928121567;0.0011944723;0.9603478908538818;0.11091388016939163
179;0.9629247784614563;0.09513846039772034;0.0011447236;0.9610553979873657;0.10977774858474731
180;0.9629129767417908;0.09527518600225449;0.0010949749;0.9604069590568542;0.11116968840360641
181;0.9626936912536621;0.09520895034074783;0.0010452261;0.9610554575920105;0.1087537407875061
182;0.9630011916160583;0.09494967013597488;0.0009954774;0.9604364037513733;0.10885230451822281
183;0.9626999497413635;0.0954299345612526;0.0009457286;0.9601415395736694;0.10916224122047424
184;0.9630466103553772;0.09430456161499023;0.0008959799;0.9600826501846313;0.1103384718298912
185;0.9631609916687012;0.09468206763267517;0.0008462312;0.9598467946052551;0.10972839593887329
186;0.9629957675933838;0.09436393529176712;0.00079648243;0.9608195424079895;0.10921993106603622
187;0.9633683562278748;0.0944032147526741;0.0007467337;0.9607898592948914;0.11035637557506561
188;0.963061511516571;0.09418872743844986;0.00069698493;0.9601415991783142;0.10875038802623749
189;0.9629554748535156;0.09485591948032379;0.0006472362;0.9612028002738953;0.11021449416875839
190;0.9629558324813843;0.09474796801805496;0.00059748744;0.9598466157913208;0.11061032861471176
191;0.9630210399627686;0.09461604058742523;0.0005477387;0.9606131911277771;0.10914210230112076
192;0.9630786180496216;0.09414472430944443;0.00049798994;0.9608784914016724;0.11026976257562637
193;0.9633461833000183;0.09408719092607498;0.00044824122;0.9602594375610352;0.11055963486433029
194;0.9632944464683533;0.0941605269908905;0.00039849247;0.9594045877456665;0.11126253753900528
195;0.9632748961448669;0.09399136155843735;0.00034874372;0.9599055647850037;0.11002489924430847
196;0.9637103080749512;0.09381729364395142;0.00029899497;0.9602299928665161;0.11050111800432205
197;0.9634712338447571;0.09419891238212585;0.00024924622;0.9610260725021362;0.1100253090262413
198;0.9631782174110413;0.09417902678251266;0.00019949749;0.9609375;0.10942353308200836
199;0.9634714722633362;0.09375779330730438;0.00014974874;0.9597289562225342;0.11075586825609207
