epoch;binary_accuracy;loss;lr;val_binary_accuracy;val_loss
0;0.9395009279251099;0.17703299224376678;0.01;0.9321639537811279;0.20254097878932953
1;0.9449017643928528;0.1561659872531891;0.01;0.9464917182922363;0.15811464190483093
2;0.9456822872161865;0.15346747636795044;0.009950251;0.945931613445282;0.16953103244304657
3;0.9460415244102478;0.1518065631389618;0.009900503;0.9432488083839417;0.17985442280769348
4;0.9459983706474304;0.1511092185974121;0.0098507535;0.9496167898178101;0.1571202129125595
5;0.9461379647254944;0.15016067028045654;0.009801005;0.9485553503036499;0.16125313937664032
6;0.9463856220245361;0.1494692713022232;0.009751257;0.9421581625938416;0.16846953332424164
7;0.9464516043663025;0.14905160665512085;0.009701507;0.9499112963676453;0.15328119695186615
8;0.9466446042060852;0.14839844405651093;0.009651759;0.94893878698349;0.15433382987976074
9;0.9469045996665955;0.14796149730682373;0.00960201;0.950206458568573;0.15160535275936127
10;0.9470949769020081;0.14714759588241577;0.009552261;0.9492628574371338;0.15165165066719055
11;0.9471748471260071;0.14674794673919678;0.009502512;0.9474644660949707;0.15903833508491516
12;0.9472116827964783;0.1465204358100891;0.009452764;0.9472878575325012;0.15658241510391235
13;0.9471292495727539;0.1461469978094101;0.0094030155;0.9490565061569214;0.1489802449941635
14;0.947655975818634;0.1453174203634262;0.009353266;0.9500589370727539;0.1500004678964615
15;0.9474337100982666;0.14538155496120453;0.009303518;0.948437511920929;0.15195533633232117
16;0.9476871490478516;0.14505009353160858;0.009253769;0.9480541944503784;0.15305404365062714
17;0.9476537704467773;0.1446666121482849;0.00920402;0.9436320662498474;0.16207630932331085
18;0.9476388692855835;0.14415349066257477;0.009154271;0.944251298904419;0.16076242923736572
19;0.9478955268859863;0.1442989557981491;0.009104523;0.9504716992378235;0.14721958339214325
20;0.9481713175773621;0.1435127705335617;0.0090547735;0.951208770275116;0.14366842806339264
21;0.9481488466262817;0.14350323379039764;0.009005025;0.9491746425628662;0.15047167241573334
22;0.9478609561920166;0.14307457208633423;0.008955277;0.94949871301651;0.15363310277462006
23;0.9480260014533997;0.14266172051429749;0.008905527;0.951002299785614;0.14628081023693085
24;0.9482542872428894;0.1426464170217514;0.008855779;0.9510612487792969;0.1442449539899826
25;0.9480605125427246;0.14220242202281952;0.00880603;0.9457842111587524;0.15219543874263763
26;0.9482001066207886;0.14196717739105225;0.008756282;0.9497642517089844;0.14522060751914978
27;0.9482282996177673;0.14180739223957062;0.008706532;0.9525943398475647;0.14078862965106964
28;0.9483142495155334;0.14128881692886353;0.008656784;0.9524174332618713;0.13750994205474854
29;0.9482601284980774;0.14155122637748718;0.0086070355;0.9519458413124084;0.13793796300888062
30;0.9485505819320679;0.1407754272222519;0.008557286;0.9504422545433044;0.14178141951560974
31;0.9483001232147217;0.14063729345798492;0.008507538;0.9530662894248962;0.13437753915786743
32;0.948413610458374;0.14033034443855286;0.008457789;0.9516213536262512;0.1389419436454773
33;0.9483682513237;0.1402025818824768;0.00840804;0.9482311010360718;0.1501614898443222
34;0.9486985206604004;0.1402258425951004;0.008358291;0.9502359628677368;0.14733628928661346
35;0.9484989643096924;0.1401442587375641;0.008308543;0.9472582936286926;0.14835035800933838
36;0.9485441446304321;0.13985632359981537;0.008258794;0.9524763822555542;0.13619840145111084
37;0.9485732913017273;0.1399390697479248;0.008209045;0.9524468183517456;0.1385280191898346
38;0.948798656463623;0.13935410976409912;0.008159297;0.9513562321662903;0.14464454352855682
39;0.9486839771270752;0.13955219089984894;0.008109548;0.9486438035964966;0.14579805731773376
40;0.9488492012023926;0.13927912712097168;0.008059799;0.9509139060974121;0.1399715393781662
41;0.9485906362533569;0.13958847522735596;0.00801005;0.9517098665237427;0.13543701171875
42;0.9488747715950012;0.13888536393642426;0.007960302;0.9479069113731384;0.15780901908874512
43;0.9486786127090454;0.13928429782390594;0.007910552;0.9532429575920105;0.1347944438457489
44;0.948789656162262;0.13857199251651764;0.007860804;0.948909342288971;0.1530897617340088
45;0.9489547610282898;0.13889771699905396;0.007811055;0.9494399428367615;0.1469687670469284
46;0.9491618871688843;0.13864275813102722;0.0077613066;0.9475236535072327;0.16394397616386414
47;0.9485189914703369;0.13873018324375153;0.0077115577;0.9499116539955139;0.14258281886577606
48;0.9489433169364929;0.13868384063243866;0.007661809;0.9520636796951294;0.13588844239711761
49;0.9489774703979492;0.137764573097229;0.0076120603;0.9520635604858398;0.13768447935581207
50;0.9488833546638489;0.13786444067955017;0.0075623114;0.9522404074668884;0.13883882761001587
51;0.9491764903068542;0.1376449465751648;0.007512563;0.9499408602714539;0.14193762838840485
52;0.9493163228034973;0.13769850134849548;0.007462814;0.9483195543289185;0.1455167979001999
53;0.9491594433784485;0.13783957064151764;0.0074130655;0.949705183506012;0.15296821296215057
54;0.9491368532180786;0.13749392330646515;0.0073633166;0.9516212940216064;0.14272311329841614
55;0.9492626786231995;0.137467160820961;0.0073135677;0.9528594613075256;0.13540427386760712
56;0.9490690231323242;0.1379334181547165;0.007263819;0.9502358436584473;0.13871295750141144
57;0.9490970373153687;0.1372307986021042;0.0072140703;0.9514151811599731;0.14209206402301788
58;0.9492024183273315;0.1376674622297287;0.007164322;0.9515624642372131;0.14033755660057068
59;0.9492111802101135;0.13742445409297943;0.007114573;0.9525353908538818;0.13686750829219818
60;0.9490774869918823;0.13716304302215576;0.007064824;0.9522110819816589;0.13599516451358795
61;0.9493364691734314;0.13657738268375397;0.0070150755;0.9531839489936829;0.1357613205909729
62;0.949373185634613;0.13656610250473022;0.0069653266;0.9513265490531921;0.13998953998088837
63;0.949535608291626;0.1366785615682602;0.0069155777;0.9509433507919312;0.1398017704486847
64;0.9492115378379822;0.13701598346233368;0.006865829;0.9520637392997742;0.13868525624275208
65;0.9493933916091919;0.13707783818244934;0.0068160803;0.9523290991783142;0.13500654697418213
66;0.9493851661682129;0.13606895506381989;0.006766332;0.9520635604858398;0.14028789103031158
67;0.9494869709014893;0.13624180853366852;0.006716583;0.9514741897583008;0.13912346959114075
68;0.9495328068733215;0.13632389903068542;0.006666834;0.9503243565559387;0.14967647194862366
69;0.9494867324829102;0.13623188436031342;0.0066170855;0.9502947926521301;0.14327141642570496
70;0.9496408104896545;0.13637228310108185;0.0065673366;0.9532723426818848;0.13420861959457397
71;0.9492658376693726;0.13610069453716278;0.006517588;0.9483196139335632;0.145999938249588
72;0.9495071172714233;0.13602808117866516;0.0064678392;0.9510612487792969;0.14112593233585358
73;0.9491716027259827;0.13634009659290314;0.0064180903;0.9520047307014465;0.13765497505664825
74;0.949512779712677;0.13574622571468353;0.006368342;0.9473173022270203;0.14712293446063995
75;0.9496041536331177;0.13590601086616516;0.006318593;0.9479362368583679;0.1455046385526657
76;0.9496273994445801;0.1353125423192978;0.006268844;0.950353741645813;0.14189212024211884
77;0.949638307094574;0.1354331225156784;0.0062190956;0.9418632984161377;0.16134539246559143
78;0.949512779712677;0.1359540969133377;0.0061693466;0.951385498046875;0.14156724512577057
79;0.9497577548027039;0.1357574462890625;0.006119598;0.9497937560081482;0.15221615135669708
80;0.9499065279960632;0.13527654111385345;0.0060698492;0.9481722712516785;0.14630259573459625
81;0.9496157169342041;0.13511769473552704;0.0060201003;0.9466390013694763;0.15072473883628845
82;0.9497525095939636;0.13496831059455872;0.005970352;0.9499999284744263;0.13928468525409698
83;0.9497157335281372;0.13468416035175323;0.005920603;0.949321985244751;0.1474747508764267
84;0.9498513340950012;0.13517770171165466;0.0058708545;0.9524176120758057;0.13618755340576172
85;0.9496244788169861;0.13528136909008026;0.0058211056;0.9484078884124756;0.14837698638439178
86;0.9496752023696899;0.13486674427986145;0.0057713566;0.953360915184021;0.13385142385959625
87;0.9498182535171509;0.1346636861562729;0.005721608;0.9518868327140808;0.1350378394126892
88;0.9497689008712769;0.13501988351345062;0.0056718593;0.9513856172561646;0.13712994754314423
89;0.9496867656707764;0.13446837663650513;0.0056221103;0.9517983198165894;0.13898904621601105
90;0.9498432278633118;0.13460971415042877;0.005572362;0.9528891444206238;0.132565438747406
91;0.9496070146560669;0.13491615653038025;0.005522613;0.9502063393592834;0.14716042578220367
92;0.9499490857124329;0.13502506911754608;0.0054728645;0.9521816968917847;0.1345115453004837
93;0.9499059319496155;0.13480889797210693;0.0054231156;0.9494398832321167;0.14219436049461365
94;0.9501769542694092;0.13395211100578308;0.0053733666;0.9521519541740417;0.13584741950035095
95;0.9498683214187622;0.1338779479265213;0.005323618;0.951768696308136;0.13612385094165802
96;0.9501823782920837;0.1338261365890503;0.0052738693;0.9522405862808228;0.13355828821659088
97;0.9501362442970276;0.13405142724514008;0.005224121;0.9501474499702454;0.1393674612045288
98;0.9500512480735779;0.13382650911808014;0.005174372;0.9512088894844055;0.13741473853588104
99;0.9499228596687317;0.1342029869556427;0.005124623;0.9524765014648438;0.1344764530658722
100;0.9500030875205994;0.1343877762556076;0.0050748745;0.9528006315231323;0.13373316824436188
101;0.9499486684799194;0.13404977321624756;0.0050251256;0.9510319828987122;0.14021876454353333
102;0.9503079056739807;0.13370580971240997;0.004975377;0.952034056186676;0.13495256006717682
103;0.9500344395637512;0.13337017595767975;0.004925628;0.9529185891151428;0.13340981304645538
104;0.9499374032020569;0.13365648686885834;0.0048758793;0.9510907530784607;0.13608413934707642
105;0.9501398205757141;0.13384172320365906;0.004826131;0.9500293135643005;0.14463591575622559
106;0.9503506422042847;0.1329580545425415;0.004776382;0.9531248807907104;0.13394545018672943
107;0.9501193165779114;0.13363225758075714;0.004726633;0.9514739513397217;0.1388934999704361
108;0.9499948620796204;0.13356086611747742;0.0046768845;0.9524469375610352;0.13526304066181183
109;0.9502163529396057;0.13322025537490845;0.0046271356;0.9527713060379028;0.13610152900218964
110;0.9501391053199768;0.13315123319625854;0.004577387;0.9526830911636353;0.13332220911979675
111;0.9503560662269592;0.13302269577980042;0.004527638;0.9509140849113464;0.13912835717201233
112;0.9503899812698364;0.13299526274204254;0.0044778893;0.9534198045730591;0.13348600268363953
113;0.9502993226051331;0.13297291100025177;0.004428141;0.9526828527450562;0.13540960848331451
114;0.9502986669540405;0.1332044005393982;0.004378392;0.951356053352356;0.13762278854846954
115;0.9502272605895996;0.13270018994808197;0.0043286434;0.9528299570083618;0.13409511744976044
116;0.9506378769874573;0.13279613852500916;0.0042788945;0.9518866539001465;0.13639962673187256
117;0.9502072334289551;0.13253004848957062;0.0042291456;0.9538619518280029;0.13025209307670593
118;0.9504587650299072;0.13270241022109985;0.004179397;0.9513561129570007;0.1401863396167755
119;0.9505690932273865;0.13240160048007965;0.004129648;0.9535967707633972;0.13131581246852875
120;0.9506069421768188;0.13228580355644226;0.0040798993;0.9515331387519836;0.1381603330373764
121;0.9502533674240112;0.1329338401556015;0.004030151;0.9534492492675781;0.13284051418304443
122;0.9503615498542786;0.1324852555990219;0.003980402;0.9542157053947449;0.13193294405937195
123;0.9504162669181824;0.13233113288879395;0.0039306534;0.9527122974395752;0.1333591490983963
124;0.9505751132965088;0.13234025239944458;0.0038809045;0.953360915184021;0.13141095638275146
125;0.9505865573883057;0.13214708864688873;0.0038311558;0.9526828527450562;0.13429749011993408
126;0.9505951404571533;0.1321936398744583;0.0037814071;0.952122688293457;0.13359025120735168
127;0.9505807161331177;0.13191498816013336;0.0037316582;0.9528006315231323;0.13393931090831757
128;0.9504672288894653;0.13213716447353363;0.0036819095;0.9510612487792969;0.13883081078529358
129;0.9507231712341309;0.13176536560058594;0.0036321608;0.9509138464927673;0.1394316852092743
130;0.9506010413169861;0.13231222331523895;0.0035824121;0.9522111415863037;0.13414929807186127
131;0.9508745074272156;0.13153913617134094;0.0035326632;0.9533019065856934;0.13193416595458984
132;0.9503925442695618;0.13198290765285492;0.0034829145;0.9532723426818848;0.13220077753067017
133;0.9508202075958252;0.13156138360500336;0.0034331658;0.9530660510063171;0.13355663418769836
134;0.9505870342254639;0.1318666785955429;0.0033834171;0.9531252384185791;0.13190513849258423
135;0.9511189460754395;0.13104189932346344;0.0033336685;0.9523880481719971;0.13403011858463287
136;0.951001763343811;0.13153819739818573;0.0032839195;0.953154444694519;0.1322798728942871
137;0.9507864713668823;0.13161738216876984;0.0032341708;0.9541566967964172;0.12980377674102783
138;0.950882613658905;0.13118620216846466;0.0031844222;0.9530366063117981;0.13107885420322418
139;0.9506213068962097;0.13140986859798431;0.0031346735;0.954658031463623;0.13035118579864502
140;0.9509737491607666;0.13090045750141144;0.0030849245;0.9531250596046448;0.13082019984722137
141;0.9511139392852783;0.13081534206867218;0.0030351758;0.9522995352745056;0.1363263577222824
142;0.9507888555526733;0.1310001015663147;0.0029854272;0.953154444694519;0.13468189537525177
143;0.9506235122680664;0.13134217262268066;0.0029356785;0.9532724618911743;0.13195379078388214
144;0.9507179856300354;0.13121318817138672;0.0028859295;0.953744113445282;0.1296553760766983
145;0.9508543610572815;0.13102951645851135;0.0028361809;0.9530661106109619;0.1317133754491806
146;0.9507123827934265;0.1309204250574112;0.0027864322;0.9530659914016724;0.13196961581707
147;0.9507524371147156;0.13087807595729828;0.0027366835;0.9523287415504456;0.13338787853717804
148;0.9510054588317871;0.13032826781272888;0.0026869348;0.9517098665237427;0.13602739572525024
149;0.9508315324783325;0.13073675334453583;0.0026371859;0.9522995948791504;0.13522310554981232
150;0.9509057402610779;0.13079126179218292;0.0025874372;0.9534493684768677;0.1316734403371811
151;0.9509681463241577;0.13044390082359314;0.0025376885;0.9527418613433838;0.1332540363073349
152;0.9510506391525269;0.1306353658437729;0.0024879398;0.9535672068595886;0.13084039092063904
153;0.9508658051490784;0.1306680589914322;0.0024381909;0.9525946378707886;0.13345901668071747
154;0.9510741829872131;0.1303638070821762;0.0023884422;0.9534198641777039;0.13065128028392792
155;0.9508520364761353;0.13076531887054443;0.0023386935;0.9525648355484009;0.13324248790740967
156;0.9512155055999756;0.12986215949058533;0.0022889448;0.9527714848518372;0.13305428624153137
157;0.9509859681129456;0.1301083117723465;0.002239196;0.9529775977134705;0.1333821564912796
158;0.9509857296943665;0.13020457327365875;0.0021894472;0.9529481530189514;0.13315263390541077
159;0.9510769844055176;0.12974584102630615;0.0021396985;0.9531249403953552;0.1329350769519806
160;0.9509598016738892;0.13011541962623596;0.0020899498;0.953508198261261;0.131122887134552
161;0.9511561989784241;0.12992842495441437;0.002040201;0.9540094137191772;0.12942858040332794
162;0.9515243172645569;0.12950929999351501;0.0019904522;0.953744113445282;0.13005249202251434
163;0.9511963725090027;0.13035011291503906;0.0019407035;0.9529187083244324;0.13095277547836304
164;0.9514157176017761;0.1296384483575821;0.0018909548;0.9532428979873657;0.13096049427986145
165;0.9510306119918823;0.13014540076255798;0.001841206;0.9530956149101257;0.13374345004558563
166;0.95135897397995;0.12969517707824707;0.0017914573;0.9537442326545715;0.12983529269695282
167;0.9512613415718079;0.1296832263469696;0.0017417085;0.9536260962486267;0.1301986426115036
168;0.9509915113449097;0.13012410700321198;0.0016919598;0.9531545042991638;0.1308305263519287
169;0.9510486125946045;0.12986941635608673;0.0016422111;0.9530659317970276;0.13120073080062866
170;0.9512554407119751;0.1294429749250412;0.0015924623;0.9536556601524353;0.12996092438697815
171;0.9514409899711609;0.12970691919326782;0.0015427136;0.9533311128616333;0.13013531267642975
172;0.9512107968330383;0.12907196581363678;0.0014929648;0.9530954957008362;0.13009212911128998
173;0.9515379071235657;0.12893904745578766;0.0014432161;0.9545107483863831;0.12812440097332
174;0.9514322280883789;0.1292007714509964;0.0013934673;0.9541274309158325;0.12764492630958557
175;0.9514069557189941;0.12913601100444794;0.0013437186;0.9540979862213135;0.12871064245700836
176;0.9513557553291321;0.12918883562088013;0.0012939698;0.9538915157318115;0.12895509600639343
177;0.951521098613739;0.12880657613277435;0.0012442211;0.9545695185661316;0.12781748175621033
178;0.9510849714279175;0.1292993575334549;0.0011944723;0.9542452692985535;0.1281658411026001
179;0.95140141248703;0.12966902554035187;0.0011447236;0.953744113445282;0.12927448749542236
180;0.9515668153762817;0.1289357841014862;0.0010949749;0.9537734985351562;0.12936663627624512
181;0.9516227841377258;0.12914754450321198;0.0010452261;0.9544222354888916;0.12832774221897125
182;0.9511420726776123;0.1290741264820099;0.0009954774;0.9554246068000793;0.1279558539390564
183;0.9514017105102539;0.12921930849552155;0.0009457286;0.9535082578659058;0.12817268073558807
184;0.9514779448509216;0.1289873868227005;0.0008959799;0.9538618922233582;0.1307263970375061
185;0.9515579342842102;0.12911169230937958;0.0008462312;0.9544222354888916;0.12879137694835663
186;0.951378583908081;0.1287841945886612;0.00079648243;0.9537146091461182;0.1287236511707306
187;0.9512558579444885;0.12902720272541046;0.0007467337;0.9540977478027344;0.12853534519672394
188;0.951526403427124;0.12820707261562347;0.00069698493;0.9549822807312012;0.12824024260044098
189;0.951358437538147;0.12908011674880981;0.0006472362;0.9538914561271667;0.12840168178081512
190;0.9512501955032349;0.12905451655387878;0.00059748744;0.9538914561271667;0.12801189720630646
191;0.9516087770462036;0.12872768938541412;0.0005477387;0.9542158842086792;0.1274927705526352
192;0.9515464305877686;0.12829025089740753;0.00049798994;0.954510509967804;0.12756921350955963
193;0.9517601728439331;0.12814076244831085;0.00044824122;0.9543338418006897;0.12759298086166382
194;0.9515948295593262;0.12847204506397247;0.00039849247;0.9545105695724487;0.12829574942588806
195;0.9518428444862366;0.12840119004249573;0.00034874372;0.9541275501251221;0.12826505303382874
196;0.9517577290534973;0.12831170856952667;0.00029899497;0.9536556601524353;0.12857785820960999
197;0.9516094326972961;0.12845994532108307;0.00024924622;0.953773558139801;0.1289416402578354
198;0.9514380097389221;0.1283382922410965;0.00019949749;0.9545696377754211;0.12761837244033813
199;0.9514524340629578;0.12831757962703705;0.00014974874;0.9546578526496887;0.12814109027385712
