epoch;binary_accuracy;loss;lr;val_binary_accuracy;val_loss
0;0.9414077997207642;0.16902311146259308;0.01;0.9334610104560852;0.195924773812294
1;0.9469552636146545;0.14981423318386078;0.01;0.9421577453613281;0.1635097712278366
2;0.9478754997253418;0.1468675583600998;0.009950251;0.935966968536377;0.17528574168682098
3;0.948436439037323;0.14481216669082642;0.009900503;0.9497348070144653;0.14778824150562286
4;0.9485386610031128;0.1438358724117279;0.0098507535;0.9499117136001587;0.1510949581861496
5;0.9487298130989075;0.14300042390823364;0.009801005;0.9431600570678711;0.17397622764110565
6;0.9489234685897827;0.14217530190944672;0.009751257;0.9483194947242737;0.15231619775295258
7;0.9489433169364929;0.14159978926181793;0.009701507;0.9501473903656006;0.14620457589626312
8;0.949159562587738;0.14081765711307526;0.009651759;0.9523289799690247;0.14007136225700378
9;0.9495385885238647;0.13983426988124847;0.00960201;0.9514739513397217;0.14135484397411346
10;0.9495728611946106;0.13950590789318085;0.009552261;0.9518277049064636;0.13871800899505615
11;0.9497693181037903;0.139382466673851;0.009502512;0.9489091634750366;0.14704133570194244
12;0.9496699571609497;0.13848023116588593;0.009452764;0.9499114155769348;0.15223032236099243
13;0.9499232172966003;0.13799357414245605;0.0094030155;0.9490861892700195;0.14788609743118286
14;0.949908971786499;0.13789355754852295;0.009353266;0.9510318636894226;0.13995128870010376
15;0.9500488042831421;0.13741806149482727;0.009303518;0.9515330195426941;0.14058010280132294
16;0.9499632716178894;0.13710708916187286;0.009253769;0.9509433507919312;0.14870689809322357
17;0.9500996470451355;0.1368447095155716;0.00920402;0.949999988079071;0.14268898963928223
18;0.9501281380653381;0.13695861399173737;0.009154271;0.9519457817077637;0.13662570714950562
19;0.9499289989471436;0.13635751605033875;0.009104523;0.9505307078361511;0.13974517583847046
20;0.9503419399261475;0.1359890252351761;0.0090547735;0.9495283365249634;0.14023582637310028
21;0.9502478241920471;0.1355682909488678;0.009005025;0.9512380361557007;0.13717441260814667
22;0.9504783153533936;0.13564792275428772;0.008955277;0.9518868327140808;0.1374322474002838
23;0.9503529667854309;0.1352502852678299;0.008905527;0.9501767158508301;0.13747967779636383
24;0.9506180882453918;0.13525603711605072;0.008855779;0.9509139657020569;0.13683854043483734
25;0.9506177306175232;0.1351601630449295;0.00880603;0.951356053352356;0.13341227173805237
26;0.9508281946182251;0.13448385894298553;0.008756282;0.9523290991783142;0.13294023275375366
27;0.9506915807723999;0.13456907868385315;0.008706532;0.9502947330474854;0.1361628621816635
28;0.9506607055664062;0.13433054089546204;0.008656784;0.9514740109443665;0.13310153782367706
29;0.9505068063735962;0.13430973887443542;0.0086070355;0.9513266682624817;0.1316034495830536
30;0.9509768486022949;0.13354669511318207;0.008557286;0.9517689347267151;0.133916974067688
31;0.951047956943512;0.13343217968940735;0.008507538;0.9521520137786865;0.13100597262382507
32;0.9506806135177612;0.13356204330921173;0.008457789;0.9526827931404114;0.1313972771167755
33;0.9507946372032166;0.13356289267539978;0.00840804;0.9530364871025085;0.12946218252182007
34;0.9511736631393433;0.1330784559249878;0.008358291;0.9522109627723694;0.13173368573188782
35;0.9512558579444885;0.1322408765554428;0.008308543;0.9514445066452026;0.13185931742191315
36;0.9510229229927063;0.13310028612613678;0.008258794;0.9525649547576904;0.13102200627326965
37;0.9509908556938171;0.13267076015472412;0.008209045;0.9530071020126343;0.1291479766368866
38;0.9511938095092773;0.13283878564834595;0.008159297;0.9526532888412476;0.13217799365520477
39;0.9511134624481201;0.13267146050930023;0.008109548;0.9525059461593628;0.13264808058738708
40;0.951327383518219;0.13190433382987976;0.008059799;0.953154444694519;0.1314455270767212
41;0.9514634609222412;0.13198408484458923;0.00801005;0.9519163370132446;0.13158512115478516
42;0.9513784646987915;0.13201965391635895;0.007960302;0.9519459009170532;0.13183622062206268
43;0.9510394930839539;0.13236185908317566;0.007910552;0.9528008103370667;0.1317947953939438
44;0.9513093829154968;0.13140879571437836;0.007860804;0.9518866539001465;0.13244447112083435
45;0.9512104988098145;0.13170133531093597;0.007811055;0.9523584842681885;0.1302241086959839
46;0.9513219594955444;0.13158904016017914;0.0077613066;0.9528006315231323;0.13010331988334656
47;0.9514012932777405;0.13124683499336243;0.0077115577;0.9537146687507629;0.12695765495300293
48;0.9516863226890564;0.1310805231332779;0.007661809;0.9523290395736694;0.13069073855876923
49;0.9517061114311218;0.13135212659835815;0.0076120603;0.9526828527450562;0.13114392757415771
50;0.9516035318374634;0.13066814839839935;0.0075623114;0.9515034556388855;0.13134142756462097
51;0.9516922235488892;0.1311398297548294;0.007512563;0.9517391920089722;0.13428089022636414
52;0.951492190361023;0.13074395060539246;0.007462814;0.9524469971656799;0.1280977427959442
53;0.9515860676765442;0.13074232637882233;0.0074130655;0.9533314108848572;0.12806013226509094
54;0.9517144560813904;0.13014055788516998;0.0073633166;0.9528007507324219;0.1300811916589737
55;0.9515801668167114;0.13065573573112488;0.0073135677;0.9526237845420837;0.13033223152160645
56;0.9517061114311218;0.13054649531841278;0.007263819;0.953478991985321;0.1293167769908905
57;0.9518938660621643;0.13006000220775604;0.0072140703;0.9530956149101257;0.12943455576896667
58;0.9514615535736084;0.1305815875530243;0.007164322;0.9526240229606628;0.1318354457616806
59;0.9516403675079346;0.13016532361507416;0.007114573;0.9524763822555542;0.13038429617881775
60;0.9517830610275269;0.12985505163669586;0.007064824;0.9528596997261047;0.12910538911819458
61;0.9521273970603943;0.1295926868915558;0.0070150755;0.9525353908538818;0.13054707646369934
62;0.9519252777099609;0.12965357303619385;0.0069653266;0.952889084815979;0.13082897663116455
63;0.9519595503807068;0.12918385863304138;0.0069155777;0.9526827335357666;0.1298353672027588
64;0.9517346024513245;0.12985463440418243;0.006865829;0.9524469375610352;0.12918685376644135
65;0.952337920665741;0.12897717952728271;0.0068160803;0.951827883720398;0.13189968466758728
66;0.9518992304801941;0.1291050910949707;0.006766332;0.9529480338096619;0.13053911924362183
67;0.9522950649261475;0.12896272540092468;0.006716583;0.9535672068595886;0.12984073162078857
68;0.9517714977264404;0.12925881147384644;0.006666834;0.9529480934143066;0.1313704401254654
69;0.9515582323074341;0.1292421519756317;0.0066170855;0.9502947926521301;0.1353154480457306
70;0.9521440863609314;0.12889790534973145;0.0065673366;0.9520047307014465;0.1321466863155365
71;0.9519255757331848;0.12891024351119995;0.006517588;0.9513854384422302;0.13330228626728058
72;0.9520081281661987;0.12846888601779938;0.0064678392;0.9501177668571472;0.13557814061641693
73;0.9520705342292786;0.12881559133529663;0.0064180903;0.9507665038108826;0.13339121639728546
74;0.952167809009552;0.12822875380516052;0.006368342;0.9520047307014465;0.1319374293088913
75;0.9523721933364868;0.1282762736082077;0.006318593;0.9500589966773987;0.13594110310077667
76;0.9520592093467712;0.12837983667850494;0.006268844;0.9492335319519043;0.1364031285047531
77;0.952104389667511;0.12835152447223663;0.0062190956;0.9512087106704712;0.1344054937362671
78;0.952312171459198;0.12849420309066772;0.0061693466;0.950825572013855;0.13270406424999237
79;0.9525719881057739;0.12816116213798523;0.006119598;0.9510906934738159;0.13272979855537415
80;0.95229572057724;0.128038227558136;0.0060698492;0.9520637392997742;0.13109081983566284
81;0.9524607062339783;0.12817741930484772;0.0060201003;0.9507369995117188;0.13424959778785706
82;0.9523641467094421;0.1277609020471573;0.005970352;0.952004611492157;0.13298025727272034
83;0.9523921012878418;0.12788577377796173;0.005920603;0.9504717588424683;0.1337808072566986
84;0.9525634050369263;0.12748108804225922;0.0058708545;0.9512971639633179;0.1325945109128952
85;0.9525207877159119;0.127572700381279;0.0058211056;0.9520344138145447;0.13092796504497528
86;0.9525463581085205;0.1277216523885727;0.0057713566;0.9518572092056274;0.1295505166053772
87;0.9525631666183472;0.12745176255702972;0.005721608;0.9508253931999207;0.13427329063415527
88;0.9523977637290955;0.12748605012893677;0.0056718593;0.9512677192687988;0.13180257380008698
89;0.952739953994751;0.1270301640033722;0.0056221103;0.951739490032196;0.13131003081798553
90;0.95265132188797;0.1271507740020752;0.005572362;0.9516803622245789;0.12938401103019714
91;0.9524208903312683;0.12736742198467255;0.005522613;0.9518573880195618;0.13036878407001495
92;0.9525859951972961;0.1269902139902115;0.0054728645;0.9510023593902588;0.1326838582754135
93;0.9524434804916382;0.1272561401128769;0.0054231156;0.9508549571037292;0.1311967372894287
94;0.9525201320648193;0.12714633345603943;0.0053733666;0.9517098665237427;0.13021327555179596
95;0.9525431394577026;0.12767452001571655;0.005323618;0.9523881077766418;0.1297561675310135
96;0.9526453018188477;0.1266302913427353;0.0052738693;0.9529775381088257;0.130610853433609
97;0.9528419971466064;0.12661860883235931;0.005224121;0.9525057673454285;0.1298723816871643
98;0.9526032209396362;0.12706390023231506;0.005174372;0.9522112011909485;0.12956583499908447
99;0.9526287317276001;0.1271318793296814;0.005124623;0.9523583650588989;0.1301575005054474
100;0.9525229930877686;0.12678121030330658;0.0050748745;0.9513266086578369;0.13008911907672882
101;0.952312171459198;0.12652577459812164;0.0050251256;0.9521521925926208;0.12902183830738068
102;0.9529451131820679;0.1262018382549286;0.004975377;0.952034056186676;0.13079331815242767
103;0.9527283906936646;0.12657201290130615;0.004925628;0.9520045518875122;0.13104093074798584
104;0.9527258276939392;0.12652826309204102;0.0048758793;0.9524469375610352;0.1292755901813507
105;0.9529335498809814;0.12663669884204865;0.004826131;0.9530659317970276;0.12898927927017212
106;0.9526596069335938;0.12656037509441376;0.004776382;0.9525648355484009;0.12997980415821075
107;0.9528764486312866;0.12610919773578644;0.004726633;0.9535966515541077;0.12691523134708405
108;0.9533689618110657;0.12534533441066742;0.0046768845;0.9530366063117981;0.12824280560016632
109;0.952953577041626;0.12603498995304108;0.0046271356;0.9523583054542542;0.12966333329677582
110;0.9528249502182007;0.126007080078125;0.004577387;0.9528301954269409;0.1277131587266922
111;0.9529675841331482;0.12583960592746735;0.004527638;0.9521817564964294;0.1278117150068283
112;0.9529104232788086;0.12595415115356445;0.0044778893;0.95285964012146;0.12877565622329712
113;0.9530185461044312;0.12589944899082184;0.004428141;0.952741801738739;0.12758095562458038
114;0.9527824521064758;0.12592795491218567;0.004378392;0.9541568160057068;0.12644559144973755
115;0.9527022242546082;0.12607038021087646;0.0043286434;0.9525057673454285;0.12730088829994202
116;0.9531562328338623;0.1258608102798462;0.0042788945;0.9525057673454285;0.12820370495319366
117;0.9531537890434265;0.1256079524755478;0.0042291456;0.9534493684768677;0.12709282338619232
118;0.9531499147415161;0.12540893256664276;0.004179397;0.9531840682029724;0.12796518206596375
119;0.9529673457145691;0.12570691108703613;0.004129648;0.9536851048469543;0.126024529337883
120;0.9529337882995605;0.12530633807182312;0.0040798993;0.9535966515541077;0.1268584281206131
121;0.9532301425933838;0.125246062874794;0.004030151;0.9535377025604248;0.12525641918182373
122;0.95303875207901;0.125374898314476;0.003980402;0.9536262154579163;0.12624137103557587
123;0.953049898147583;0.1257762908935547;0.0039306534;0.9534788131713867;0.12761132419109344
124;0.953164279460907;0.12492291629314423;0.0038809045;0.9534787535667419;0.1260501593351364
125;0.9533463716506958;0.1252032369375229;0.0038311558;0.9539504647254944;0.12619036436080933
126;0.9531499147415161;0.12513689696788788;0.0037814071;0.9535377025604248;0.12601090967655182
127;0.9534289240837097;0.12497328221797943;0.0037316582;0.9531251192092896;0.12659184634685516
128;0.9529473185539246;0.1248721033334732;0.0036819095;0.953331470489502;0.1260310858488083
129;0.9531527161598206;0.12508438527584076;0.0036321608;0.9536849856376648;0.12624023854732513
130;0.953220546245575;0.1249699741601944;0.0035824121;0.9535672068595886;0.1267629712820053
131;0.9532983303070068;0.12494032829999924;0.0035326632;0.9528006911277771;0.12613506615161896
132;0.9532243609428406;0.12478333711624146;0.0034829145;0.9529482126235962;0.1259770691394806
133;0.95331209897995;0.12489558756351471;0.0034331658;0.9535672068595886;0.12601527571678162
134;0.9531582593917847;0.12471532076597214;0.0033834171;0.95353764295578;0.12527406215667725
135;0.9531387090682983;0.12429869920015335;0.0033336685;0.9536558389663696;0.12697510421276093
136;0.9532581567764282;0.1244291290640831;0.0032839195;0.9533018469810486;0.12734606862068176
137;0.9535512924194336;0.12434106320142746;0.0032341708;0.9534491896629333;0.1261678785085678
138;0.9535715579986572;0.1244126632809639;0.0031844222;0.9538916349411011;0.12548288702964783
139;0.9534828066825867;0.12409506738185883;0.0031346735;0.9538325071334839;0.12430684268474579
140;0.9534833431243896;0.12438040226697922;0.0030849245;0.9538914561271667;0.12642627954483032
141;0.953263521194458;0.12429282069206238;0.0030351758;0.9539799690246582;0.12585636973381042
142;0.9532463550567627;0.12429847568273544;0.0029854272;0.9532727003097534;0.126207634806633
143;0.9535320401191711;0.1236763447523117;0.0029356785;0.9534197449684143;0.12590116262435913
144;0.9535083770751953;0.12394802272319794;0.0028859295;0.9536556601524353;0.12695452570915222
145;0.9532155394554138;0.12418337166309357;0.0028361809;0.9535967707633972;0.12650807201862335
146;0.9535285234451294;0.12382084876298904;0.0027864322;0.9540388584136963;0.12580962479114532
147;0.9534092545509338;0.12366978079080582;0.0027366835;0.9538916349411011;0.12598493695259094
148;0.953605592250824;0.12388088554143906;0.0026869348;0.9544811844825745;0.12413592636585236
149;0.9533429145812988;0.1243593618273735;0.0026371859;0.9536260962486267;0.12502504885196686
150;0.954109787940979;0.12333159148693085;0.0025874372;0.9537144899368286;0.12625131011009216
151;0.9538989663124084;0.12328064441680908;0.0025376885;0.9532135128974915;0.1269748955965042
152;0.9535859227180481;0.12342359870672226;0.0024879398;0.9535672068595886;0.1259448081254959
153;0.9537198543548584;0.12364096939563751;0.0024381909;0.9530657529830933;0.1269245445728302
154;0.9537253379821777;0.12332924455404282;0.0023884422;0.9530364274978638;0.12716393172740936
155;0.9537478089332581;0.12319952249526978;0.0023386935;0.9541568160057068;0.12497638165950775
156;0.9535544514656067;0.1233392134308815;0.0022889448;0.9535081386566162;0.1259443163871765
157;0.9536510109901428;0.12335450202226639;0.002239196;0.953508198261261;0.1253039389848709
158;0.95375657081604;0.12329737097024918;0.0021894472;0.9536556601524353;0.12573568522930145
159;0.9536257386207581;0.12353743612766266;0.0021396985;0.9541568160057068;0.12482796609401703
160;0.9538133144378662;0.12353376299142838;0.0020899498;0.9534786939620972;0.12514254450798035
161;0.9540418386459351;0.12296847254037857;0.002040201;0.9539504647254944;0.12502889335155487
162;0.9538138508796692;0.12319852411746979;0.0019904522;0.9545695185661316;0.1245175376534462
163;0.9541412591934204;0.12299028784036636;0.0019407035;0.9548055529594421;0.12458311766386032
164;0.9539419412612915;0.12293194979429245;0.0018909548;0.9544810652732849;0.12480267882347107
165;0.9538276791572571;0.12282929569482803;0.001841206;0.9543042182922363;0.12507332861423492
166;0.9537651538848877;0.12274723500013351;0.0017914573;0.9537737369537354;0.1250419318675995
167;0.9538079500198364;0.12279334664344788;0.0017417085;0.9540978670120239;0.12476003170013428
168;0.953804612159729;0.12305226922035217;0.0016919598;0.9541863203048706;0.1252870112657547
169;0.9536654353141785;0.12254983186721802;0.0016422111;0.9546580910682678;0.12354334443807602
170;0.9540526270866394;0.12238152325153351;0.0015924623;0.9545694589614868;0.12398099899291992
171;0.9537962079048157;0.12250925600528717;0.0015427136;0.9543926119804382;0.12425497174263
172;0.9538877606391907;0.12268254160881042;0.0014929648;0.9539209604263306;0.12547893822193146
173;0.9543514251708984;0.12242710590362549;0.0014432161;0.9539211392402649;0.12534691393375397
174;0.9541612863540649;0.12245635688304901;0.0013934673;0.9540978074073792;0.12460332363843918
175;0.9544604420661926;0.12204137444496155;0.0013437186;0.9538031816482544;0.12586338818073273
176;0.9542688727378845;0.122005395591259;0.0012939698;0.9537439942359924;0.1252814084291458
177;0.9538672566413879;0.12201449275016785;0.0012442211;0.9540684819221497;0.12432462722063065
178;0.9541158080101013;0.12193579226732254;0.0011944723;0.9539209604263306;0.12426194548606873
179;0.9540411233901978;0.12204625457525253;0.0011447236;0.9543043375015259;0.12450747936964035
180;0.9540926814079285;0.12200190871953964;0.0010949749;0.9540978670120239;0.12405216693878174
181;0.9542295932769775;0.12215834110975266;0.0010452261;0.9539505839347839;0.1253216713666916
182;0.9540183544158936;0.12206317484378815;0.0009954774;0.9546284675598145;0.12424356490373611
183;0.9541093707084656;0.12174555659294128;0.0009457286;0.9531840085983276;0.1260422170162201
184;0.9540814161300659;0.1218675971031189;0.0008959799;0.9537439346313477;0.12519897520542145
185;0.95436030626297;0.1217799037694931;0.0008462312;0.9536260962486267;0.12489815801382065
186;0.9543744325637817;0.12136217206716537;0.00079648243;0.9537442326545715;0.12587377429008484
187;0.9542209506034851;0.12175643444061279;0.0007467337;0.9541566967964172;0.1257530152797699
188;0.9542208313941956;0.12203526496887207;0.00069698493;0.9542748928070068;0.12432686984539032
189;0.9542407393455505;0.12162714451551437;0.0006472362;0.9545989632606506;0.12483654916286469
190;0.9541497230529785;0.1216127797961235;0.00059748744;0.9543631672859192;0.12402859330177307
191;0.9544683694839478;0.12162385135889053;0.0005477387;0.9544223546981812;0.12501676380634308
192;0.9540727734565735;0.12177307903766632;0.00049798994;0.953744113445282;0.12455519288778305
193;0.9543861150741577;0.12103964388370514;0.00044824122;0.9541863203048706;0.12460778653621674
194;0.9544625878334045;0.12091539800167084;0.00039849247;0.9540390372276306;0.12468940019607544
195;0.9546849727630615;0.12102891504764557;0.00034874372;0.9545694589614868;0.12485894560813904
196;0.9544316530227661;0.12116082012653351;0.00029899497;0.95339035987854;0.12534275650978088
197;0.9543265104293823;0.12129993736743927;0.00024924622;0.9540388584136963;0.12516628205776215
198;0.9541810154914856;0.12160101532936096;0.00019949749;0.9538618922233582;0.1252395212650299
199;0.9542834758758545;0.12087979912757874;0.00014974874;0.9539210200309753;0.12546750903129578
