epoch;binary_accuracy;loss;lr;val_binary_accuracy;val_loss
0;0.940066933631897;0.17363619804382324;0.01;0.9406249523162842;0.18575133383274078
1;0.9447848200798035;0.15574008226394653;0.01;0.9363208413124084;0.1827927678823471
2;0.9454772472381592;0.15334221720695496;0.009950251;0.9451650977134705;0.18049897253513336
3;0.945662260055542;0.1521655172109604;0.009900503;0.9482016563415527;0.15724503993988037
4;0.9460815787315369;0.1511279046535492;0.0098507535;0.9519456028938293;0.14668524265289307
5;0.946317195892334;0.15025779604911804;0.009801005;0.9388266801834106;0.18143878877162933
6;0.9465219378471375;0.14932909607887268;0.009751257;0.9530954360961914;0.14796516299247742
7;0.9465456008911133;0.1486571580171585;0.009701507;0.9498524069786072;0.15134648978710175
8;0.9467136859893799;0.14823631942272186;0.009651759;0.9513855576515198;0.14756962656974792
9;0.9466705322265625;0.1474417746067047;0.00960201;0.951385498046875;0.1451168656349182
10;0.9472745060920715;0.14732058346271515;0.009552261;0.9420990943908691;0.168852299451828
11;0.9469351172447205;0.14740335941314697;0.009502512;0.9513266682624817;0.14980527758598328
12;0.9472265839576721;0.1464611440896988;0.009452764;0.952093243598938;0.14463135600090027
13;0.9472007751464844;0.14583995938301086;0.0094030155;0.9512973427772522;0.14464417099952698
14;0.9471005201339722;0.14579801261425018;0.009353266;0.9507371187210083;0.14804893732070923
15;0.947547972202301;0.14566875994205475;0.009303518;0.9497936367988586;0.14756888151168823
16;0.9473311305046082;0.14567802846431732;0.009253769;0.953095555305481;0.14259061217308044
17;0.9477808475494385;0.14467203617095947;0.00920402;0.9527417421340942;0.14594483375549316
18;0.9474480748176575;0.1449258178472519;0.009154271;0.952093243598938;0.14462555944919586
19;0.947579562664032;0.14419105648994446;0.009104523;0.952093243598938;0.14288891851902008
20;0.9476504325866699;0.14460231363773346;0.0090547735;0.9527119994163513;0.14283452928066254
21;0.9478836059570312;0.1437053382396698;0.009005025;0.9505893588066101;0.14454688131809235
22;0.9476329684257507;0.1438291221857071;0.008955277;0.9530365467071533;0.1391363888978958
23;0.9480205774307251;0.1430617719888687;0.008905527;0.9482016563415527;0.14978501200675964
24;0.9479467868804932;0.14302833378314972;0.008855779;0.9529480338096619;0.14087387919425964
25;0.9480520486831665;0.1426697075366974;0.00880603;0.9522405862808228;0.13876307010650635
26;0.948106586933136;0.14218969643115997;0.008756282;0.9532724022865295;0.13715627789497375
27;0.9480918049812317;0.14256736636161804;0.008706532;0.9526828527450562;0.13663789629936218
28;0.9480579495429993;0.14237849414348602;0.008656784;0.9538325667381287;0.1348528265953064
29;0.9481171369552612;0.14186649024486542;0.0086070355;0.9535083174705505;0.13660457730293274
30;0.9483368396759033;0.1413096785545349;0.008557286;0.9547464847564697;0.1331189125776291
31;0.948333740234375;0.14161930978298187;0.008507538;0.9535671472549438;0.1343831866979599
32;0.9483765959739685;0.14084462821483612;0.008457789;0.9516804814338684;0.13842834532260895
33;0.9483795762062073;0.14123070240020752;0.00840804;0.9530656933784485;0.13530054688453674
34;0.9485588073730469;0.14047101140022278;0.008358291;0.9526533484458923;0.13514672219753265
35;0.9481858015060425;0.14075492322444916;0.008308543;0.9511497020721436;0.13833490014076233
36;0.9486209750175476;0.14040607213974;0.008258794;0.9523584842681885;0.13534942269325256
37;0.9484788179397583;0.14032410085201263;0.008209045;0.9532429575920105;0.13647757470607758
38;0.9483676552772522;0.14032544195652008;0.008159297;0.9531251192092896;0.13526460528373718
39;0.9486188888549805;0.13990318775177002;0.008109548;0.9531838893890381;0.13331353664398193
40;0.9483654499053955;0.13971707224845886;0.008059799;0.9514445662498474;0.13737066090106964
41;0.9486643671989441;0.13999603688716888;0.00801005;0.9518572688102722;0.1365821659564972
42;0.94878089427948;0.14006200432777405;0.007960302;0.9525651931762695;0.13522392511367798
43;0.9486216902732849;0.13933226466178894;0.007910552;0.9528008103370667;0.136062353849411
44;0.9491801261901855;0.13903900980949402;0.007860804;0.9531840085983276;0.13656513392925262
45;0.9487897753715515;0.1389538049697876;0.007811055;0.9522700905799866;0.13667625188827515
46;0.9486618041992188;0.13893865048885345;0.0077613066;0.9528302550315857;0.13522553443908691
47;0.9489209055900574;0.1389196217060089;0.0077115577;0.9526532888412476;0.135095477104187
48;0.9488611817359924;0.13853929936885834;0.007661809;0.9530659914016724;0.13350382447242737
49;0.9488718509674072;0.13813766837120056;0.0076120603;0.9525648951530457;0.13425113260746002
50;0.9488725662231445;0.13836687803268433;0.0075623114;0.9531249403953552;0.1365496814250946
51;0.948735237121582;0.1384628713130951;0.007512563;0.9521523714065552;0.13582198321819305
52;0.9489894509315491;0.1381572186946869;0.007462814;0.9527713060379028;0.13733002543449402
53;0.948738157749176;0.13836945593357086;0.0074130655;0.9518572688102722;0.13660410046577454
54;0.949028730392456;0.13784711062908173;0.0073633166;0.9523290991783142;0.13591910898685455
55;0.9488921165466309;0.1378444880247116;0.0073135677;0.9541864395141602;0.13612571358680725
56;0.948980450630188;0.13794168829917908;0.007263819;0.9537734389305115;0.13412286341190338
57;0.9489400386810303;0.13776899874210358;0.0072140703;0.953154444694519;0.13345877826213837
58;0.9492822885513306;0.13733451068401337;0.007164322;0.9524469375610352;0.13570110499858856
59;0.9493759274482727;0.137318953871727;0.007114573;0.9527417421340942;0.13478146493434906
60;0.9490430951118469;0.13739538192749023;0.007064824;0.9533903002738953;0.13312502205371857
61;0.9494876265525818;0.13706165552139282;0.0070150755;0.9534491896629333;0.1341000348329544
62;0.9494019746780396;0.1366913914680481;0.0069653266;0.9538914561271667;0.13386639952659607
63;0.9492996335029602;0.13718551397323608;0.0069155777;0.9532724022865295;0.13420279324054718
64;0.9492534399032593;0.1368105411529541;0.006865829;0.9533019661903381;0.13328726589679718
65;0.9495128989219666;0.13651035726070404;0.0068160803;0.9533903002738953;0.1337711215019226
66;0.9492737054824829;0.13663557171821594;0.006766332;0.9532724618911743;0.13398012518882751
67;0.9492763876914978;0.13692690432071686;0.006716583;0.9519164562225342;0.13490088284015656
68;0.9492653608322144;0.13652370870113373;0.006666834;0.9508549571037292;0.13852572441101074
69;0.9492508769035339;0.1359904408454895;0.0066170855;0.9530365467071533;0.13634541630744934
70;0.9492969512939453;0.13637226819992065;0.0065673366;0.9517393112182617;0.13758009672164917
71;0.9495808482170105;0.1365300416946411;0.006517588;0.9524174332618713;0.13531363010406494
72;0.9494588375091553;0.13628236949443817;0.0064678392;0.9512380361557007;0.1358666867017746
73;0.9496101140975952;0.13582590222358704;0.0064180903;0.9514445662498474;0.13671916723251343
74;0.9497061371803284;0.13565222918987274;0.006368342;0.9508844017982483;0.1393742859363556
75;0.9493420124053955;0.13602788746356964;0.006318593;0.9515034556388855;0.13633716106414795
76;0.9494819641113281;0.13565322756767273;0.006268844;0.9498822093009949;0.14051246643066406
77;0.9496014714241028;0.13593558967113495;0.0062190956;0.9510317444801331;0.13934972882270813
78;0.9497175812721252;0.13511979579925537;0.0061693466;0.951267659664154;0.13670070469379425
79;0.94933021068573;0.13596074283123016;0.006119598;0.9499409794807434;0.1394142508506775
80;0.9495243430137634;0.1354885995388031;0.0060698492;0.9514740705490112;0.13666518032550812
81;0.9493755102157593;0.1353679597377777;0.0060201003;0.9514445066452026;0.13743259012699127
82;0.9496152400970459;0.13518564403057098;0.005970352;0.9516804814338684;0.1344136893749237
83;0.9498916864395142;0.13525651395320892;0.005920603;0.9523290395736694;0.13569052517414093
84;0.9497265219688416;0.1353098303079605;0.0058708545;0.9526238441467285;0.13367246091365814
85;0.9498201608657837;0.13496264815330505;0.0058211056;0.9530070424079895;0.13301575183868408
86;0.9495330452919006;0.13494203984737396;0.0057713566;0.9519163370132446;0.13336282968521118
87;0.9498399496078491;0.1348000168800354;0.005721608;0.9530364871025085;0.13349898159503937
88;0.9495813250541687;0.13535600900650024;0.0056718593;0.9522406458854675;0.13339559733867645
89;0.9499373435974121;0.13498248159885406;0.0056221103;0.95271235704422;0.13290202617645264
90;0.9498032927513123;0.13515374064445496;0.005572362;0.9525057673454285;0.13259731233119965
91;0.9499632716178894;0.1347118318080902;0.005522613;0.953125;0.13425108790397644
92;0.9496747851371765;0.13419286906719208;0.0054728645;0.9525648355484009;0.1343529224395752
93;0.9498974084854126;0.1346958577632904;0.0054231156;0.9522701501846313;0.13320107758045197
94;0.9498458504676819;0.13465353846549988;0.0053733666;0.9537147879600525;0.13120263814926147
95;0.9500284194946289;0.13456781208515167;0.005323618;0.9526239633560181;0.13502080738544464
96;0.9500510096549988;0.1341559886932373;0.0052738693;0.9529773592948914;0.1314156949520111
97;0.9497857689857483;0.13446472585201263;0.005224121;0.9529480934143066;0.13198122382164001
98;0.950039803981781;0.13455480337142944;0.005174372;0.9533313512802124;0.13224057853221893
99;0.9500395655632019;0.13416226208209991;0.005124623;0.9529187083244324;0.13289731740951538
100;0.9499685764312744;0.13412798941135406;0.0050748745;0.953567385673523;0.13210654258728027
101;0.9499945044517517;0.13399887084960938;0.0050251256;0.9530072212219238;0.1336694061756134
102;0.9499712586402893;0.13396914303302765;0.004975377;0.9532427787780762;0.13216844201087952
103;0.9498885869979858;0.13359332084655762;0.004925628;0.953891396522522;0.13126002252101898
104;0.9502963423728943;0.1334036886692047;0.0048758793;0.9530072212219238;0.1320747584104538
105;0.9503217935562134;0.13353917002677917;0.004826131;0.9530069828033447;0.1310102492570877
106;0.950051486492157;0.13339674472808838;0.004776382;0.9528598189353943;0.131198450922966
107;0.950036883354187;0.13385970890522003;0.004726633;0.9528007507324219;0.13143247365951538
108;0.9499999284744263;0.13356629014015198;0.0046768845;0.9530364274978638;0.13088198006153107
109;0.9501909613609314;0.1333312839269638;0.0046271356;0.9535674452781677;0.1306811273097992
110;0.9500741362571716;0.133856862783432;0.004577387;0.9537442922592163;0.13181015849113464
111;0.9503705501556396;0.13300994038581848;0.004527638;0.9544811844825745;0.13061967492103577
112;0.9501593708992004;0.13340604305267334;0.0044778893;0.9535083174705505;0.12972982227802277
113;0.9500683546066284;0.13326460123062134;0.004428141;0.9521521329879761;0.13365963101387024
114;0.9502928853034973;0.1329452097415924;0.004378392;0.9528301954269409;0.1318851113319397
115;0.9501882791519165;0.1329788714647293;0.0043286434;0.9534491300582886;0.13069723546504974
116;0.9504898190498352;0.1328335553407669;0.0042788945;0.9524467587471008;0.1306390017271042
117;0.9503902196884155;0.1330786496400833;0.0042291456;0.9537737369537354;0.13077597320079803
118;0.9503247141838074;0.13280266523361206;0.004179397;0.9538030624389648;0.131130650639534
119;0.9505150318145752;0.13283070921897888;0.004129648;0.9529776573181152;0.13194212317466736
120;0.9501852989196777;0.1329752504825592;0.0040798993;0.9525942802429199;0.130947083234787
121;0.9504902362823486;0.13239185512065887;0.004030151;0.9528008103370667;0.13136428594589233
122;0.9504555463790894;0.1325734555721283;0.003980402;0.9534786939620972;0.13055875897407532
123;0.9503786563873291;0.1324588805437088;0.0039306534;0.9533313512802124;0.1306665539741516
124;0.9504644274711609;0.1322702169418335;0.0038809045;0.9533905386924744;0.1310199499130249
125;0.9505407214164734;0.13201899826526642;0.0038311558;0.9530954957008362;0.1310921311378479
126;0.9507406949996948;0.13236625492572784;0.0037814071;0.954215943813324;0.12961919605731964
127;0.950279176235199;0.13196957111358643;0.0037316582;0.9535671472549438;0.13001717627048492
128;0.9505377411842346;0.13255375623703003;0.0036819095;0.9535082578659058;0.13007508218288422
129;0.9508801698684692;0.13192732632160187;0.0036321608;0.9539798498153687;0.1304023563861847
130;0.9508059620857239;0.13165710866451263;0.0035824121;0.9535081386566162;0.13122394680976868
131;0.9507172107696533;0.1316252499818802;0.0035326632;0.9536853432655334;0.13163608312606812
132;0.950817346572876;0.1311732530593872;0.0034829145;0.9529480934143066;0.13061699271202087
133;0.9503904581069946;0.13194027543067932;0.0034331658;0.9536262154579163;0.1302342712879181
134;0.951116681098938;0.1311802715063095;0.0033834171;0.9540682435035706;0.12977251410484314
135;0.9509109854698181;0.1310611367225647;0.0033336685;0.9536558389663696;0.129579097032547
136;0.9507257342338562;0.13193710148334503;0.0032839195;0.954628586769104;0.13034901022911072
137;0.9507399797439575;0.13088025152683258;0.0032341708;0.95297771692276;0.13042356073856354
138;0.9508116245269775;0.13154464960098267;0.0031844222;0.9540683627128601;0.12924599647521973
139;0.9505867958068848;0.13173656165599823;0.0031346735;0.9534493088722229;0.1301734298467636
140;0.9505245089530945;0.13151349127292633;0.0030849245;0.9533017873764038;0.13032184541225433
141;0.9510226845741272;0.130904421210289;0.0030351758;0.9532133936882019;0.13008634746074677
142;0.9508605003356934;0.13148239254951477;0.0029854272;0.9538618326187134;0.12932172417640686
143;0.9506774544715881;0.13064850866794586;0.0029356785;0.9533314108848572;0.12964381277561188
144;0.9508403539657593;0.1314408779144287;0.0028859295;0.9537440538406372;0.1300257444381714
145;0.9509397149085999;0.13070166110992432;0.0028361809;0.9540093541145325;0.12961381673812866
146;0.9506922960281372;0.131005197763443;0.0027864322;0.953567385673523;0.13011497259140015
147;0.9507609009742737;0.13089598715305328;0.0027366835;0.9547169804573059;0.12934671342372894
148;0.9509227871894836;0.1311189979314804;0.0026869348;0.9530069828033447;0.13033127784729004
149;0.9509686231613159;0.13115669786930084;0.0026371859;0.9527122974395752;0.13107432425022125
150;0.9509710669517517;0.13124142587184906;0.0025874372;0.9535082578659058;0.12940196692943573
151;0.9510564208030701;0.1308438926935196;0.0025376885;0.9529775381088257;0.1297510415315628
152;0.9504984617233276;0.13082444667816162;0.0024879398;0.9532133340835571;0.13004453480243683
153;0.9509862065315247;0.13076084852218628;0.0024381909;0.9533019065856934;0.12953612208366394
154;0.9509593844413757;0.13061894476413727;0.0023884422;0.9534787535667419;0.12964315712451935
155;0.9509994387626648;0.13068318367004395;0.0023386935;0.9524762034416199;0.12972131371498108
156;0.9512191414833069;0.12987758219242096;0.0022889448;0.9538323879241943;0.1299581527709961
157;0.9509619474411011;0.13028813898563385;0.002239196;0.9532724022865295;0.12993967533111572
158;0.9512363076210022;0.12970568239688873;0.0021894472;0.9529480338096619;0.13012568652629852
159;0.9509627223014832;0.13071395456790924;0.0021396985;0.9537442922592163;0.12944109737873077
160;0.950718104839325;0.13047316670417786;0.0020899498;0.9537737369537354;0.12919138371944427
161;0.9510876536369324;0.13031280040740967;0.002040201;0.9532724022865295;0.13063406944274902
162;0.9510881304740906;0.13013924658298492;0.0019904522;0.9535671472549438;0.12878736853599548
163;0.9513466358184814;0.12974537909030914;0.0019407035;0.9535672068595886;0.12919476628303528
164;0.9512791037559509;0.1298375278711319;0.0018909548;0.9538031816482544;0.1295478790998459
165;0.9509195685386658;0.1297464668750763;0.001841206;0.95353764295578;0.1279124617576599
166;0.9512584209442139;0.1296796351671219;0.0017914573;0.9539798498153687;0.12808381021022797
167;0.9510509371757507;0.12959276139736176;0.0017417085;0.9535967111587524;0.12893080711364746
168;0.951138973236084;0.1300804764032364;0.0016919598;0.9540389180183411;0.1281786561012268
169;0.9513154029846191;0.1299174427986145;0.0016422111;0.9543927311897278;0.1273910254240036
170;0.9511706233024597;0.12974503636360168;0.0015924623;0.9534787535667419;0.12831027805805206
171;0.9511191248893738;0.1296478807926178;0.0015427136;0.9543042182922363;0.1283472329378128
172;0.9511133432388306;0.12953263521194458;0.0014929648;0.9546875357627869;0.12687088549137115
173;0.9515289664268494;0.12932705879211426;0.0014432161;0.9535674452781677;0.12836810946464539
174;0.9512817859649658;0.129032164812088;0.0013934673;0.9545401930809021;0.1273544728755951
175;0.9514070749282837;0.12923505902290344;0.0013437186;0.9537146091461182;0.12842924892902374
176;0.9511193633079529;0.12983042001724243;0.0012939698;0.9542452096939087;0.12820544838905334
177;0.9513780474662781;0.12934637069702148;0.0012442211;0.9542748332023621;0.12754268944263458
178;0.9513022899627686;0.1290382593870163;0.0011944723;0.9541863203048706;0.12746500968933105
179;0.9515042901039124;0.12915584444999695;0.0011447236;0.9547464847564697;0.12729664146900177
180;0.9514352083206177;0.12875382602214813;0.0010949749;0.9539800882339478;0.12747152149677277
181;0.9511647820472717;0.12908923625946045;0.0010452261;0.9544220566749573;0.1282181590795517
182;0.9515547752380371;0.12867951393127441;0.0009954774;0.9542452692985535;0.1270131766796112
183;0.9516294598579407;0.12870708107948303;0.0009457286;0.9538030624389648;0.12714561820030212
184;0.9513644576072693;0.12877283990383148;0.0008959799;0.9547463655471802;0.1276322901248932
185;0.9512760043144226;0.12898166477680206;0.0008462312;0.9535967707633972;0.12754899263381958
186;0.9513978362083435;0.12877920269966125;0.00079648243;0.9539209008216858;0.12730927765369415
187;0.9515465497970581;0.1283152997493744;0.0007467337;0.954510509967804;0.1268313080072403
188;0.9516265392303467;0.12835411727428436;0.00069698493;0.9540683627128601;0.12674371898174286
189;0.951397716999054;0.1285046488046646;0.0006472362;0.9541276097297668;0.1276155263185501
190;0.9515946507453918;0.1280871480703354;0.00059748744;0.9543042182922363;0.1273554563522339
191;0.9517006278038025;0.12848548591136932;0.0005477387;0.9545695185661316;0.12678803503513336
192;0.9515320062637329;0.1283087134361267;0.00049798994;0.9549234509468079;0.1269020438194275
193;0.9516180753707886;0.1285422146320343;0.00044824122;0.9547464847564697;0.12775298953056335
194;0.9514523148536682;0.12821893393993378;0.00039849247;0.9544515609741211;0.12729807198047638
195;0.9517630338668823;0.12755908071994781;0.00034874372;0.9540390372276306;0.12643271684646606
196;0.9517572522163391;0.12819233536720276;0.00029899497;0.9540093541145325;0.12737159430980682
197;0.9514380693435669;0.12833082675933838;0.00024924622;0.9543336033821106;0.12755392491817474
198;0.9516488909721375;0.1279495805501938;0.00019949749;0.9547464847564697;0.1260993927717209
199;0.951649010181427;0.1279287189245224;0.00014974874;0.9543631672859192;0.127391055226326
