epoch;binary_accuracy;loss;lr;val_binary_accuracy;val_loss
0;0.9400074481964111;0.1734669953584671;0.01;0.9491451978683472;0.16566552221775055
1;0.9449701905250549;0.15543213486671448;0.01;0.9447816610336304;0.169803649187088
2;0.9454831480979919;0.15255436301231384;0.009950251;0.9447229504585266;0.16148246824741364
3;0.9461609125137329;0.15116149187088013;0.009900503;0.9477593302726746;0.1542983502149582
4;0.9459847807884216;0.1504853069782257;0.0098507535;0.949705183506012;0.15262635052204132
5;0.9461326599121094;0.1496143490076065;0.009801005;0.9449587464332581;0.16274765133857727
6;0.9464373588562012;0.14884641766548157;0.009751257;0.9492922425270081;0.15071934461593628
7;0.9466933608055115;0.14816294610500336;0.009701507;0.9502654075622559;0.1481732428073883
8;0.9466769695281982;0.1474662572145462;0.009651759;0.9494398832321167;0.1501825749874115
9;0.9468957185745239;0.14694449305534363;0.00960201;0.9492630362510681;0.14939481019973755
10;0.9472488164901733;0.1463245153427124;0.009552261;0.9475825428962708;0.15654613077640533
11;0.9471893310546875;0.14615662395954132;0.009502512;0.9518867135047913;0.1442423164844513
12;0.9471802711486816;0.14600367844104767;0.009452764;0.9520636796951294;0.14552849531173706
13;0.9471491575241089;0.14552167057991028;0.0094030155;0.9482900500297546;0.15074662864208221
14;0.9474713206291199;0.14463861286640167;0.009353266;0.9469634890556335;0.15218345820903778
15;0.9478047490119934;0.14434407651424408;0.009303518;0.9482311010360718;0.1524243950843811
16;0.9476929306983948;0.14408311247825623;0.009253769;0.948732316493988;0.15031391382217407
17;0.9476155042648315;0.14391420781612396;0.00920402;0.9472580552101135;0.14877855777740479
18;0.94808030128479;0.14343713223934174;0.009154271;0.9517394304275513;0.1428629606962204
19;0.9478811621665955;0.1429847627878189;0.009104523;0.9498526453971863;0.14548881351947784
20;0.9480747580528259;0.14248386025428772;0.0090547735;0.9495283961296082;0.1446557641029358
21;0.9479332566261292;0.14249379932880402;0.009005025;0.9497936964035034;0.1443735659122467
22;0.9481745362281799;0.14216984808444977;0.008955277;0.9439269304275513;0.1543402522802353
23;0.9481003284454346;0.14160604774951935;0.008905527;0.9512971639633179;0.14133204519748688
24;0.9480462670326233;0.14183476567268372;0.008855779;0.9510318040847778;0.14227674901485443
25;0.94794100522995;0.14145168662071228;0.00880603;0.9523290991783142;0.13801544904708862
26;0.9478580355644226;0.1412658542394638;0.008756282;0.953095555305481;0.13523639738559723
27;0.948254406452179;0.14058665931224823;0.008706532;0.9535083174705505;0.13367800414562225
28;0.9484080672264099;0.14053016901016235;0.008656784;0.9504716992378235;0.14230084419250488
29;0.9486439228057861;0.14034061133861542;0.0086070355;0.9520343542098999;0.13697098195552826
30;0.9485758543014526;0.1400354653596878;0.008557286;0.9507664442062378;0.1390949934720993
31;0.94857257604599;0.14001496136188507;0.008507538;0.9522995352745056;0.13603165745735168
32;0.9484472274780273;0.1397816687822342;0.008457789;0.9502356648445129;0.1440451741218567
33;0.9485848546028137;0.13975302875041962;0.00840804;0.9522700309753418;0.13445137441158295
34;0.9486469030380249;0.13934393227100372;0.008358291;0.9538620114326477;0.1355734020471573
35;0.9486784934997559;0.13941285014152527;0.008308543;0.9511201977729797;0.137512668967247
36;0.9484139680862427;0.13936246931552887;0.008258794;0.9529775977134705;0.13402225077152252
37;0.9487072229385376;0.13941408693790436;0.008209045;0.9515330195426941;0.1420910656452179
38;0.9488579630851746;0.13850949704647064;0.008159297;0.9525647163391113;0.13546216487884521
39;0.9487758874893188;0.1386134773492813;0.008109548;0.9505600929260254;0.1393982619047165
40;0.9487751722335815;0.13881292939186096;0.008059799;0.9509433507919312;0.13937416672706604
41;0.9489749073982239;0.1383643001317978;0.00801005;0.9535966515541077;0.1326025128364563
42;0.9488978981971741;0.13857907056808472;0.007960302;0.9530660510063171;0.1330396831035614
43;0.948977530002594;0.1382407546043396;0.007910552;0.9506779313087463;0.13910672068595886
44;0.9488120079040527;0.1383451223373413;0.007860804;0.9522405862808228;0.13454189896583557
45;0.9490684270858765;0.1377289593219757;0.007811055;0.9504717588424683;0.13859166204929352
46;0.9491056203842163;0.13760949671268463;0.0077613066;0.9523585438728333;0.13417324423789978
47;0.9493249654769897;0.13727137446403503;0.0077115577;0.9500590562820435;0.1441228985786438
48;0.9492080807685852;0.13743968307971954;0.007661809;0.9504423141479492;0.14205500483512878
49;0.9491003751754761;0.13735425472259521;0.0076120603;0.9516510367393494;0.13796952366828918
50;0.9489288330078125;0.137485533952713;0.0075623114;0.9504127502441406;0.14062480628490448
51;0.9492996335029602;0.13711440563201904;0.007512563;0.951621413230896;0.13655439019203186
52;0.9490973949432373;0.1374121904373169;0.007462814;0.9527417421340942;0.13463768362998962
53;0.9491282105445862;0.1368616670370102;0.0074130655;0.9510023593902588;0.1373855620622635
54;0.9493878483772278;0.13705630600452423;0.0073633166;0.9526239037513733;0.13510888814926147
55;0.9493452310562134;0.13657540082931519;0.0073135677;0.9520341157913208;0.134151428937912
56;0.9494045376777649;0.13674655556678772;0.007263819;0.9534786343574524;0.1340252310037613
57;0.9493107795715332;0.13704633712768555;0.0072140703;0.9524469971656799;0.1352725476026535
58;0.9491201639175415;0.13696077466011047;0.007164322;0.9538917541503906;0.1320832073688507
59;0.9495301246643066;0.13612040877342224;0.007114573;0.95285964012146;0.1325606107711792
60;0.9493594765663147;0.1364968866109848;0.007064824;0.9524467587471008;0.13493257761001587
61;0.9498034715652466;0.1360946148633957;0.0070150755;0.9545103907585144;0.13225141167640686
62;0.9496099352836609;0.13618528842926025;0.0069653266;0.953508198261261;0.13358351588249207
63;0.9497693181037903;0.13563863933086395;0.0069155777;0.9523290991783142;0.13495232164859772
64;0.9494677186012268;0.1361245959997177;0.006865829;0.9516507983207703;0.13529722392559052
65;0.9495269060134888;0.13595187664031982;0.0068160803;0.9526829123497009;0.13397642970085144
66;0.9494074583053589;0.13561272621154785;0.006766332;0.9502650499343872;0.13917779922485352
67;0.9498113989830017;0.13521631062030792;0.006716583;0.9515035152435303;0.1380930244922638
68;0.9496008157730103;0.13560841977596283;0.006666834;0.9462264180183411;0.14916257560253143
69;0.9498007297515869;0.1357642114162445;0.0066170855;0.9515624642372131;0.13517101109027863
70;0.9497720003128052;0.1352599561214447;0.0065673366;0.9515036344528198;0.13552939891815186
71;0.9497408270835876;0.13507452607154846;0.006517588;0.9496460556983948;0.1400320827960968
72;0.9499115943908691;0.1354868859052658;0.0064678392;0.949941098690033;0.14242659509181976
73;0.9496409296989441;0.13506321609020233;0.0064180903;0.9479658603668213;0.1447151005268097
74;0.9497948288917542;0.13497741520404816;0.006368342;0.948349118232727;0.14351141452789307
75;0.949632465839386;0.13493835926055908;0.006318593;0.9517984390258789;0.13526727259159088
76;0.9498891234397888;0.13502590358257294;0.006268844;0.952594518661499;0.13368500769138336
77;0.9498602151870728;0.13460156321525574;0.0062190956;0.9441333413124084;0.1555504947900772
78;0.9501936435699463;0.13421501219272614;0.0061693466;0.951238214969635;0.13624873757362366
79;0.9500512480735779;0.1351310759782791;0.006119598;0.9494693875312805;0.1400890052318573
80;0.9498805999755859;0.13460773229599;0.0060698492;0.9458726048469543;0.14765898883342743
81;0.950148344039917;0.1340569257736206;0.0060201003;0.9508552551269531;0.1397484540939331
82;0.9498632550239563;0.13428591191768646;0.005970352;0.9514444470405579;0.13684530556201935
83;0.9498798251152039;0.13445055484771729;0.005920603;0.9496462941169739;0.14305458962917328
84;0.9498575329780579;0.13433361053466797;0.0058708545;0.9492630958557129;0.14073194563388824
85;0.9499657154083252;0.13421335816383362;0.0058211056;0.9484965205192566;0.14574776589870453
86;0.9501166343688965;0.13424596190452576;0.0057713566;0.9508254528045654;0.13600295782089233
87;0.9500196576118469;0.1340562254190445;0.005721608;0.9506486654281616;0.1374722123146057
88;0.9501282572746277;0.13400056958198547;0.0056718593;0.9504422545433044;0.13929197192192078
89;0.9502019882202148;0.1340179741382599;0.0056221103;0.952063798904419;0.1330716460943222
90;0.9499658942222595;0.134099543094635;0.005572362;0.9519163966178894;0.13351084291934967
91;0.9500569105148315;0.13388264179229736;0.005522613;0.9528007507324219;0.13176074624061584
92;0.9501423835754395;0.13365700840950012;0.0054728645;0.9517983198165894;0.13504710793495178
93;0.9501227736473083;0.13321562111377716;0.0054231156;0.9528892040252686;0.13256634771823883
94;0.9500799179077148;0.1341027021408081;0.0053733666;0.9523879289627075;0.13222889602184296
95;0.9502905607223511;0.13367566466331482;0.005323618;0.9528891444206238;0.13185690343379974
96;0.949960470199585;0.1334807276725769;0.0052738693;0.9525648951530457;0.13400904834270477
97;0.9500541090965271;0.13359063863754272;0.005224121;0.9511792063713074;0.1356867253780365
98;0.9503448605537415;0.13307014107704163;0.005174372;0.9519163370132446;0.13698148727416992
99;0.9502785205841064;0.13339075446128845;0.005124623;0.951710045337677;0.13329675793647766
100;0.9503247141838074;0.13307863473892212;0.0050748745;0.9520931839942932;0.13583023846149445
101;0.9501934051513672;0.13335873186588287;0.0050251256;0.9519456028938293;0.13724546134471893
102;0.9505694508552551;0.1328945904970169;0.004975377;0.9516212940216064;0.13374827802181244
103;0.9504556655883789;0.13329964876174927;0.004925628;0.9522406458854675;0.1332242786884308
104;0.9503617286682129;0.13319508731365204;0.0048758793;0.9519752860069275;0.13433419167995453
105;0.9504668712615967;0.1328679770231247;0.004826131;0.9516805410385132;0.13436459004878998
106;0.9505389928817749;0.13267751038074493;0.004776382;0.9524468183517456;0.1328495889902115
107;0.9502845406532288;0.13263636827468872;0.004726633;0.9522995948791504;0.13239584863185883
108;0.9503645300865173;0.13291223347187042;0.0046768845;0.9522994160652161;0.1371757686138153
109;0.9504329562187195;0.13289456069469452;0.0046271356;0.9520928859710693;0.13506540656089783
110;0.9503271579742432;0.13338088989257812;0.004577387;0.9529186487197876;0.13233435153961182
111;0.9505379796028137;0.13300678133964539;0.004527638;0.9530364871025085;0.13135313987731934
112;0.950441837310791;0.13286079466342926;0.0044778893;0.9522404074668884;0.13331717252731323
113;0.9504808783531189;0.13210302591323853;0.004428141;0.9519455432891846;0.13260242342948914
114;0.950549840927124;0.13251467049121857;0.004378392;0.9516215324401855;0.13211973011493683
115;0.950532078742981;0.13260102272033691;0.0043286434;0.9525942802429199;0.13475079834461212
116;0.9507516622543335;0.13237877190113068;0.0042788945;0.9524763822555542;0.13176007568836212
117;0.9505923390388489;0.13206680119037628;0.0042291456;0.9530068635940552;0.13154754042625427
118;0.9506436586380005;0.1323797106742859;0.004179397;0.9530661702156067;0.1313706487417221
119;0.9504924416542053;0.1318937987089157;0.004129648;0.953242838382721;0.13440172374248505
120;0.950823187828064;0.13164085149765015;0.0040798993;0.9519752860069275;0.13349133729934692
121;0.9508289098739624;0.13184307515621185;0.004030151;0.9528597593307495;0.1310378611087799
122;0.9506069421768188;0.13218343257904053;0.003980402;0.9527713060379028;0.1320732831954956
123;0.9507467746734619;0.1316257119178772;0.0039306534;0.9527710676193237;0.13088645040988922
124;0.9504872560501099;0.13187889754772186;0.0038809045;0.9532431364059448;0.13054242730140686
125;0.9506178498268127;0.13191954791545868;0.0038311558;0.9530659317970276;0.13037605583667755
126;0.9505751132965088;0.13205641508102417;0.0037814071;0.952918529510498;0.12994517385959625
127;0.9509456753730774;0.13163074851036072;0.0037316582;0.9512971639633179;0.13543201982975006
128;0.9507719278335571;0.13126415014266968;0.0036819095;0.9511792659759521;0.13861200213432312
129;0.9508969783782959;0.1311129331588745;0.0036321608;0.9519754648208618;0.1300325244665146
130;0.9508059620857239;0.13129858672618866;0.0035824121;0.9527709484100342;0.13292042911052704
131;0.9508633613586426;0.13185468316078186;0.0035326632;0.9521521329879761;0.12981967628002167
132;0.9509909749031067;0.1310066133737564;0.0034829145;0.9530069828033447;0.13105662167072296
133;0.9510221481323242;0.131305530667305;0.0034331658;0.9515034556388855;0.13820628821849823
134;0.9511391520500183;0.13099068403244019;0.0033834171;0.9526237845420837;0.13101254403591156
135;0.950965166091919;0.13116687536239624;0.0033336685;0.9522995352745056;0.1325232982635498
136;0.9511081576347351;0.13065741956233978;0.0032839195;0.95285964012146;0.131134495139122
137;0.9508289694786072;0.1308383047580719;0.0032341708;0.9520637392997742;0.13253211975097656
138;0.9509165287017822;0.13123998045921326;0.0031844222;0.9536851048469543;0.13011649250984192
139;0.9508829712867737;0.13084028661251068;0.0031346735;0.9509435892105103;0.13669797778129578
140;0.9507603645324707;0.1314711570739746;0.0030849245;0.9522700309753418;0.1336885690689087
141;0.951119601726532;0.13052745163440704;0.0030351758;0.9528302550315857;0.12923124432563782
142;0.9511929154396057;0.13072235882282257;0.0029854272;0.9526828527450562;0.13159139454364777
143;0.9511816501617432;0.1307263970375061;0.0029356785;0.9531838893890381;0.1306479126214981
144;0.9510310292243958;0.13091690838336945;0.0028859295;0.953154444694519;0.12941974401474
145;0.9510909914970398;0.13031700253486633;0.0028361809;0.9525057673454285;0.12968339025974274
146;0.9509968757629395;0.13080371916294098;0.0027864322;0.953095555305481;0.12998659908771515
147;0.951298713684082;0.13017643988132477;0.0027366835;0.953154444694519;0.13007408380508423
148;0.9509767293930054;0.13022488355636597;0.0026869348;0.9530954360961914;0.12960150837898254
149;0.9511844515800476;0.13021275401115417;0.0026371859;0.9536851644515991;0.1303873360157013
150;0.9510989785194397;0.1301729530096054;0.0025874372;0.9529776573181152;0.1305561363697052
151;0.950905978679657;0.13033674657344818;0.0025376885;0.9536556601524353;0.130179762840271
152;0.9512330889701843;0.129952073097229;0.0024879398;0.9530660510063171;0.12848299741744995
153;0.9513213038444519;0.13015596568584442;0.0024381909;0.9535965919494629;0.1296967715024948
154;0.9513044953346252;0.13008610904216766;0.0023884422;0.9531838297843933;0.1304759830236435
155;0.9511194825172424;0.13058927655220032;0.0023386935;0.9530366063117981;0.13102446496486664
156;0.9512531757354736;0.1300908774137497;0.0022889448;0.9533019065856934;0.1306934505701065
157;0.9515632390975952;0.12992683053016663;0.002239196;0.9530954957008362;0.13017317652702332
158;0.9511277079582214;0.13013435900211334;0.0021894472;0.9531840085983276;0.13018320500850677
159;0.9511169195175171;0.12991295754909515;0.0021396985;0.9528596997261047;0.12924516201019287
160;0.9513015747070312;0.1298556923866272;0.0020899498;0.9526827335357666;0.12849515676498413
161;0.9511988162994385;0.12981122732162476;0.002040201;0.9522700309753418;0.13043133914470673
162;0.9512247443199158;0.129359632730484;0.0019904522;0.9533610343933105;0.1297033429145813
163;0.9515917301177979;0.1294480264186859;0.0019407035;0.9528892040252686;0.13051347434520721
164;0.9514726996421814;0.12965741753578186;0.0018909548;0.9530660510063171;0.12953424453735352
165;0.9514955282211304;0.1292990744113922;0.001841206;0.95297771692276;0.12905234098434448
166;0.9515153169631958;0.1292928010225296;0.0017914573;0.9529773592948914;0.1290958672761917
167;0.9513301849365234;0.12912635505199432;0.0017417085;0.9530660510063171;0.1290079653263092
168;0.9518799781799316;0.12890802323818207;0.0016919598;0.9538324475288391;0.12871025502681732
169;0.9512360692024231;0.1293642520904541;0.0016422111;0.9521522521972656;0.1304050236940384
170;0.951563835144043;0.12914487719535828;0.0015924623;0.9536555409431458;0.1269337236881256
171;0.9515149593353271;0.12892712652683258;0.0015427136;0.9539207816123962;0.12836948037147522
172;0.9516034126281738;0.1287834495306015;0.0014929648;0.9533018469810486;0.12792497873306274
173;0.951526403427124;0.1289907991886139;0.0014432161;0.953095555305481;0.12794792652130127
174;0.951366662979126;0.1290719360113144;0.0013934673;0.9535966515541077;0.12709791958332062
175;0.9514436721801758;0.1292460411787033;0.0013437186;0.9537734985351562;0.1273839771747589
176;0.9517144560813904;0.12856581807136536;0.0012939698;0.9525060057640076;0.1285071074962616
177;0.9515836238861084;0.12881194055080414;0.0012442211;0.9534787535667419;0.127065971493721
178;0.9517199993133545;0.1282612383365631;0.0011944723;0.9534197449684143;0.12799012660980225
179;0.9516289234161377;0.12864361703395844;0.0011447236;0.9530659317970276;0.12799707055091858
180;0.9516319036483765;0.12829023599624634;0.0010949749;0.9538620114326477;0.12783785164356232
181;0.9515665769577026;0.1290290355682373;0.0010452261;0.9532723426818848;0.12723055481910706
182;0.9517744183540344;0.1283256858587265;0.0009954774;0.9532133340835571;0.1271408498287201
183;0.95162034034729;0.12839286029338837;0.0009457286;0.9532133936882019;0.1280146688222885
184;0.9517063498497009;0.12816448509693146;0.0008959799;0.9531838893890381;0.1284991055727005
185;0.9514011740684509;0.1287708580493927;0.0008462312;0.9528891444206238;0.12764804065227509
186;0.9518513083457947;0.12836883962154388;0.00079648243;0.9532135725021362;0.12698861956596375
187;0.9518938660621643;0.1283382773399353;0.0007467337;0.9537146091461182;0.12785674631595612
188;0.9517713785171509;0.1281629353761673;0.00069698493;0.9531839489936829;0.12687695026397705
189;0.9518595337867737;0.12832476198673248;0.0006472362;0.9535084366798401;0.12761946022510529
190;0.9516289234161377;0.1282590627670288;0.00059748744;0.9524469375610352;0.12761624157428741
191;0.9520191550254822;0.12799987196922302;0.0005477387;0.9536262154579163;0.12681624293327332
192;0.9518795609474182;0.1278959959745407;0.00049798994;0.9528006911277771;0.12808121740818024
193;0.951680600643158;0.12814143300056458;0.00044824122;0.9532428979873657;0.1286497861146927
194;0.9517740607261658;0.12831434607505798;0.00039849247;0.9538915157318115;0.12757067382335663
195;0.9514980912208557;0.12797892093658447;0.00034874372;0.9533017873764038;0.12804314494132996
196;0.9518115520477295;0.12796613574028015;0.00029899497;0.953508198261261;0.12716160714626312
197;0.9517518281936646;0.12802137434482574;0.00024924622;0.9533607959747314;0.1277407854795456
198;0.9517349004745483;0.12745188176631927;0.00019949749;0.9533901810646057;0.12739184498786926
199;0.9519712328910828;0.12800119817256927;0.00014974874;0.9538325667381287;0.12662950158119202
