epoch;binary_accuracy;loss;lr;val_binary_accuracy;val_loss
0;0.9365924596786499;0.18808314204216003;0.01;0.8978480100631714;0.27345573902130127
1;0.9409404397010803;0.17014449834823608;0.01;0.9412735104560852;0.19185473024845123
2;0.9414389729499817;0.1671636402606964;0.009950251;0.9428359270095825;0.18925544619560242
3;0.9420002102851868;0.1664074808359146;0.009900503;0.9446934461593628;0.17438244819641113
4;0.9418802857398987;0.1658439040184021;0.0098507535;0.9455778002738953;0.18141962587833405
5;0.9421136975288391;0.1651618480682373;0.009801005;0.9433668851852417;0.2123454511165619
6;0.9420597553253174;0.16440615057945251;0.009751257;0.9413917064666748;0.19541673362255096
7;0.9421682357788086;0.16413134336471558;0.009701507;0.945430338382721;0.16831712424755096
8;0.9422418475151062;0.16371643543243408;0.009651759;0.9423643350601196;0.1844473034143448
9;0.942367434501648;0.16336119174957275;0.00960201;0.914239227771759;0.23904964327812195
10;0.9425326585769653;0.163203164935112;0.009552261;0.9365565180778503;0.20708826184272766
11;0.9424664974212646;0.16264191269874573;0.009502512;0.9409787654876709;0.175034761428833
12;0.9426984190940857;0.16221106052398682;0.009452764;0.9389150142669678;0.18837225437164307
13;0.94265216588974;0.16198062896728516;0.0094030155;0.9463150501251221;0.16694195568561554
14;0.9431391954421997;0.16115835309028625;0.009353266;0.9302182197570801;0.23613287508487701
15;0.9427686333656311;0.1613781750202179;0.009303518;0.9449293613433838;0.17065048217773438
16;0.9430361986160278;0.16116179525852203;0.009253769;0.9376769661903381;0.20515653491020203
17;0.9428913593292236;0.16098415851593018;0.00920402;0.9324588179588318;0.19763091206550598
18;0.942962646484375;0.1608501374721527;0.009154271;0.9442512392997742;0.1991383284330368
19;0.9430565237998962;0.16061770915985107;0.009104523;0.9460200667381287;0.16620934009552002
20;0.9433529376983643;0.1603034883737564;0.0090547735;0.9464327096939087;0.1594156175851822
21;0.9429706931114197;0.16029274463653564;0.009005025;0.9464327692985535;0.16115564107894897
22;0.9434886574745178;0.15980474650859833;0.008955277;0.9378242492675781;0.20567570626735687
23;0.9431450963020325;0.15961673855781555;0.008905527;0.9404775500297546;0.18426764011383057
24;0.9432307481765747;0.15985587239265442;0.008855779;0.9445164799690247;0.16448289155960083
25;0.9432846307754517;0.1592598557472229;0.00880603;0.9415977001190186;0.17111100256443024
26;0.9434468150138855;0.15889433026313782;0.008756282;0.9453125;0.17426183819770813
27;0.9433362483978271;0.15899640321731567;0.008706532;0.9462558627128601;0.16150182485580444
28;0.9434292316436768;0.15899069607257843;0.008656784;0.9368512630462646;0.19524160027503967
29;0.9436432719230652;0.1586616337299347;0.0086070355;0.9409788846969604;0.18891212344169617
30;0.9437174797058105;0.15833282470703125;0.008557286;0.9467865824699402;0.15564756095409393
31;0.9433470368385315;0.1587439477443695;0.008507538;0.9408609867095947;0.17166711390018463
32;0.9435046911239624;0.15811659395694733;0.008457789;0.9477300643920898;0.15568725764751434
33;0.943577229976654;0.15842998027801514;0.00840804;0.9489090442657471;0.15258534252643585
34;0.9435805678367615;0.15804657340049744;0.008358291;0.9472288489341736;0.15463967621326447
35;0.9437006115913391;0.1575840264558792;0.008308543;0.9450177550315857;0.18858656287193298
36;0.9437829256057739;0.15740248560905457;0.008258794;0.9468159079551697;0.16263239085674286
37;0.9438278675079346;0.15741583704948425;0.008209045;0.9464033842086792;0.15966351330280304
38;0.9439994096755981;0.15746620297431946;0.008159297;0.9471403956413269;0.15670214593410492
39;0.9437316060066223;0.1573343276977539;0.008109548;0.9430719614028931;0.17146258056163788
40;0.9436854720115662;0.15743033587932587;0.008059799;0.948968231678009;0.1521557867527008
41;0.9438222646713257;0.15739218890666962;0.00801005;0.9421579837799072;0.19809532165527344
42;0.9437968134880066;0.15677721798419952;0.007960302;0.948555588722229;0.15530233085155487
43;0.9438053965568542;0.15751144289970398;0.007910552;0.9452536106109619;0.16341571509838104
44;0.9437770247459412;0.15674608945846558;0.007860804;0.9386205077171326;0.1834515929222107
45;0.9436690807342529;0.15742573142051697;0.007811055;0.9478184580802917;0.1573752611875534
46;0.9439308643341064;0.15695300698280334;0.0077613066;0.9444870948791504;0.1769583523273468
47;0.9440592527389526;0.1569092869758606;0.0077115577;0.9480243921279907;0.15557169914245605
48;0.9440166354179382;0.1565263271331787;0.007661809;0.9474055171012878;0.1610013097524643
49;0.9439851641654968;0.15630029141902924;0.0076120603;0.9453125;0.16718587279319763
50;0.9439964890480042;0.1561887264251709;0.0075623114;0.9467571377754211;0.17965680360794067
51;0.9442124366760254;0.15642300248146057;0.007512563;0.9464032649993896;0.16638238728046417
52;0.9439390897750854;0.1563595086336136;0.007462814;0.942423403263092;0.1707075536251068
53;0.9439706802368164;0.1558305323123932;0.0074130655;0.9443397521972656;0.16355979442596436
54;0.9440646171569824;0.1560116559267044;0.0073633166;0.9475825428962708;0.16132508218288422
55;0.9439447522163391;0.15587957203388214;0.0073135677;0.9472289085388184;0.1595914661884308
56;0.9439729452133179;0.15581300854682922;0.007263819;0.9475528597831726;0.15540340542793274
57;0.944038987159729;0.15600867569446564;0.0072140703;0.9489977359771729;0.1522323191165924
58;0.9442020058631897;0.1555127501487732;0.007164322;0.9483195543289185;0.1522640883922577
59;0.944256067276001;0.15546846389770508;0.007114573;0.9472581148147583;0.15965335071086884
60;0.9442838430404663;0.15524283051490784;0.007064824;0.9492925405502319;0.1523580253124237
61;0.9442043304443359;0.15553469955921173;0.0070150755;0.9468750357627869;0.15784473717212677
62;0.9443119168281555;0.15552011132240295;0.0069653266;0.9492630958557129;0.1547125279903412
63;0.9443156719207764;0.15523281693458557;0.0069155777;0.9484963417053223;0.15256284177303314
64;0.9443383812904358;0.1551446169614792;0.006865829;0.9473761320114136;0.15841105580329895
65;0.9441618323326111;0.15526406466960907;0.0068160803;0.9488797187805176;0.15206468105316162
66;0.9443838596343994;0.15484170615673065;0.006766332;0.9453713893890381;0.16892611980438232
67;0.9444718956947327;0.15505480766296387;0.006716583;0.9477595090866089;0.15412254631519318
68;0.9442242383956909;0.1551167368888855;0.006666834;0.9496168494224548;0.1498682200908661
69;0.9444012641906738;0.1552048772573471;0.0066170855;0.9487027525901794;0.15290716290473938
70;0.9442155361175537;0.15478602051734924;0.0065673366;0.9444279670715332;0.1684599667787552
71;0.9444890022277832;0.1544390618801117;0.006517588;0.9469341039657593;0.15756407380104065
72;0.9445174932479858;0.1542639136314392;0.0064678392;0.9466391801834106;0.158383309841156
73;0.9444378614425659;0.15482859313488007;0.0064180903;0.9431309103965759;0.1640004813671112
74;0.9444664120674133;0.15453357994556427;0.006368342;0.9492335319519043;0.15178270637989044
75;0.9444635510444641;0.15403549373149872;0.006318593;0.947022557258606;0.15851904451847076
76;0.9442440271377563;0.1543731838464737;0.006268844;0.947582483291626;0.1531188040971756
77;0.9445173740386963;0.15422366559505463;0.0062190956;0.9449881911277771;0.1605452448129654
78;0.9445968270301819;0.15399028360843658;0.0061693466;0.9445754289627075;0.1594219207763672
79;0.9445888996124268;0.15414491295814514;0.006119598;0.9479953050613403;0.15240313112735748
80;0.9448569416999817;0.15379740297794342;0.0060698492;0.9477299451828003;0.15282058715820312
81;0.9446460008621216;0.1540650874376297;0.0060201003;0.9474941492080688;0.15921035408973694
82;0.9444975852966309;0.15411324799060822;0.005970352;0.9466979503631592;0.15361861884593964
83;0.9446144104003906;0.15409208834171295;0.005920603;0.9478183388710022;0.15628796815872192
84;0.9446344375610352;0.15372146666049957;0.0058708545;0.9460789561271667;0.1557842493057251
85;0.9447565674781799;0.15353405475616455;0.0058211056;0.9489386677742004;0.1490539014339447
86;0.9445235133171082;0.15395638346672058;0.0057713566;0.9477595090866089;0.15092743933200836
87;0.9444828033447266;0.15383285284042358;0.005721608;0.9483197331428528;0.1522621512413025
88;0.9447049498558044;0.15390606224536896;0.0056718593;0.9489092826843262;0.14825354516506195
89;0.9448057413101196;0.15340110659599304;0.0056221103;0.949999988079071;0.14821617305278778
90;0.9447029829025269;0.15364883840084076;0.005572362;0.9482900500297546;0.14963646233081818
91;0.9446092844009399;0.15347649157047272;0.005522613;0.945283055305481;0.1639130860567093
92;0.9444829225540161;0.15370450913906097;0.0054728645;0.9485554695129395;0.14901605248451233
93;0.9444921612739563;0.15385723114013672;0.0054231156;0.947700560092926;0.15681709349155426
94;0.9446371793746948;0.15357089042663574;0.0053733666;0.9437500834465027;0.16244357824325562
95;0.9446092844009399;0.15331949293613434;0.005323618;0.947818398475647;0.15020819008350372
96;0.9446771740913391;0.1536235511302948;0.0052738693;0.9487029910087585;0.14817607402801514
97;0.9444742202758789;0.15325726568698883;0.005224121;0.9487321972846985;0.14915728569030762
98;0.9446741342544556;0.15321002900600433;0.005174372;0.947729766368866;0.15181154012680054
99;0.944494903087616;0.1535426825284958;0.005124623;0.9483196139335632;0.1486021727323532
100;0.9448770880699158;0.15271365642547607;0.0050748745;0.948466956615448;0.14885857701301575
101;0.9445689916610718;0.1531459391117096;0.0050251256;0.94893878698349;0.14887352287769318
102;0.9445855617523193;0.1532447785139084;0.004975377;0.9483194351196289;0.1559385061264038
103;0.9446853995323181;0.15279676020145416;0.004925628;0.948083758354187;0.15161238610744476
104;0.9447306394577026;0.15313668549060822;0.0048758793;0.948496401309967;0.148575559258461
105;0.9447027444839478;0.15302105247974396;0.004826131;0.9486438035964966;0.14939309656620026
106;0.9448106288909912;0.1530030071735382;0.004776382;0.9484963417053223;0.14998425543308258
107;0.9448021650314331;0.153114452958107;0.004726633;0.948909342288971;0.1515050232410431
108;0.9448251128196716;0.15303808450698853;0.0046768845;0.9487617611885071;0.15115946531295776
109;0.945041835308075;0.15251439809799194;0.0046271356;0.948201596736908;0.15016776323318481
110;0.9448934197425842;0.15235568583011627;0.004577387;0.947199285030365;0.16121448576450348
111;0.9449278116226196;0.15238267183303833;0.004527638;0.9480248093605042;0.15414740145206451
112;0.944899320602417;0.15241165459156036;0.0044778893;0.9478184580802917;0.1520761251449585
113;0.9452635645866394;0.15202394127845764;0.004428141;0.9482901692390442;0.1547509729862213
114;0.9446913003921509;0.1524597406387329;0.004378392;0.9474351406097412;0.15778721868991852
115;0.9446969628334045;0.15257850289344788;0.0043286434;0.94893878698349;0.14986588060855865
116;0.9450159072875977;0.15247103571891785;0.0042788945;0.9480246901512146;0.1554870754480362
117;0.9448283314704895;0.15211167931556702;0.0042291456;0.9477300047874451;0.15550194680690765
118;0.9450811147689819;0.1520947962999344;0.004179397;0.9483492374420166;0.15040190517902374
119;0.9449045658111572;0.1521606296300888;0.004129648;0.949321985244751;0.1481352150440216
120;0.9450704455375671;0.15214720368385315;0.0040798993;0.9481720924377441;0.14944297075271606
121;0.9449161291122437;0.1521400809288025;0.004030151;0.9487029314041138;0.1523263156414032
122;0.9449962377548218;0.15206199884414673;0.003980402;0.9491154551506042;0.1490902304649353
123;0.9449250102043152;0.1519259512424469;0.0039306534;0.9490270614624023;0.14716815948486328
124;0.9449079632759094;0.15197622776031494;0.0038809045;0.948260486125946;0.14948341250419617
125;0.9448305368423462;0.15211720764636993;0.0038311558;0.9493515491485596;0.14744526147842407
126;0.9450530409812927;0.15207217633724213;0.0037814071;0.9490272402763367;0.15018218755722046
127;0.9446823596954346;0.15236416459083557;0.0037316582;0.9486733675003052;0.15086589753627777
128;0.9451552033424377;0.15190084278583527;0.0036819095;0.948408305644989;0.1507481038570404
129;0.9451329112052917;0.15170156955718994;0.0036321608;0.9493515491485596;0.1481993943452835
130;0.9451379179954529;0.15157315135002136;0.0035824121;0.9494695067405701;0.1470578908920288
131;0.9447911977767944;0.1516566127538681;0.0035326632;0.948879599571228;0.1523977667093277
132;0.9450075626373291;0.15194326639175415;0.0034829145;0.9490271806716919;0.14866138994693756
133;0.9449018836021423;0.15157310664653778;0.0034331658;0.9489681124687195;0.14747855067253113
134;0.9451553225517273;0.15142937004566193;0.0033834171;0.9488797187805176;0.14753343164920807
135;0.9451870322227478;0.15123097598552704;0.0033336685;0.9482311606407166;0.14842289686203003
136;0.9451276063919067;0.15156859159469604;0.0032839195;0.9487028121948242;0.15158149600028992
137;0.9449298977851868;0.1515999436378479;0.0032341708;0.9483785629272461;0.1486993432044983
138;0.9451128244400024;0.15118980407714844;0.0031844222;0.9492335319519043;0.14914576709270477
139;0.9450187087059021;0.15151773393154144;0.0031346735;0.9489683508872986;0.14769375324249268
140;0.9450704455375671;0.1509399712085724;0.0030849245;0.9487911462783813;0.14965678751468658
141;0.9451974630355835;0.15148413181304932;0.0030351758;0.948850154876709;0.15049989521503448
142;0.9453216195106506;0.1510462909936905;0.0029854272;0.9497641324996948;0.1459769755601883
143;0.9451952576637268;0.1513599306344986;0.0029356785;0.9486143589019775;0.1500578075647354
144;0.9453208446502686;0.1510753035545349;0.0028859295;0.9494988322257996;0.14654351770877838
145;0.9452753663063049;0.15119892358779907;0.0028361809;0.948968231678009;0.14848479628562927
146;0.9450532793998718;0.15128719806671143;0.0027864322;0.9488207101821899;0.14694435894489288
147;0.9450730681419373;0.15093214809894562;0.0027366835;0.9486143589019775;0.1481114625930786
148;0.9451019167900085;0.15155668556690216;0.0026869348;0.9494988322257996;0.1468571424484253
149;0.9452353119850159;0.15077973902225494;0.0026371859;0.9480541348457336;0.1509709656238556
150;0.9452983736991882;0.15139199793338776;0.0025874372;0.9490859508514404;0.14914380013942719
151;0.9452406167984009;0.15061034262180328;0.0025376885;0.9485258460044861;0.15004867315292358
152;0.944978654384613;0.15096956491470337;0.0024879398;0.9490860104560852;0.1500471532344818
153;0.9451984763145447;0.15096649527549744;0.0024381909;0.9499115943908691;0.1468563675880432
154;0.9454917311668396;0.15042327344417572;0.0023884422;0.9488208889961243;0.14863228797912598
155;0.9453464150428772;0.15079069137573242;0.0023386935;0.9491743445396423;0.1476554125547409
156;0.9451131224632263;0.15049636363983154;0.0022889448;0.9490271806716919;0.14953970909118652
157;0.9451074600219727;0.15047352015972137;0.002239196;0.9483785033226013;0.14836697280406952
158;0.9451069235801697;0.15077421069145203;0.0021894472;0.9496460556983948;0.14764288067817688
159;0.9453267455101013;0.15057331323623657;0.0021396985;0.9489386677742004;0.14764437079429626
160;0.9452012777328491;0.1504182517528534;0.0020899498;0.9491448998451233;0.14707913994789124
161;0.9453722238540649;0.15074574947357178;0.002040201;0.9488207101821899;0.14769616723060608
162;0.9454513192176819;0.1506306231021881;0.0019904522;0.9492335319519043;0.14599177241325378
163;0.9452724456787109;0.15076300501823425;0.0019407035;0.9491156935691833;0.14703235030174255
164;0.9454206228256226;0.15068112313747406;0.0018909548;0.9492630958557129;0.14630940556526184
165;0.9453293085098267;0.15053990483283997;0.001841206;0.9489976167678833;0.14652903378009796
166;0.9451329112052917;0.1505899280309677;0.0017914573;0.9490271806716919;0.14578989148139954
167;0.9455946087837219;0.1501493602991104;0.0017417085;0.9484964609146118;0.14632149040699005
168;0.9453604221343994;0.15051327645778656;0.0016919598;0.9485848546028137;0.14659087359905243
169;0.9451637864112854;0.1503617763519287;0.0016422111;0.9493808150291443;0.14557701349258423
170;0.9451760053634644;0.1507173627614975;0.0015924623;0.9491744637489319;0.14619751274585724
171;0.9454745054244995;0.15047259628772736;0.0015427136;0.948555588722229;0.14679419994354248
172;0.9455148577690125;0.15017502009868622;0.0014929648;0.9494103193283081;0.14553302526474
173;0.9454745650291443;0.15034931898117065;0.0014432161;0.9490565061569214;0.14704768359661102
174;0.9456826448440552;0.1502457857131958;0.0013934673;0.9492924809455872;0.14557084441184998
175;0.9454519152641296;0.1500702202320099;0.0013437186;0.9496755599975586;0.14501617848873138
176;0.9453942775726318;0.15031862258911133;0.0012939698;0.9490565061569214;0.14617452025413513
177;0.9454406499862671;0.15035757422447205;0.0012442211;0.9495577812194824;0.14537151157855988
178;0.9452583193778992;0.15063585340976715;0.0011944723;0.9492925405502319;0.14506754279136658
179;0.9455457925796509;0.15013791620731354;0.0011447236;0.9494693875312805;0.14618299901485443
180;0.9456650614738464;0.14967381954193115;0.0010949749;0.9497641324996948;0.14627385139465332
181;0.9452466368675232;0.1502038985490799;0.0010452261;0.9489682912826538;0.14526276290416718
182;0.9456313252449036;0.14988458156585693;0.0009954774;0.9494103193283081;0.14552092552185059
183;0.945500373840332;0.1495893895626068;0.0009457286;0.9493810534477234;0.14538384974002838
184;0.9455000758171082;0.1497548222541809;0.0008959799;0.9494399428367615;0.1454239934682846
185;0.9453489780426025;0.150516539812088;0.0008462312;0.9492042660713196;0.14519740641117096
186;0.9453974962234497;0.1495639830827713;0.00079648243;0.9497642517089844;0.14535272121429443
187;0.9455315470695496;0.15007613599300385;0.0007467337;0.9492630362510681;0.14567925035953522
188;0.9454058408737183;0.150118887424469;0.00069698493;0.9493218660354614;0.14452143013477325
189;0.945662260055542;0.14963503181934357;0.0006472362;0.9494988322257996;0.1453281044960022
190;0.9455541372299194;0.14968492090702057;0.00059748744;0.9497937560081482;0.14437785744667053
191;0.9457989931106567;0.14975497126579285;0.0005477387;0.9499706029891968;0.14436161518096924
192;0.945776641368866;0.14932364225387573;0.00049798994;0.94949871301651;0.14430992305278778
193;0.9455514550209045;0.14987464249134064;0.00044824122;0.9492629170417786;0.1456785947084427
194;0.9455939531326294;0.14959895610809326;0.00039849247;0.9494104981422424;0.1449887454509735
195;0.9454379081726074;0.149362251162529;0.00034874372;0.9491156935691833;0.14569517970085144
196;0.9455426931381226;0.14948061108589172;0.00029899497;0.9498526453971863;0.14512167870998383
197;0.9457648396492004;0.14947181940078735;0.00024924622;0.9493513107299805;0.14459417760372162
198;0.9453179240226746;0.14985477924346924;0.00019949749;0.9494990110397339;0.1442296952009201
199;0.9457114338874817;0.1494249403476715;0.00014974874;0.9496759176254272;0.1450774222612381
