epoch;binary_accuracy;loss;lr;val_binary_accuracy;val_loss
0;0.939953625202179;0.1761966049671173;0.01;0.9271520376205444;0.2528705894947052
1;0.9444347023963928;0.1590181440114975;0.01;0.9385614991188049;0.19804753363132477
2;0.9451133608818054;0.15627548098564148;0.009950251;0.9466684460639954;0.16773371398448944
3;0.9452347159385681;0.15547986328601837;0.009900503;0.9414799809455872;0.2032935619354248
4;0.9454600214958191;0.1542656272649765;0.0098507535;0.9458138346672058;0.16666322946548462
5;0.9456081986427307;0.15322111546993256;0.009801005;0.9371169209480286;0.22093044221401215
6;0.9458245038986206;0.153145432472229;0.009751257;0.939769983291626;0.1812325417995453
7;0.9461378455162048;0.15226688981056213;0.009701507;0.9494989514350891;0.1542242169380188
8;0.9460096955299377;0.15226778388023376;0.009651759;0.9471697807312012;0.1620253473520279
9;0.9462378621101379;0.15132969617843628;0.00960201;0.9337852597236633;0.1945955753326416
10;0.9463915228843689;0.15082678198814392;0.009552261;0.950235903263092;0.15351761877536774
11;0.9466191530227661;0.15047705173492432;0.009502512;0.9466685652732849;0.15917901694774628
12;0.9464427828788757;0.15035519003868103;0.009452764;0.9354068040847778;0.19935251772403717
13;0.9465854167938232;0.1494905650615692;0.0094030155;0.9484667778015137;0.15636377036571503
14;0.9466394782066345;0.1492285132408142;0.009353266;0.9470224976539612;0.15937833487987518
15;0.946610689163208;0.14903055131435394;0.009303518;0.9492039680480957;0.15248477458953857
16;0.946773111820221;0.1488269567489624;0.009253769;0.9456661939620972;0.1574500948190689
17;0.946792483329773;0.14802563190460205;0.00920402;0.9481722116470337;0.15273894369602203
18;0.9470093846321106;0.14772312343120575;0.009154271;0.9473761916160583;0.1559373140335083
19;0.9471807479858398;0.1472974270582199;0.009104523;0.938502311706543;0.18393929302692413
20;0.947245717048645;0.14713825285434723;0.0090547735;0.947582483291626;0.1540793627500534
21;0.9471921920776367;0.1467057764530182;0.009005025;0.9372936487197876;0.1845044493675232
22;0.9471689462661743;0.1467655748128891;0.008955277;0.9459314942359924;0.15809936821460724
23;0.947336733341217;0.14628231525421143;0.008905527;0.9500590562820435;0.14678099751472473
24;0.9473884701728821;0.1459995061159134;0.008855779;0.9464621543884277;0.15504536032676697
25;0.9470688104629517;0.14627669751644135;0.00880603;0.9506779909133911;0.14630328118801117
26;0.9474771022796631;0.1458975374698639;0.008756282;0.9380306601524353;0.1956423670053482
27;0.9475139379501343;0.14526823163032532;0.008706532;0.936704158782959;0.18142005801200867
28;0.947564423084259;0.14508303999900818;0.008656784;0.9449880123138428;0.16595765948295593
29;0.9475222826004028;0.14457331597805023;0.0086070355;0.951090931892395;0.14300982654094696
30;0.9476985931396484;0.14447954297065735;0.008557286;0.9527710676193237;0.14184284210205078
31;0.9476193189620972;0.1448219120502472;0.008507538;0.9503538012504578;0.14446067810058594
32;0.9476301670074463;0.14442259073257446;0.008457789;0.9490270614624023;0.15083320438861847
33;0.9477609992027283;0.14420941472053528;0.00840804;0.9528595805168152;0.13950447738170624
34;0.947943389415741;0.1437423974275589;0.008358291;0.9526534080505371;0.14295594394207
35;0.947738766670227;0.14357206225395203;0.008308543;0.9471109509468079;0.15027594566345215
36;0.9478209018707275;0.1435488909482956;0.008258794;0.9504126906394958;0.15739770233631134
37;0.9477355480194092;0.14360961318016052;0.008209045;0.9527417421340942;0.13730193674564362
38;0.9477756023406982;0.1431770771741867;0.008159297;0.9526829123497009;0.1392366737127304
39;0.9479434490203857;0.14260807633399963;0.008109548;0.9497054219245911;0.1483747661113739
40;0.9478784799575806;0.1427600085735321;0.008059799;0.950206458568573;0.14670927822589874
41;0.9480804204940796;0.14265717566013336;0.00801005;0.9515329599380493;0.1427278369665146
42;0.9481288194656372;0.14250555634498596;0.007960302;0.9487912654876709;0.15314316749572754
43;0.9481374025344849;0.14208461344242096;0.007910552;0.9519457817077637;0.13888411223888397
44;0.9479095339775085;0.14248402416706085;0.007860804;0.9513856172561646;0.14155052602291107
45;0.9481545090675354;0.14264193177223206;0.007811055;0.9499410390853882;0.1462394744157791
46;0.9481770992279053;0.1425771862268448;0.0077613066;0.9507960081100464;0.14552362263202667
47;0.9482003450393677;0.14249829947948456;0.0077115577;0.949587345123291;0.14651738107204437
48;0.9483962655067444;0.14189060032367706;0.007661809;0.9516215324401855;0.14151428639888763
49;0.9480773210525513;0.14196299016475677;0.0076120603;0.9502357840538025;0.14254800975322723
50;0.9481093287467957;0.14195190370082855;0.0075623114;0.9508845210075378;0.14534065127372742
51;0.9481944441795349;0.14142590761184692;0.007512563;0.9529185891151428;0.13954247534275055
52;0.9483330845832825;0.14116933941841125;0.007462814;0.9529775381088257;0.13680465519428253
53;0.9482371807098389;0.1414680778980255;0.0074130655;0.9513561129570007;0.14408670365810394
54;0.9483685493469238;0.14146608114242554;0.0073633166;0.9522700905799866;0.1414666473865509
55;0.948310911655426;0.14143584668636322;0.0073135677;0.9528006911277771;0.13604412972927094
56;0.9483113884925842;0.1407870501279831;0.007263819;0.9534197449684143;0.13792334496974945
57;0.9484110474586487;0.14083652198314667;0.0072140703;0.9535672068595886;0.13813503086566925
58;0.9486839771270752;0.1402939409017563;0.007164322;0.9530953168869019;0.13972795009613037
59;0.948578953742981;0.14040149748325348;0.007114573;0.9526533484458923;0.13829123973846436
60;0.9484506845474243;0.14059901237487793;0.007064824;0.9525943398475647;0.13813850283622742
61;0.9489062428474426;0.14016515016555786;0.0070150755;0.95271235704422;0.13934944570064545
62;0.9485419988632202;0.1403355598449707;0.0069653266;0.952889084815979;0.13920781016349792
63;0.948277473449707;0.14074169099330902;0.0069155777;0.9524765014648438;0.13773712515830994
64;0.9487726092338562;0.14006833732128143;0.006865829;0.9530070424079895;0.13713666796684265
65;0.9487525820732117;0.1397600769996643;0.0068160803;0.9529776573181152;0.13630568981170654
66;0.9485671520233154;0.13979241251945496;0.006766332;0.9509139060974121;0.1405283510684967
67;0.9486956596374512;0.140046626329422;0.006716583;0.9526236653327942;0.137262761592865
68;0.9488006830215454;0.14035406708717346;0.006666834;0.9508844614028931;0.14227710664272308
69;0.9485244154930115;0.1398477852344513;0.0066170855;0.9518574476242065;0.13953277468681335
70;0.9488122463226318;0.13927549123764038;0.0065673366;0.9501768350601196;0.14522454142570496
71;0.9487525224685669;0.13971956074237823;0.006517588;0.9489681124687195;0.14735129475593567
72;0.9488463997840881;0.13911330699920654;0.0064678392;0.9517396092414856;0.14188796281814575
73;0.9487499594688416;0.1393032819032669;0.0064180903;0.9517392516136169;0.13961169123649597
74;0.9486783146858215;0.13959144055843353;0.006368342;0.9469045400619507;0.14895310997962952
75;0.9489547610282898;0.13929826021194458;0.006318593;0.9492039084434509;0.14487402141094208
76;0.9489409327507019;0.13878414034843445;0.006268844;0.9466981887817383;0.14982667565345764
77;0.9489607810974121;0.13907252252101898;0.0062190956;0.9499409794807434;0.14579153060913086
78;0.9491514563560486;0.13859699666500092;0.0061693466;0.9504422545433044;0.14212384819984436
79;0.9488748908042908;0.13895709812641144;0.006119598;0.9480541944503784;0.1468496024608612
80;0.9490628838539124;0.13867293298244476;0.0060698492;0.9528006315231323;0.13648085296154022
81;0.9489402770996094;0.13857199251651764;0.0060201003;0.9521521925926208;0.13746072351932526
82;0.9490825533866882;0.13838918507099152;0.005970352;0.951827883720398;0.1401309370994568
83;0.9491310715675354;0.13878998160362244;0.005920603;0.9518280625343323;0.13713404536247253
84;0.948948860168457;0.13888631761074066;0.0058708545;0.9507075548171997;0.14203155040740967
85;0.9487382769584656;0.13863505423069;0.0058211056;0.9520634412765503;0.13747696578502655
86;0.948909342288971;0.1383354812860489;0.0057713566;0.9530364871025085;0.13432660698890686
87;0.9488517045974731;0.13835205137729645;0.005721608;0.9525943398475647;0.1343390792608261
88;0.9491745829582214;0.13864964246749878;0.0056718593;0.9498231410980225;0.14331769943237305
89;0.9491540193557739;0.13807475566864014;0.0056221103;0.9520637392997742;0.13634558022022247
90;0.9490317106246948;0.1386324018239975;0.005572362;0.9481721520423889;0.14401771128177643
91;0.9491196274757385;0.13800612092018127;0.005522613;0.9511202573776245;0.13875409960746765
92;0.9490233659744263;0.13795176148414612;0.0054728645;0.9513561129570007;0.13927848637104034
93;0.9492167234420776;0.13783560693264008;0.0054231156;0.9513563513755798;0.13724181056022644
94;0.9494615197181702;0.13741827011108398;0.0053733666;0.952741801738739;0.13293619453907013
95;0.9492564797401428;0.1377958208322525;0.005323618;0.9533019065856934;0.1347072273492813
96;0.9491596817970276;0.13779033720493317;0.0052738693;0.9525942802429199;0.13588516414165497
97;0.9494046568870544;0.13753348588943481;0.005224121;0.9520930647850037;0.1368708312511444
98;0.9494420289993286;0.13734471797943115;0.005174372;0.9520930051803589;0.13837803900241852
99;0.9491365551948547;0.13788332045078278;0.005124623;0.9502655863761902;0.14377756416797638
100;0.9492251873016357;0.137444868683815;0.0050748745;0.9519751667976379;0.1372079700231552
101;0.9492740631103516;0.1375737190246582;0.0050251256;0.952918529510498;0.1356060653924942
102;0.9494841694831848;0.13719233870506287;0.004975377;0.9523584842681885;0.13760575652122498
103;0.949370265007019;0.1372355818748474;0.004925628;0.9534493088722229;0.13430793583393097
104;0.9494929909706116;0.13674747943878174;0.0048758793;0.95285964012146;0.13641394674777985
105;0.9494017362594604;0.13692955672740936;0.004826131;0.9522404670715332;0.13736775517463684
106;0.9492878317832947;0.13707497715950012;0.004776382;0.9540978074073792;0.13437515497207642
107;0.9496243596076965;0.13681694865226746;0.004726633;0.9526239037513733;0.1358269602060318
108;0.9492086172103882;0.13716857135295868;0.0046768845;0.9534789323806763;0.1347588747739792
109;0.9499344229698181;0.1365227848291397;0.0046271356;0.9530071020126343;0.1355992704629898
110;0.9495612978935242;0.13656838238239288;0.004577387;0.9516213536262512;0.13810032606124878
111;0.9493729472160339;0.13682204484939575;0.004527638;0.9531840682029724;0.1354699730873108
112;0.9495983123779297;0.13693583011627197;0.0044778893;0.95327228307724;0.1357540637254715
113;0.9494872093200684;0.13638389110565186;0.004428141;0.9536556601524353;0.13410696387290955
114;0.949683427810669;0.13667966425418854;0.004378392;0.9530659914016724;0.13501355051994324
115;0.9495241045951843;0.13641293346881866;0.0043286434;0.9523879885673523;0.13548676669597626
116;0.9494390487670898;0.13656899333000183;0.0042788945;0.951827883720398;0.1387902945280075
117;0.9494475722312927;0.13651114702224731;0.0042291456;0.9526829123497009;0.1366531252861023
118;0.9496925473213196;0.136407271027565;0.004179397;0.9529775381088257;0.13476771116256714
119;0.9495950937271118;0.1362743228673935;0.004129648;0.9527416825294495;0.1364501267671585
120;0.9495469331741333;0.13638313114643097;0.0040798993;0.953242838382721;0.133988156914711
121;0.9497066736221313;0.13646990060806274;0.004030151;0.9537736177444458;0.13409365713596344
122;0.9495132565498352;0.13627588748931885;0.003980402;0.9531545639038086;0.1347956508398056
123;0.9496775269508362;0.136220782995224;0.0039306534;0.95339035987854;0.13440562784671783
124;0.9497297406196594;0.13604308664798737;0.0038809045;0.9528892040252686;0.13436470925807953
125;0.9497439861297607;0.13621710240840912;0.0038311558;0.9527122974395752;0.1332363486289978
126;0.9495669603347778;0.13599370419979095;0.0037814071;0.9530954957008362;0.1345064640045166
127;0.9499629139900208;0.13590610027313232;0.0037316582;0.952800989151001;0.13580185174942017
128;0.9496696591377258;0.13589617609977722;0.0036819095;0.9525352120399475;0.13364866375923157
129;0.9500036239624023;0.13576479256153107;0.0036321608;0.9532428979873657;0.13473619520664215
130;0.9496986865997314;0.13587549328804016;0.0035824121;0.9526236653327942;0.13533751666545868
131;0.949849009513855;0.13560397922992706;0.0035326632;0.9540978074073792;0.1341579258441925
132;0.9497861266136169;0.1355070322751999;0.0034829145;0.9524176120758057;0.1372556984424591
133;0.9498435258865356;0.13556340336799622;0.0034331658;0.9532724022865295;0.13370120525360107
134;0.949698269367218;0.13560087978839874;0.0033834171;0.952918529510498;0.13540597259998322
135;0.9498090744018555;0.13534605503082275;0.0033336685;0.9527122974395752;0.1360793560743332
136;0.9500141739845276;0.13501223921775818;0.0032839195;0.9528597593307495;0.13455627858638763
137;0.9500259757041931;0.13529597222805023;0.0032341708;0.9529479146003723;0.13484451174736023
138;0.9498832821846008;0.13508863747119904;0.0031844222;0.9530069828033447;0.13607434928417206
139;0.9499260783195496;0.13472242653369904;0.0031346735;0.9517687559127808;0.13623963296413422
140;0.9498156309127808;0.1349097490310669;0.0030849245;0.9533607363700867;0.13439267873764038
141;0.94981449842453;0.13485422730445862;0.0030351758;0.9522700309753418;0.13696642220020294
142;0.9500002861022949;0.1350744068622589;0.0029854272;0.9527712464332581;0.13525956869125366
143;0.9501082897186279;0.1350056231021881;0.0029356785;0.9522407054901123;0.13559822738170624
144;0.9501762986183167;0.13458144664764404;0.0028859295;0.9529185891151428;0.13358910381793976
145;0.9498920440673828;0.1345316618680954;0.0028361809;0.9530659317970276;0.13390634953975677
146;0.9500860571861267;0.13468706607818604;0.0027864322;0.9520342350006104;0.13563360273838043
147;0.9500970840454102;0.13474343717098236;0.0027366835;0.9519751667976379;0.13749262690544128
148;0.9505071640014648;0.13473203778266907;0.0026869348;0.9528301358222961;0.13648131489753723
149;0.9501250982284546;0.13432765007019043;0.0026371859;0.9526238441467285;0.1359388530254364
150;0.9502307772636414;0.13486307859420776;0.0025874372;0.9520047307014465;0.13883055746555328
151;0.9502794146537781;0.13390928506851196;0.0025376885;0.9534492492675781;0.13544265925884247
152;0.9501419067382812;0.13427788019180298;0.0024879398;0.9526533484458923;0.13677112758159637
153;0.9498977065086365;0.13409262895584106;0.0024381909;0.952358603477478;0.13692337274551392
154;0.9502595067024231;0.1342002898454666;0.0023884422;0.9527712464332581;0.1356361359357834
155;0.9500173330307007;0.13434971868991852;0.0023386935;0.9527417421340942;0.13686248660087585
156;0.9503706693649292;0.13403455913066864;0.0022889448;0.9525649547576904;0.13617534935474396
157;0.9500422477722168;0.13403013348579407;0.002239196;0.9523881077766418;0.13577774167060852
158;0.9503190517425537;0.13393554091453552;0.0021894472;0.9538030624389648;0.13427524268627167
159;0.9502449035644531;0.13422870635986328;0.0021396985;0.9530954360961914;0.13484704494476318
160;0.9500904083251953;0.13395997881889343;0.0020899498;0.951267659664154;0.1373898684978485
161;0.9505352973937988;0.13362492620944977;0.002040201;0.9513266682624817;0.1388450413942337
162;0.9500855207443237;0.13412553071975708;0.0019904522;0.9525647163391113;0.13447988033294678
163;0.9505215287208557;0.13344524800777435;0.0019407035;0.9530070424079895;0.13606445491313934
164;0.9505274891853333;0.13347601890563965;0.0018909548;0.953360915184021;0.13511915504932404
165;0.9502068758010864;0.13366085290908813;0.001841206;0.9524762034416199;0.13569696247577667
166;0.9505436420440674;0.13322968780994415;0.0017914573;0.9531249403953552;0.13541294634342194
167;0.9503071308135986;0.13361603021621704;0.0017417085;0.9524765014648438;0.13477616012096405
168;0.9504609704017639;0.13318561017513275;0.0016919598;0.9526532888412476;0.1335490494966507
169;0.9503214955329895;0.13332177698612213;0.0016422111;0.9529775977134705;0.13323791325092316
170;0.9504528641700745;0.1334766447544098;0.0015924623;0.9529775381088257;0.1334725171327591
171;0.9506178498268127;0.1331520527601242;0.0015427136;0.9536260962486267;0.1332072615623474
172;0.9504870176315308;0.1329769790172577;0.0014929648;0.9529775381088257;0.1331334412097931
173;0.9503388404846191;0.1334102600812912;0.0014432161;0.9538031816482544;0.13280007243156433
174;0.9508253335952759;0.13293205201625824;0.0013934673;0.9523879885673523;0.13393938541412354
175;0.9503190517425537;0.13302485644817352;0.0013437186;0.953154444694519;0.13442383706569672
176;0.950564444065094;0.1328260749578476;0.0012939698;0.9538030624389648;0.13249100744724274
177;0.9505981802940369;0.13300931453704834;0.0012442211;0.9533310532569885;0.1334661990404129
178;0.9507064819335938;0.1325870007276535;0.0011944723;0.9545992612838745;0.13312572240829468
179;0.9510510563850403;0.1326274871826172;0.0011447236;0.9535083174705505;0.13268806040287018
180;0.9507291913032532;0.1326749473810196;0.0010949749;0.9534198641777039;0.13186275959014893
181;0.9509995579719543;0.1322759985923767;0.0010452261;0.9531840682029724;0.13290609419345856
182;0.9504467248916626;0.13256718218326569;0.0009954774;0.952889084815979;0.1316877007484436
183;0.9506747126579285;0.13205955922603607;0.0009457286;0.9535377621650696;0.13377729058265686
184;0.9507806301116943;0.13203124701976776;0.0008959799;0.9533019661903381;0.13224969804286957
185;0.9503700733184814;0.1322881430387497;0.0008462312;0.9532724022865295;0.1312198042869568
186;0.9506436586380005;0.13289226591587067;0.00079648243;0.9541276097297668;0.13132035732269287
187;0.9507462382316589;0.13264302909374237;0.0007467337;0.9535672664642334;0.13152259588241577
188;0.9507609009742737;0.13206376135349274;0.00069698493;0.9531250596046448;0.13205364346504211
189;0.950501024723053;0.13251566886901855;0.0006472362;0.9532134532928467;0.131189227104187
190;0.9508315324783325;0.13217230141162872;0.00059748744;0.9545990824699402;0.13113592565059662
191;0.9505814909934998;0.13206253945827484;0.0005477387;0.9536260366439819;0.131667360663414
192;0.950694739818573;0.13236543536186218;0.00049798994;0.9540093541145325;0.13200883567333221
193;0.9508764743804932;0.13220460712909698;0.00044824122;0.9536260366439819;0.13232597708702087
194;0.9508964419364929;0.13197468221187592;0.00039849247;0.9540389180183411;0.13145098090171814
195;0.9508946537971497;0.13145944476127625;0.00034874372;0.9536557197570801;0.13179877400398254
196;0.9507315158843994;0.13190682232379913;0.00029899497;0.9538325071334839;0.13197635114192963
197;0.9510595202445984;0.13157805800437927;0.00024924622;0.9536263942718506;0.13233451545238495
198;0.9505693316459656;0.1319073736667633;0.00019949749;0.9541863203048706;0.13118182122707367
199;0.9508285522460938;0.13179966807365417;0.00014974874;0.9525353908538818;0.13261103630065918
