epoch;binary_accuracy;loss;lr;val_binary_accuracy;val_loss
0;0.9474892020225525;0.1544020026922226;0.01;0.9315152168273926;0.40058642625808716
1;0.9562768340110779;0.11919540166854858;0.01;0.9442511796951294;0.16142627596855164
2;0.9579315185546875;0.11394397914409637;0.009950251;0.9429540634155273;0.17220920324325562
3;0.9584817290306091;0.11084102839231491;0.009900503;0.9354069828987122;0.19392800331115723
4;0.959369957447052;0.10855996608734131;0.0098507535;0.9343160390853882;0.21384647488594055
5;0.959846019744873;0.10715678334236145;0.009801005;0.9462559819221497;0.1602584719657898
6;0.960047721862793;0.105782650411129;0.009751257;0.9512383341789246;0.13880430161952972
7;0.9608108997344971;0.10417775809764862;0.009701507;0.9517101049423218;0.13550087809562683
8;0.9610787034034729;0.1025272086262703;0.009651759;0.9338148832321167;0.19065360724925995
9;0.9615257978439331;0.10162126272916794;0.00960201;0.9372642040252686;0.16962869465351105
10;0.961881697177887;0.10054989159107208;0.009552261;0.9523880481719971;0.13537287712097168
11;0.9623744487762451;0.09943608939647675;0.009502512;0.9340506792068481;0.1828674077987671
12;0.9624119400978088;0.09867338091135025;0.009452764;0.9355541467666626;0.18493793904781342
13;0.9628613591194153;0.09773699939250946;0.0094030155;0.9287146329879761;0.22055944800376892
14;0.9627882838249207;0.09717846661806107;0.009353266;0.9504422545433044;0.14213396608829498
15;0.9635486602783203;0.0959828644990921;0.009303518;0.9518277645111084;0.13472385704517365
16;0.9634509086608887;0.09553850442171097;0.009253769;0.9565449357032776;0.12561266124248505
17;0.9637643098831177;0.09473108500242233;0.00920402;0.9455780982971191;0.1524716019630432
18;0.9638073444366455;0.09427057951688766;0.009154271;0.9132369160652161;0.2926143407821655
19;0.9641750454902649;0.09355877339839935;0.009104523;0.9569575190544128;0.12029367685317993
20;0.9639438390731812;0.09348135441541672;0.0090547735;0.9471696615219116;0.14475303888320923
21;0.9643393158912659;0.0927921012043953;0.009005025;0.9512971043586731;0.13680897653102875
22;0.9646819829940796;0.09213419258594513;0.008955277;0.9183374047279358;0.2918063998222351
23;0.9649267196655273;0.09175506234169006;0.008905527;0.9381483793258667;0.18676312267780304
24;0.964823305606842;0.09127193689346313;0.008855779;0.9357311129570007;0.23693682253360748
25;0.9650489091873169;0.09111012518405914;0.00880603;0.9242335557937622;0.2167297750711441
26;0.9649999737739563;0.09079334884881973;0.008756282;0.9350824952125549;0.1805492788553238
27;0.9650601148605347;0.09070660173892975;0.008706532;0.9542157053947449;0.1256314516067505
28;0.9653424620628357;0.08952777087688446;0.008656784;0.9496167302131653;0.14126314222812653
29;0.9652312397956848;0.08953281491994858;0.0086070355;0.8966094851493835;0.35300198197364807
30;0.9655505418777466;0.08938157558441162;0.008557286;0.9564856886863708;0.12705262005329132
31;0.9658236503601074;0.08865893632173538;0.008507538;0.9430423974990845;0.1596377044916153
32;0.965618371963501;0.08880874514579773;0.008457789;0.9551002979278564;0.1293349713087082
33;0.9656982421875;0.0881967693567276;0.00840804;0.9357016086578369;0.1778014749288559
34;0.9659321308135986;0.08770003169775009;0.008358291;0.9533901810646057;0.14327704906463623
35;0.965991735458374;0.08780861645936966;0.008308543;0.9262675642967224;0.19729986786842346
36;0.9660483598709106;0.0876043513417244;0.008258794;0.9502650499343872;0.1455470621585846
37;0.966054379940033;0.0873420238494873;0.008209045;0.9148289561271667;0.2575892508029938
38;0.9660854339599609;0.08692026138305664;0.008159297;0.9496757388114929;0.15118347108364105
39;0.9663880467414856;0.08680115640163422;0.008109548;0.9498525857925415;0.15403138101100922
40;0.9661736488342285;0.08672331273555756;0.008059799;0.952505886554718;0.14428500831127167
41;0.9667118787765503;0.085796058177948;0.00801005;0.9482901096343994;0.1554751843214035
42;0.9665295481681824;0.08574187010526657;0.007960302;0.95271235704422;0.1452520787715912
43;0.9667258858680725;0.08586786687374115;0.007910552;0.8804540634155273;0.3968035876750946
44;0.9665439128875732;0.0856616422533989;0.007860804;0.9044221639633179;0.2715741991996765
45;0.9665243029594421;0.08544749021530151;0.007811055;0.9579010605812073;0.12478499114513397
46;0.966680645942688;0.08534590899944305;0.0077613066;0.9514151811599731;0.13886329531669617
47;0.96695476770401;0.08504214137792587;0.0077115577;0.942187488079071;0.17083756625652313
48;0.9671106934547424;0.08493924140930176;0.007661809;0.9568101167678833;0.12375734746456146
49;0.9675121903419495;0.08430059254169464;0.0076120603;0.9562203884124756;0.12598048150539398
50;0.9670911431312561;0.084470734000206;0.0075623114;0.9562499523162842;0.1238495483994484
51;0.9675609469413757;0.08401907980442047;0.007512563;0.9554540514945984;0.12678587436676025
52;0.9671449661254883;0.08398653566837311;0.007462814;0.9530660510063171;0.13703791797161102
53;0.9672788381576538;0.08389849215745926;0.0074130655;0.9547464847564697;0.13526862859725952
54;0.9673445820808411;0.08367879688739777;0.0073633166;0.9555424451828003;0.1273207813501358
55;0.967566728591919;0.08351105451583862;0.0073135677;0.9540980458259583;0.13116320967674255
56;0.9675267934799194;0.08318398892879486;0.007263819;0.9517983198165894;0.13848063349723816
57;0.9672187566757202;0.08321414142847061;0.0072140703;0.951120138168335;0.14203892648220062
58;0.9676089882850647;0.08275802433490753;0.007164322;0.9562795162200928;0.12416371703147888
59;0.967853844165802;0.08232397586107254;0.007114573;0.9564856290817261;0.12697499990463257
60;0.9677008986473083;0.08230908215045929;0.007064824;0.954864501953125;0.13040149211883545
61;0.9678710103034973;0.08226415514945984;0.0070150755;0.9574585556983948;0.1275186836719513
62;0.9677716493606567;0.08243288844823837;0.0069653266;0.9579893350601196;0.1256202906370163
63;0.9676892161369324;0.08178132772445679;0.0069155777;0.959551990032196;0.1193864643573761
64;0.9680051803588867;0.0817447081208229;0.006865829;0.9301003217697144;0.21932022273540497
65;0.9678506255149841;0.08182981610298157;0.0068160803;0.9373230934143066;0.19117704033851624
66;0.9679080247879028;0.08202452212572098;0.006766332;0.9527122378349304;0.14273907244205475
67;0.9681107401847839;0.08115983754396439;0.006716583;0.9449587464332581;0.16446420550346375
68;0.9677685499191284;0.0814894586801529;0.006666834;0.9558080434799194;0.12727980315685272
69;0.9682701826095581;0.08100844919681549;0.0066170855;0.9574880599975586;0.1251310259103775
70;0.9682106375694275;0.08129493147134781;0.0065673366;0.9548054337501526;0.12427537143230438
71;0.968360960483551;0.08083252608776093;0.006517588;0.9327537417411804;0.1936722993850708
72;0.9680849313735962;0.08117777109146118;0.0064678392;0.9511790871620178;0.14085078239440918
73;0.9684041142463684;0.08040232956409454;0.0064180903;0.9528302550315857;0.13509206473827362
74;0.9683983325958252;0.08054354041814804;0.006368342;0.9442219138145447;0.15347568690776825
75;0.9681699275970459;0.08076567947864532;0.006318593;0.9238798022270203;0.24677486717700958
76;0.9685606360435486;0.08050558716058731;0.006268844;0.956043541431427;0.13005349040031433
77;0.9682072997093201;0.0802168995141983;0.0062190956;0.9527122974395752;0.1338677704334259
78;0.9683611989021301;0.0805528536438942;0.0061693466;0.9528006911277771;0.13539935648441315
79;0.9687767028808594;0.07990079373121262;0.006119598;0.9350531101226807;0.19202525913715363
80;0.9684298038482666;0.07967814803123474;0.0060698492;0.9555720686912537;0.12824194133281708
81;0.9685576558113098;0.0797538012266159;0.0060201003;0.9565744400024414;0.12728004157543182
82;0.9688030481338501;0.07967019081115723;0.005970352;0.9481724500656128;0.15177218616008759
83;0.9684500694274902;0.07976779341697693;0.005920603;0.9565447568893433;0.12036076188087463
84;0.9686918258666992;0.07940398156642914;0.0058708545;0.9562793970108032;0.12479724735021591
85;0.9686257243156433;0.07954206317663193;0.0058211056;0.957340657711029;0.12730731070041656
86;0.9688854217529297;0.07914172857999802;0.0057713566;0.9537734985351562;0.13984358310699463
87;0.9689170718193054;0.07923112064599991;0.005721608;0.9538326859474182;0.1363379955291748
88;0.9688820838928223;0.07887125760316849;0.0056718593;0.9599056839942932;0.11982905864715576
89;0.9689486026763916;0.07898224890232086;0.0056221103;0.9538916349411011;0.13770517706871033
90;0.9691072106361389;0.07878100126981735;0.005572362;0.9372347593307495;0.18887625634670258
91;0.9690278768539429;0.07866688072681427;0.005522613;0.9580191969871521;0.12396460026502609
92;0.9690077900886536;0.07869905233383179;0.0054728645;0.9574589133262634;0.12732309103012085
93;0.969340980052948;0.07824191451072693;0.0054231156;0.9581072330474854;0.12538643181324005
94;0.9693354964256287;0.07832987606525421;0.0053733666;0.9510613679885864;0.14037394523620605
95;0.9693978428840637;0.07825610041618347;0.005323618;0.9548644423484802;0.13286004960536957
96;0.9693435430526733;0.0777866542339325;0.0052738693;0.9461972117424011;0.1608746498823166
97;0.9692043662071228;0.07816345989704132;0.005224121;0.9570755362510681;0.12359081208705902
98;0.9691696166992188;0.07795806229114532;0.005174372;0.954599142074585;0.13324645161628723
99;0.9695314168930054;0.07749490439891815;0.005124623;0.9553065299987793;0.12881934642791748
100;0.9692526459693909;0.07785805314779282;0.0050748745;0.9540686011314392;0.1287386417388916
101;0.9694349765777588;0.0778002068400383;0.0050251256;0.9549233317375183;0.13105225563049316
102;0.9693553447723389;0.07742226868867874;0.004975377;0.9584020376205444;0.12405373156070709
103;0.9696712493896484;0.07742156088352203;0.004925628;0.9580483436584473;0.1251661330461502
104;0.9696457982063293;0.07694016396999359;0.0048758793;0.9562500715255737;0.13021214306354523
105;0.9694631099700928;0.07742868363857269;0.004826131;0.9539505839347839;0.13452208042144775
106;0.9694864749908447;0.07737205177545547;0.004776382;0.948348879814148;0.15061937272548676
107;0.9697681665420532;0.07689282298088074;0.004726633;0.9421581625938416;0.16461482644081116
108;0.9693149328231812;0.07750384509563446;0.0046768845;0.9549822807312012;0.1283365935087204
109;0.9698532819747925;0.07659026980400085;0.0046271356;0.9554540514945984;0.12881453335285187
110;0.9695139527320862;0.07708164304494858;0.004577387;0.9568395614624023;0.12775953114032745
111;0.9695713520050049;0.0767572820186615;0.004527638;0.9547760486602783;0.12768349051475525
112;0.9696173071861267;0.07640496641397476;0.0044778893;0.9286850094795227;0.22818739712238312
113;0.9698196649551392;0.0766923576593399;0.004428141;0.9566333889961243;0.12694083154201508
114;0.9694863557815552;0.076959989964962;0.004378392;0.9591096043586731;0.12249941378831863
115;0.9698933362960815;0.07633700221776962;0.0043286434;0.95271235704422;0.13114672899246216
116;0.9699075818061829;0.07638807594776154;0.0042788945;0.9506781101226807;0.14727650582790375
117;0.9699133634567261;0.07651900500059128;0.0042291456;0.9546580910682678;0.13543127477169037
118;0.9697879552841187;0.07653834670782089;0.004179397;0.9567215442657471;0.12948819994926453
119;0.9699904322624207;0.07604282349348068;0.004129648;0.9562205076217651;0.12743419408798218
120;0.969996452331543;0.07601756602525711;0.0040798993;0.9493220448493958;0.14540831744670868
121;0.9697080850601196;0.07605595886707306;0.004030151;0.95285964012146;0.13905742764472961
122;0.9699110984802246;0.0758662298321724;0.003980402;0.9557782411575317;0.12785306572914124
123;0.9699333906173706;0.07613692432641983;0.0039306534;0.953862190246582;0.13714075088500977
124;0.9701269268989563;0.07544572651386261;0.0038809045;0.956250011920929;0.13141968846321106
125;0.9699879884719849;0.07602982968091965;0.0038311558;0.9562206864356995;0.12843823432922363
126;0.9701575636863708;0.07555580884218216;0.0037814071;0.9578125476837158;0.12626412510871887
127;0.9699448347091675;0.07538271695375443;0.0037316582;0.9573407173156738;0.128207728266716
128;0.9704568386077881;0.07519305497407913;0.0036819095;0.9584905505180359;0.1272088587284088
129;0.9702469110488892;0.07518652826547623;0.0036321608;0.9566331505775452;0.12865190207958221
130;0.9701789021492004;0.0753527358174324;0.0035824121;0.9537734985351562;0.13353662192821503
131;0.9702093005180359;0.07524938136339188;0.0035326632;0.9588440656661987;0.12481121718883514
132;0.9700500965118408;0.07541707158088684;0.0034829145;0.9213442802429199;0.21577376127243042
133;0.9704148769378662;0.07499729096889496;0.0034331658;0.9599056839942932;0.12406575679779053
134;0.9705314636230469;0.07447259873151779;0.0033834171;0.9556898474693298;0.12687362730503082
135;0.9705429077148438;0.07453679293394089;0.0033336685;0.9587264060974121;0.12706434726715088
136;0.9706282615661621;0.07462805509567261;0.0032839195;0.9370577335357666;0.1736433506011963
137;0.9706506133079529;0.07410890609025955;0.0032341708;0.9582548141479492;0.1251860409975052
138;0.9706339240074158;0.0743078887462616;0.0031844222;0.9598762392997742;0.12304475903511047
139;0.9706991314888;0.07411807030439377;0.0031346735;0.9581663608551025;0.12547026574611664
140;0.9706482887268066;0.07430415600538254;0.0030849245;0.9599350094795227;0.12033578008413315
141;0.9706710577011108;0.07385094463825226;0.0030351758;0.9562207460403442;0.12566347420215607
142;0.9709643721580505;0.07358210533857346;0.0029854272;0.9319870471954346;0.19315794110298157
143;0.9706763029098511;0.07417991012334824;0.0029356785;0.9572818875312805;0.12253396213054657
144;0.9709365367889404;0.07370174676179886;0.0028859295;0.9579009413719177;0.12287890911102295
145;0.9709388613700867;0.0736379623413086;0.0028361809;0.9583725929260254;0.12398850917816162
146;0.9708279371261597;0.07376127690076828;0.0027864322;0.9571050405502319;0.127712681889534
147;0.9709668755531311;0.0734107568860054;0.0027366835;0.9559550881385803;0.1251947581768036
148;0.9709758162498474;0.07344402372837067;0.0026869348;0.9494690895080566;0.14615994691848755
149;0.9710468649864197;0.0736021026968956;0.0026371859;0.95701664686203;0.12799802422523499
150;0.9708358645439148;0.07333613187074661;0.0025874372;0.9555720686912537;0.13237401843070984
151;0.9710410237312317;0.07334495335817337;0.0025376885;0.9570164680480957;0.12785662710666656
152;0.9710297584533691;0.07311110943555832;0.0024879398;0.9577828645706177;0.12633992731571198
153;0.9710668921470642;0.07333886623382568;0.0024381909;0.9579600691795349;0.12772074341773987
154;0.9711748361587524;0.07315662503242493;0.0023884422;0.9558961391448975;0.13038867712020874
155;0.9710070490837097;0.07267312705516815;0.0023386935;0.9557490348815918;0.13279521465301514
156;0.9709704518318176;0.07271187752485275;0.0022889448;0.9557194709777832;0.13270626962184906
157;0.9713453650474548;0.07245888561010361;0.002239196;0.956544816493988;0.13189971446990967
158;0.9714515209197998;0.07240749150514603;0.0021894472;0.956043541431427;0.1325187236070633
159;0.971405565738678;0.07205374538898468;0.0021396985;0.9559553861618042;0.13026681542396545
160;0.971405565738678;0.07242584973573685;0.0020899498;0.9571048021316528;0.1282307207584381
161;0.9714083671569824;0.07187590003013611;0.002040201;0.9550413489341736;0.1336570531129837
162;0.9715651869773865;0.07191446423530579;0.0019904522;0.9564858675003052;0.13030512630939484
163;0.9714258313179016;0.07243697345256805;0.0019407035;0.9555425047874451;0.12915359437465668
164;0.9715226888656616;0.07214528322219849;0.0018909548;0.9565742015838623;0.13096585869789124
165;0.9716595411300659;0.07139457017183304;0.001841206;0.9565742611885071;0.1328677535057068
166;0.971630871295929;0.07183220982551575;0.0017914573;0.9572228193283081;0.12867890298366547
167;0.9714512825012207;0.07154686748981476;0.0017417085;0.9564267992973328;0.1282624900341034
168;0.9716649055480957;0.07116275280714035;0.0016919598;0.9556605219841003;0.13117273151874542
169;0.9719040989875793;0.07103627175092697;0.0016422111;0.9569281935691833;0.12810537219047546
170;0.9718184471130371;0.07100547850131989;0.0015924623;0.9584315419197083;0.12655389308929443
171;0.9716992974281311;0.07105416804552078;0.0015427136;0.9576947093009949;0.1275428831577301
172;0.9718274474143982;0.07057806104421616;0.0014929648;0.9582842588424683;0.12476994097232819
173;0.9719781875610352;0.0705975741147995;0.0014432161;0.9576651453971863;0.12643082439899445
174;0.9719926118850708;0.07063878327608109;0.0013934673;0.9586085677146912;0.1248931884765625
175;0.9721407294273376;0.0704587772488594;0.0013437186;0.9579302668571472;0.1262621283531189
176;0.9722035527229309;0.07027382403612137;0.0012939698;0.9583726525306702;0.12382528930902481
177;0.9718586802482605;0.0707734227180481;0.0012442211;0.9586674571037292;0.12468142062425613
178;0.9721716642379761;0.07029718905687332;0.0011944723;0.9576650857925415;0.12453615665435791
179;0.9721035361289978;0.07009372115135193;0.0011447236;0.9581663012504578;0.12470132857561111
180;0.972345769405365;0.06956543028354645;0.0010949749;0.9581073522567749;0.12495743483304977
181;0.9725818037986755;0.06947288662195206;0.0010452261;0.9583432078361511;0.12486128509044647
182;0.9723485112190247;0.0697828158736229;0.0009954774;0.9586969017982483;0.12336757034063339
183;0.9724001288414001;0.06930191814899445;0.0009457286;0.9592866897583008;0.12689056992530823
184;0.9725358486175537;0.06950952112674713;0.0008959799;0.9592275023460388;0.12352341413497925
185;0.9724793434143066;0.06894602626562119;0.0008462312;0.9581367373466492;0.1241287887096405
186;0.9723743200302124;0.06989631056785583;0.00079648243;0.9593454599380493;0.12623324990272522
187;0.9726645946502686;0.06905665993690491;0.0007467337;0.9597582817077637;0.12397363036870956
188;0.9728466868400574;0.06832129508256912;0.00069698493;0.9578419327735901;0.1250990778207779
189;0.972635805606842;0.06885454058647156;0.0006472362;0.9594928622245789;0.12482466548681259
190;0.9728431701660156;0.06824427098035812;0.00059748744;0.9584906697273254;0.12592755258083344
191;0.9727020859718323;0.06849663704633713;0.0005477387;0.9585202932357788;0.1250630021095276
192;0.9726930856704712;0.06866337358951569;0.00049798994;0.9586083889007568;0.1246524304151535
193;0.9726930856704712;0.06866851449012756;0.00044824122;0.9591390490531921;0.12471164017915726
194;0.9729347229003906;0.06794776767492294;0.00039849247;0.958785355091095;0.12576235830783844
195;0.9729262590408325;0.06825467199087143;0.00034874372;0.9591097831726074;0.12393971532583237
196;0.9731513261795044;0.06759301573038101;0.00029899497;0.9586968421936035;0.12512865662574768
197;0.9729439616203308;0.06823520362377167;0.00024924622;0.9579009413719177;0.12519313395023346
198;0.9731576442718506;0.06792817264795303;0.00019949749;0.9591687321662903;0.12555111944675446
199;0.9732288718223572;0.0674818605184555;0.00014974874;0.958136796951294;0.12430567294359207
